<?xml version="1.0" encoding="UTF-8"?>
<testsuite name="ch.uzh.ifi.seal.soprafs20.service.LocationServiceIntegrationTest" tests="14" skipped="0" failures="0" errors="0" timestamp="2020-05-20T16:00:28" hostname="vpn-10-21-26-017.uzh.ch" time="100.347">
  <properties/>
  <testcase name="getAverageRating_noExistingRatings()" classname="ch.uzh.ifi.seal.soprafs20.service.LocationServiceIntegrationTest" time="10.702"/>
  <testcase name="createLocation_Fireplace_validInputs_success()" classname="ch.uzh.ifi.seal.soprafs20.service.LocationServiceIntegrationTest" time="8.952"/>
  <testcase name="getLocationChat_locationDoesNotExist()" classname="ch.uzh.ifi.seal.soprafs20.service.LocationServiceIntegrationTest" time="0.036"/>
  <testcase name="createLocation_Toilets_validInputs_success()" classname="ch.uzh.ifi.seal.soprafs20.service.LocationServiceIntegrationTest" time="3.658"/>
  <testcase name="getFilteredLocations_success()" classname="ch.uzh.ifi.seal.soprafs20.service.LocationServiceIntegrationTest" time="3.498"/>
  <testcase name="createLocation_TableTennis_validInputs_success()" classname="ch.uzh.ifi.seal.soprafs20.service.LocationServiceIntegrationTest" time="8.205"/>
  <testcase name="createLocation_Recycling_validInputs_success()" classname="ch.uzh.ifi.seal.soprafs20.service.LocationServiceIntegrationTest" time="4.287"/>
  <testcase name="deleteLocationMessage_success()" classname="ch.uzh.ifi.seal.soprafs20.service.LocationServiceIntegrationTest" time="8.808"/>
  <testcase name="postLocationMessage_success()" classname="ch.uzh.ifi.seal.soprafs20.service.LocationServiceIntegrationTest" time="8.494"/>
  <testcase name="updateAndRetrieveRating_noExistingRating()" classname="ch.uzh.ifi.seal.soprafs20.service.LocationServiceIntegrationTest" time="8.928"/>
  <testcase name="createLocation_Benches_validInputs_success()" classname="ch.uzh.ifi.seal.soprafs20.service.LocationServiceIntegrationTest" time="8.469"/>
  <testcase name="getAverageRating_preexistingRatings()" classname="ch.uzh.ifi.seal.soprafs20.service.LocationServiceIntegrationTest" time="9.167"/>
  <testcase name="updateAndRetrieveRating_preexistingRating()" classname="ch.uzh.ifi.seal.soprafs20.service.LocationServiceIntegrationTest" time="8.425"/>
  <testcase name="createLocation_Fountain_validInputs_success()" classname="ch.uzh.ifi.seal.soprafs20.service.LocationServiceIntegrationTest" time="8.691"/>
  <system-out><![CDATA[2020-05-20 18:00:24.745  INFO 57268 --- [    Test worker] .b.t.c.SpringBootTestContextBootstrapper : Neither @ContextConfiguration nor @ContextHierarchy found for test class [ch.uzh.ifi.seal.soprafs20.service.LocationServiceIntegrationTest], using SpringBootContextLoader
2020-05-20 18:00:24.747  INFO 57268 --- [    Test worker] o.s.t.c.support.AbstractContextLoader    : Could not detect default resource locations for test class [ch.uzh.ifi.seal.soprafs20.service.LocationServiceIntegrationTest]: no resource found for suffixes {-context.xml, Context.groovy}.
2020-05-20 18:00:24.748  INFO 57268 --- [    Test worker] t.c.s.AnnotationConfigContextLoaderUtils : Could not detect default configuration classes for test class [ch.uzh.ifi.seal.soprafs20.service.LocationServiceIntegrationTest]: LocationServiceIntegrationTest does not declare any static, non-private, non-final, nested classes annotated with @Configuration.
2020-05-20 18:00:24.766  INFO 57268 --- [    Test worker] .b.t.c.SpringBootTestContextBootstrapper : Found @SpringBootConfiguration ch.uzh.ifi.seal.soprafs20.Application for test class ch.uzh.ifi.seal.soprafs20.service.LocationServiceIntegrationTest
2020-05-20 18:00:24.768  INFO 57268 --- [    Test worker] .b.t.c.SpringBootTestContextBootstrapper : Loaded default TestExecutionListener class names from location [META-INF/spring.factories]: [org.springframework.boot.test.autoconfigure.restdocs.RestDocsTestExecutionListener, org.springframework.boot.test.autoconfigure.web.client.MockRestServiceServerResetTestExecutionListener, org.springframework.boot.test.autoconfigure.web.servlet.MockMvcPrintOnlyOnFailureTestExecutionListener, org.springframework.boot.test.autoconfigure.web.servlet.WebDriverTestExecutionListener, org.springframework.boot.test.mock.mockito.MockitoTestExecutionListener, org.springframework.boot.test.mock.mockito.ResetMocksTestExecutionListener, org.springframework.test.context.web.ServletTestExecutionListener, org.springframework.test.context.support.DirtiesContextBeforeModesTestExecutionListener, org.springframework.test.context.support.DependencyInjectionTestExecutionListener, org.springframework.test.context.support.DirtiesContextTestExecutionListener, org.springframework.test.context.transaction.TransactionalTestExecutionListener, org.springframework.test.context.jdbc.SqlScriptsTestExecutionListener, org.springframework.test.context.event.EventPublishingTestExecutionListener]
2020-05-20 18:00:24.769  INFO 57268 --- [    Test worker] .b.t.c.SpringBootTestContextBootstrapper : Using TestExecutionListeners: [org.springframework.test.context.web.ServletTestExecutionListener@491852a9, org.springframework.test.context.support.DirtiesContextBeforeModesTestExecutionListener@71f55dbc, org.springframework.boot.test.mock.mockito.MockitoTestExecutionListener@43dc6486, org.springframework.boot.test.autoconfigure.SpringBootDependencyInjectionTestExecutionListener@77cd3987, org.springframework.test.context.support.DirtiesContextTestExecutionListener@7ccbb0cd, org.springframework.test.context.transaction.TransactionalTestExecutionListener@27081a55, org.springframework.test.context.jdbc.SqlScriptsTestExecutionListener@7d0a266, org.springframework.test.context.event.EventPublishingTestExecutionListener@194fb21a, org.springframework.boot.test.autoconfigure.restdocs.RestDocsTestExecutionListener@38232426, org.springframework.boot.test.autoconfigure.web.client.MockRestServiceServerResetTestExecutionListener@5f1e4bc5, org.springframework.boot.test.autoconfigure.web.servlet.MockMvcPrintOnlyOnFailureTestExecutionListener@5ddf01d2, org.springframework.boot.test.autoconfigure.web.servlet.WebDriverTestExecutionListener@3964a711, org.springframework.boot.test.mock.mockito.ResetMocksTestExecutionListener@1847a60f]
2020-05-20 18:00:24.775  INFO 57268 --- [    Test worker] org.mongodb.driver.cluster               : Cluster created with settings {hosts=[127.0.0.1:27017], srvHost=knowyourcity-ijzn3.gcp.mongodb.net, mode=MULTIPLE, requiredClusterType=REPLICA_SET, serverSelectionTimeout='30000 ms', maxWaitQueueSize=500, requiredReplicaSetName='KnowYourCity-shard-0'}
2020-05-20 18:00:24.782  INFO 57268 --- [gcp.mongodb.net] org.mongodb.driver.cluster               : Adding discovered server knowyourcity-shard-00-01-ijzn3.gcp.mongodb.net:27017 to client view of cluster
2020-05-20 18:00:24.784  INFO 57268 --- [gcp.mongodb.net] org.mongodb.driver.cluster               : Adding discovered server knowyourcity-shard-00-02-ijzn3.gcp.mongodb.net:27017 to client view of cluster
2020-05-20 18:00:24.786  INFO 57268 --- [gcp.mongodb.net] org.mongodb.driver.cluster               : Adding discovered server knowyourcity-shard-00-00-ijzn3.gcp.mongodb.net:27017 to client view of cluster

  .   ____          _            __ _ _
 /\\ / ___'_ __ _ _(_)_ __  __ _ \ \ \ \
( ( )\___ | '_ | '_| | '_ \/ _` | \ \ \ \
 \\/  ___)| |_)| | | | | || (_| |  ) ) ) )
  '  |____| .__|_| |_|_| |_\__, | / / / /
 =========|_|==============|___/=/_/_/_/
 :: Spring Boot ::        (v2.2.4.RELEASE)

2020-05-20 18:00:24.823  WARN 57268 --- [    Test worker] ory$DuplicateJsonObjectContextCustomizer : 

Found multiple occurrences of org.json.JSONObject on the class path:

	jar:file:/Users/luisknufinke/.gradle/caches/modules-2/files-2.1/org.json/json/20180813/8566b2b0391d9d4479ea225645c6ed47ef17fe41/json-20180813.jar!/org/json/JSONObject.class
	jar:file:/Users/luisknufinke/.gradle/caches/modules-2/files-2.1/com.vaadin.external.google/android-json/0.0.20131108.vaadin1/fa26d351fe62a6a17f5cda1287c1c6110dec413f/android-json-0.0.20131108.vaadin1.jar!/org/json/JSONObject.class

You may wish to exclude one of them to ensure predictable runtime behavior

2020-05-20 18:00:24.829  INFO 57268 --- [    Test worker] u.i.s.s.s.LocationServiceIntegrationTest : Starting LocationServiceIntegrationTest on vpn-10-21-26-017.uzh.ch with PID 57268 (started by luisknufinke in /Users/luisknufinke/Documents/UZH/04 - FS20/Softwarepraktikum/Know your City/SOPRA_FS20_Group19_Server)
2020-05-20 18:00:24.830  INFO 57268 --- [    Test worker] u.i.s.s.s.LocationServiceIntegrationTest : No active profile set, falling back to default profiles: default
2020-05-20 18:00:24.870  INFO 57268 --- [ngodb.net:27017] org.mongodb.driver.connection            : Opened connection [connectionId{localValue:21, serverValue:440461}] to knowyourcity-shard-00-02-ijzn3.gcp.mongodb.net:27017
2020-05-20 18:00:24.885  INFO 57268 --- [ngodb.net:27017] org.mongodb.driver.connection            : Opened connection [connectionId{localValue:22, serverValue:439613}] to knowyourcity-shard-00-00-ijzn3.gcp.mongodb.net:27017
2020-05-20 18:00:24.885  INFO 57268 --- [ngodb.net:27017] org.mongodb.driver.connection            : Opened connection [connectionId{localValue:20, serverValue:521195}] to knowyourcity-shard-00-01-ijzn3.gcp.mongodb.net:27017
2020-05-20 18:00:24.901  INFO 57268 --- [ngodb.net:27017] org.mongodb.driver.cluster               : Monitor thread successfully connected to server with description ServerDescription{address=knowyourcity-shard-00-02-ijzn3.gcp.mongodb.net:27017, type=REPLICA_SET_SECONDARY, state=CONNECTED, ok=true, version=ServerVersion{versionList=[4, 2, 6]}, minWireVersion=0, maxWireVersion=8, maxDocumentSize=16777216, logicalSessionTimeoutMinutes=30, roundTripTimeNanos=30054904, setName='KnowYourCity-shard-0', canonicalAddress=knowyourcity-shard-00-02-ijzn3.gcp.mongodb.net:27017, hosts=[knowyourcity-shard-00-00-ijzn3.gcp.mongodb.net:27017, knowyourcity-shard-00-02-ijzn3.gcp.mongodb.net:27017, knowyourcity-shard-00-01-ijzn3.gcp.mongodb.net:27017], passives=[], arbiters=[], primary='knowyourcity-shard-00-01-ijzn3.gcp.mongodb.net:27017', tagSet=TagSet{[Tag{name='nodeType', value='ELECTABLE'}, Tag{name='provider', value='GCP'}, Tag{name='region', value='WESTERN_EUROPE'}]}, electionId=null, setVersion=3, lastWriteDate=Wed May 20 18:00:24 CEST 2020, lastUpdateTimeNanos=533446147541723}
2020-05-20 18:00:24.906  INFO 57268 --- [ngodb.net:27017] org.mongodb.driver.cluster               : Monitor thread successfully connected to server with description ServerDescription{address=knowyourcity-shard-00-01-ijzn3.gcp.mongodb.net:27017, type=REPLICA_SET_PRIMARY, state=CONNECTED, ok=true, version=ServerVersion{versionList=[4, 2, 6]}, minWireVersion=0, maxWireVersion=8, maxDocumentSize=16777216, logicalSessionTimeoutMinutes=30, roundTripTimeNanos=20228160, setName='KnowYourCity-shard-0', canonicalAddress=knowyourcity-shard-00-01-ijzn3.gcp.mongodb.net:27017, hosts=[knowyourcity-shard-00-00-ijzn3.gcp.mongodb.net:27017, knowyourcity-shard-00-02-ijzn3.gcp.mongodb.net:27017, knowyourcity-shard-00-01-ijzn3.gcp.mongodb.net:27017], passives=[], arbiters=[], primary='knowyourcity-shard-00-01-ijzn3.gcp.mongodb.net:27017', tagSet=TagSet{[Tag{name='nodeType', value='ELECTABLE'}, Tag{name='provider', value='GCP'}, Tag{name='region', value='WESTERN_EUROPE'}]}, electionId=7fffffff0000000000000007, setVersion=3, lastWriteDate=Wed May 20 18:00:24 CEST 2020, lastUpdateTimeNanos=533446152696264}
2020-05-20 18:00:24.907  INFO 57268 --- [ngodb.net:27017] org.mongodb.driver.cluster               : Setting max election id to 7fffffff0000000000000007 from replica set primary knowyourcity-shard-00-01-ijzn3.gcp.mongodb.net:27017
2020-05-20 18:00:24.907  INFO 57268 --- [ngodb.net:27017] org.mongodb.driver.cluster               : Setting max set version to 3 from replica set primary knowyourcity-shard-00-01-ijzn3.gcp.mongodb.net:27017
2020-05-20 18:00:24.907  INFO 57268 --- [ngodb.net:27017] org.mongodb.driver.cluster               : Discovered replica set primary knowyourcity-shard-00-01-ijzn3.gcp.mongodb.net:27017
2020-05-20 18:00:24.908  INFO 57268 --- [ngodb.net:27017] org.mongodb.driver.cluster               : Monitor thread successfully connected to server with description ServerDescription{address=knowyourcity-shard-00-00-ijzn3.gcp.mongodb.net:27017, type=REPLICA_SET_SECONDARY, state=CONNECTED, ok=true, version=ServerVersion{versionList=[4, 2, 6]}, minWireVersion=0, maxWireVersion=8, maxDocumentSize=16777216, logicalSessionTimeoutMinutes=30, roundTripTimeNanos=22341515, setName='KnowYourCity-shard-0', canonicalAddress=knowyourcity-shard-00-00-ijzn3.gcp.mongodb.net:27017, hosts=[knowyourcity-shard-00-00-ijzn3.gcp.mongodb.net:27017, knowyourcity-shard-00-02-ijzn3.gcp.mongodb.net:27017, knowyourcity-shard-00-01-ijzn3.gcp.mongodb.net:27017], passives=[], arbiters=[], primary='knowyourcity-shard-00-01-ijzn3.gcp.mongodb.net:27017', tagSet=TagSet{[Tag{name='nodeType', value='ELECTABLE'}, Tag{name='provider', value='GCP'}, Tag{name='region', value='WESTERN_EUROPE'}]}, electionId=null, setVersion=3, lastWriteDate=Wed May 20 18:00:24 CEST 2020, lastUpdateTimeNanos=533446154664465}
2020-05-20 18:00:25.326  INFO 57268 --- [    Test worker] .s.d.r.c.RepositoryConfigurationDelegate : Bootstrapping Spring Data JPA repositories in DEFAULT mode.
2020-05-20 18:00:25.368  INFO 57268 --- [    Test worker] .s.d.r.c.RepositoryConfigurationDelegate : Finished Spring Data repository scanning in 17ms. Found 0 JPA repository interfaces.
2020-05-20 18:00:25.686  INFO 57268 --- [    Test worker] trationDelegate$BeanPostProcessorChecker : Bean 'org.springframework.transaction.annotation.ProxyTransactionManagementConfiguration' of type [org.springframework.transaction.annotation.ProxyTransactionManagementConfiguration] is not eligible for getting processed by all BeanPostProcessors (for example: not eligible for auto-proxying)
2020-05-20 18:00:25.915  INFO 57268 --- [    Test worker] com.zaxxer.hikari.HikariDataSource       : HikariPool-1 - Starting...
2020-05-20 18:00:26.493  INFO 57268 --- [    Test worker] com.zaxxer.hikari.HikariDataSource       : HikariPool-1 - Start completed.
2020-05-20 18:00:26.671  INFO 57268 --- [    Test worker] o.hibernate.jpa.internal.util.LogHelper  : HHH000204: Processing PersistenceUnitInfo [name: default]
2020-05-20 18:00:26.837  INFO 57268 --- [    Test worker] org.hibernate.Version                    : HHH000412: Hibernate Core {5.4.10.Final}
2020-05-20 18:00:26.917  INFO 57268 --- [    Test worker] o.hibernate.annotations.common.Version   : HCANN000001: Hibernate Commons Annotations {5.1.0.Final}
2020-05-20 18:00:27.228  INFO 57268 --- [    Test worker] org.hibernate.dialect.Dialect            : HHH000400: Using dialect: org.hibernate.dialect.H2Dialect
2020-05-20 18:00:27.881  INFO 57268 --- [    Test worker] o.h.e.t.j.p.i.JtaPlatformInitiator       : HHH000490: Using JtaPlatform implementation: [org.hibernate.engine.transaction.jta.platform.internal.NoJtaPlatform]
2020-05-20 18:00:27.895  INFO 57268 --- [    Test worker] j.LocalContainerEntityManagerFactoryBean : Initialized JPA EntityManagerFactory for persistence unit 'default'
2020-05-20 18:00:28.324  WARN 57268 --- [    Test worker] JpaBaseConfiguration$JpaWebConfiguration : spring.jpa.open-in-view is enabled by default. Therefore, database queries may be performed during view rendering. Explicitly configure spring.jpa.open-in-view to disable this warning
2020-05-20 18:00:28.503  INFO 57268 --- [    Test worker] o.s.s.concurrent.ThreadPoolTaskExecutor  : Initializing ExecutorService 'applicationTaskExecutor'
2020-05-20 18:00:28.768  INFO 57268 --- [    Test worker] o.s.b.a.h2.H2ConsoleAutoConfiguration    : H2 console available at '/h2-console'. Database available at 'jdbc:h2:mem:testdb'
2020-05-20 18:00:28.924  INFO 57268 --- [    Test worker] u.i.s.s.s.LocationServiceIntegrationTest : Started LocationServiceIntegrationTest in 4.144 seconds (JVM running for 23.393)
2020-05-20 18:00:28.927  INFO 57268 --- [    Test worker] f.a.AutowiredAnnotationBeanPostProcessor : Autowired annotation is not supported on static fields: static com.mongodb.client.MongoClient ch.uzh.ifi.seal.soprafs20.service.LocationServiceIntegrationTest.mongoClient
2020-05-20 18:00:28.927  INFO 57268 --- [    Test worker] f.a.AutowiredAnnotationBeanPostProcessor : Autowired annotation is not supported on static fields: static com.mongodb.client.MongoDatabase ch.uzh.ifi.seal.soprafs20.service.LocationServiceIntegrationTest.locationStorage
2020-05-20 18:00:28.928  INFO 57268 --- [    Test worker] f.a.AutowiredAnnotationBeanPostProcessor : Autowired annotation is not supported on static fields: static com.mongodb.client.MongoCollection ch.uzh.ifi.seal.soprafs20.service.LocationServiceIntegrationTest.fountainsCollection
2020-05-20 18:00:28.928  INFO 57268 --- [    Test worker] f.a.AutowiredAnnotationBeanPostProcessor : Autowired annotation is not supported on static fields: static com.mongodb.client.MongoCollection ch.uzh.ifi.seal.soprafs20.service.LocationServiceIntegrationTest.fireplacesCollection
2020-05-20 18:00:28.930  INFO 57268 --- [    Test worker] f.a.AutowiredAnnotationBeanPostProcessor : Autowired annotation is not supported on static fields: static com.mongodb.client.MongoCollection ch.uzh.ifi.seal.soprafs20.service.LocationServiceIntegrationTest.recyclingCollection
2020-05-20 18:00:28.930  INFO 57268 --- [    Test worker] f.a.AutowiredAnnotationBeanPostProcessor : Autowired annotation is not supported on static fields: static com.mongodb.client.MongoCollection ch.uzh.ifi.seal.soprafs20.service.LocationServiceIntegrationTest.toiletsCollection
2020-05-20 18:00:28.932  INFO 57268 --- [    Test worker] f.a.AutowiredAnnotationBeanPostProcessor : Autowired annotation is not supported on static fields: static com.mongodb.client.MongoCollection ch.uzh.ifi.seal.soprafs20.service.LocationServiceIntegrationTest.userFountainsCollection
2020-05-20 18:00:28.932  INFO 57268 --- [    Test worker] f.a.AutowiredAnnotationBeanPostProcessor : Autowired annotation is not supported on static fields: static com.mongodb.client.MongoCollection ch.uzh.ifi.seal.soprafs20.service.LocationServiceIntegrationTest.userFireplacesCollection
2020-05-20 18:00:28.933  INFO 57268 --- [    Test worker] f.a.AutowiredAnnotationBeanPostProcessor : Autowired annotation is not supported on static fields: static com.mongodb.client.MongoCollection ch.uzh.ifi.seal.soprafs20.service.LocationServiceIntegrationTest.userRecyclingCollection
2020-05-20 18:00:28.933  INFO 57268 --- [    Test worker] f.a.AutowiredAnnotationBeanPostProcessor : Autowired annotation is not supported on static fields: static com.mongodb.client.MongoCollection ch.uzh.ifi.seal.soprafs20.service.LocationServiceIntegrationTest.userToiletsCollection
2020-05-20 18:00:28.933  INFO 57268 --- [    Test worker] f.a.AutowiredAnnotationBeanPostProcessor : Autowired annotation is not supported on static fields: static com.mongodb.client.MongoCollection ch.uzh.ifi.seal.soprafs20.service.LocationServiceIntegrationTest.userTableTennisCollection
2020-05-20 18:00:28.934  INFO 57268 --- [    Test worker] f.a.AutowiredAnnotationBeanPostProcessor : Autowired annotation is not supported on static fields: static com.mongodb.client.MongoCollection ch.uzh.ifi.seal.soprafs20.service.LocationServiceIntegrationTest.userBenchesCollection
2020-05-20 18:00:28.934  INFO 57268 --- [    Test worker] f.a.AutowiredAnnotationBeanPostProcessor : Autowired annotation is not supported on static fields: static com.mongodb.client.MongoDatabase ch.uzh.ifi.seal.soprafs20.service.LocationServiceIntegrationTest.ratingLocation
2020-05-20 18:00:28.936  INFO 57268 --- [    Test worker] f.a.AutowiredAnnotationBeanPostProcessor : Autowired annotation is not supported on static fields: static com.mongodb.client.MongoCollection ch.uzh.ifi.seal.soprafs20.service.LocationServiceIntegrationTest.ratingsCollection
2020-05-20 18:00:28.936  INFO 57268 --- [    Test worker] f.a.AutowiredAnnotationBeanPostProcessor : Autowired annotation is not supported on static fields: static com.mongodb.client.MongoDatabase ch.uzh.ifi.seal.soprafs20.service.LocationServiceIntegrationTest.locationChats
2020-05-20 18:00:28.936  INFO 57268 --- [    Test worker] f.a.AutowiredAnnotationBeanPostProcessor : Autowired annotation is not supported on static fields: static com.mongodb.client.MongoCollection ch.uzh.ifi.seal.soprafs20.service.LocationServiceIntegrationTest.chatsCollection
2020-05-20 18:00:28.937  INFO 57268 --- [    Test worker] f.a.AutowiredAnnotationBeanPostProcessor : Autowired annotation is not supported on static fields: static com.mongodb.client.MongoDatabase ch.uzh.ifi.seal.soprafs20.service.LocationServiceIntegrationTest.usersDevelopment
2020-05-20 18:00:28.937  INFO 57268 --- [    Test worker] f.a.AutowiredAnnotationBeanPostProcessor : Autowired annotation is not supported on static fields: static com.mongodb.client.MongoCollection ch.uzh.ifi.seal.soprafs20.service.LocationServiceIntegrationTest.usersCollection
2020-05-20 18:00:34.396  INFO 57268 --- [    Test worker] org.mongodb.driver.cluster               : Cluster created with settings {hosts=[127.0.0.1:27017], srvHost=knowyourcity-ijzn3.gcp.mongodb.net, mode=MULTIPLE, requiredClusterType=REPLICA_SET, serverSelectionTimeout='30000 ms', maxWaitQueueSize=500, requiredReplicaSetName='KnowYourCity-shard-0'}
2020-05-20 18:00:34.396  INFO 57268 --- [    Test worker] org.mongodb.driver.cluster               : Cluster description not yet available. Waiting for 30000 ms before timing out
2020-05-20 18:00:34.401  INFO 57268 --- [gcp.mongodb.net] org.mongodb.driver.cluster               : Adding discovered server knowyourcity-shard-00-01-ijzn3.gcp.mongodb.net:27017 to client view of cluster
2020-05-20 18:00:34.402  INFO 57268 --- [gcp.mongodb.net] org.mongodb.driver.cluster               : Adding discovered server knowyourcity-shard-00-02-ijzn3.gcp.mongodb.net:27017 to client view of cluster
2020-05-20 18:00:34.403  INFO 57268 --- [gcp.mongodb.net] org.mongodb.driver.cluster               : Adding discovered server knowyourcity-shard-00-00-ijzn3.gcp.mongodb.net:27017 to client view of cluster
2020-05-20 18:00:34.405  INFO 57268 --- [    Test worker] org.mongodb.driver.cluster               : No server chosen by com.mongodb.client.internal.MongoClientDelegate$1@38bdbd49 from cluster description ClusterDescription{type=REPLICA_SET, connectionMode=MULTIPLE, serverDescriptions=[ServerDescription{address=knowyourcity-shard-00-02-ijzn3.gcp.mongodb.net:27017, type=UNKNOWN, state=CONNECTING}, ServerDescription{address=knowyourcity-shard-00-01-ijzn3.gcp.mongodb.net:27017, type=UNKNOWN, state=CONNECTING}, ServerDescription{address=knowyourcity-shard-00-00-ijzn3.gcp.mongodb.net:27017, type=UNKNOWN, state=CONNECTING}]}. Waiting for 30000 ms before timing out
2020-05-20 18:00:34.509  INFO 57268 --- [ngodb.net:27017] org.mongodb.driver.connection            : Opened connection [connectionId{localValue:25, serverValue:446798}] to knowyourcity-shard-00-00-ijzn3.gcp.mongodb.net:27017
2020-05-20 18:00:34.509  INFO 57268 --- [ngodb.net:27017] org.mongodb.driver.connection            : Opened connection [connectionId{localValue:24, serverValue:440461}] to knowyourcity-shard-00-02-ijzn3.gcp.mongodb.net:27017
2020-05-20 18:00:34.509  INFO 57268 --- [ngodb.net:27017] org.mongodb.driver.connection            : Opened connection [connectionId{localValue:23, serverValue:522095}] to knowyourcity-shard-00-01-ijzn3.gcp.mongodb.net:27017
2020-05-20 18:00:34.528  INFO 57268 --- [ngodb.net:27017] org.mongodb.driver.cluster               : Monitor thread successfully connected to server with description ServerDescription{address=knowyourcity-shard-00-00-ijzn3.gcp.mongodb.net:27017, type=REPLICA_SET_SECONDARY, state=CONNECTED, ok=true, version=ServerVersion{versionList=[4, 2, 6]}, minWireVersion=0, maxWireVersion=8, maxDocumentSize=16777216, logicalSessionTimeoutMinutes=30, roundTripTimeNanos=18566159, setName='KnowYourCity-shard-0', canonicalAddress=knowyourcity-shard-00-00-ijzn3.gcp.mongodb.net:27017, hosts=[knowyourcity-shard-00-00-ijzn3.gcp.mongodb.net:27017, knowyourcity-shard-00-02-ijzn3.gcp.mongodb.net:27017, knowyourcity-shard-00-01-ijzn3.gcp.mongodb.net:27017], passives=[], arbiters=[], primary='knowyourcity-shard-00-01-ijzn3.gcp.mongodb.net:27017', tagSet=TagSet{[Tag{name='nodeType', value='ELECTABLE'}, Tag{name='provider', value='GCP'}, Tag{name='region', value='WESTERN_EUROPE'}]}, electionId=null, setVersion=3, lastWriteDate=Wed May 20 18:00:34 CEST 2020, lastUpdateTimeNanos=533455774671584}
2020-05-20 18:00:34.529  INFO 57268 --- [    Test worker] org.mongodb.driver.cluster               : No server chosen by WritableServerSelector from cluster description ClusterDescription{type=REPLICA_SET, connectionMode=MULTIPLE, serverDescriptions=[ServerDescription{address=knowyourcity-shard-00-02-ijzn3.gcp.mongodb.net:27017, type=UNKNOWN, state=CONNECTING}, ServerDescription{address=knowyourcity-shard-00-01-ijzn3.gcp.mongodb.net:27017, type=UNKNOWN, state=CONNECTING}, ServerDescription{address=knowyourcity-shard-00-00-ijzn3.gcp.mongodb.net:27017, type=REPLICA_SET_SECONDARY, state=CONNECTED, ok=true, version=ServerVersion{versionList=[4, 2, 6]}, minWireVersion=0, maxWireVersion=8, maxDocumentSize=16777216, logicalSessionTimeoutMinutes=30, roundTripTimeNanos=18566159, setName='KnowYourCity-shard-0', canonicalAddress=knowyourcity-shard-00-00-ijzn3.gcp.mongodb.net:27017, hosts=[knowyourcity-shard-00-00-ijzn3.gcp.mongodb.net:27017, knowyourcity-shard-00-02-ijzn3.gcp.mongodb.net:27017, knowyourcity-shard-00-01-ijzn3.gcp.mongodb.net:27017], passives=[], arbiters=[], primary='knowyourcity-shard-00-01-ijzn3.gcp.mongodb.net:27017', tagSet=TagSet{[Tag{name='nodeType', value='ELECTABLE'}, Tag{name='provider', value='GCP'}, Tag{name='region', value='WESTERN_EUROPE'}]}, electionId=null, setVersion=3, lastWriteDate=Wed May 20 18:00:34 CEST 2020, lastUpdateTimeNanos=533455774671584}]}. Waiting for 30000 ms before timing out
2020-05-20 18:00:34.531  INFO 57268 --- [ngodb.net:27017] org.mongodb.driver.cluster               : Monitor thread successfully connected to server with description ServerDescription{address=knowyourcity-shard-00-01-ijzn3.gcp.mongodb.net:27017, type=REPLICA_SET_PRIMARY, state=CONNECTED, ok=true, version=ServerVersion{versionList=[4, 2, 6]}, minWireVersion=0, maxWireVersion=8, maxDocumentSize=16777216, logicalSessionTimeoutMinutes=30, roundTripTimeNanos=20355260, setName='KnowYourCity-shard-0', canonicalAddress=knowyourcity-shard-00-01-ijzn3.gcp.mongodb.net:27017, hosts=[knowyourcity-shard-00-00-ijzn3.gcp.mongodb.net:27017, knowyourcity-shard-00-02-ijzn3.gcp.mongodb.net:27017, knowyourcity-shard-00-01-ijzn3.gcp.mongodb.net:27017], passives=[], arbiters=[], primary='knowyourcity-shard-00-01-ijzn3.gcp.mongodb.net:27017', tagSet=TagSet{[Tag{name='nodeType', value='ELECTABLE'}, Tag{name='provider', value='GCP'}, Tag{name='region', value='WESTERN_EUROPE'}]}, electionId=7fffffff0000000000000007, setVersion=3, lastWriteDate=Wed May 20 18:00:34 CEST 2020, lastUpdateTimeNanos=533455777680029}
2020-05-20 18:00:34.532  INFO 57268 --- [ngodb.net:27017] org.mongodb.driver.cluster               : Setting max election id to 7fffffff0000000000000007 from replica set primary knowyourcity-shard-00-01-ijzn3.gcp.mongodb.net:27017
2020-05-20 18:00:34.533  INFO 57268 --- [ngodb.net:27017] org.mongodb.driver.cluster               : Setting max set version to 3 from replica set primary knowyourcity-shard-00-01-ijzn3.gcp.mongodb.net:27017
2020-05-20 18:00:34.534  INFO 57268 --- [ngodb.net:27017] org.mongodb.driver.cluster               : Discovered replica set primary knowyourcity-shard-00-01-ijzn3.gcp.mongodb.net:27017
2020-05-20 18:00:34.534  INFO 57268 --- [ngodb.net:27017] org.mongodb.driver.cluster               : Monitor thread successfully connected to server with description ServerDescription{address=knowyourcity-shard-00-02-ijzn3.gcp.mongodb.net:27017, type=REPLICA_SET_SECONDARY, state=CONNECTED, ok=true, version=ServerVersion{versionList=[4, 2, 6]}, minWireVersion=0, maxWireVersion=8, maxDocumentSize=16777216, logicalSessionTimeoutMinutes=30, roundTripTimeNanos=24337402, setName='KnowYourCity-shard-0', canonicalAddress=knowyourcity-shard-00-02-ijzn3.gcp.mongodb.net:27017, hosts=[knowyourcity-shard-00-00-ijzn3.gcp.mongodb.net:27017, knowyourcity-shard-00-02-ijzn3.gcp.mongodb.net:27017, knowyourcity-shard-00-01-ijzn3.gcp.mongodb.net:27017], passives=[], arbiters=[], primary='knowyourcity-shard-00-01-ijzn3.gcp.mongodb.net:27017', tagSet=TagSet{[Tag{name='nodeType', value='ELECTABLE'}, Tag{name='provider', value='GCP'}, Tag{name='region', value='WESTERN_EUROPE'}]}, electionId=null, setVersion=3, lastWriteDate=Wed May 20 18:00:34 CEST 2020, lastUpdateTimeNanos=533455780620269}
2020-05-20 18:00:34.700  INFO 57268 --- [    Test worker] org.mongodb.driver.connection            : Opened connection [connectionId{localValue:26, serverValue:522095}] to knowyourcity-shard-00-01-ijzn3.gcp.mongodb.net:27017
2020-05-20 18:00:39.093  INFO 57268 --- [    Test worker] org.mongodb.driver.cluster               : Cluster created with settings {hosts=[127.0.0.1:27017], srvHost=knowyourcity-ijzn3.gcp.mongodb.net, mode=MULTIPLE, requiredClusterType=REPLICA_SET, serverSelectionTimeout='30000 ms', maxWaitQueueSize=500, requiredReplicaSetName='KnowYourCity-shard-0'}
2020-05-20 18:00:39.095  INFO 57268 --- [    Test worker] org.mongodb.driver.cluster               : Cluster description not yet available. Waiting for 30000 ms before timing out
2020-05-20 18:00:39.100  INFO 57268 --- [gcp.mongodb.net] org.mongodb.driver.cluster               : Adding discovered server knowyourcity-shard-00-02-ijzn3.gcp.mongodb.net:27017 to client view of cluster
2020-05-20 18:00:39.101  INFO 57268 --- [gcp.mongodb.net] org.mongodb.driver.cluster               : Adding discovered server knowyourcity-shard-00-01-ijzn3.gcp.mongodb.net:27017 to client view of cluster
2020-05-20 18:00:39.102  INFO 57268 --- [gcp.mongodb.net] org.mongodb.driver.cluster               : Adding discovered server knowyourcity-shard-00-00-ijzn3.gcp.mongodb.net:27017 to client view of cluster
2020-05-20 18:00:39.105  INFO 57268 --- [    Test worker] org.mongodb.driver.cluster               : No server chosen by com.mongodb.client.internal.MongoClientDelegate$1@57e44ae6 from cluster description ClusterDescription{type=REPLICA_SET, connectionMode=MULTIPLE, serverDescriptions=[ServerDescription{address=knowyourcity-shard-00-02-ijzn3.gcp.mongodb.net:27017, type=UNKNOWN, state=CONNECTING}, ServerDescription{address=knowyourcity-shard-00-01-ijzn3.gcp.mongodb.net:27017, type=UNKNOWN, state=CONNECTING}, ServerDescription{address=knowyourcity-shard-00-00-ijzn3.gcp.mongodb.net:27017, type=UNKNOWN, state=CONNECTING}]}. Waiting for 30000 ms before timing out
2020-05-20 18:00:39.186  INFO 57268 --- [ngodb.net:27017] org.mongodb.driver.connection            : Opened connection [connectionId{localValue:27, serverValue:446103}] to knowyourcity-shard-00-02-ijzn3.gcp.mongodb.net:27017
2020-05-20 18:00:39.189  INFO 57268 --- [ngodb.net:27017] org.mongodb.driver.connection            : Opened connection [connectionId{localValue:29, serverValue:439613}] to knowyourcity-shard-00-00-ijzn3.gcp.mongodb.net:27017
2020-05-20 18:00:39.194  INFO 57268 --- [ngodb.net:27017] org.mongodb.driver.connection            : Opened connection [connectionId{localValue:28, serverValue:495065}] to knowyourcity-shard-00-01-ijzn3.gcp.mongodb.net:27017
2020-05-20 18:00:39.205  INFO 57268 --- [ngodb.net:27017] org.mongodb.driver.cluster               : Monitor thread successfully connected to server with description ServerDescription{address=knowyourcity-shard-00-02-ijzn3.gcp.mongodb.net:27017, type=REPLICA_SET_SECONDARY, state=CONNECTED, ok=true, version=ServerVersion{versionList=[4, 2, 6]}, minWireVersion=0, maxWireVersion=8, maxDocumentSize=16777216, logicalSessionTimeoutMinutes=30, roundTripTimeNanos=18633935, setName='KnowYourCity-shard-0', canonicalAddress=knowyourcity-shard-00-02-ijzn3.gcp.mongodb.net:27017, hosts=[knowyourcity-shard-00-00-ijzn3.gcp.mongodb.net:27017, knowyourcity-shard-00-02-ijzn3.gcp.mongodb.net:27017, knowyourcity-shard-00-01-ijzn3.gcp.mongodb.net:27017], passives=[], arbiters=[], primary='knowyourcity-shard-00-01-ijzn3.gcp.mongodb.net:27017', tagSet=TagSet{[Tag{name='nodeType', value='ELECTABLE'}, Tag{name='provider', value='GCP'}, Tag{name='region', value='WESTERN_EUROPE'}]}, electionId=null, setVersion=3, lastWriteDate=Wed May 20 18:00:34 CEST 2020, lastUpdateTimeNanos=533460451602871}
2020-05-20 18:00:39.206  INFO 57268 --- [    Test worker] org.mongodb.driver.cluster               : No server chosen by ReadPreferenceServerSelector{readPreference=primary} from cluster description ClusterDescription{type=REPLICA_SET, connectionMode=MULTIPLE, serverDescriptions=[ServerDescription{address=knowyourcity-shard-00-02-ijzn3.gcp.mongodb.net:27017, type=REPLICA_SET_SECONDARY, state=CONNECTED, ok=true, version=ServerVersion{versionList=[4, 2, 6]}, minWireVersion=0, maxWireVersion=8, maxDocumentSize=16777216, logicalSessionTimeoutMinutes=30, roundTripTimeNanos=18633935, setName='KnowYourCity-shard-0', canonicalAddress=knowyourcity-shard-00-02-ijzn3.gcp.mongodb.net:27017, hosts=[knowyourcity-shard-00-00-ijzn3.gcp.mongodb.net:27017, knowyourcity-shard-00-02-ijzn3.gcp.mongodb.net:27017, knowyourcity-shard-00-01-ijzn3.gcp.mongodb.net:27017], passives=[], arbiters=[], primary='knowyourcity-shard-00-01-ijzn3.gcp.mongodb.net:27017', tagSet=TagSet{[Tag{name='nodeType', value='ELECTABLE'}, Tag{name='provider', value='GCP'}, Tag{name='region', value='WESTERN_EUROPE'}]}, electionId=null, setVersion=3, lastWriteDate=Wed May 20 18:00:34 CEST 2020, lastUpdateTimeNanos=533460451602871}, ServerDescription{address=knowyourcity-shard-00-01-ijzn3.gcp.mongodb.net:27017, type=UNKNOWN, state=CONNECTING}, ServerDescription{address=knowyourcity-shard-00-00-ijzn3.gcp.mongodb.net:27017, type=UNKNOWN, state=CONNECTING}]}. Waiting for 30000 ms before timing out
2020-05-20 18:00:39.209  INFO 57268 --- [ngodb.net:27017] org.mongodb.driver.cluster               : Monitor thread successfully connected to server with description ServerDescription{address=knowyourcity-shard-00-00-ijzn3.gcp.mongodb.net:27017, type=REPLICA_SET_SECONDARY, state=CONNECTED, ok=true, version=ServerVersion{versionList=[4, 2, 6]}, minWireVersion=0, maxWireVersion=8, maxDocumentSize=16777216, logicalSessionTimeoutMinutes=30, roundTripTimeNanos=18998316, setName='KnowYourCity-shard-0', canonicalAddress=knowyourcity-shard-00-00-ijzn3.gcp.mongodb.net:27017, hosts=[knowyourcity-shard-00-00-ijzn3.gcp.mongodb.net:27017, knowyourcity-shard-00-02-ijzn3.gcp.mongodb.net:27017, knowyourcity-shard-00-01-ijzn3.gcp.mongodb.net:27017], passives=[], arbiters=[], primary='knowyourcity-shard-00-01-ijzn3.gcp.mongodb.net:27017', tagSet=TagSet{[Tag{name='nodeType', value='ELECTABLE'}, Tag{name='provider', value='GCP'}, Tag{name='region', value='WESTERN_EUROPE'}]}, electionId=null, setVersion=3, lastWriteDate=Wed May 20 18:00:34 CEST 2020, lastUpdateTimeNanos=533460455494215}
2020-05-20 18:00:39.218  INFO 57268 --- [ngodb.net:27017] org.mongodb.driver.cluster               : Monitor thread successfully connected to server with description ServerDescription{address=knowyourcity-shard-00-01-ijzn3.gcp.mongodb.net:27017, type=REPLICA_SET_PRIMARY, state=CONNECTED, ok=true, version=ServerVersion{versionList=[4, 2, 6]}, minWireVersion=0, maxWireVersion=8, maxDocumentSize=16777216, logicalSessionTimeoutMinutes=30, roundTripTimeNanos=23407470, setName='KnowYourCity-shard-0', canonicalAddress=knowyourcity-shard-00-01-ijzn3.gcp.mongodb.net:27017, hosts=[knowyourcity-shard-00-00-ijzn3.gcp.mongodb.net:27017, knowyourcity-shard-00-02-ijzn3.gcp.mongodb.net:27017, knowyourcity-shard-00-01-ijzn3.gcp.mongodb.net:27017], passives=[], arbiters=[], primary='knowyourcity-shard-00-01-ijzn3.gcp.mongodb.net:27017', tagSet=TagSet{[Tag{name='nodeType', value='ELECTABLE'}, Tag{name='provider', value='GCP'}, Tag{name='region', value='WESTERN_EUROPE'}]}, electionId=7fffffff0000000000000007, setVersion=3, lastWriteDate=Wed May 20 18:00:34 CEST 2020, lastUpdateTimeNanos=533460464930238}
2020-05-20 18:00:39.219  INFO 57268 --- [ngodb.net:27017] org.mongodb.driver.cluster               : Setting max election id to 7fffffff0000000000000007 from replica set primary knowyourcity-shard-00-01-ijzn3.gcp.mongodb.net:27017
2020-05-20 18:00:39.219  INFO 57268 --- [ngodb.net:27017] org.mongodb.driver.cluster               : Setting max set version to 3 from replica set primary knowyourcity-shard-00-01-ijzn3.gcp.mongodb.net:27017
2020-05-20 18:00:39.219  INFO 57268 --- [ngodb.net:27017] org.mongodb.driver.cluster               : Discovered replica set primary knowyourcity-shard-00-01-ijzn3.gcp.mongodb.net:27017
2020-05-20 18:00:39.396  INFO 57268 --- [    Test worker] org.mongodb.driver.connection            : Opened connection [connectionId{localValue:30, serverValue:495065}] to knowyourcity-shard-00-01-ijzn3.gcp.mongodb.net:27017
2020-05-20 18:00:39.611  INFO 57268 --- [    Test worker] org.mongodb.driver.connection            : Opened connection [connectionId{localValue:31, serverValue:495065}] to knowyourcity-shard-00-01-ijzn3.gcp.mongodb.net:27017
2020-05-20 18:01:16.468  INFO 57268 --- [    Test worker] org.mongodb.driver.cluster               : Cluster created with settings {hosts=[127.0.0.1:27017], srvHost=knowyourcity-ijzn3.gcp.mongodb.net, mode=MULTIPLE, requiredClusterType=REPLICA_SET, serverSelectionTimeout='30000 ms', maxWaitQueueSize=500, requiredReplicaSetName='KnowYourCity-shard-0'}
2020-05-20 18:01:16.470  INFO 57268 --- [    Test worker] org.mongodb.driver.cluster               : Cluster description not yet available. Waiting for 30000 ms before timing out
2020-05-20 18:01:16.475  INFO 57268 --- [gcp.mongodb.net] org.mongodb.driver.cluster               : Adding discovered server knowyourcity-shard-00-02-ijzn3.gcp.mongodb.net:27017 to client view of cluster
2020-05-20 18:01:16.476  INFO 57268 --- [gcp.mongodb.net] org.mongodb.driver.cluster               : Adding discovered server knowyourcity-shard-00-01-ijzn3.gcp.mongodb.net:27017 to client view of cluster
2020-05-20 18:01:16.477  INFO 57268 --- [gcp.mongodb.net] org.mongodb.driver.cluster               : Adding discovered server knowyourcity-shard-00-00-ijzn3.gcp.mongodb.net:27017 to client view of cluster
2020-05-20 18:01:16.478  INFO 57268 --- [    Test worker] org.mongodb.driver.cluster               : No server chosen by com.mongodb.client.internal.MongoClientDelegate$1@779f9282 from cluster description ClusterDescription{type=REPLICA_SET, connectionMode=MULTIPLE, serverDescriptions=[ServerDescription{address=knowyourcity-shard-00-02-ijzn3.gcp.mongodb.net:27017, type=UNKNOWN, state=CONNECTING}, ServerDescription{address=knowyourcity-shard-00-01-ijzn3.gcp.mongodb.net:27017, type=UNKNOWN, state=CONNECTING}, ServerDescription{address=knowyourcity-shard-00-00-ijzn3.gcp.mongodb.net:27017, type=UNKNOWN, state=CONNECTING}]}. Waiting for 30000 ms before timing out
2020-05-20 18:01:16.573  INFO 57268 --- [ngodb.net:27017] org.mongodb.driver.connection            : Opened connection [connectionId{localValue:33, serverValue:532970}] to knowyourcity-shard-00-01-ijzn3.gcp.mongodb.net:27017
2020-05-20 18:01:16.593  INFO 57268 --- [ngodb.net:27017] org.mongodb.driver.cluster               : Monitor thread successfully connected to server with description ServerDescription{address=knowyourcity-shard-00-01-ijzn3.gcp.mongodb.net:27017, type=REPLICA_SET_PRIMARY, state=CONNECTED, ok=true, version=ServerVersion{versionList=[4, 2, 6]}, minWireVersion=0, maxWireVersion=8, maxDocumentSize=16777216, logicalSessionTimeoutMinutes=30, roundTripTimeNanos=19230103, setName='KnowYourCity-shard-0', canonicalAddress=knowyourcity-shard-00-01-ijzn3.gcp.mongodb.net:27017, hosts=[knowyourcity-shard-00-00-ijzn3.gcp.mongodb.net:27017, knowyourcity-shard-00-02-ijzn3.gcp.mongodb.net:27017, knowyourcity-shard-00-01-ijzn3.gcp.mongodb.net:27017], passives=[], arbiters=[], primary='knowyourcity-shard-00-01-ijzn3.gcp.mongodb.net:27017', tagSet=TagSet{[Tag{name='nodeType', value='ELECTABLE'}, Tag{name='provider', value='GCP'}, Tag{name='region', value='WESTERN_EUROPE'}]}, electionId=7fffffff0000000000000007, setVersion=3, lastWriteDate=Wed May 20 18:01:16 CEST 2020, lastUpdateTimeNanos=533497839693673}
2020-05-20 18:01:16.598  INFO 57268 --- [ngodb.net:27017] org.mongodb.driver.cluster               : Setting max election id to 7fffffff0000000000000007 from replica set primary knowyourcity-shard-00-01-ijzn3.gcp.mongodb.net:27017
2020-05-20 18:01:16.598  INFO 57268 --- [ngodb.net:27017] org.mongodb.driver.cluster               : Setting max set version to 3 from replica set primary knowyourcity-shard-00-01-ijzn3.gcp.mongodb.net:27017
2020-05-20 18:01:16.598  INFO 57268 --- [ngodb.net:27017] org.mongodb.driver.cluster               : Discovered replica set primary knowyourcity-shard-00-01-ijzn3.gcp.mongodb.net:27017
2020-05-20 18:01:16.609  INFO 57268 --- [ngodb.net:27017] org.mongodb.driver.connection            : Opened connection [connectionId{localValue:34, serverValue:439613}] to knowyourcity-shard-00-00-ijzn3.gcp.mongodb.net:27017
2020-05-20 18:01:16.630  INFO 57268 --- [ngodb.net:27017] org.mongodb.driver.connection            : Opened connection [connectionId{localValue:32, serverValue:446103}] to knowyourcity-shard-00-02-ijzn3.gcp.mongodb.net:27017
2020-05-20 18:01:16.631  INFO 57268 --- [ngodb.net:27017] org.mongodb.driver.cluster               : Monitor thread successfully connected to server with description ServerDescription{address=knowyourcity-shard-00-00-ijzn3.gcp.mongodb.net:27017, type=REPLICA_SET_SECONDARY, state=CONNECTED, ok=true, version=ServerVersion{versionList=[4, 2, 6]}, minWireVersion=0, maxWireVersion=8, maxDocumentSize=16777216, logicalSessionTimeoutMinutes=30, roundTripTimeNanos=20949917, setName='KnowYourCity-shard-0', canonicalAddress=knowyourcity-shard-00-00-ijzn3.gcp.mongodb.net:27017, hosts=[knowyourcity-shard-00-00-ijzn3.gcp.mongodb.net:27017, knowyourcity-shard-00-02-ijzn3.gcp.mongodb.net:27017, knowyourcity-shard-00-01-ijzn3.gcp.mongodb.net:27017], passives=[], arbiters=[], primary='knowyourcity-shard-00-01-ijzn3.gcp.mongodb.net:27017', tagSet=TagSet{[Tag{name='nodeType', value='ELECTABLE'}, Tag{name='provider', value='GCP'}, Tag{name='region', value='WESTERN_EUROPE'}]}, electionId=null, setVersion=3, lastWriteDate=Wed May 20 18:01:16 CEST 2020, lastUpdateTimeNanos=533497877192636}
2020-05-20 18:01:16.653  INFO 57268 --- [ngodb.net:27017] org.mongodb.driver.cluster               : Monitor thread successfully connected to server with description ServerDescription{address=knowyourcity-shard-00-02-ijzn3.gcp.mongodb.net:27017, type=REPLICA_SET_SECONDARY, state=CONNECTED, ok=true, version=ServerVersion{versionList=[4, 2, 6]}, minWireVersion=0, maxWireVersion=8, maxDocumentSize=16777216, logicalSessionTimeoutMinutes=30, roundTripTimeNanos=22095884, setName='KnowYourCity-shard-0', canonicalAddress=knowyourcity-shard-00-02-ijzn3.gcp.mongodb.net:27017, hosts=[knowyourcity-shard-00-00-ijzn3.gcp.mongodb.net:27017, knowyourcity-shard-00-02-ijzn3.gcp.mongodb.net:27017, knowyourcity-shard-00-01-ijzn3.gcp.mongodb.net:27017], passives=[], arbiters=[], primary='knowyourcity-shard-00-01-ijzn3.gcp.mongodb.net:27017', tagSet=TagSet{[Tag{name='nodeType', value='ELECTABLE'}, Tag{name='provider', value='GCP'}, Tag{name='region', value='WESTERN_EUROPE'}]}, electionId=null, setVersion=3, lastWriteDate=Wed May 20 18:01:16 CEST 2020, lastUpdateTimeNanos=533497899422224}
2020-05-20 18:01:16.767  INFO 57268 --- [    Test worker] org.mongodb.driver.connection            : Opened connection [connectionId{localValue:35, serverValue:532972}] to knowyourcity-shard-00-01-ijzn3.gcp.mongodb.net:27017
]]></system-out>
  <system-err><![CDATA[]]></system-err>
</testsuite>
