<?xml version="1.0" encoding="UTF-8"?>
<testsuite name="ch.uzh.ifi.seal.soprafs20.controller.UserControllerTest" tests="9" skipped="0" failures="0" errors="0" timestamp="2020-03-09T12:25:31" hostname="dhcp-wlan-uzh-10-12-8-235.uzh.ch" time="0.742">
  <properties/>
  <testcase name="givenUsers_whenGetUsers_thenReturnJsonArray()" classname="ch.uzh.ifi.seal.soprafs20.controller.UserControllerTest" time="0.371"/>
  <testcase name="createUser_validInput_userCreated()" classname="ch.uzh.ifi.seal.soprafs20.controller.UserControllerTest" time="0.166"/>
  <testcase name="updateUser_userExists()" classname="ch.uzh.ifi.seal.soprafs20.controller.UserControllerTest" time="0.024"/>
  <testcase name="loginUser_validInput()" classname="ch.uzh.ifi.seal.soprafs20.controller.UserControllerTest" time="0.014"/>
  <testcase name="loginUser_invalidCredentials()" classname="ch.uzh.ifi.seal.soprafs20.controller.UserControllerTest" time="0.034"/>
  <testcase name="createUser_userAlreadyExists()" classname="ch.uzh.ifi.seal.soprafs20.controller.UserControllerTest" time="0.023"/>
  <testcase name="getUser_validInput()" classname="ch.uzh.ifi.seal.soprafs20.controller.UserControllerTest" time="0.018"/>
  <testcase name="getUser_userDoesNotExist()" classname="ch.uzh.ifi.seal.soprafs20.controller.UserControllerTest" time="0.014"/>
  <testcase name="updateUser_userDoesNotExist()" classname="ch.uzh.ifi.seal.soprafs20.controller.UserControllerTest" time="0.03"/>
  <system-out><![CDATA[13:25:26.573 [Test worker] DEBUG org.springframework.test.context.BootstrapUtils - Instantiating CacheAwareContextLoaderDelegate from class [org.springframework.test.context.cache.DefaultCacheAwareContextLoaderDelegate]
13:25:26.605 [Test worker] DEBUG org.springframework.test.context.BootstrapUtils - Instantiating BootstrapContext using constructor [public org.springframework.test.context.support.DefaultBootstrapContext(java.lang.Class,org.springframework.test.context.CacheAwareContextLoaderDelegate)]
13:25:26.684 [Test worker] DEBUG org.springframework.test.context.BootstrapUtils - Instantiating TestContextBootstrapper for test class [ch.uzh.ifi.seal.soprafs20.controller.UserControllerTest] from class [org.springframework.boot.test.autoconfigure.web.servlet.WebMvcTestContextBootstrapper]
13:25:26.717 [Test worker] INFO org.springframework.boot.test.autoconfigure.web.servlet.WebMvcTestContextBootstrapper - Neither @ContextConfiguration nor @ContextHierarchy found for test class [ch.uzh.ifi.seal.soprafs20.controller.UserControllerTest], using SpringBootContextLoader
13:25:26.726 [Test worker] DEBUG org.springframework.test.context.support.AbstractContextLoader - Did not detect default resource location for test class [ch.uzh.ifi.seal.soprafs20.controller.UserControllerTest]: class path resource [ch/uzh/ifi/seal/soprafs20/controller/UserControllerTest-context.xml] does not exist
13:25:26.727 [Test worker] DEBUG org.springframework.test.context.support.AbstractContextLoader - Did not detect default resource location for test class [ch.uzh.ifi.seal.soprafs20.controller.UserControllerTest]: class path resource [ch/uzh/ifi/seal/soprafs20/controller/UserControllerTestContext.groovy] does not exist
13:25:26.728 [Test worker] INFO org.springframework.test.context.support.AbstractContextLoader - Could not detect default resource locations for test class [ch.uzh.ifi.seal.soprafs20.controller.UserControllerTest]: no resource found for suffixes {-context.xml, Context.groovy}.
13:25:26.730 [Test worker] INFO org.springframework.test.context.support.AnnotationConfigContextLoaderUtils - Could not detect default configuration classes for test class [ch.uzh.ifi.seal.soprafs20.controller.UserControllerTest]: UserControllerTest does not declare any static, non-private, non-final, nested classes annotated with @Configuration.
13:25:26.841 [Test worker] DEBUG org.springframework.test.context.support.ActiveProfilesUtils - Could not find an 'annotation declaring class' for annotation type [org.springframework.test.context.ActiveProfiles] and class [ch.uzh.ifi.seal.soprafs20.controller.UserControllerTest]
13:25:27.013 [Test worker] DEBUG org.springframework.context.annotation.ClassPathScanningCandidateComponentProvider - Identified candidate component class: file [/Users/luisknufinke/Documents/UZH/04 - FS20/Softwarepraktikum/Milestone 1 Individual/sopra-fs20-server/build/classes/java/main/ch/uzh/ifi/seal/soprafs20/Application.class]
13:25:27.015 [Test worker] INFO org.springframework.boot.test.context.SpringBootTestContextBootstrapper - Found @SpringBootConfiguration ch.uzh.ifi.seal.soprafs20.Application for test class ch.uzh.ifi.seal.soprafs20.controller.UserControllerTest
13:25:27.020 [Test worker] DEBUG org.springframework.boot.test.autoconfigure.web.servlet.WebMvcTestContextBootstrapper - @TestExecutionListeners is not present for class [ch.uzh.ifi.seal.soprafs20.controller.UserControllerTest]: using defaults.
13:25:27.021 [Test worker] INFO org.springframework.boot.test.autoconfigure.web.servlet.WebMvcTestContextBootstrapper - Loaded default TestExecutionListener class names from location [META-INF/spring.factories]: [org.springframework.boot.test.autoconfigure.restdocs.RestDocsTestExecutionListener, org.springframework.boot.test.autoconfigure.web.client.MockRestServiceServerResetTestExecutionListener, org.springframework.boot.test.autoconfigure.web.servlet.MockMvcPrintOnlyOnFailureTestExecutionListener, org.springframework.boot.test.autoconfigure.web.servlet.WebDriverTestExecutionListener, org.springframework.boot.test.mock.mockito.MockitoTestExecutionListener, org.springframework.boot.test.mock.mockito.ResetMocksTestExecutionListener, org.springframework.test.context.web.ServletTestExecutionListener, org.springframework.test.context.support.DirtiesContextBeforeModesTestExecutionListener, org.springframework.test.context.support.DependencyInjectionTestExecutionListener, org.springframework.test.context.support.DirtiesContextTestExecutionListener, org.springframework.test.context.transaction.TransactionalTestExecutionListener, org.springframework.test.context.jdbc.SqlScriptsTestExecutionListener, org.springframework.test.context.event.EventPublishingTestExecutionListener]
13:25:27.077 [Test worker] INFO org.springframework.boot.test.autoconfigure.web.servlet.WebMvcTestContextBootstrapper - Using TestExecutionListeners: [org.springframework.test.context.web.ServletTestExecutionListener@370de25c, org.springframework.test.context.support.DirtiesContextBeforeModesTestExecutionListener@16734bc2, org.springframework.boot.test.mock.mockito.MockitoTestExecutionListener@58bad9e8, org.springframework.boot.test.autoconfigure.SpringBootDependencyInjectionTestExecutionListener@3fcb77bc, org.springframework.test.context.support.DirtiesContextTestExecutionListener@670c7d1b, org.springframework.test.context.transaction.TransactionalTestExecutionListener@6b2d0763, org.springframework.test.context.jdbc.SqlScriptsTestExecutionListener@65d6e677, org.springframework.test.context.event.EventPublishingTestExecutionListener@1441be6, org.springframework.boot.test.autoconfigure.restdocs.RestDocsTestExecutionListener@5a45a70, org.springframework.boot.test.autoconfigure.web.client.MockRestServiceServerResetTestExecutionListener@6b153b8, org.springframework.boot.test.autoconfigure.web.servlet.MockMvcPrintOnlyOnFailureTestExecutionListener@5406e847, org.springframework.boot.test.autoconfigure.web.servlet.WebDriverTestExecutionListener@75bc520a, org.springframework.boot.test.mock.mockito.ResetMocksTestExecutionListener@52ecf117]
13:25:27.088 [Test worker] DEBUG org.springframework.test.context.support.AbstractDirtiesContextTestExecutionListener - Before test class: context [DefaultTestContext@6c22b6f2 testClass = UserControllerTest, testInstance = [null], testMethod = [null], testException = [null], mergedContextConfiguration = [WebMergedContextConfiguration@34ad9c2b testClass = UserControllerTest, locations = '{}', classes = '{class ch.uzh.ifi.seal.soprafs20.Application}', contextInitializerClasses = '[]', activeProfiles = '{}', propertySourceLocations = '{}', propertySourceProperties = '{org.springframework.boot.test.autoconfigure.web.servlet.WebMvcTestContextBootstrapper=true}', contextCustomizers = set[org.springframework.boot.test.autoconfigure.OverrideAutoConfigurationContextCustomizerFactory$DisableAutoConfigurationContextCustomizer@709e5537, org.springframework.boot.test.autoconfigure.filter.TypeExcludeFiltersContextCustomizer@bd4f1d1c, org.springframework.boot.test.autoconfigure.properties.PropertyMappingContextCustomizer@39505713, org.springframework.boot.test.autoconfigure.web.servlet.WebDriverContextCustomizerFactory$Customizer@18265d26, [ImportsContextCustomizer@5197739 key = [org.springframework.boot.autoconfigure.cache.CacheAutoConfiguration, org.springframework.boot.autoconfigure.context.MessageSourceAutoConfiguration, org.springframework.boot.autoconfigure.data.web.SpringDataWebAutoConfiguration, org.springframework.boot.autoconfigure.freemarker.FreeMarkerAutoConfiguration, org.springframework.boot.autoconfigure.groovy.template.GroovyTemplateAutoConfiguration, org.springframework.boot.autoconfigure.gson.GsonAutoConfiguration, org.springframework.boot.autoconfigure.hateoas.HypermediaAutoConfiguration, org.springframework.boot.autoconfigure.http.HttpMessageConvertersAutoConfiguration, org.springframework.boot.autoconfigure.jackson.JacksonAutoConfiguration, org.springframework.boot.autoconfigure.jsonb.JsonbAutoConfiguration, org.springframework.boot.autoconfigure.mustache.MustacheAutoConfiguration, org.springframework.boot.autoconfigure.task.TaskExecutionAutoConfiguration, org.springframework.boot.autoconfigure.thymeleaf.ThymeleafAutoConfiguration, org.springframework.boot.autoconfigure.validation.ValidationAutoConfiguration, org.springframework.boot.autoconfigure.web.servlet.error.ErrorMvcAutoConfiguration, org.springframework.boot.autoconfigure.web.servlet.WebMvcAutoConfiguration, org.springframework.boot.test.autoconfigure.web.servlet.MockMvcAutoConfiguration, org.springframework.boot.test.autoconfigure.web.servlet.MockMvcWebClientAutoConfiguration, org.springframework.boot.test.autoconfigure.web.servlet.MockMvcWebDriverAutoConfiguration, org.springframework.boot.autoconfigure.security.servlet.SecurityAutoConfiguration, org.springframework.boot.autoconfigure.security.servlet.UserDetailsServiceAutoConfiguration, org.springframework.boot.test.autoconfigure.web.servlet.MockMvcSecurityConfiguration]], org.springframework.boot.test.context.filter.ExcludeFilterContextCustomizer@2388fa1e, org.springframework.boot.test.json.DuplicateJsonObjectContextCustomizerFactory$DuplicateJsonObjectContextCustomizer@6f674ad3, org.springframework.boot.test.mock.mockito.MockitoContextCustomizer@2526a804], resourceBasePath = 'src/main/webapp', contextLoader = 'org.springframework.boot.test.context.SpringBootContextLoader', parent = [null]], attributes = map[[empty]]], class annotated with @DirtiesContext [false] with mode [null].
13:25:27.337 [Test worker] DEBUG org.springframework.test.context.support.TestPropertySourceUtils - Adding inlined properties to environment: {spring.jmx.enabled=false, org.springframework.boot.test.autoconfigure.web.servlet.WebMvcTestContextBootstrapper=true, server.port=-1}

  .   ____          _            __ _ _
 /\\ / ___'_ __ _ _(_)_ __  __ _ \ \ \ \
( ( )\___ | '_ | '_| | '_ \/ _` | \ \ \ \
 \\/  ___)| |_)| | | | | || (_| |  ) ) ) )
  '  |____| .__|_| |_|_| |_\__, | / / / /
 =========|_|==============|___/=/_/_/_/
 :: Spring Boot ::        (v2.2.4.RELEASE)

2020-03-09 13:25:27.947  INFO 24142 --- [    Test worker] c.u.i.s.s.controller.UserControllerTest  : Starting UserControllerTest on dhcp-wlan-uzh-10-12-8-235.uzh.ch with PID 24142 (started by luisknufinke in /Users/luisknufinke/Documents/UZH/04 - FS20/Softwarepraktikum/Milestone 1 Individual/sopra-fs20-server)
2020-03-09 13:25:27.951  INFO 24142 --- [    Test worker] c.u.i.s.s.controller.UserControllerTest  : No active profile set, falling back to default profiles: default
2020-03-09 13:25:30.742  INFO 24142 --- [    Test worker] o.s.s.concurrent.ThreadPoolTaskExecutor  : Initializing ExecutorService 'applicationTaskExecutor'
2020-03-09 13:25:31.128  INFO 24142 --- [    Test worker] o.s.b.t.m.w.SpringBootMockServletContext : Initializing Spring TestDispatcherServlet ''
2020-03-09 13:25:31.128  INFO 24142 --- [    Test worker] o.s.t.web.servlet.TestDispatcherServlet  : Initializing Servlet ''
2020-03-09 13:25:31.150  INFO 24142 --- [    Test worker] o.s.t.web.servlet.TestDispatcherServlet  : Completed initialization in 22 ms
2020-03-09 13:25:31.207  INFO 24142 --- [    Test worker] c.u.i.s.s.controller.UserControllerTest  : Started UserControllerTest in 3.849 seconds (JVM running for 6.222)
2020-03-09 13:25:31.827 ERROR 24142 --- [    Test worker] c.u.i.s.s.e.GlobalExceptionAdvice        : InvalidCredentialsException raised:ch.uzh.ifi.seal.soprafs20.exceptions.InvalidCredentialsException: 
[]
2020-03-09 13:25:31.859 ERROR 24142 --- [    Test worker] c.u.i.s.s.e.GlobalExceptionAdvice        : DuplicatedUserException raised:ch.uzh.ifi.seal.soprafs20.exceptions.DuplicatedUserException: 
2020-03-09 13:25:31.902 ERROR 24142 --- [    Test worker] c.u.i.s.s.e.GlobalExceptionAdvice        : UserNotFoundException raised:ch.uzh.ifi.seal.soprafs20.exceptions.UserNotFoundException: 
2020-03-09 13:25:31.947 ERROR 24142 --- [    Test worker] c.u.i.s.s.e.GlobalExceptionAdvice        : UserNotFoundException raised:ch.uzh.ifi.seal.soprafs20.exceptions.UserNotFoundException: 
]]></system-out>
  <system-err><![CDATA[]]></system-err>
</testsuite>
