<?xml version="1.0" encoding="UTF-8"?>
<testsuite name="ch.uzh.ifi.seal.soprafs20.service.LocationServiceUnitTest" tests="2" skipped="0" failures="0" errors="0" timestamp="2020-05-20T16:02:14" hostname="vpn-10-21-26-017.uzh.ch" time="23.452">
  <properties/>
  <testcase name="testGetLocation()" classname="ch.uzh.ifi.seal.soprafs20.service.LocationServiceUnitTest" time="19.553"/>
  <testcase name="testNullGetLocation()" classname="ch.uzh.ifi.seal.soprafs20.service.LocationServiceUnitTest" time="3.897"/>
  <system-out><![CDATA[2020-05-20 18:02:13.613  INFO 57268 --- [    Test worker] .b.t.c.SpringBootTestContextBootstrapper : Neither @ContextConfiguration nor @ContextHierarchy found for test class [ch.uzh.ifi.seal.soprafs20.service.LocationServiceUnitTest], using SpringBootContextLoader
2020-05-20 18:02:13.615  INFO 57268 --- [    Test worker] o.s.t.c.support.AbstractContextLoader    : Could not detect default resource locations for test class [ch.uzh.ifi.seal.soprafs20.service.LocationServiceUnitTest]: no resource found for suffixes {-context.xml, Context.groovy}.
2020-05-20 18:02:13.615  INFO 57268 --- [    Test worker] t.c.s.AnnotationConfigContextLoaderUtils : Could not detect default configuration classes for test class [ch.uzh.ifi.seal.soprafs20.service.LocationServiceUnitTest]: LocationServiceUnitTest does not declare any static, non-private, non-final, nested classes annotated with @Configuration.
2020-05-20 18:02:13.617  INFO 57268 --- [    Test worker] .b.t.c.SpringBootTestContextBootstrapper : Found @SpringBootConfiguration ch.uzh.ifi.seal.soprafs20.Application for test class ch.uzh.ifi.seal.soprafs20.service.LocationServiceUnitTest
2020-05-20 18:02:13.622  INFO 57268 --- [    Test worker] .b.t.c.SpringBootTestContextBootstrapper : Loaded default TestExecutionListener class names from location [META-INF/spring.factories]: [org.springframework.boot.test.autoconfigure.restdocs.RestDocsTestExecutionListener, org.springframework.boot.test.autoconfigure.web.client.MockRestServiceServerResetTestExecutionListener, org.springframework.boot.test.autoconfigure.web.servlet.MockMvcPrintOnlyOnFailureTestExecutionListener, org.springframework.boot.test.autoconfigure.web.servlet.WebDriverTestExecutionListener, org.springframework.boot.test.mock.mockito.MockitoTestExecutionListener, org.springframework.boot.test.mock.mockito.ResetMocksTestExecutionListener, org.springframework.test.context.web.ServletTestExecutionListener, org.springframework.test.context.support.DirtiesContextBeforeModesTestExecutionListener, org.springframework.test.context.support.DependencyInjectionTestExecutionListener, org.springframework.test.context.support.DirtiesContextTestExecutionListener, org.springframework.test.context.transaction.TransactionalTestExecutionListener, org.springframework.test.context.jdbc.SqlScriptsTestExecutionListener, org.springframework.test.context.event.EventPublishingTestExecutionListener]
2020-05-20 18:02:13.622  INFO 57268 --- [    Test worker] .b.t.c.SpringBootTestContextBootstrapper : Using TestExecutionListeners: [org.springframework.test.context.web.ServletTestExecutionListener@3d00fbba, org.springframework.test.context.support.DirtiesContextBeforeModesTestExecutionListener@6a5e2f7, org.springframework.boot.test.mock.mockito.MockitoTestExecutionListener@6c991352, org.springframework.boot.test.autoconfigure.SpringBootDependencyInjectionTestExecutionListener@68dbc4d, org.springframework.test.context.support.DirtiesContextTestExecutionListener@3c6a4a0d, org.springframework.test.context.transaction.TransactionalTestExecutionListener@15f1a52d, org.springframework.test.context.jdbc.SqlScriptsTestExecutionListener@31d62742, org.springframework.test.context.event.EventPublishingTestExecutionListener@5ad29ae1, org.springframework.boot.test.autoconfigure.restdocs.RestDocsTestExecutionListener@34868994, org.springframework.boot.test.autoconfigure.web.client.MockRestServiceServerResetTestExecutionListener@2cc69ae4, org.springframework.boot.test.autoconfigure.web.servlet.MockMvcPrintOnlyOnFailureTestExecutionListener@2caa5409, org.springframework.boot.test.autoconfigure.web.servlet.WebDriverTestExecutionListener@6261c6ef, org.springframework.boot.test.mock.mockito.ResetMocksTestExecutionListener@62ab391e]
2020-05-20 18:02:14.664  INFO 57268 --- [    Test worker] org.mongodb.driver.cluster               : Cluster created with settings {hosts=[127.0.0.1:27017], srvHost=knowyourcity-ijzn3.gcp.mongodb.net, mode=MULTIPLE, requiredClusterType=REPLICA_SET, serverSelectionTimeout='30000 ms', maxWaitQueueSize=500, requiredReplicaSetName='KnowYourCity-shard-0'}
2020-05-20 18:02:14.669  INFO 57268 --- [    Test worker] f.a.AutowiredAnnotationBeanPostProcessor : Autowired annotation is not supported on static fields: static com.mongodb.client.MongoClient ch.uzh.ifi.seal.soprafs20.service.LocationServiceUnitTest.mongoClient
2020-05-20 18:02:14.670  INFO 57268 --- [    Test worker] f.a.AutowiredAnnotationBeanPostProcessor : Autowired annotation is not supported on static fields: static com.mongodb.client.MongoDatabase ch.uzh.ifi.seal.soprafs20.service.LocationServiceUnitTest.locationStorage
2020-05-20 18:02:14.670  INFO 57268 --- [    Test worker] f.a.AutowiredAnnotationBeanPostProcessor : Autowired annotation is not supported on static fields: static com.mongodb.client.MongoCollection ch.uzh.ifi.seal.soprafs20.service.LocationServiceUnitTest.fountainsCollection
2020-05-20 18:02:14.670  INFO 57268 --- [    Test worker] f.a.AutowiredAnnotationBeanPostProcessor : Autowired annotation is not supported on static fields: static com.mongodb.client.MongoCollection ch.uzh.ifi.seal.soprafs20.service.LocationServiceUnitTest.fireplacesCollection
2020-05-20 18:02:14.670  INFO 57268 --- [    Test worker] f.a.AutowiredAnnotationBeanPostProcessor : Autowired annotation is not supported on static fields: static com.mongodb.client.MongoCollection ch.uzh.ifi.seal.soprafs20.service.LocationServiceUnitTest.recyclingCollection
2020-05-20 18:02:14.671  INFO 57268 --- [    Test worker] f.a.AutowiredAnnotationBeanPostProcessor : Autowired annotation is not supported on static fields: static com.mongodb.client.MongoCollection ch.uzh.ifi.seal.soprafs20.service.LocationServiceUnitTest.userFountainsCollection
2020-05-20 18:02:14.671  INFO 57268 --- [gcp.mongodb.net] org.mongodb.driver.cluster               : Adding discovered server knowyourcity-shard-00-02-ijzn3.gcp.mongodb.net:27017 to client view of cluster
2020-05-20 18:02:14.671  INFO 57268 --- [    Test worker] f.a.AutowiredAnnotationBeanPostProcessor : Autowired annotation is not supported on static fields: static com.mongodb.client.MongoCollection ch.uzh.ifi.seal.soprafs20.service.LocationServiceUnitTest.userFireplacesCollection
2020-05-20 18:02:14.672  INFO 57268 --- [    Test worker] f.a.AutowiredAnnotationBeanPostProcessor : Autowired annotation is not supported on static fields: static com.mongodb.client.MongoCollection ch.uzh.ifi.seal.soprafs20.service.LocationServiceUnitTest.userRecyclingCollection
2020-05-20 18:02:14.673  INFO 57268 --- [    Test worker] f.a.AutowiredAnnotationBeanPostProcessor : Autowired annotation is not supported on static fields: static com.mongodb.client.MongoDatabase ch.uzh.ifi.seal.soprafs20.service.LocationServiceUnitTest.usersDevelopment
2020-05-20 18:02:14.673  INFO 57268 --- [    Test worker] f.a.AutowiredAnnotationBeanPostProcessor : Autowired annotation is not supported on static fields: static com.mongodb.client.MongoCollection ch.uzh.ifi.seal.soprafs20.service.LocationServiceUnitTest.usersCollection
2020-05-20 18:02:14.672  INFO 57268 --- [gcp.mongodb.net] org.mongodb.driver.cluster               : Adding discovered server knowyourcity-shard-00-01-ijzn3.gcp.mongodb.net:27017 to client view of cluster
2020-05-20 18:02:14.675  INFO 57268 --- [gcp.mongodb.net] org.mongodb.driver.cluster               : Adding discovered server knowyourcity-shard-00-00-ijzn3.gcp.mongodb.net:27017 to client view of cluster
2020-05-20 18:02:14.757  INFO 57268 --- [ngodb.net:27017] org.mongodb.driver.connection            : Opened connection [connectionId{localValue:40, serverValue:440461}] to knowyourcity-shard-00-02-ijzn3.gcp.mongodb.net:27017
2020-05-20 18:02:14.760  INFO 57268 --- [ngodb.net:27017] org.mongodb.driver.connection            : Opened connection [connectionId{localValue:41, serverValue:532972}] to knowyourcity-shard-00-01-ijzn3.gcp.mongodb.net:27017
2020-05-20 18:02:14.767  INFO 57268 --- [ngodb.net:27017] org.mongodb.driver.connection            : Opened connection [connectionId{localValue:42, serverValue:446798}] to knowyourcity-shard-00-00-ijzn3.gcp.mongodb.net:27017
2020-05-20 18:02:14.781  INFO 57268 --- [ngodb.net:27017] org.mongodb.driver.cluster               : Monitor thread successfully connected to server with description ServerDescription{address=knowyourcity-shard-00-01-ijzn3.gcp.mongodb.net:27017, type=REPLICA_SET_PRIMARY, state=CONNECTED, ok=true, version=ServerVersion{versionList=[4, 2, 6]}, minWireVersion=0, maxWireVersion=8, maxDocumentSize=16777216, logicalSessionTimeoutMinutes=30, roundTripTimeNanos=19578806, setName='KnowYourCity-shard-0', canonicalAddress=knowyourcity-shard-00-01-ijzn3.gcp.mongodb.net:27017, hosts=[knowyourcity-shard-00-00-ijzn3.gcp.mongodb.net:27017, knowyourcity-shard-00-02-ijzn3.gcp.mongodb.net:27017, knowyourcity-shard-00-01-ijzn3.gcp.mongodb.net:27017], passives=[], arbiters=[], primary='knowyourcity-shard-00-01-ijzn3.gcp.mongodb.net:27017', tagSet=TagSet{[Tag{name='nodeType', value='ELECTABLE'}, Tag{name='provider', value='GCP'}, Tag{name='region', value='WESTERN_EUROPE'}]}, electionId=7fffffff0000000000000007, setVersion=3, lastWriteDate=Wed May 20 18:02:15 CEST 2020, lastUpdateTimeNanos=533556026994027}
2020-05-20 18:02:14.781  INFO 57268 --- [ngodb.net:27017] org.mongodb.driver.cluster               : Monitor thread successfully connected to server with description ServerDescription{address=knowyourcity-shard-00-02-ijzn3.gcp.mongodb.net:27017, type=REPLICA_SET_SECONDARY, state=CONNECTED, ok=true, version=ServerVersion{versionList=[4, 2, 6]}, minWireVersion=0, maxWireVersion=8, maxDocumentSize=16777216, logicalSessionTimeoutMinutes=30, roundTripTimeNanos=23318176, setName='KnowYourCity-shard-0', canonicalAddress=knowyourcity-shard-00-02-ijzn3.gcp.mongodb.net:27017, hosts=[knowyourcity-shard-00-00-ijzn3.gcp.mongodb.net:27017, knowyourcity-shard-00-02-ijzn3.gcp.mongodb.net:27017, knowyourcity-shard-00-01-ijzn3.gcp.mongodb.net:27017], passives=[], arbiters=[], primary='knowyourcity-shard-00-01-ijzn3.gcp.mongodb.net:27017', tagSet=TagSet{[Tag{name='nodeType', value='ELECTABLE'}, Tag{name='provider', value='GCP'}, Tag{name='region', value='WESTERN_EUROPE'}]}, electionId=null, setVersion=3, lastWriteDate=Wed May 20 18:02:15 CEST 2020, lastUpdateTimeNanos=533556027945165}
2020-05-20 18:02:14.784  INFO 57268 --- [ngodb.net:27017] org.mongodb.driver.cluster               : Setting max election id to 7fffffff0000000000000007 from replica set primary knowyourcity-shard-00-01-ijzn3.gcp.mongodb.net:27017
2020-05-20 18:02:14.785  INFO 57268 --- [ngodb.net:27017] org.mongodb.driver.cluster               : Setting max set version to 3 from replica set primary knowyourcity-shard-00-01-ijzn3.gcp.mongodb.net:27017
2020-05-20 18:02:14.785  INFO 57268 --- [ngodb.net:27017] org.mongodb.driver.cluster               : Discovered replica set primary knowyourcity-shard-00-01-ijzn3.gcp.mongodb.net:27017
2020-05-20 18:02:14.788  INFO 57268 --- [ngodb.net:27017] org.mongodb.driver.cluster               : Monitor thread successfully connected to server with description ServerDescription{address=knowyourcity-shard-00-00-ijzn3.gcp.mongodb.net:27017, type=REPLICA_SET_SECONDARY, state=CONNECTED, ok=true, version=ServerVersion{versionList=[4, 2, 6]}, minWireVersion=0, maxWireVersion=8, maxDocumentSize=16777216, logicalSessionTimeoutMinutes=30, roundTripTimeNanos=20337681, setName='KnowYourCity-shard-0', canonicalAddress=knowyourcity-shard-00-00-ijzn3.gcp.mongodb.net:27017, hosts=[knowyourcity-shard-00-00-ijzn3.gcp.mongodb.net:27017, knowyourcity-shard-00-02-ijzn3.gcp.mongodb.net:27017, knowyourcity-shard-00-01-ijzn3.gcp.mongodb.net:27017], passives=[], arbiters=[], primary='knowyourcity-shard-00-01-ijzn3.gcp.mongodb.net:27017', tagSet=TagSet{[Tag{name='nodeType', value='ELECTABLE'}, Tag{name='provider', value='GCP'}, Tag{name='region', value='WESTERN_EUROPE'}]}, electionId=null, setVersion=3, lastWriteDate=Wed May 20 18:02:15 CEST 2020, lastUpdateTimeNanos=533556034653835}
2020-05-20 18:02:34.198  INFO 57268 --- [    Test worker] org.mongodb.driver.connection            : Opened connection [connectionId{localValue:43, serverValue:495065}] to knowyourcity-shard-00-01-ijzn3.gcp.mongodb.net:27017
]]></system-out>
  <system-err><![CDATA[]]></system-err>
</testsuite>
