<?xml version="1.0" encoding="UTF-8"?>
<testsuite name="ch.uzh.ifi.seal.soprafs20.service.UserServiceUnitTest" tests="1" skipped="0" failures="0" errors="0" timestamp="2020-05-24T11:44:59" hostname="Luis-MacBook-Pro.local" time="0.028">
  <properties/>
  <testcase name="testNullUpdateUser()" classname="ch.uzh.ifi.seal.soprafs20.service.UserServiceUnitTest" time="0.028"/>
  <system-out><![CDATA[2020-05-24 13:44:59.087  INFO 65584 --- [    Test worker] .b.t.c.SpringBootTestContextBootstrapper : Neither @ContextConfiguration nor @ContextHierarchy found for test class [ch.uzh.ifi.seal.soprafs20.service.UserServiceUnitTest], using SpringBootContextLoader
2020-05-24 13:44:59.088  INFO 65584 --- [    Test worker] o.s.t.c.support.AbstractContextLoader    : Could not detect default resource locations for test class [ch.uzh.ifi.seal.soprafs20.service.UserServiceUnitTest]: no resource found for suffixes {-context.xml, Context.groovy}.
2020-05-24 13:44:59.089  INFO 65584 --- [    Test worker] t.c.s.AnnotationConfigContextLoaderUtils : Could not detect default configuration classes for test class [ch.uzh.ifi.seal.soprafs20.service.UserServiceUnitTest]: UserServiceUnitTest does not declare any static, non-private, non-final, nested classes annotated with @Configuration.
2020-05-24 13:44:59.091  INFO 65584 --- [    Test worker] .b.t.c.SpringBootTestContextBootstrapper : Found @SpringBootConfiguration ch.uzh.ifi.seal.soprafs20.Application for test class ch.uzh.ifi.seal.soprafs20.service.UserServiceUnitTest
2020-05-24 13:44:59.096  INFO 65584 --- [    Test worker] .b.t.c.SpringBootTestContextBootstrapper : Loaded default TestExecutionListener class names from location [META-INF/spring.factories]: [org.springframework.boot.test.autoconfigure.restdocs.RestDocsTestExecutionListener, org.springframework.boot.test.autoconfigure.web.client.MockRestServiceServerResetTestExecutionListener, org.springframework.boot.test.autoconfigure.web.servlet.MockMvcPrintOnlyOnFailureTestExecutionListener, org.springframework.boot.test.autoconfigure.web.servlet.WebDriverTestExecutionListener, org.springframework.boot.test.mock.mockito.MockitoTestExecutionListener, org.springframework.boot.test.mock.mockito.ResetMocksTestExecutionListener, org.springframework.test.context.web.ServletTestExecutionListener, org.springframework.test.context.support.DirtiesContextBeforeModesTestExecutionListener, org.springframework.test.context.support.DependencyInjectionTestExecutionListener, org.springframework.test.context.support.DirtiesContextTestExecutionListener, org.springframework.test.context.transaction.TransactionalTestExecutionListener, org.springframework.test.context.jdbc.SqlScriptsTestExecutionListener, org.springframework.test.context.event.EventPublishingTestExecutionListener]
2020-05-24 13:44:59.096  INFO 65584 --- [    Test worker] .b.t.c.SpringBootTestContextBootstrapper : Using TestExecutionListeners: [org.springframework.test.context.web.ServletTestExecutionListener@4d913058, org.springframework.test.context.support.DirtiesContextBeforeModesTestExecutionListener@7ad208ef, org.springframework.boot.test.mock.mockito.MockitoTestExecutionListener@2c0118d7, org.springframework.boot.test.autoconfigure.SpringBootDependencyInjectionTestExecutionListener@450d12c6, org.springframework.test.context.support.DirtiesContextTestExecutionListener@1dae9cf, org.springframework.test.context.transaction.TransactionalTestExecutionListener@6b250c6b, org.springframework.test.context.jdbc.SqlScriptsTestExecutionListener@4f466678, org.springframework.test.context.event.EventPublishingTestExecutionListener@6270c674, org.springframework.boot.test.autoconfigure.restdocs.RestDocsTestExecutionListener@3432cf64, org.springframework.boot.test.autoconfigure.web.client.MockRestServiceServerResetTestExecutionListener@7737cbdd, org.springframework.boot.test.autoconfigure.web.servlet.MockMvcPrintOnlyOnFailureTestExecutionListener@bbe06e5, org.springframework.boot.test.autoconfigure.web.servlet.WebDriverTestExecutionListener@6f192280, org.springframework.boot.test.mock.mockito.ResetMocksTestExecutionListener@4d7299e8]
]]></system-out>
  <system-err><![CDATA[]]></system-err>
</testsuite>
