<?xml version="1.0" encoding="UTF-8"?>
<testsuite name="ch.uzh.ifi.seal.soprafs20.rest.mapper.DTOMapperTest" tests="2" skipped="0" failures="0" errors="0" timestamp="2020-05-02T09:39:18" hostname="Luis-MacBook-Pro.local" time="0.003">
  <properties/>
  <testcase name="testCreateUser_fromUserPostDTO_toUser_success()" classname="ch.uzh.ifi.seal.soprafs20.rest.mapper.DTOMapperTest" time="0.001"/>
  <testcase name="testGetUser_fromUser_toUserGetDTO_success()" classname="ch.uzh.ifi.seal.soprafs20.rest.mapper.DTOMapperTest" time="0.001"/>
  <system-out><![CDATA[]]></system-out>
  <system-err><![CDATA[]]></system-err>
</testsuite>
