<?xml version="1.0" encoding="UTF-8"?>
<testsuite name="ch.uzh.ifi.seal.soprafs20.controller.LocationControllerTest" tests="18" skipped="0" failures="0" errors="0" timestamp="2020-05-20T16:00:16" hostname="vpn-10-21-26-017.uzh.ch" time="0.555">
  <properties/>
  <testcase name="getLocation_invalidInput()" classname="ch.uzh.ifi.seal.soprafs20.controller.LocationControllerTest" time="0.018"/>
  <testcase name="updateFavoritesOfUser_invalidInput()" classname="ch.uzh.ifi.seal.soprafs20.controller.LocationControllerTest" time="0.016"/>
  <testcase name="deleteMessageFromLocation_validInput()" classname="ch.uzh.ifi.seal.soprafs20.controller.LocationControllerTest" time="0.012"/>
  <testcase name="updateRating_validInput()" classname="ch.uzh.ifi.seal.soprafs20.controller.LocationControllerTest" time="0.02"/>
  <testcase name="getFavoritesOfUser_validInput()" classname="ch.uzh.ifi.seal.soprafs20.controller.LocationControllerTest" time="0.121"/>
  <testcase name="getChatOfLocation_validInput()" classname="ch.uzh.ifi.seal.soprafs20.controller.LocationControllerTest" time="0.019"/>
  <testcase name="createLocation_validInput()" classname="ch.uzh.ifi.seal.soprafs20.controller.LocationControllerTest" time="0.042"/>
  <testcase name="deleteFavoritesOfUser_validInput()" classname="ch.uzh.ifi.seal.soprafs20.controller.LocationControllerTest" time="0.012"/>
  <testcase name="checkIncludedRating_validInput()" classname="ch.uzh.ifi.seal.soprafs20.controller.LocationControllerTest" time="0.01"/>
  <testcase name="getAverageRating_validInput()" classname="ch.uzh.ifi.seal.soprafs20.controller.LocationControllerTest" time="0.026"/>
  <testcase name="getChatOfLocation_invalidInput()" classname="ch.uzh.ifi.seal.soprafs20.controller.LocationControllerTest" time="0.018"/>
  <testcase name="createLocation_locationAlreadyExists()" classname="ch.uzh.ifi.seal.soprafs20.controller.LocationControllerTest" time="0.035"/>
  <testcase name="postMessageToLocation_validInput()" classname="ch.uzh.ifi.seal.soprafs20.controller.LocationControllerTest" time="0.013"/>
  <testcase name="updateFavoritesOfUser_validInput()" classname="ch.uzh.ifi.seal.soprafs20.controller.LocationControllerTest" time="0.019"/>
  <testcase name="postMessageToLocation_invalidInput()" classname="ch.uzh.ifi.seal.soprafs20.controller.LocationControllerTest" time="0.015"/>
  <testcase name="getLocation_validInput()" classname="ch.uzh.ifi.seal.soprafs20.controller.LocationControllerTest" time="0.013"/>
  <testcase name="getFavoritesOfUser_invalidInput()" classname="ch.uzh.ifi.seal.soprafs20.controller.LocationControllerTest" time="0.015"/>
  <testcase name="getLocations_validInput()" classname="ch.uzh.ifi.seal.soprafs20.controller.LocationControllerTest" time="0.036"/>
  <system-out><![CDATA[2020-05-20 18:00:15.630  INFO 57268 --- [    Test worker] .b.t.a.w.s.WebMvcTestContextBootstrapper : Neither @ContextConfiguration nor @ContextHierarchy found for test class [ch.uzh.ifi.seal.soprafs20.controller.LocationControllerTest], using SpringBootContextLoader
2020-05-20 18:00:15.637  INFO 57268 --- [    Test worker] o.s.t.c.support.AbstractContextLoader    : Could not detect default resource locations for test class [ch.uzh.ifi.seal.soprafs20.controller.LocationControllerTest]: no resource found for suffixes {-context.xml, Context.groovy}.
2020-05-20 18:00:15.639  INFO 57268 --- [    Test worker] t.c.s.AnnotationConfigContextLoaderUtils : Could not detect default configuration classes for test class [ch.uzh.ifi.seal.soprafs20.controller.LocationControllerTest]: LocationControllerTest does not declare any static, non-private, non-final, nested classes annotated with @Configuration.
2020-05-20 18:00:15.644  INFO 57268 --- [    Test worker] .b.t.c.SpringBootTestContextBootstrapper : Found @SpringBootConfiguration ch.uzh.ifi.seal.soprafs20.Application for test class ch.uzh.ifi.seal.soprafs20.controller.LocationControllerTest
2020-05-20 18:00:15.647  INFO 57268 --- [    Test worker] .b.t.a.w.s.WebMvcTestContextBootstrapper : Loaded default TestExecutionListener class names from location [META-INF/spring.factories]: [org.springframework.boot.test.autoconfigure.restdocs.RestDocsTestExecutionListener, org.springframework.boot.test.autoconfigure.web.client.MockRestServiceServerResetTestExecutionListener, org.springframework.boot.test.autoconfigure.web.servlet.MockMvcPrintOnlyOnFailureTestExecutionListener, org.springframework.boot.test.autoconfigure.web.servlet.WebDriverTestExecutionListener, org.springframework.boot.test.mock.mockito.MockitoTestExecutionListener, org.springframework.boot.test.mock.mockito.ResetMocksTestExecutionListener, org.springframework.test.context.web.ServletTestExecutionListener, org.springframework.test.context.support.DirtiesContextBeforeModesTestExecutionListener, org.springframework.test.context.support.DependencyInjectionTestExecutionListener, org.springframework.test.context.support.DirtiesContextTestExecutionListener, org.springframework.test.context.transaction.TransactionalTestExecutionListener, org.springframework.test.context.jdbc.SqlScriptsTestExecutionListener, org.springframework.test.context.event.EventPublishingTestExecutionListener]
2020-05-20 18:00:15.649  INFO 57268 --- [    Test worker] .b.t.a.w.s.WebMvcTestContextBootstrapper : Using TestExecutionListeners: [org.springframework.test.context.web.ServletTestExecutionListener@3249a16d, org.springframework.test.context.support.DirtiesContextBeforeModesTestExecutionListener@461b2dbb, org.springframework.boot.test.mock.mockito.MockitoTestExecutionListener@3aa2a284, org.springframework.boot.test.autoconfigure.SpringBootDependencyInjectionTestExecutionListener@1b2fc318, org.springframework.test.context.support.DirtiesContextTestExecutionListener@64924bd9, org.springframework.test.context.transaction.TransactionalTestExecutionListener@7bfbd405, org.springframework.test.context.jdbc.SqlScriptsTestExecutionListener@54e2ff7c, org.springframework.test.context.event.EventPublishingTestExecutionListener@31b0c1fb, org.springframework.boot.test.autoconfigure.restdocs.RestDocsTestExecutionListener@470a8897, org.springframework.boot.test.autoconfigure.web.client.MockRestServiceServerResetTestExecutionListener@6274278f, org.springframework.boot.test.autoconfigure.web.servlet.MockMvcPrintOnlyOnFailureTestExecutionListener@212e2da2, org.springframework.boot.test.autoconfigure.web.servlet.WebDriverTestExecutionListener@16268f65, org.springframework.boot.test.mock.mockito.ResetMocksTestExecutionListener@57be306]

  .   ____          _            __ _ _
 /\\ / ___'_ __ _ _(_)_ __  __ _ \ \ \ \
( ( )\___ | '_ | '_| | '_ \/ _` | \ \ \ \
 \\/  ___)| |_)| | | | | || (_| |  ) ) ) )
  '  |____| .__|_| |_|_| |_\__, | / / / /
 =========|_|==============|___/=/_/_/_/
 :: Spring Boot ::        (v2.2.4.RELEASE)

2020-05-20 18:00:15.710  WARN 57268 --- [    Test worker] ory$DuplicateJsonObjectContextCustomizer : 

Found multiple occurrences of org.json.JSONObject on the class path:

	jar:file:/Users/luisknufinke/.gradle/caches/modules-2/files-2.1/org.json/json/20180813/8566b2b0391d9d4479ea225645c6ed47ef17fe41/json-20180813.jar!/org/json/JSONObject.class
	jar:file:/Users/luisknufinke/.gradle/caches/modules-2/files-2.1/com.vaadin.external.google/android-json/0.0.20131108.vaadin1/fa26d351fe62a6a17f5cda1287c1c6110dec413f/android-json-0.0.20131108.vaadin1.jar!/org/json/JSONObject.class

You may wish to exclude one of them to ensure predictable runtime behavior

2020-05-20 18:00:15.720  INFO 57268 --- [    Test worker] c.u.i.s.s.c.LocationControllerTest       : Starting LocationControllerTest on vpn-10-21-26-017.uzh.ch with PID 57268 (started by luisknufinke in /Users/luisknufinke/Documents/UZH/04 - FS20/Softwarepraktikum/Know your City/SOPRA_FS20_Group19_Server)
2020-05-20 18:00:15.725  INFO 57268 --- [    Test worker] c.u.i.s.s.c.LocationControllerTest       : No active profile set, falling back to default profiles: default
2020-05-20 18:00:16.343  INFO 57268 --- [    Test worker] o.s.s.concurrent.ThreadPoolTaskExecutor  : Initializing ExecutorService 'applicationTaskExecutor'
2020-05-20 18:00:16.516  INFO 57268 --- [    Test worker] o.s.b.t.m.w.SpringBootMockServletContext : Initializing Spring TestDispatcherServlet ''
2020-05-20 18:00:16.518  INFO 57268 --- [    Test worker] o.s.t.web.servlet.TestDispatcherServlet  : Initializing Servlet ''
2020-05-20 18:00:16.528  INFO 57268 --- [    Test worker] o.s.t.web.servlet.TestDispatcherServlet  : Completed initialization in 9 ms
2020-05-20 18:00:16.548  INFO 57268 --- [    Test worker] c.u.i.s.s.c.LocationControllerTest       : Started LocationControllerTest in 0.894 seconds (JVM running for 11.018)
2020-05-20 18:00:16.571 ERROR 57268 --- [    Test worker] c.u.i.s.s.e.GlobalExceptionAdvice        : LocationNotFoundException raised:ch.uzh.ifi.seal.soprafs20.exceptions.LocationNotFoundException: This location could not be found.
2020-05-20 18:00:16.591 ERROR 57268 --- [    Test worker] c.u.i.s.s.e.GlobalExceptionAdvice        : UserNotFoundException raised:ch.uzh.ifi.seal.soprafs20.exceptions.UserNotFoundException: This user could not be found.
2020-05-20 18:00:16.925 ERROR 57268 --- [    Test worker] c.u.i.s.s.e.GlobalExceptionAdvice        : LocationNotFoundException raised:ch.uzh.ifi.seal.soprafs20.exceptions.LocationNotFoundException: This location could not be found.
2020-05-20 18:00:16.964 ERROR 57268 --- [    Test worker] c.u.i.s.s.e.GlobalExceptionAdvice        : DuplicatedLocationException raised:ch.uzh.ifi.seal.soprafs20.exceptions.DuplicatedLocationException: This location already exists.
2020-05-20 18:00:17.021 ERROR 57268 --- [    Test worker] c.u.i.s.s.e.GlobalExceptionAdvice        : LocationNotFoundException raised:ch.uzh.ifi.seal.soprafs20.exceptions.LocationNotFoundException: This location could not be found.
2020-05-20 18:00:17.066 ERROR 57268 --- [    Test worker] c.u.i.s.s.e.GlobalExceptionAdvice        : UserNotFoundException raised:ch.uzh.ifi.seal.soprafs20.exceptions.UserNotFoundException: This user could not be found.
]]></system-out>
  <system-err><![CDATA[]]></system-err>
</testsuite>
