<?xml version="1.0" encoding="UTF-8"?>
<testsuite name="ch.uzh.ifi.seal.soprafs20.service.UserServiceIntegrationTest" tests="8" skipped="0" failures="0" errors="0" timestamp="2020-05-11T14:04:53" hostname="Luis-MacBook-Pro.local" time="2.379">
  <properties/>
  <testcase name="addFriend_success()" classname="ch.uzh.ifi.seal.soprafs20.service.UserServiceIntegrationTest" time="0.724"/>
  <testcase name="createUser_validInputs_success()" classname="ch.uzh.ifi.seal.soprafs20.service.UserServiceIntegrationTest" time="0.155"/>
  <testcase name="createUser_duplicateUsername_throwsException()" classname="ch.uzh.ifi.seal.soprafs20.service.UserServiceIntegrationTest" time="0.185"/>
  <testcase name="checkForLogin_validInputs_success()" classname="ch.uzh.ifi.seal.soprafs20.service.UserServiceIntegrationTest" time="0.238"/>
  <testcase name="checkForLogin_duplicateUsername_throwsException()" classname="ch.uzh.ifi.seal.soprafs20.service.UserServiceIntegrationTest" time="0.22"/>
  <testcase name="checkForLogin_wrongPassword_throwsException()" classname="ch.uzh.ifi.seal.soprafs20.service.UserServiceIntegrationTest" time="0.216"/>
  <testcase name="checkForLogout_success()" classname="ch.uzh.ifi.seal.soprafs20.service.UserServiceIntegrationTest" time="0.3"/>
  <testcase name="changeCredentials_validInputs_success()" classname="ch.uzh.ifi.seal.soprafs20.service.UserServiceIntegrationTest" time="0.325"/>
  <system-out><![CDATA[2020-05-11 16:04:53.427  INFO 37055 --- [    Test worker] .b.t.c.SpringBootTestContextBootstrapper : Neither @ContextConfiguration nor @ContextHierarchy found for test class [ch.uzh.ifi.seal.soprafs20.service.UserServiceIntegrationTest], using SpringBootContextLoader
2020-05-11 16:04:53.443  INFO 37055 --- [    Test worker] o.s.t.c.support.AbstractContextLoader    : Could not detect default resource locations for test class [ch.uzh.ifi.seal.soprafs20.service.UserServiceIntegrationTest]: no resource found for suffixes {-context.xml, Context.groovy}.
2020-05-11 16:04:53.443  INFO 37055 --- [    Test worker] t.c.s.AnnotationConfigContextLoaderUtils : Could not detect default configuration classes for test class [ch.uzh.ifi.seal.soprafs20.service.UserServiceIntegrationTest]: UserServiceIntegrationTest does not declare any static, non-private, non-final, nested classes annotated with @Configuration.
2020-05-11 16:04:53.448  INFO 37055 --- [    Test worker] .b.t.c.SpringBootTestContextBootstrapper : Found @SpringBootConfiguration ch.uzh.ifi.seal.soprafs20.Application for test class ch.uzh.ifi.seal.soprafs20.service.UserServiceIntegrationTest
2020-05-11 16:04:53.451  INFO 37055 --- [    Test worker] .b.t.c.SpringBootTestContextBootstrapper : Loaded default TestExecutionListener class names from location [META-INF/spring.factories]: [org.springframework.boot.test.autoconfigure.restdocs.RestDocsTestExecutionListener, org.springframework.boot.test.autoconfigure.web.client.MockRestServiceServerResetTestExecutionListener, org.springframework.boot.test.autoconfigure.web.servlet.MockMvcPrintOnlyOnFailureTestExecutionListener, org.springframework.boot.test.autoconfigure.web.servlet.WebDriverTestExecutionListener, org.springframework.boot.test.mock.mockito.MockitoTestExecutionListener, org.springframework.boot.test.mock.mockito.ResetMocksTestExecutionListener, org.springframework.test.context.web.ServletTestExecutionListener, org.springframework.test.context.support.DirtiesContextBeforeModesTestExecutionListener, org.springframework.test.context.support.DependencyInjectionTestExecutionListener, org.springframework.test.context.support.DirtiesContextTestExecutionListener, org.springframework.test.context.transaction.TransactionalTestExecutionListener, org.springframework.test.context.jdbc.SqlScriptsTestExecutionListener, org.springframework.test.context.event.EventPublishingTestExecutionListener]
2020-05-11 16:04:53.453  INFO 37055 --- [    Test worker] .b.t.c.SpringBootTestContextBootstrapper : Using TestExecutionListeners: [org.springframework.test.context.web.ServletTestExecutionListener@5d20840, org.springframework.test.context.support.DirtiesContextBeforeModesTestExecutionListener@55ab10ed, org.springframework.boot.test.mock.mockito.MockitoTestExecutionListener@697433c9, org.springframework.boot.test.autoconfigure.SpringBootDependencyInjectionTestExecutionListener@6d51f928, org.springframework.test.context.support.DirtiesContextTestExecutionListener@78d46cca, org.springframework.test.context.transaction.TransactionalTestExecutionListener@75753745, org.springframework.test.context.jdbc.SqlScriptsTestExecutionListener@3dd7b859, org.springframework.test.context.event.EventPublishingTestExecutionListener@5fad8e72, org.springframework.boot.test.autoconfigure.restdocs.RestDocsTestExecutionListener@4c40b71, org.springframework.boot.test.autoconfigure.web.client.MockRestServiceServerResetTestExecutionListener@5857cbb3, org.springframework.boot.test.autoconfigure.web.servlet.MockMvcPrintOnlyOnFailureTestExecutionListener@5842b590, org.springframework.boot.test.autoconfigure.web.servlet.WebDriverTestExecutionListener@6baf6ef4, org.springframework.boot.test.mock.mockito.ResetMocksTestExecutionListener@4f946f73]
2020-05-11 16:04:53.490  INFO 37055 --- [    Test worker] org.mongodb.driver.cluster               : Cluster created with settings {hosts=[127.0.0.1:27017], srvHost=knowyourcity-ijzn3.gcp.mongodb.net, mode=MULTIPLE, requiredClusterType=REPLICA_SET, serverSelectionTimeout='30000 ms', maxWaitQueueSize=500, requiredReplicaSetName='KnowYourCity-shard-0'}
2020-05-11 16:04:53.497  INFO 37055 --- [gcp.mongodb.net] org.mongodb.driver.cluster               : Adding discovered server knowyourcity-shard-00-02-ijzn3.gcp.mongodb.net:27017 to client view of cluster
2020-05-11 16:04:53.498  INFO 37055 --- [gcp.mongodb.net] org.mongodb.driver.cluster               : Adding discovered server knowyourcity-shard-00-01-ijzn3.gcp.mongodb.net:27017 to client view of cluster
2020-05-11 16:04:53.499  INFO 37055 --- [gcp.mongodb.net] org.mongodb.driver.cluster               : Adding discovered server knowyourcity-shard-00-00-ijzn3.gcp.mongodb.net:27017 to client view of cluster
2020-05-11 16:04:53.518  INFO 37055 --- [    Test worker] f.a.AutowiredAnnotationBeanPostProcessor : Autowired annotation is not supported on static fields: static com.mongodb.client.MongoClient ch.uzh.ifi.seal.soprafs20.service.UserServiceIntegrationTest.mongoClient
2020-05-11 16:04:53.527  INFO 37055 --- [    Test worker] f.a.AutowiredAnnotationBeanPostProcessor : Autowired annotation is not supported on static fields: static com.mongodb.client.MongoDatabase ch.uzh.ifi.seal.soprafs20.service.UserServiceIntegrationTest.usersDevelopment
2020-05-11 16:04:53.531  INFO 37055 --- [    Test worker] f.a.AutowiredAnnotationBeanPostProcessor : Autowired annotation is not supported on static fields: static com.mongodb.client.MongoCollection ch.uzh.ifi.seal.soprafs20.service.UserServiceIntegrationTest.usersCollection
2020-05-11 16:04:53.537  INFO 37055 --- [    Test worker] org.mongodb.driver.cluster               : No server chosen by com.mongodb.client.internal.MongoClientDelegate$1@64dbe1fb from cluster description ClusterDescription{type=REPLICA_SET, connectionMode=MULTIPLE, serverDescriptions=[ServerDescription{address=knowyourcity-shard-00-02-ijzn3.gcp.mongodb.net:27017, type=UNKNOWN, state=CONNECTING}, ServerDescription{address=knowyourcity-shard-00-01-ijzn3.gcp.mongodb.net:27017, type=UNKNOWN, state=CONNECTING}, ServerDescription{address=knowyourcity-shard-00-00-ijzn3.gcp.mongodb.net:27017, type=UNKNOWN, state=CONNECTING}]}. Waiting for 30000 ms before timing out
2020-05-11 16:04:53.581  INFO 37055 --- [ngodb.net:27017] org.mongodb.driver.connection            : Opened connection [connectionId{localValue:26, serverValue:293602}] to knowyourcity-shard-00-01-ijzn3.gcp.mongodb.net:27017
2020-05-11 16:04:53.588  INFO 37055 --- [ngodb.net:27017] org.mongodb.driver.connection            : Opened connection [connectionId{localValue:25, serverValue:253382}] to knowyourcity-shard-00-02-ijzn3.gcp.mongodb.net:27017
2020-05-11 16:04:53.599  INFO 37055 --- [ngodb.net:27017] org.mongodb.driver.cluster               : Monitor thread successfully connected to server with description ServerDescription{address=knowyourcity-shard-00-01-ijzn3.gcp.mongodb.net:27017, type=REPLICA_SET_PRIMARY, state=CONNECTED, ok=true, version=ServerVersion{versionList=[4, 2, 6]}, minWireVersion=0, maxWireVersion=8, maxDocumentSize=16777216, logicalSessionTimeoutMinutes=30, roundTripTimeNanos=17628610, setName='KnowYourCity-shard-0', canonicalAddress=knowyourcity-shard-00-01-ijzn3.gcp.mongodb.net:27017, hosts=[knowyourcity-shard-00-00-ijzn3.gcp.mongodb.net:27017, knowyourcity-shard-00-02-ijzn3.gcp.mongodb.net:27017, knowyourcity-shard-00-01-ijzn3.gcp.mongodb.net:27017], passives=[], arbiters=[], primary='knowyourcity-shard-00-01-ijzn3.gcp.mongodb.net:27017', tagSet=TagSet{[Tag{name='nodeType', value='ELECTABLE'}, Tag{name='provider', value='GCP'}, Tag{name='region', value='WESTERN_EUROPE'}]}, electionId=7fffffff0000000000000007, setVersion=3, lastWriteDate=Mon May 11 16:04:53 CEST 2020, lastUpdateTimeNanos=321044140496302}
2020-05-11 16:04:53.600  INFO 37055 --- [ngodb.net:27017] org.mongodb.driver.cluster               : Setting max election id to 7fffffff0000000000000007 from replica set primary knowyourcity-shard-00-01-ijzn3.gcp.mongodb.net:27017
2020-05-11 16:04:53.601  INFO 37055 --- [ngodb.net:27017] org.mongodb.driver.cluster               : Setting max set version to 3 from replica set primary knowyourcity-shard-00-01-ijzn3.gcp.mongodb.net:27017
2020-05-11 16:04:53.602  INFO 37055 --- [ngodb.net:27017] org.mongodb.driver.cluster               : Discovered replica set primary knowyourcity-shard-00-01-ijzn3.gcp.mongodb.net:27017
2020-05-11 16:04:53.602  INFO 37055 --- [ngodb.net:27017] org.mongodb.driver.connection            : Opened connection [connectionId{localValue:27, serverValue:257035}] to knowyourcity-shard-00-00-ijzn3.gcp.mongodb.net:27017
2020-05-11 16:04:53.613  INFO 37055 --- [ngodb.net:27017] org.mongodb.driver.cluster               : Monitor thread successfully connected to server with description ServerDescription{address=knowyourcity-shard-00-02-ijzn3.gcp.mongodb.net:27017, type=REPLICA_SET_SECONDARY, state=CONNECTED, ok=true, version=ServerVersion{versionList=[4, 2, 6]}, minWireVersion=0, maxWireVersion=8, maxDocumentSize=16777216, logicalSessionTimeoutMinutes=30, roundTripTimeNanos=24617542, setName='KnowYourCity-shard-0', canonicalAddress=knowyourcity-shard-00-02-ijzn3.gcp.mongodb.net:27017, hosts=[knowyourcity-shard-00-00-ijzn3.gcp.mongodb.net:27017, knowyourcity-shard-00-02-ijzn3.gcp.mongodb.net:27017, knowyourcity-shard-00-01-ijzn3.gcp.mongodb.net:27017], passives=[], arbiters=[], primary='knowyourcity-shard-00-01-ijzn3.gcp.mongodb.net:27017', tagSet=TagSet{[Tag{name='nodeType', value='ELECTABLE'}, Tag{name='provider', value='GCP'}, Tag{name='region', value='WESTERN_EUROPE'}]}, electionId=null, setVersion=3, lastWriteDate=Mon May 11 16:04:53 CEST 2020, lastUpdateTimeNanos=321044154071423}
2020-05-11 16:04:53.623  INFO 37055 --- [ngodb.net:27017] org.mongodb.driver.cluster               : Monitor thread successfully connected to server with description ServerDescription{address=knowyourcity-shard-00-00-ijzn3.gcp.mongodb.net:27017, type=REPLICA_SET_SECONDARY, state=CONNECTED, ok=true, version=ServerVersion{versionList=[4, 2, 6]}, minWireVersion=0, maxWireVersion=8, maxDocumentSize=16777216, logicalSessionTimeoutMinutes=30, roundTripTimeNanos=19554438, setName='KnowYourCity-shard-0', canonicalAddress=knowyourcity-shard-00-00-ijzn3.gcp.mongodb.net:27017, hosts=[knowyourcity-shard-00-00-ijzn3.gcp.mongodb.net:27017, knowyourcity-shard-00-02-ijzn3.gcp.mongodb.net:27017, knowyourcity-shard-00-01-ijzn3.gcp.mongodb.net:27017], passives=[], arbiters=[], primary='knowyourcity-shard-00-01-ijzn3.gcp.mongodb.net:27017', tagSet=TagSet{[Tag{name='nodeType', value='ELECTABLE'}, Tag{name='provider', value='GCP'}, Tag{name='region', value='WESTERN_EUROPE'}]}, electionId=null, setVersion=3, lastWriteDate=Mon May 11 16:04:53 CEST 2020, lastUpdateTimeNanos=321044163661034}
2020-05-11 16:04:53.765  INFO 37055 --- [    Test worker] org.mongodb.driver.connection            : Opened connection [connectionId{localValue:28, serverValue:293602}] to knowyourcity-shard-00-01-ijzn3.gcp.mongodb.net:27017
]]></system-out>
  <system-err><![CDATA[]]></system-err>
</testsuite>
