<?xml version="1.0" encoding="UTF-8"?>
<testsuite name="ch.uzh.ifi.seal.soprafs20.controller.UserControllerTest" tests="8" skipped="0" failures="0" errors="0" timestamp="2020-04-29T16:33:13" hostname="Luis-MacBook-Pro.local" time="1.471">
  <properties/>
  <testcase name="createUser_validInput_userCreated()" classname="ch.uzh.ifi.seal.soprafs20.controller.UserControllerTest" time="0.796"/>
  <testcase name="updateUser_userExists()" classname="ch.uzh.ifi.seal.soprafs20.controller.UserControllerTest" time="0.065"/>
  <testcase name="loginUser_validInput()" classname="ch.uzh.ifi.seal.soprafs20.controller.UserControllerTest" time="0.058"/>
  <testcase name="loginUser_invalidCredentials()" classname="ch.uzh.ifi.seal.soprafs20.controller.UserControllerTest" time="0.259"/>
  <testcase name="createUser_userAlreadyExists()" classname="ch.uzh.ifi.seal.soprafs20.controller.UserControllerTest" time="0.037"/>
  <testcase name="getUser_validInput()" classname="ch.uzh.ifi.seal.soprafs20.controller.UserControllerTest" time="0.026"/>
  <testcase name="getUser_userDoesNotExist()" classname="ch.uzh.ifi.seal.soprafs20.controller.UserControllerTest" time="0.08"/>
  <testcase name="updateUser_userDoesNotExist()" classname="ch.uzh.ifi.seal.soprafs20.controller.UserControllerTest" time="0.024"/>
  <system-out><![CDATA[18:33:08.408 [Test worker] DEBUG org.springframework.test.context.BootstrapUtils - Instantiating CacheAwareContextLoaderDelegate from class [org.springframework.test.context.cache.DefaultCacheAwareContextLoaderDelegate]
18:33:08.446 [Test worker] DEBUG org.springframework.test.context.BootstrapUtils - Instantiating BootstrapContext using constructor [public org.springframework.test.context.support.DefaultBootstrapContext(java.lang.Class,org.springframework.test.context.CacheAwareContextLoaderDelegate)]
18:33:08.528 [Test worker] DEBUG org.springframework.test.context.BootstrapUtils - Instantiating TestContextBootstrapper for test class [ch.uzh.ifi.seal.soprafs20.controller.UserControllerTest] from class [org.springframework.boot.test.autoconfigure.web.servlet.WebMvcTestContextBootstrapper]
18:33:08.575 [Test worker] INFO org.springframework.boot.test.autoconfigure.web.servlet.WebMvcTestContextBootstrapper - Neither @ContextConfiguration nor @ContextHierarchy found for test class [ch.uzh.ifi.seal.soprafs20.controller.UserControllerTest], using SpringBootContextLoader
18:33:08.586 [Test worker] DEBUG org.springframework.test.context.support.AbstractContextLoader - Did not detect default resource location for test class [ch.uzh.ifi.seal.soprafs20.controller.UserControllerTest]: class path resource [ch/uzh/ifi/seal/soprafs20/controller/UserControllerTest-context.xml] does not exist
18:33:08.587 [Test worker] DEBUG org.springframework.test.context.support.AbstractContextLoader - Did not detect default resource location for test class [ch.uzh.ifi.seal.soprafs20.controller.UserControllerTest]: class path resource [ch/uzh/ifi/seal/soprafs20/controller/UserControllerTestContext.groovy] does not exist
18:33:08.588 [Test worker] INFO org.springframework.test.context.support.AbstractContextLoader - Could not detect default resource locations for test class [ch.uzh.ifi.seal.soprafs20.controller.UserControllerTest]: no resource found for suffixes {-context.xml, Context.groovy}.
18:33:08.590 [Test worker] INFO org.springframework.test.context.support.AnnotationConfigContextLoaderUtils - Could not detect default configuration classes for test class [ch.uzh.ifi.seal.soprafs20.controller.UserControllerTest]: UserControllerTest does not declare any static, non-private, non-final, nested classes annotated with @Configuration.
18:33:08.721 [Test worker] DEBUG org.springframework.test.context.support.ActiveProfilesUtils - Could not find an 'annotation declaring class' for annotation type [org.springframework.test.context.ActiveProfiles] and class [ch.uzh.ifi.seal.soprafs20.controller.UserControllerTest]
18:33:08.925 [Test worker] DEBUG org.springframework.context.annotation.ClassPathScanningCandidateComponentProvider - Identified candidate component class: file [/Users/luisknufinke/Documents/UZH/04 - FS20/Softwarepraktikum/Know your City/SOPRA_FS20_Group19_Server/build/classes/java/main/ch/uzh/ifi/seal/soprafs20/Application.class]
18:33:08.927 [Test worker] INFO org.springframework.boot.test.context.SpringBootTestContextBootstrapper - Found @SpringBootConfiguration ch.uzh.ifi.seal.soprafs20.Application for test class ch.uzh.ifi.seal.soprafs20.controller.UserControllerTest
18:33:08.931 [Test worker] DEBUG org.springframework.boot.test.autoconfigure.web.servlet.WebMvcTestContextBootstrapper - @TestExecutionListeners is not present for class [ch.uzh.ifi.seal.soprafs20.controller.UserControllerTest]: using defaults.
18:33:08.932 [Test worker] INFO org.springframework.boot.test.autoconfigure.web.servlet.WebMvcTestContextBootstrapper - Loaded default TestExecutionListener class names from location [META-INF/spring.factories]: [org.springframework.boot.test.autoconfigure.restdocs.RestDocsTestExecutionListener, org.springframework.boot.test.autoconfigure.web.client.MockRestServiceServerResetTestExecutionListener, org.springframework.boot.test.autoconfigure.web.servlet.MockMvcPrintOnlyOnFailureTestExecutionListener, org.springframework.boot.test.autoconfigure.web.servlet.WebDriverTestExecutionListener, org.springframework.boot.test.mock.mockito.MockitoTestExecutionListener, org.springframework.boot.test.mock.mockito.ResetMocksTestExecutionListener, org.springframework.test.context.web.ServletTestExecutionListener, org.springframework.test.context.support.DirtiesContextBeforeModesTestExecutionListener, org.springframework.test.context.support.DependencyInjectionTestExecutionListener, org.springframework.test.context.support.DirtiesContextTestExecutionListener, org.springframework.test.context.transaction.TransactionalTestExecutionListener, org.springframework.test.context.jdbc.SqlScriptsTestExecutionListener, org.springframework.test.context.event.EventPublishingTestExecutionListener]
18:33:08.976 [Test worker] INFO org.springframework.boot.test.autoconfigure.web.servlet.WebMvcTestContextBootstrapper - Using TestExecutionListeners: [org.springframework.test.context.web.ServletTestExecutionListener@139a9f77, org.springframework.test.context.support.DirtiesContextBeforeModesTestExecutionListener@2ee347c6, org.springframework.boot.test.mock.mockito.MockitoTestExecutionListener@3e016980, org.springframework.boot.test.autoconfigure.SpringBootDependencyInjectionTestExecutionListener@2797ed16, org.springframework.test.context.support.DirtiesContextTestExecutionListener@6031bfb4, org.springframework.test.context.transaction.TransactionalTestExecutionListener@54d81903, org.springframework.test.context.jdbc.SqlScriptsTestExecutionListener@61203771, org.springframework.test.context.event.EventPublishingTestExecutionListener@79c7891e, org.springframework.boot.test.autoconfigure.restdocs.RestDocsTestExecutionListener@14e6458d, org.springframework.boot.test.autoconfigure.web.client.MockRestServiceServerResetTestExecutionListener@625613, org.springframework.boot.test.autoconfigure.web.servlet.MockMvcPrintOnlyOnFailureTestExecutionListener@601962d1, org.springframework.boot.test.autoconfigure.web.servlet.WebDriverTestExecutionListener@255398b5, org.springframework.boot.test.mock.mockito.ResetMocksTestExecutionListener@3bf6bbf]
18:33:08.986 [Test worker] DEBUG org.springframework.test.context.support.AbstractDirtiesContextTestExecutionListener - Before test class: context [DefaultTestContext@2bef9caa testClass = UserControllerTest, testInstance = [null], testMethod = [null], testException = [null], mergedContextConfiguration = [WebMergedContextConfiguration@25ca8439 testClass = UserControllerTest, locations = '{}', classes = '{class ch.uzh.ifi.seal.soprafs20.Application}', contextInitializerClasses = '[]', activeProfiles = '{}', propertySourceLocations = '{}', propertySourceProperties = '{org.springframework.boot.test.autoconfigure.web.servlet.WebMvcTestContextBootstrapper=true}', contextCustomizers = set[org.springframework.boot.test.autoconfigure.OverrideAutoConfigurationContextCustomizerFactory$DisableAutoConfigurationContextCustomizer@14c015, org.springframework.boot.test.autoconfigure.filter.TypeExcludeFiltersContextCustomizer@50b07699, org.springframework.boot.test.autoconfigure.properties.PropertyMappingContextCustomizer@189be881, org.springframework.boot.test.autoconfigure.web.servlet.WebDriverContextCustomizerFactory$Customizer@32cdb9be, [ImportsContextCustomizer@2563b140 key = [org.springframework.boot.autoconfigure.cache.CacheAutoConfiguration, org.springframework.boot.autoconfigure.context.MessageSourceAutoConfiguration, org.springframework.boot.autoconfigure.data.web.SpringDataWebAutoConfiguration, org.springframework.boot.autoconfigure.freemarker.FreeMarkerAutoConfiguration, org.springframework.boot.autoconfigure.groovy.template.GroovyTemplateAutoConfiguration, org.springframework.boot.autoconfigure.gson.GsonAutoConfiguration, org.springframework.boot.autoconfigure.hateoas.HypermediaAutoConfiguration, org.springframework.boot.autoconfigure.http.HttpMessageConvertersAutoConfiguration, org.springframework.boot.autoconfigure.jackson.JacksonAutoConfiguration, org.springframework.boot.autoconfigure.jsonb.JsonbAutoConfiguration, org.springframework.boot.autoconfigure.mustache.MustacheAutoConfiguration, org.springframework.boot.autoconfigure.task.TaskExecutionAutoConfiguration, org.springframework.boot.autoconfigure.thymeleaf.ThymeleafAutoConfiguration, org.springframework.boot.autoconfigure.validation.ValidationAutoConfiguration, org.springframework.boot.autoconfigure.web.servlet.error.ErrorMvcAutoConfiguration, org.springframework.boot.autoconfigure.web.servlet.WebMvcAutoConfiguration, org.springframework.boot.test.autoconfigure.web.servlet.MockMvcAutoConfiguration, org.springframework.boot.test.autoconfigure.web.servlet.MockMvcWebClientAutoConfiguration, org.springframework.boot.test.autoconfigure.web.servlet.MockMvcWebDriverAutoConfiguration, org.springframework.boot.autoconfigure.security.servlet.SecurityAutoConfiguration, org.springframework.boot.autoconfigure.security.servlet.UserDetailsServiceAutoConfiguration, org.springframework.boot.test.autoconfigure.web.servlet.MockMvcSecurityConfiguration]], org.springframework.boot.test.context.filter.ExcludeFilterContextCustomizer@3d4a91dd, org.springframework.boot.test.json.DuplicateJsonObjectContextCustomizerFactory$DuplicateJsonObjectContextCustomizer@48e1f6fd, org.springframework.boot.test.mock.mockito.MockitoContextCustomizer@c9f9e23f], resourceBasePath = 'src/main/webapp', contextLoader = 'org.springframework.boot.test.context.SpringBootContextLoader', parent = [null]], attributes = map[[empty]]], class annotated with @DirtiesContext [false] with mode [null].
18:33:09.231 [Test worker] DEBUG org.springframework.test.context.support.TestPropertySourceUtils - Adding inlined properties to environment: {spring.jmx.enabled=false, org.springframework.boot.test.autoconfigure.web.servlet.WebMvcTestContextBootstrapper=true, server.port=-1}

  .   ____          _            __ _ _
 /\\ / ___'_ __ _ _(_)_ __  __ _ \ \ \ \
( ( )\___ | '_ | '_| | '_ \/ _` | \ \ \ \
 \\/  ___)| |_)| | | | | || (_| |  ) ) ) )
  '  |____| .__|_| |_|_| |_\__, | / / / /
 =========|_|==============|___/=/_/_/_/
 :: Spring Boot ::        (v2.2.4.RELEASE)

2020-04-29 18:33:09.835  WARN 8519 --- [    Test worker] ory$DuplicateJsonObjectContextCustomizer : 

Found multiple occurrences of org.json.JSONObject on the class path:

	jar:file:/Users/luisknufinke/.gradle/caches/modules-2/files-2.1/org.json/json/20180813/8566b2b0391d9d4479ea225645c6ed47ef17fe41/json-20180813.jar!/org/json/JSONObject.class
	jar:file:/Users/luisknufinke/.gradle/caches/modules-2/files-2.1/com.vaadin.external.google/android-json/0.0.20131108.vaadin1/fa26d351fe62a6a17f5cda1287c1c6110dec413f/android-json-0.0.20131108.vaadin1.jar!/org/json/JSONObject.class

You may wish to exclude one of them to ensure predictable runtime behavior

2020-04-29 18:33:09.857  INFO 8519 --- [    Test worker] c.u.i.s.s.controller.UserControllerTest  : Starting UserControllerTest on Luis-MacBook-Pro.local with PID 8519 (started by luisknufinke in /Users/luisknufinke/Documents/UZH/04 - FS20/Softwarepraktikum/Know your City/SOPRA_FS20_Group19_Server)
2020-04-29 18:33:09.859  INFO 8519 --- [    Test worker] c.u.i.s.s.controller.UserControllerTest  : No active profile set, falling back to default profiles: default
2020-04-29 18:33:13.096  INFO 8519 --- [    Test worker] o.s.s.concurrent.ThreadPoolTaskExecutor  : Initializing ExecutorService 'applicationTaskExecutor'
2020-04-29 18:33:13.605  INFO 8519 --- [    Test worker] o.s.b.t.m.w.SpringBootMockServletContext : Initializing Spring TestDispatcherServlet ''
2020-04-29 18:33:13.606  INFO 8519 --- [    Test worker] o.s.t.web.servlet.TestDispatcherServlet  : Initializing Servlet ''
2020-04-29 18:33:13.670  INFO 8519 --- [    Test worker] o.s.t.web.servlet.TestDispatcherServlet  : Completed initialization in 64 ms
2020-04-29 18:33:13.754  INFO 8519 --- [    Test worker] c.u.i.s.s.controller.UserControllerTest  : Started UserControllerTest in 4.498 seconds (JVM running for 7.369)
2020-04-29 18:33:14.762 ERROR 8519 --- [    Test worker] c.u.i.s.s.e.GlobalExceptionAdvice        : InvalidCredentialsException raised:ch.uzh.ifi.seal.soprafs20.exceptions.InvalidCredentialsException: Wrong password, please try again.
2020-04-29 18:33:15.026 ERROR 8519 --- [    Test worker] c.u.i.s.s.e.GlobalExceptionAdvice        : DuplicatedUserException raised:ch.uzh.ifi.seal.soprafs20.exceptions.DuplicatedUserException: The username provided is not unique. Therefore, the user could not be created!
2020-04-29 18:33:15.162 ERROR 8519 --- [    Test worker] c.u.i.s.s.e.GlobalExceptionAdvice        : UserNotFoundException raised:ch.uzh.ifi.seal.soprafs20.exceptions.UserNotFoundException: This user could not be found.
2020-04-29 18:33:15.231 ERROR 8519 --- [    Test worker] c.u.i.s.s.e.GlobalExceptionAdvice        : UserNotFoundException raised:ch.uzh.ifi.seal.soprafs20.exceptions.UserNotFoundException: This user could not be found.
]]></system-out>
  <system-err><![CDATA[]]></system-err>
</testsuite>
