<?xml version="1.0" encoding="UTF-8"?>
<testsuite name="ch.uzh.ifi.seal.soprafs20.service.UserServiceIntegrationTest" tests="7" skipped="0" failures="0" errors="0" timestamp="2020-05-02T09:38:55" hostname="Luis-MacBook-Pro.local" time="1.649">
  <properties/>
  <testcase name="createUser_validInputs_success()" classname="ch.uzh.ifi.seal.soprafs20.service.UserServiceIntegrationTest" time="0.385"/>
  <testcase name="createUser_duplicateUsername_throwsException()" classname="ch.uzh.ifi.seal.soprafs20.service.UserServiceIntegrationTest" time="0.176"/>
  <testcase name="checkForLogin_validInputs_success()" classname="ch.uzh.ifi.seal.soprafs20.service.UserServiceIntegrationTest" time="0.199"/>
  <testcase name="checkForLogin_duplicateUsername_throwsException()" classname="ch.uzh.ifi.seal.soprafs20.service.UserServiceIntegrationTest" time="0.193"/>
  <testcase name="checkForLogin_wrongPassword_throwsException()" classname="ch.uzh.ifi.seal.soprafs20.service.UserServiceIntegrationTest" time="0.187"/>
  <testcase name="checkForLogout_success()" classname="ch.uzh.ifi.seal.soprafs20.service.UserServiceIntegrationTest" time="0.242"/>
  <testcase name="changeCredentials_validInputs_success()" classname="ch.uzh.ifi.seal.soprafs20.service.UserServiceIntegrationTest" time="0.254"/>
  <system-out><![CDATA[2020-05-02 11:38:55.419  INFO 15207 --- [    Test worker] .b.t.c.SpringBootTestContextBootstrapper : Neither @ContextConfiguration nor @ContextHierarchy found for test class [ch.uzh.ifi.seal.soprafs20.service.UserServiceIntegrationTest], using SpringBootContextLoader
2020-05-02 11:38:55.421  INFO 15207 --- [    Test worker] o.s.t.c.support.AbstractContextLoader    : Could not detect default resource locations for test class [ch.uzh.ifi.seal.soprafs20.service.UserServiceIntegrationTest]: no resource found for suffixes {-context.xml, Context.groovy}.
2020-05-02 11:38:55.421  INFO 15207 --- [    Test worker] t.c.s.AnnotationConfigContextLoaderUtils : Could not detect default configuration classes for test class [ch.uzh.ifi.seal.soprafs20.service.UserServiceIntegrationTest]: UserServiceIntegrationTest does not declare any static, non-private, non-final, nested classes annotated with @Configuration.
2020-05-02 11:38:55.424  INFO 15207 --- [    Test worker] .b.t.c.SpringBootTestContextBootstrapper : Found @SpringBootConfiguration ch.uzh.ifi.seal.soprafs20.Application for test class ch.uzh.ifi.seal.soprafs20.service.UserServiceIntegrationTest
2020-05-02 11:38:55.426  INFO 15207 --- [    Test worker] .b.t.c.SpringBootTestContextBootstrapper : Loaded default TestExecutionListener class names from location [META-INF/spring.factories]: [org.springframework.boot.test.autoconfigure.restdocs.RestDocsTestExecutionListener, org.springframework.boot.test.autoconfigure.web.client.MockRestServiceServerResetTestExecutionListener, org.springframework.boot.test.autoconfigure.web.servlet.MockMvcPrintOnlyOnFailureTestExecutionListener, org.springframework.boot.test.autoconfigure.web.servlet.WebDriverTestExecutionListener, org.springframework.boot.test.mock.mockito.MockitoTestExecutionListener, org.springframework.boot.test.mock.mockito.ResetMocksTestExecutionListener, org.springframework.test.context.web.ServletTestExecutionListener, org.springframework.test.context.support.DirtiesContextBeforeModesTestExecutionListener, org.springframework.test.context.support.DependencyInjectionTestExecutionListener, org.springframework.test.context.support.DirtiesContextTestExecutionListener, org.springframework.test.context.transaction.TransactionalTestExecutionListener, org.springframework.test.context.jdbc.SqlScriptsTestExecutionListener, org.springframework.test.context.event.EventPublishingTestExecutionListener]
2020-05-02 11:38:55.426  INFO 15207 --- [    Test worker] .b.t.c.SpringBootTestContextBootstrapper : Using TestExecutionListeners: [org.springframework.test.context.web.ServletTestExecutionListener@4a2c6382, org.springframework.test.context.support.DirtiesContextBeforeModesTestExecutionListener@38762e3f, org.springframework.boot.test.mock.mockito.MockitoTestExecutionListener@30e2a496, org.springframework.boot.test.autoconfigure.SpringBootDependencyInjectionTestExecutionListener@7c034c2b, org.springframework.test.context.support.DirtiesContextTestExecutionListener@551a105a, org.springframework.test.context.transaction.TransactionalTestExecutionListener@5c94db10, org.springframework.test.context.jdbc.SqlScriptsTestExecutionListener@79770200, org.springframework.test.context.event.EventPublishingTestExecutionListener@1ff37b11, org.springframework.boot.test.autoconfigure.restdocs.RestDocsTestExecutionListener@1a6e3075, org.springframework.boot.test.autoconfigure.web.client.MockRestServiceServerResetTestExecutionListener@60d83473, org.springframework.boot.test.autoconfigure.web.servlet.MockMvcPrintOnlyOnFailureTestExecutionListener@217e5d6a, org.springframework.boot.test.autoconfigure.web.servlet.WebDriverTestExecutionListener@255191a7, org.springframework.boot.test.mock.mockito.ResetMocksTestExecutionListener@4e57f0e0]
2020-05-02 11:38:55.436  INFO 15207 --- [    Test worker] org.mongodb.driver.cluster               : Cluster created with settings {hosts=[127.0.0.1:27017], srvHost=knowyourcity-ijzn3.gcp.mongodb.net, mode=MULTIPLE, requiredClusterType=REPLICA_SET, serverSelectionTimeout='30000 ms', maxWaitQueueSize=500, requiredReplicaSetName='KnowYourCity-shard-0'}
2020-05-02 11:38:55.440  INFO 15207 --- [    Test worker] f.a.AutowiredAnnotationBeanPostProcessor : Autowired annotation is not supported on static fields: static com.mongodb.client.MongoClient ch.uzh.ifi.seal.soprafs20.service.UserServiceIntegrationTest.mongoClient
2020-05-02 11:38:55.440  INFO 15207 --- [    Test worker] f.a.AutowiredAnnotationBeanPostProcessor : Autowired annotation is not supported on static fields: static com.mongodb.client.MongoDatabase ch.uzh.ifi.seal.soprafs20.service.UserServiceIntegrationTest.usersDevelopment
2020-05-02 11:38:55.440  INFO 15207 --- [    Test worker] f.a.AutowiredAnnotationBeanPostProcessor : Autowired annotation is not supported on static fields: static com.mongodb.client.MongoCollection ch.uzh.ifi.seal.soprafs20.service.UserServiceIntegrationTest.usersCollection
2020-05-02 11:38:55.445  INFO 15207 --- [    Test worker] org.mongodb.driver.cluster               : Cluster description not yet available. Waiting for 30000 ms before timing out
2020-05-02 11:38:55.445  INFO 15207 --- [gcp.mongodb.net] org.mongodb.driver.cluster               : Adding discovered server knowyourcity-shard-00-02-ijzn3.gcp.mongodb.net:27017 to client view of cluster
2020-05-02 11:38:55.447  INFO 15207 --- [gcp.mongodb.net] org.mongodb.driver.cluster               : Adding discovered server knowyourcity-shard-00-01-ijzn3.gcp.mongodb.net:27017 to client view of cluster
2020-05-02 11:38:55.448  INFO 15207 --- [gcp.mongodb.net] org.mongodb.driver.cluster               : Adding discovered server knowyourcity-shard-00-00-ijzn3.gcp.mongodb.net:27017 to client view of cluster
2020-05-02 11:38:55.450  INFO 15207 --- [    Test worker] org.mongodb.driver.cluster               : No server chosen by com.mongodb.client.internal.MongoClientDelegate$1@3c4bab63 from cluster description ClusterDescription{type=REPLICA_SET, connectionMode=MULTIPLE, serverDescriptions=[ServerDescription{address=knowyourcity-shard-00-02-ijzn3.gcp.mongodb.net:27017, type=UNKNOWN, state=CONNECTING}, ServerDescription{address=knowyourcity-shard-00-01-ijzn3.gcp.mongodb.net:27017, type=UNKNOWN, state=CONNECTING}, ServerDescription{address=knowyourcity-shard-00-00-ijzn3.gcp.mongodb.net:27017, type=UNKNOWN, state=CONNECTING}]}. Waiting for 30000 ms before timing out
2020-05-02 11:38:55.524  INFO 15207 --- [ngodb.net:27017] org.mongodb.driver.connection            : Opened connection [connectionId{localValue:26, serverValue:90458}] to knowyourcity-shard-00-01-ijzn3.gcp.mongodb.net:27017
2020-05-02 11:38:55.527  INFO 15207 --- [ngodb.net:27017] org.mongodb.driver.connection            : Opened connection [connectionId{localValue:25, serverValue:68229}] to knowyourcity-shard-00-02-ijzn3.gcp.mongodb.net:27017
2020-05-02 11:38:55.529  INFO 15207 --- [ngodb.net:27017] org.mongodb.driver.connection            : Opened connection [connectionId{localValue:27, serverValue:68740}] to knowyourcity-shard-00-00-ijzn3.gcp.mongodb.net:27017
2020-05-02 11:38:55.543  INFO 15207 --- [ngodb.net:27017] org.mongodb.driver.cluster               : Monitor thread successfully connected to server with description ServerDescription{address=knowyourcity-shard-00-01-ijzn3.gcp.mongodb.net:27017, type=REPLICA_SET_PRIMARY, state=CONNECTED, ok=true, version=ServerVersion{versionList=[4, 2, 6]}, minWireVersion=0, maxWireVersion=8, maxDocumentSize=16777216, logicalSessionTimeoutMinutes=30, roundTripTimeNanos=17427383, setName='KnowYourCity-shard-0', canonicalAddress=knowyourcity-shard-00-01-ijzn3.gcp.mongodb.net:27017, hosts=[knowyourcity-shard-00-00-ijzn3.gcp.mongodb.net:27017, knowyourcity-shard-00-02-ijzn3.gcp.mongodb.net:27017, knowyourcity-shard-00-01-ijzn3.gcp.mongodb.net:27017], passives=[], arbiters=[], primary='knowyourcity-shard-00-01-ijzn3.gcp.mongodb.net:27017', tagSet=TagSet{[Tag{name='nodeType', value='ELECTABLE'}, Tag{name='provider', value='GCP'}, Tag{name='region', value='WESTERN_EUROPE'}]}, electionId=7fffffff0000000000000007, setVersion=2, lastWriteDate=Sat May 02 11:38:55 CEST 2020, lastUpdateTimeNanos=109836763227212}
2020-05-02 11:38:55.543  INFO 15207 --- [ngodb.net:27017] org.mongodb.driver.cluster               : Setting max election id to 7fffffff0000000000000007 from replica set primary knowyourcity-shard-00-01-ijzn3.gcp.mongodb.net:27017
2020-05-02 11:38:55.543  INFO 15207 --- [ngodb.net:27017] org.mongodb.driver.cluster               : Setting max set version to 2 from replica set primary knowyourcity-shard-00-01-ijzn3.gcp.mongodb.net:27017
2020-05-02 11:38:55.544  INFO 15207 --- [ngodb.net:27017] org.mongodb.driver.cluster               : Discovered replica set primary knowyourcity-shard-00-01-ijzn3.gcp.mongodb.net:27017
2020-05-02 11:38:55.548  INFO 15207 --- [ngodb.net:27017] org.mongodb.driver.cluster               : Monitor thread successfully connected to server with description ServerDescription{address=knowyourcity-shard-00-02-ijzn3.gcp.mongodb.net:27017, type=REPLICA_SET_SECONDARY, state=CONNECTED, ok=true, version=ServerVersion{versionList=[4, 2, 6]}, minWireVersion=0, maxWireVersion=8, maxDocumentSize=16777216, logicalSessionTimeoutMinutes=30, roundTripTimeNanos=20503733, setName='KnowYourCity-shard-0', canonicalAddress=knowyourcity-shard-00-02-ijzn3.gcp.mongodb.net:27017, hosts=[knowyourcity-shard-00-00-ijzn3.gcp.mongodb.net:27017, knowyourcity-shard-00-02-ijzn3.gcp.mongodb.net:27017, knowyourcity-shard-00-01-ijzn3.gcp.mongodb.net:27017], passives=[], arbiters=[], primary='knowyourcity-shard-00-01-ijzn3.gcp.mongodb.net:27017', tagSet=TagSet{[Tag{name='nodeType', value='ELECTABLE'}, Tag{name='provider', value='GCP'}, Tag{name='region', value='WESTERN_EUROPE'}]}, electionId=null, setVersion=2, lastWriteDate=Sat May 02 11:38:55 CEST 2020, lastUpdateTimeNanos=109836768615338}
2020-05-02 11:38:55.549  INFO 15207 --- [ngodb.net:27017] org.mongodb.driver.cluster               : Monitor thread successfully connected to server with description ServerDescription{address=knowyourcity-shard-00-00-ijzn3.gcp.mongodb.net:27017, type=REPLICA_SET_SECONDARY, state=CONNECTED, ok=true, version=ServerVersion{versionList=[4, 2, 6]}, minWireVersion=0, maxWireVersion=8, maxDocumentSize=16777216, logicalSessionTimeoutMinutes=30, roundTripTimeNanos=18520104, setName='KnowYourCity-shard-0', canonicalAddress=knowyourcity-shard-00-00-ijzn3.gcp.mongodb.net:27017, hosts=[knowyourcity-shard-00-00-ijzn3.gcp.mongodb.net:27017, knowyourcity-shard-00-02-ijzn3.gcp.mongodb.net:27017, knowyourcity-shard-00-01-ijzn3.gcp.mongodb.net:27017], passives=[], arbiters=[], primary='knowyourcity-shard-00-01-ijzn3.gcp.mongodb.net:27017', tagSet=TagSet{[Tag{name='nodeType', value='ELECTABLE'}, Tag{name='provider', value='GCP'}, Tag{name='region', value='WESTERN_EUROPE'}]}, electionId=null, setVersion=2, lastWriteDate=Sat May 02 11:38:55 CEST 2020, lastUpdateTimeNanos=109836769253073}
2020-05-02 11:38:55.694  INFO 15207 --- [    Test worker] org.mongodb.driver.connection            : Opened connection [connectionId{localValue:28, serverValue:90458}] to knowyourcity-shard-00-01-ijzn3.gcp.mongodb.net:27017
]]></system-out>
  <system-err><![CDATA[]]></system-err>
</testsuite>
