<?xml version="1.0" encoding="UTF-8"?>
<testsuite name="ch.uzh.ifi.seal.soprafs20.controller.UserControllerTest" tests="9" skipped="0" failures="0" errors="0" timestamp="2020-04-06T07:31:01" hostname="LAPTOP-L2007AB1" time="0.438">
  <properties/>
  <testcase name="givenUsers_whenGetUsers_thenReturnJsonArray()" classname="ch.uzh.ifi.seal.soprafs20.controller.UserControllerTest" time="0.061"/>
  <testcase name="createUser_validInput_userCreated()" classname="ch.uzh.ifi.seal.soprafs20.controller.UserControllerTest" time="0.043"/>
  <testcase name="updateUser_userExists()" classname="ch.uzh.ifi.seal.soprafs20.controller.UserControllerTest" time="0.033"/>
  <testcase name="loginUser_validInput()" classname="ch.uzh.ifi.seal.soprafs20.controller.UserControllerTest" time="0.06"/>
  <testcase name="loginUser_invalidCredentials()" classname="ch.uzh.ifi.seal.soprafs20.controller.UserControllerTest" time="0.046"/>
  <testcase name="createUser_userAlreadyExists()" classname="ch.uzh.ifi.seal.soprafs20.controller.UserControllerTest" time="0.038"/>
  <testcase name="getUser_validInput()" classname="ch.uzh.ifi.seal.soprafs20.controller.UserControllerTest" time="0.028"/>
  <testcase name="getUser_userDoesNotExist()" classname="ch.uzh.ifi.seal.soprafs20.controller.UserControllerTest" time="0.039"/>
  <testcase name="updateUser_userDoesNotExist()" classname="ch.uzh.ifi.seal.soprafs20.controller.UserControllerTest" time="0.041"/>
  <system-out><![CDATA[2020-04-06 09:30:57.328  INFO 4512 --- [    Test worker] .b.t.a.w.s.WebMvcTestContextBootstrapper : Neither @ContextConfiguration nor @ContextHierarchy found for test class [ch.uzh.ifi.seal.soprafs20.controller.UserControllerTest], using SpringBootContextLoader
2020-04-06 09:30:57.335  INFO 4512 --- [    Test worker] o.s.t.c.support.AbstractContextLoader    : Could not detect default resource locations for test class [ch.uzh.ifi.seal.soprafs20.controller.UserControllerTest]: no resource found for suffixes {-context.xml, Context.groovy}.
2020-04-06 09:30:57.337  INFO 4512 --- [    Test worker] t.c.s.AnnotationConfigContextLoaderUtils : Could not detect default configuration classes for test class [ch.uzh.ifi.seal.soprafs20.controller.UserControllerTest]: UserControllerTest does not declare any static, non-private, non-final, nested classes annotated with @Configuration.
2020-04-06 09:30:57.357  INFO 4512 --- [    Test worker] .b.t.c.SpringBootTestContextBootstrapper : Found @SpringBootConfiguration ch.uzh.ifi.seal.soprafs20.Application for test class ch.uzh.ifi.seal.soprafs20.controller.UserControllerTest
2020-04-06 09:30:57.365  INFO 4512 --- [    Test worker] .b.t.a.w.s.WebMvcTestContextBootstrapper : Loaded default TestExecutionListener class names from location [META-INF/spring.factories]: [org.springframework.boot.test.autoconfigure.restdocs.RestDocsTestExecutionListener, org.springframework.boot.test.autoconfigure.web.client.MockRestServiceServerResetTestExecutionListener, org.springframework.boot.test.autoconfigure.web.servlet.MockMvcPrintOnlyOnFailureTestExecutionListener, org.springframework.boot.test.autoconfigure.web.servlet.WebDriverTestExecutionListener, org.springframework.boot.test.mock.mockito.MockitoTestExecutionListener, org.springframework.boot.test.mock.mockito.ResetMocksTestExecutionListener, org.springframework.test.context.web.ServletTestExecutionListener, org.springframework.test.context.support.DirtiesContextBeforeModesTestExecutionListener, org.springframework.test.context.support.DependencyInjectionTestExecutionListener, org.springframework.test.context.support.DirtiesContextTestExecutionListener, org.springframework.test.context.transaction.TransactionalTestExecutionListener, org.springframework.test.context.jdbc.SqlScriptsTestExecutionListener, org.springframework.test.context.event.EventPublishingTestExecutionListener]
2020-04-06 09:30:57.367  INFO 4512 --- [    Test worker] .b.t.a.w.s.WebMvcTestContextBootstrapper : Using TestExecutionListeners: [org.springframework.test.context.web.ServletTestExecutionListener@1491a5df, org.springframework.test.context.support.DirtiesContextBeforeModesTestExecutionListener@1cca663b, org.springframework.boot.test.mock.mockito.MockitoTestExecutionListener@5cfa8bbc, org.springframework.boot.test.autoconfigure.SpringBootDependencyInjectionTestExecutionListener@5f26c46, org.springframework.test.context.support.DirtiesContextTestExecutionListener@1c549e7a, org.springframework.test.context.transaction.TransactionalTestExecutionListener@5360c875, org.springframework.test.context.jdbc.SqlScriptsTestExecutionListener@5b4f0ece, org.springframework.test.context.event.EventPublishingTestExecutionListener@4dc9d9bd, org.springframework.boot.test.autoconfigure.restdocs.RestDocsTestExecutionListener@75562930, org.springframework.boot.test.autoconfigure.web.client.MockRestServiceServerResetTestExecutionListener@2020748f, org.springframework.boot.test.autoconfigure.web.servlet.MockMvcPrintOnlyOnFailureTestExecutionListener@3ba273b, org.springframework.boot.test.autoconfigure.web.servlet.WebDriverTestExecutionListener@3d12c0, org.springframework.boot.test.mock.mockito.ResetMocksTestExecutionListener@4466b45e]

  .   ____          _            __ _ _
 /\\ / ___'_ __ _ _(_)_ __  __ _ \ \ \ \
( ( )\___ | '_ | '_| | '_ \/ _` | \ \ \ \
 \\/  ___)| |_)| | | | | || (_| |  ) ) ) )
  '  |____| .__|_| |_|_| |_\__, | / / / /
 =========|_|==============|___/=/_/_/_/
 :: Spring Boot ::        (v2.2.4.RELEASE)

2020-04-06 09:30:57.647  INFO 4512 --- [    Test worker] c.u.i.s.s.controller.UserControllerTest  : Starting UserControllerTest on LAPTOP-L2007AB1 with PID 4512 (started by lulo1 in C:\Users\lulo1\Desktop\Studium\20 FS\SOPRA\KnowYourCity\Github\SOPRA_FS20_Group19_Server)
2020-04-06 09:30:57.656  INFO 4512 --- [    Test worker] c.u.i.s.s.controller.UserControllerTest  : No active profile set, falling back to default profiles: default
2020-04-06 09:31:00.104  INFO 4512 --- [    Test worker] o.s.s.concurrent.ThreadPoolTaskExecutor  : Initializing ExecutorService 'applicationTaskExecutor'
2020-04-06 09:31:00.997  INFO 4512 --- [    Test worker] o.s.b.t.m.w.SpringBootMockServletContext : Initializing Spring TestDispatcherServlet ''
2020-04-06 09:31:01.000  INFO 4512 --- [    Test worker] o.s.t.web.servlet.TestDispatcherServlet  : Initializing Servlet ''
2020-04-06 09:31:01.055  INFO 4512 --- [    Test worker] o.s.t.web.servlet.TestDispatcherServlet  : Completed initialization in 54 ms
2020-04-06 09:31:01.138  INFO 4512 --- [    Test worker] c.u.i.s.s.controller.UserControllerTest  : Started UserControllerTest in 3.757 seconds (JVM running for 33.257)
2020-04-06 09:31:01.407 ERROR 4512 --- [    Test worker] c.u.i.s.s.e.GlobalExceptionAdvice        : InvalidCredentialsException raised:ch.uzh.ifi.seal.soprafs20.exceptions.InvalidCredentialsException: Wrong password, please try again.
2020-04-06 09:31:01.450 ERROR 4512 --- [    Test worker] c.u.i.s.s.e.GlobalExceptionAdvice        : DuplicatedUserException raised:ch.uzh.ifi.seal.soprafs20.exceptions.DuplicatedUserException: The username provided is not unique. Therefore, the user could not be created!
2020-04-06 09:31:01.535 ERROR 4512 --- [    Test worker] c.u.i.s.s.e.GlobalExceptionAdvice        : UserNotFoundException raised:ch.uzh.ifi.seal.soprafs20.exceptions.UserNotFoundException: This user could not be found.
2020-04-06 09:31:01.583 ERROR 4512 --- [    Test worker] c.u.i.s.s.e.GlobalExceptionAdvice        : UserNotFoundException raised:ch.uzh.ifi.seal.soprafs20.exceptions.UserNotFoundException: This user could not be found.
]]></system-out>
  <system-err><![CDATA[]]></system-err>
</testsuite>
