<?xml version="1.0" encoding="UTF-8"?>
<testsuite name="ch.uzh.ifi.seal.soprafs20.controller.LocationControllerTest" tests="18" skipped="0" failures="0" errors="0" timestamp="2020-05-24T11:42:47" hostname="Luis-MacBook-Pro.local" time="0.78">
  <properties/>
  <testcase name="getLocation_invalidInput()" classname="ch.uzh.ifi.seal.soprafs20.controller.LocationControllerTest" time="0.017"/>
  <testcase name="updateFavoritesOfUser_invalidInput()" classname="ch.uzh.ifi.seal.soprafs20.controller.LocationControllerTest" time="0.015"/>
  <testcase name="deleteMessageFromLocation_validInput()" classname="ch.uzh.ifi.seal.soprafs20.controller.LocationControllerTest" time="0.013"/>
  <testcase name="updateRating_validInput()" classname="ch.uzh.ifi.seal.soprafs20.controller.LocationControllerTest" time="0.013"/>
  <testcase name="getFavoritesOfUser_validInput()" classname="ch.uzh.ifi.seal.soprafs20.controller.LocationControllerTest" time="0.14"/>
  <testcase name="getChatOfLocation_validInput()" classname="ch.uzh.ifi.seal.soprafs20.controller.LocationControllerTest" time="0.033"/>
  <testcase name="createLocation_validInput()" classname="ch.uzh.ifi.seal.soprafs20.controller.LocationControllerTest" time="0.106"/>
  <testcase name="deleteFavoritesOfUser_validInput()" classname="ch.uzh.ifi.seal.soprafs20.controller.LocationControllerTest" time="0.017"/>
  <testcase name="checkIncludedRating_validInput()" classname="ch.uzh.ifi.seal.soprafs20.controller.LocationControllerTest" time="0.029"/>
  <testcase name="getAverageRating_validInput()" classname="ch.uzh.ifi.seal.soprafs20.controller.LocationControllerTest" time="0.019"/>
  <testcase name="getChatOfLocation_invalidInput()" classname="ch.uzh.ifi.seal.soprafs20.controller.LocationControllerTest" time="0.033"/>
  <testcase name="createLocation_locationAlreadyExists()" classname="ch.uzh.ifi.seal.soprafs20.controller.LocationControllerTest" time="0.055"/>
  <testcase name="postMessageToLocation_validInput()" classname="ch.uzh.ifi.seal.soprafs20.controller.LocationControllerTest" time="0.045"/>
  <testcase name="updateFavoritesOfUser_validInput()" classname="ch.uzh.ifi.seal.soprafs20.controller.LocationControllerTest" time="0.01"/>
  <testcase name="postMessageToLocation_invalidInput()" classname="ch.uzh.ifi.seal.soprafs20.controller.LocationControllerTest" time="0.016"/>
  <testcase name="getLocation_validInput()" classname="ch.uzh.ifi.seal.soprafs20.controller.LocationControllerTest" time="0.034"/>
  <testcase name="getFavoritesOfUser_invalidInput()" classname="ch.uzh.ifi.seal.soprafs20.controller.LocationControllerTest" time="0.017"/>
  <testcase name="getLocations_validInput()" classname="ch.uzh.ifi.seal.soprafs20.controller.LocationControllerTest" time="0.05"/>
  <system-out><![CDATA[2020-05-24 13:42:45.524  INFO 65584 --- [    Test worker] .b.t.a.w.s.WebMvcTestContextBootstrapper : Neither @ContextConfiguration nor @ContextHierarchy found for test class [ch.uzh.ifi.seal.soprafs20.controller.LocationControllerTest], using SpringBootContextLoader
2020-05-24 13:42:45.546  INFO 65584 --- [    Test worker] o.s.t.c.support.AbstractContextLoader    : Could not detect default resource locations for test class [ch.uzh.ifi.seal.soprafs20.controller.LocationControllerTest]: no resource found for suffixes {-context.xml, Context.groovy}.
2020-05-24 13:42:45.547  INFO 65584 --- [    Test worker] t.c.s.AnnotationConfigContextLoaderUtils : Could not detect default configuration classes for test class [ch.uzh.ifi.seal.soprafs20.controller.LocationControllerTest]: LocationControllerTest does not declare any static, non-private, non-final, nested classes annotated with @Configuration.
2020-05-24 13:42:45.552  INFO 65584 --- [    Test worker] .b.t.c.SpringBootTestContextBootstrapper : Found @SpringBootConfiguration ch.uzh.ifi.seal.soprafs20.Application for test class ch.uzh.ifi.seal.soprafs20.controller.LocationControllerTest
2020-05-24 13:42:45.561  INFO 65584 --- [    Test worker] .b.t.a.w.s.WebMvcTestContextBootstrapper : Loaded default TestExecutionListener class names from location [META-INF/spring.factories]: [org.springframework.boot.test.autoconfigure.restdocs.RestDocsTestExecutionListener, org.springframework.boot.test.autoconfigure.web.client.MockRestServiceServerResetTestExecutionListener, org.springframework.boot.test.autoconfigure.web.servlet.MockMvcPrintOnlyOnFailureTestExecutionListener, org.springframework.boot.test.autoconfigure.web.servlet.WebDriverTestExecutionListener, org.springframework.boot.test.mock.mockito.MockitoTestExecutionListener, org.springframework.boot.test.mock.mockito.ResetMocksTestExecutionListener, org.springframework.test.context.web.ServletTestExecutionListener, org.springframework.test.context.support.DirtiesContextBeforeModesTestExecutionListener, org.springframework.test.context.support.DependencyInjectionTestExecutionListener, org.springframework.test.context.support.DirtiesContextTestExecutionListener, org.springframework.test.context.transaction.TransactionalTestExecutionListener, org.springframework.test.context.jdbc.SqlScriptsTestExecutionListener, org.springframework.test.context.event.EventPublishingTestExecutionListener]
2020-05-24 13:42:45.566  INFO 65584 --- [    Test worker] .b.t.a.w.s.WebMvcTestContextBootstrapper : Using TestExecutionListeners: [org.springframework.test.context.web.ServletTestExecutionListener@7befaf2, org.springframework.test.context.support.DirtiesContextBeforeModesTestExecutionListener@3ac33cdf, org.springframework.boot.test.mock.mockito.MockitoTestExecutionListener@50d08e7a, org.springframework.boot.test.autoconfigure.SpringBootDependencyInjectionTestExecutionListener@206c0aa2, org.springframework.test.context.support.DirtiesContextTestExecutionListener@50f50d37, org.springframework.test.context.transaction.TransactionalTestExecutionListener@7373f632, org.springframework.test.context.jdbc.SqlScriptsTestExecutionListener@27840578, org.springframework.test.context.event.EventPublishingTestExecutionListener@67fd2230, org.springframework.boot.test.autoconfigure.restdocs.RestDocsTestExecutionListener@1f19074d, org.springframework.boot.test.autoconfigure.web.client.MockRestServiceServerResetTestExecutionListener@7337a0fa, org.springframework.boot.test.autoconfigure.web.servlet.MockMvcPrintOnlyOnFailureTestExecutionListener@749fd421, org.springframework.boot.test.autoconfigure.web.servlet.WebDriverTestExecutionListener@7afd8420, org.springframework.boot.test.mock.mockito.ResetMocksTestExecutionListener@2d09c75d]

  .   ____          _            __ _ _
 /\\ / ___'_ __ _ _(_)_ __  __ _ \ \ \ \
( ( )\___ | '_ | '_| | '_ \/ _` | \ \ \ \
 \\/  ___)| |_)| | | | | || (_| |  ) ) ) )
  '  |____| .__|_| |_|_| |_\__, | / / / /
 =========|_|==============|___/=/_/_/_/
 :: Spring Boot ::        (v2.2.4.RELEASE)

2020-05-24 13:42:45.648  WARN 65584 --- [    Test worker] ory$DuplicateJsonObjectContextCustomizer : 

Found multiple occurrences of org.json.JSONObject on the class path:

	jar:file:/Users/luisknufinke/.gradle/caches/modules-2/files-2.1/org.json/json/20180813/8566b2b0391d9d4479ea225645c6ed47ef17fe41/json-20180813.jar!/org/json/JSONObject.class
	jar:file:/Users/luisknufinke/.gradle/caches/modules-2/files-2.1/com.vaadin.external.google/android-json/0.0.20131108.vaadin1/fa26d351fe62a6a17f5cda1287c1c6110dec413f/android-json-0.0.20131108.vaadin1.jar!/org/json/JSONObject.class

You may wish to exclude one of them to ensure predictable runtime behavior

2020-05-24 13:42:45.657  INFO 65584 --- [    Test worker] c.u.i.s.s.c.LocationControllerTest       : Starting LocationControllerTest on Luis-MacBook-Pro.local with PID 65584 (started by luisknufinke in /Users/luisknufinke/Documents/UZH/04 - FS20/Softwarepraktikum/Know your City/SOPRA_FS20_Group19_Server)
2020-05-24 13:42:45.662  INFO 65584 --- [    Test worker] c.u.i.s.s.c.LocationControllerTest       : No active profile set, falling back to default profiles: default
2020-05-24 13:42:46.777  INFO 65584 --- [    Test worker] o.s.s.concurrent.ThreadPoolTaskExecutor  : Initializing ExecutorService 'applicationTaskExecutor'
2020-05-24 13:42:47.030  INFO 65584 --- [    Test worker] o.s.b.t.m.w.SpringBootMockServletContext : Initializing Spring TestDispatcherServlet ''
2020-05-24 13:42:47.031  INFO 65584 --- [    Test worker] o.s.t.web.servlet.TestDispatcherServlet  : Initializing Servlet ''
2020-05-24 13:42:47.049  INFO 65584 --- [    Test worker] o.s.t.web.servlet.TestDispatcherServlet  : Completed initialization in 16 ms
2020-05-24 13:42:47.094  INFO 65584 --- [    Test worker] c.u.i.s.s.c.LocationControllerTest       : Started LocationControllerTest in 1.52 seconds (JVM running for 15.839)
2020-05-24 13:42:47.121 ERROR 65584 --- [    Test worker] c.u.i.s.s.e.GlobalExceptionAdvice        : LocationNotFoundException raised:ch.uzh.ifi.seal.soprafs20.exceptions.LocationNotFoundException: This location could not be found.
2020-05-24 13:42:47.143 ERROR 65584 --- [    Test worker] c.u.i.s.s.e.GlobalExceptionAdvice        : UserNotFoundException raised:ch.uzh.ifi.seal.soprafs20.exceptions.UserNotFoundException: This user could not be found.
2020-05-24 13:42:47.618 ERROR 65584 --- [    Test worker] c.u.i.s.s.e.GlobalExceptionAdvice        : LocationNotFoundException raised:ch.uzh.ifi.seal.soprafs20.exceptions.LocationNotFoundException: This location could not be found.
2020-05-24 13:42:47.672 ERROR 65584 --- [    Test worker] c.u.i.s.s.e.GlobalExceptionAdvice        : DuplicatedLocationException raised:ch.uzh.ifi.seal.soprafs20.exceptions.DuplicatedLocationException: This location already exists.
2020-05-24 13:42:47.778 ERROR 65584 --- [    Test worker] c.u.i.s.s.e.GlobalExceptionAdvice        : LocationNotFoundException raised:ch.uzh.ifi.seal.soprafs20.exceptions.LocationNotFoundException: This location could not be found.
2020-05-24 13:42:47.829 ERROR 65584 --- [    Test worker] c.u.i.s.s.e.GlobalExceptionAdvice        : UserNotFoundException raised:ch.uzh.ifi.seal.soprafs20.exceptions.UserNotFoundException: This user could not be found.
]]></system-out>
  <system-err><![CDATA[]]></system-err>
</testsuite>
