<?xml version="1.0" encoding="UTF-8"?>
<testsuite name="ch.uzh.ifi.seal.soprafs20.service.UserServiceIntegrationTest" tests="10" skipped="0" failures="0" errors="0" timestamp="2020-05-20T16:02:09" hostname="vpn-10-21-26-017.uzh.ch" time="4.284">
  <properties/>
  <testcase name="friendsPostMessageAndReadMessage_success()" classname="ch.uzh.ifi.seal.soprafs20.service.UserServiceIntegrationTest" time="0.967"/>
  <testcase name="addFriendAndDeleteFriend_success()" classname="ch.uzh.ifi.seal.soprafs20.service.UserServiceIntegrationTest" time="0.583"/>
  <testcase name="createUser_validInputs_success()" classname="ch.uzh.ifi.seal.soprafs20.service.UserServiceIntegrationTest" time="0.167"/>
  <testcase name="createUser_duplicateUsername_throwsException()" classname="ch.uzh.ifi.seal.soprafs20.service.UserServiceIntegrationTest" time="0.21"/>
  <testcase name="checkForLogin_validInputs_success()" classname="ch.uzh.ifi.seal.soprafs20.service.UserServiceIntegrationTest" time="0.263"/>
  <testcase name="checkForLogin_duplicateUsername_throwsException()" classname="ch.uzh.ifi.seal.soprafs20.service.UserServiceIntegrationTest" time="0.226"/>
  <testcase name="checkForLogin_wrongPassword_throwsException()" classname="ch.uzh.ifi.seal.soprafs20.service.UserServiceIntegrationTest" time="0.303"/>
  <testcase name="checkForLogout_success()" classname="ch.uzh.ifi.seal.soprafs20.service.UserServiceIntegrationTest" time="0.327"/>
  <testcase name="friendsPostAndDeleteMessage_success()" classname="ch.uzh.ifi.seal.soprafs20.service.UserServiceIntegrationTest" time="0.874"/>
  <testcase name="changeCredentials_validInputs_success()" classname="ch.uzh.ifi.seal.soprafs20.service.UserServiceIntegrationTest" time="0.342"/>
  <system-out><![CDATA[2020-05-20 18:02:09.296  INFO 57268 --- [    Test worker] .b.t.c.SpringBootTestContextBootstrapper : Neither @ContextConfiguration nor @ContextHierarchy found for test class [ch.uzh.ifi.seal.soprafs20.service.UserServiceIntegrationTest], using SpringBootContextLoader
2020-05-20 18:02:09.297  INFO 57268 --- [    Test worker] o.s.t.c.support.AbstractContextLoader    : Could not detect default resource locations for test class [ch.uzh.ifi.seal.soprafs20.service.UserServiceIntegrationTest]: no resource found for suffixes {-context.xml, Context.groovy}.
2020-05-20 18:02:09.298  INFO 57268 --- [    Test worker] t.c.s.AnnotationConfigContextLoaderUtils : Could not detect default configuration classes for test class [ch.uzh.ifi.seal.soprafs20.service.UserServiceIntegrationTest]: UserServiceIntegrationTest does not declare any static, non-private, non-final, nested classes annotated with @Configuration.
2020-05-20 18:02:09.303  INFO 57268 --- [    Test worker] .b.t.c.SpringBootTestContextBootstrapper : Found @SpringBootConfiguration ch.uzh.ifi.seal.soprafs20.Application for test class ch.uzh.ifi.seal.soprafs20.service.UserServiceIntegrationTest
2020-05-20 18:02:09.308  INFO 57268 --- [    Test worker] .b.t.c.SpringBootTestContextBootstrapper : Loaded default TestExecutionListener class names from location [META-INF/spring.factories]: [org.springframework.boot.test.autoconfigure.restdocs.RestDocsTestExecutionListener, org.springframework.boot.test.autoconfigure.web.client.MockRestServiceServerResetTestExecutionListener, org.springframework.boot.test.autoconfigure.web.servlet.MockMvcPrintOnlyOnFailureTestExecutionListener, org.springframework.boot.test.autoconfigure.web.servlet.WebDriverTestExecutionListener, org.springframework.boot.test.mock.mockito.MockitoTestExecutionListener, org.springframework.boot.test.mock.mockito.ResetMocksTestExecutionListener, org.springframework.test.context.web.ServletTestExecutionListener, org.springframework.test.context.support.DirtiesContextBeforeModesTestExecutionListener, org.springframework.test.context.support.DependencyInjectionTestExecutionListener, org.springframework.test.context.support.DirtiesContextTestExecutionListener, org.springframework.test.context.transaction.TransactionalTestExecutionListener, org.springframework.test.context.jdbc.SqlScriptsTestExecutionListener, org.springframework.test.context.event.EventPublishingTestExecutionListener]
2020-05-20 18:02:09.308  INFO 57268 --- [    Test worker] .b.t.c.SpringBootTestContextBootstrapper : Using TestExecutionListeners: [org.springframework.test.context.web.ServletTestExecutionListener@38ccd8f5, org.springframework.test.context.support.DirtiesContextBeforeModesTestExecutionListener@48a94311, org.springframework.boot.test.mock.mockito.MockitoTestExecutionListener@5579c16e, org.springframework.boot.test.autoconfigure.SpringBootDependencyInjectionTestExecutionListener@9fd722e, org.springframework.test.context.support.DirtiesContextTestExecutionListener@57280894, org.springframework.test.context.transaction.TransactionalTestExecutionListener@559b68ab, org.springframework.test.context.jdbc.SqlScriptsTestExecutionListener@4ef2b1c7, org.springframework.test.context.event.EventPublishingTestExecutionListener@2c7cc635, org.springframework.boot.test.autoconfigure.restdocs.RestDocsTestExecutionListener@3b870786, org.springframework.boot.test.autoconfigure.web.client.MockRestServiceServerResetTestExecutionListener@3557fe6d, org.springframework.boot.test.autoconfigure.web.servlet.MockMvcPrintOnlyOnFailureTestExecutionListener@6e701d89, org.springframework.boot.test.autoconfigure.web.servlet.WebDriverTestExecutionListener@24f7231c, org.springframework.boot.test.mock.mockito.ResetMocksTestExecutionListener@27cfab33]
2020-05-20 18:02:09.315  INFO 57268 --- [    Test worker] org.mongodb.driver.cluster               : Cluster created with settings {hosts=[127.0.0.1:27017], srvHost=knowyourcity-ijzn3.gcp.mongodb.net, mode=MULTIPLE, requiredClusterType=REPLICA_SET, serverSelectionTimeout='30000 ms', maxWaitQueueSize=500, requiredReplicaSetName='KnowYourCity-shard-0'}
2020-05-20 18:02:09.320  INFO 57268 --- [    Test worker] f.a.AutowiredAnnotationBeanPostProcessor : Autowired annotation is not supported on static fields: static com.mongodb.client.MongoClient ch.uzh.ifi.seal.soprafs20.service.UserServiceIntegrationTest.mongoClient
2020-05-20 18:02:09.321  INFO 57268 --- [    Test worker] f.a.AutowiredAnnotationBeanPostProcessor : Autowired annotation is not supported on static fields: static com.mongodb.client.MongoDatabase ch.uzh.ifi.seal.soprafs20.service.UserServiceIntegrationTest.usersDevelopment
2020-05-20 18:02:09.321  INFO 57268 --- [    Test worker] f.a.AutowiredAnnotationBeanPostProcessor : Autowired annotation is not supported on static fields: static com.mongodb.client.MongoCollection ch.uzh.ifi.seal.soprafs20.service.UserServiceIntegrationTest.usersCollection
2020-05-20 18:02:09.321  INFO 57268 --- [    Test worker] f.a.AutowiredAnnotationBeanPostProcessor : Autowired annotation is not supported on static fields: static com.mongodb.client.MongoDatabase ch.uzh.ifi.seal.soprafs20.service.UserServiceIntegrationTest.locationChats
2020-05-20 18:02:09.321  INFO 57268 --- [    Test worker] f.a.AutowiredAnnotationBeanPostProcessor : Autowired annotation is not supported on static fields: static com.mongodb.client.MongoCollection ch.uzh.ifi.seal.soprafs20.service.UserServiceIntegrationTest.friendsChatsCollection
2020-05-20 18:02:09.324  INFO 57268 --- [gcp.mongodb.net] org.mongodb.driver.cluster               : Adding discovered server knowyourcity-shard-00-02-ijzn3.gcp.mongodb.net:27017 to client view of cluster
2020-05-20 18:02:09.331  INFO 57268 --- [gcp.mongodb.net] org.mongodb.driver.cluster               : Adding discovered server knowyourcity-shard-00-01-ijzn3.gcp.mongodb.net:27017 to client view of cluster
2020-05-20 18:02:09.332  INFO 57268 --- [gcp.mongodb.net] org.mongodb.driver.cluster               : Adding discovered server knowyourcity-shard-00-00-ijzn3.gcp.mongodb.net:27017 to client view of cluster
2020-05-20 18:02:09.417  INFO 57268 --- [ngodb.net:27017] org.mongodb.driver.connection            : Opened connection [connectionId{localValue:36, serverValue:446103}] to knowyourcity-shard-00-02-ijzn3.gcp.mongodb.net:27017
2020-05-20 18:02:09.419  INFO 57268 --- [ngodb.net:27017] org.mongodb.driver.connection            : Opened connection [connectionId{localValue:38, serverValue:446798}] to knowyourcity-shard-00-00-ijzn3.gcp.mongodb.net:27017
2020-05-20 18:02:09.436  INFO 57268 --- [ngodb.net:27017] org.mongodb.driver.cluster               : Monitor thread successfully connected to server with description ServerDescription{address=knowyourcity-shard-00-02-ijzn3.gcp.mongodb.net:27017, type=REPLICA_SET_SECONDARY, state=CONNECTED, ok=true, version=ServerVersion{versionList=[4, 2, 6]}, minWireVersion=0, maxWireVersion=8, maxDocumentSize=16777216, logicalSessionTimeoutMinutes=30, roundTripTimeNanos=19011023, setName='KnowYourCity-shard-0', canonicalAddress=knowyourcity-shard-00-02-ijzn3.gcp.mongodb.net:27017, hosts=[knowyourcity-shard-00-00-ijzn3.gcp.mongodb.net:27017, knowyourcity-shard-00-02-ijzn3.gcp.mongodb.net:27017, knowyourcity-shard-00-01-ijzn3.gcp.mongodb.net:27017], passives=[], arbiters=[], primary='knowyourcity-shard-00-01-ijzn3.gcp.mongodb.net:27017', tagSet=TagSet{[Tag{name='nodeType', value='ELECTABLE'}, Tag{name='provider', value='GCP'}, Tag{name='region', value='WESTERN_EUROPE'}]}, electionId=null, setVersion=3, lastWriteDate=Wed May 20 18:02:09 CEST 2020, lastUpdateTimeNanos=533550682995973}
2020-05-20 18:02:09.438  INFO 57268 --- [ngodb.net:27017] org.mongodb.driver.cluster               : Monitor thread successfully connected to server with description ServerDescription{address=knowyourcity-shard-00-00-ijzn3.gcp.mongodb.net:27017, type=REPLICA_SET_SECONDARY, state=CONNECTED, ok=true, version=ServerVersion{versionList=[4, 2, 6]}, minWireVersion=0, maxWireVersion=8, maxDocumentSize=16777216, logicalSessionTimeoutMinutes=30, roundTripTimeNanos=18783741, setName='KnowYourCity-shard-0', canonicalAddress=knowyourcity-shard-00-00-ijzn3.gcp.mongodb.net:27017, hosts=[knowyourcity-shard-00-00-ijzn3.gcp.mongodb.net:27017, knowyourcity-shard-00-02-ijzn3.gcp.mongodb.net:27017, knowyourcity-shard-00-01-ijzn3.gcp.mongodb.net:27017], passives=[], arbiters=[], primary='knowyourcity-shard-00-01-ijzn3.gcp.mongodb.net:27017', tagSet=TagSet{[Tag{name='nodeType', value='ELECTABLE'}, Tag{name='provider', value='GCP'}, Tag{name='region', value='WESTERN_EUROPE'}]}, electionId=null, setVersion=3, lastWriteDate=Wed May 20 18:02:09 CEST 2020, lastUpdateTimeNanos=533550684922747}
2020-05-20 18:02:09.442  INFO 57268 --- [ngodb.net:27017] org.mongodb.driver.connection            : Opened connection [connectionId{localValue:37, serverValue:522095}] to knowyourcity-shard-00-01-ijzn3.gcp.mongodb.net:27017
2020-05-20 18:02:09.462  INFO 57268 --- [ngodb.net:27017] org.mongodb.driver.cluster               : Monitor thread successfully connected to server with description ServerDescription{address=knowyourcity-shard-00-01-ijzn3.gcp.mongodb.net:27017, type=REPLICA_SET_PRIMARY, state=CONNECTED, ok=true, version=ServerVersion{versionList=[4, 2, 6]}, minWireVersion=0, maxWireVersion=8, maxDocumentSize=16777216, logicalSessionTimeoutMinutes=30, roundTripTimeNanos=19246423, setName='KnowYourCity-shard-0', canonicalAddress=knowyourcity-shard-00-01-ijzn3.gcp.mongodb.net:27017, hosts=[knowyourcity-shard-00-00-ijzn3.gcp.mongodb.net:27017, knowyourcity-shard-00-02-ijzn3.gcp.mongodb.net:27017, knowyourcity-shard-00-01-ijzn3.gcp.mongodb.net:27017], passives=[], arbiters=[], primary='knowyourcity-shard-00-01-ijzn3.gcp.mongodb.net:27017', tagSet=TagSet{[Tag{name='nodeType', value='ELECTABLE'}, Tag{name='provider', value='GCP'}, Tag{name='region', value='WESTERN_EUROPE'}]}, electionId=7fffffff0000000000000007, setVersion=3, lastWriteDate=Wed May 20 18:02:09 CEST 2020, lastUpdateTimeNanos=533550708866047}
2020-05-20 18:02:09.462  INFO 57268 --- [ngodb.net:27017] org.mongodb.driver.cluster               : Setting max election id to 7fffffff0000000000000007 from replica set primary knowyourcity-shard-00-01-ijzn3.gcp.mongodb.net:27017
2020-05-20 18:02:09.463  INFO 57268 --- [ngodb.net:27017] org.mongodb.driver.cluster               : Setting max set version to 3 from replica set primary knowyourcity-shard-00-01-ijzn3.gcp.mongodb.net:27017
2020-05-20 18:02:09.463  INFO 57268 --- [ngodb.net:27017] org.mongodb.driver.cluster               : Discovered replica set primary knowyourcity-shard-00-01-ijzn3.gcp.mongodb.net:27017
2020-05-20 18:02:10.216  INFO 57268 --- [    Test worker] org.mongodb.driver.connection            : Opened connection [connectionId{localValue:39, serverValue:532972}] to knowyourcity-shard-00-01-ijzn3.gcp.mongodb.net:27017
]]></system-out>
  <system-err><![CDATA[]]></system-err>
</testsuite>
