<?xml version="1.0" encoding="UTF-8"?>
<testsuite name="ch.uzh.ifi.seal.soprafs20.rest.mapper.DTOMapperTest" tests="2" skipped="0" failures="0" errors="0" timestamp="2020-05-20T16:02:38" hostname="vpn-10-21-26-017.uzh.ch" time="0.001">
  <properties/>
  <testcase name="testCreateUser_fromUserPostDTO_toUser_success()" classname="ch.uzh.ifi.seal.soprafs20.rest.mapper.DTOMapperTest" time="0.001"/>
  <testcase name="testGetUser_fromUser_toUserGetDTO_success()" classname="ch.uzh.ifi.seal.soprafs20.rest.mapper.DTOMapperTest" time="0.0"/>
  <system-out><![CDATA[]]></system-out>
  <system-err><![CDATA[]]></system-err>
</testsuite>
