<?xml version="1.0" encoding="UTF-8"?>
<testsuite name="ch.uzh.ifi.seal.soprafs20.connector.UserConnectorUnitTest" tests="1" skipped="0" failures="0" errors="0" timestamp="2020-05-17T10:34:44" hostname="Luis-MacBook-Pro.local" time="2.322">
  <properties/>
  <testcase name="setOnlineStatusTest()" classname="ch.uzh.ifi.seal.soprafs20.connector.UserConnectorUnitTest" time="2.322"/>
  <system-out><![CDATA[12:34:44.244 [Test worker] INFO org.mongodb.driver.cluster - Cluster created with settings {hosts=[127.0.0.1:27017], srvHost=knowyourcity-ijzn3.gcp.mongodb.net, mode=MULTIPLE, requiredClusterType=REPLICA_SET, serverSelectionTimeout='30000 ms', maxWaitQueueSize=500, requiredReplicaSetName='KnowYourCity-shard-0'}
12:34:44.310 [cluster-ClusterId{value='5ec113442950590a8402dc2a', description='null'}-srv-knowyourcity-ijzn3.gcp.mongodb.net] INFO org.mongodb.driver.cluster - Adding discovered server knowyourcity-shard-00-02-ijzn3.gcp.mongodb.net:27017 to client view of cluster
12:34:44.494 [Test worker] INFO org.mongodb.driver.cluster - Cluster description not yet available. Waiting for 30000 ms before timing out
12:34:44.518 [cluster-ClusterId{value='5ec113442950590a8402dc2a', description='null'}-srv-knowyourcity-ijzn3.gcp.mongodb.net] INFO org.mongodb.driver.cluster - Adding discovered server knowyourcity-shard-00-01-ijzn3.gcp.mongodb.net:27017 to client view of cluster
12:34:44.523 [cluster-ClusterId{value='5ec113442950590a8402dc2a', description='null'}-srv-knowyourcity-ijzn3.gcp.mongodb.net] INFO org.mongodb.driver.cluster - Adding discovered server knowyourcity-shard-00-00-ijzn3.gcp.mongodb.net:27017 to client view of cluster
12:34:44.532 [cluster-ClusterId{value='5ec113442950590a8402dc2a', description='null'}-srv-knowyourcity-ijzn3.gcp.mongodb.net] DEBUG org.mongodb.driver.cluster - Updating cluster description to  {type=REPLICA_SET, servers=[{address=knowyourcity-shard-00-02-ijzn3.gcp.mongodb.net:27017, type=UNKNOWN, state=CONNECTING}, {address=knowyourcity-shard-00-01-ijzn3.gcp.mongodb.net:27017, type=UNKNOWN, state=CONNECTING}, {address=knowyourcity-shard-00-00-ijzn3.gcp.mongodb.net:27017, type=UNKNOWN, state=CONNECTING}]
12:34:44.539 [Test worker] INFO org.mongodb.driver.cluster - No server chosen by com.mongodb.client.internal.MongoClientDelegate$1@2810085f from cluster description ClusterDescription{type=REPLICA_SET, connectionMode=MULTIPLE, serverDescriptions=[ServerDescription{address=knowyourcity-shard-00-02-ijzn3.gcp.mongodb.net:27017, type=UNKNOWN, state=CONNECTING}, ServerDescription{address=knowyourcity-shard-00-01-ijzn3.gcp.mongodb.net:27017, type=UNKNOWN, state=CONNECTING}, ServerDescription{address=knowyourcity-shard-00-00-ijzn3.gcp.mongodb.net:27017, type=UNKNOWN, state=CONNECTING}]}. Waiting for 30000 ms before timing out
12:34:45.217 [cluster-ClusterId{value='5ec113442950590a8402dc2a', description='null'}-knowyourcity-shard-00-00-ijzn3.gcp.mongodb.net:27017] INFO org.mongodb.driver.connection - Opened connection [connectionId{localValue:2, serverValue:374326}] to knowyourcity-shard-00-00-ijzn3.gcp.mongodb.net:27017
12:34:45.217 [cluster-ClusterId{value='5ec113442950590a8402dc2a', description='null'}-knowyourcity-shard-00-01-ijzn3.gcp.mongodb.net:27017] INFO org.mongodb.driver.connection - Opened connection [connectionId{localValue:3, serverValue:444175}] to knowyourcity-shard-00-01-ijzn3.gcp.mongodb.net:27017
12:34:45.217 [cluster-ClusterId{value='5ec113442950590a8402dc2a', description='null'}-knowyourcity-shard-00-01-ijzn3.gcp.mongodb.net:27017] DEBUG org.mongodb.driver.cluster - Checking status of knowyourcity-shard-00-01-ijzn3.gcp.mongodb.net:27017
12:34:45.220 [cluster-ClusterId{value='5ec113442950590a8402dc2a', description='null'}-knowyourcity-shard-00-02-ijzn3.gcp.mongodb.net:27017] INFO org.mongodb.driver.connection - Opened connection [connectionId{localValue:1, serverValue:376253}] to knowyourcity-shard-00-02-ijzn3.gcp.mongodb.net:27017
12:34:45.220 [cluster-ClusterId{value='5ec113442950590a8402dc2a', description='null'}-knowyourcity-shard-00-02-ijzn3.gcp.mongodb.net:27017] DEBUG org.mongodb.driver.cluster - Checking status of knowyourcity-shard-00-02-ijzn3.gcp.mongodb.net:27017
12:34:45.220 [cluster-ClusterId{value='5ec113442950590a8402dc2a', description='null'}-knowyourcity-shard-00-00-ijzn3.gcp.mongodb.net:27017] DEBUG org.mongodb.driver.cluster - Checking status of knowyourcity-shard-00-00-ijzn3.gcp.mongodb.net:27017
12:34:45.266 [cluster-ClusterId{value='5ec113442950590a8402dc2a', description='null'}-knowyourcity-shard-00-01-ijzn3.gcp.mongodb.net:27017] DEBUG org.mongodb.driver.protocol.command - Sending command '{"ismaster": 1, "$db": "admin"}' with request id 7 to database admin on connection [connectionId{localValue:3, serverValue:444175}] to server knowyourcity-shard-00-01-ijzn3.gcp.mongodb.net:27017
12:34:45.267 [cluster-ClusterId{value='5ec113442950590a8402dc2a', description='null'}-knowyourcity-shard-00-00-ijzn3.gcp.mongodb.net:27017] DEBUG org.mongodb.driver.protocol.command - Sending command '{"ismaster": 1, "$db": "admin"}' with request id 9 to database admin on connection [connectionId{localValue:2, serverValue:374326}] to server knowyourcity-shard-00-00-ijzn3.gcp.mongodb.net:27017
12:34:45.268 [cluster-ClusterId{value='5ec113442950590a8402dc2a', description='null'}-knowyourcity-shard-00-02-ijzn3.gcp.mongodb.net:27017] DEBUG org.mongodb.driver.protocol.command - Sending command '{"ismaster": 1, "$db": "admin"}' with request id 8 to database admin on connection [connectionId{localValue:1, serverValue:376253}] to server knowyourcity-shard-00-02-ijzn3.gcp.mongodb.net:27017
12:34:45.288 [cluster-ClusterId{value='5ec113442950590a8402dc2a', description='null'}-knowyourcity-shard-00-01-ijzn3.gcp.mongodb.net:27017] DEBUG org.mongodb.driver.protocol.command - Execution of command with request id 7 completed successfully in 55.98 ms on connection [connectionId{localValue:3, serverValue:444175}] to server knowyourcity-shard-00-01-ijzn3.gcp.mongodb.net:27017
12:34:45.292 [cluster-ClusterId{value='5ec113442950590a8402dc2a', description='null'}-knowyourcity-shard-00-00-ijzn3.gcp.mongodb.net:27017] DEBUG org.mongodb.driver.protocol.command - Execution of command with request id 9 completed successfully in 60.02 ms on connection [connectionId{localValue:2, serverValue:374326}] to server knowyourcity-shard-00-00-ijzn3.gcp.mongodb.net:27017
12:34:45.295 [cluster-ClusterId{value='5ec113442950590a8402dc2a', description='null'}-knowyourcity-shard-00-02-ijzn3.gcp.mongodb.net:27017] DEBUG org.mongodb.driver.protocol.command - Execution of command with request id 8 completed successfully in 63.18 ms on connection [connectionId{localValue:1, serverValue:376253}] to server knowyourcity-shard-00-02-ijzn3.gcp.mongodb.net:27017
12:34:45.302 [cluster-ClusterId{value='5ec113442950590a8402dc2a', description='null'}-knowyourcity-shard-00-01-ijzn3.gcp.mongodb.net:27017] INFO org.mongodb.driver.cluster - Monitor thread successfully connected to server with description ServerDescription{address=knowyourcity-shard-00-01-ijzn3.gcp.mongodb.net:27017, type=REPLICA_SET_PRIMARY, state=CONNECTED, ok=true, version=ServerVersion{versionList=[4, 2, 6]}, minWireVersion=0, maxWireVersion=8, maxDocumentSize=16777216, logicalSessionTimeoutMinutes=30, roundTripTimeNanos=70374693, setName='KnowYourCity-shard-0', canonicalAddress=knowyourcity-shard-00-01-ijzn3.gcp.mongodb.net:27017, hosts=[knowyourcity-shard-00-00-ijzn3.gcp.mongodb.net:27017, knowyourcity-shard-00-02-ijzn3.gcp.mongodb.net:27017, knowyourcity-shard-00-01-ijzn3.gcp.mongodb.net:27017], passives=[], arbiters=[], primary='knowyourcity-shard-00-01-ijzn3.gcp.mongodb.net:27017', tagSet=TagSet{[Tag{name='nodeType', value='ELECTABLE'}, Tag{name='provider', value='GCP'}, Tag{name='region', value='WESTERN_EUROPE'}]}, electionId=7fffffff0000000000000007, setVersion=3, lastWriteDate=Sun May 17 12:34:43 CEST 2020, lastUpdateTimeNanos=463506039309527}
12:34:45.302 [cluster-ClusterId{value='5ec113442950590a8402dc2a', description='null'}-knowyourcity-shard-00-00-ijzn3.gcp.mongodb.net:27017] INFO org.mongodb.driver.cluster - Monitor thread successfully connected to server with description ServerDescription{address=knowyourcity-shard-00-00-ijzn3.gcp.mongodb.net:27017, type=REPLICA_SET_SECONDARY, state=CONNECTED, ok=true, version=ServerVersion{versionList=[4, 2, 6]}, minWireVersion=0, maxWireVersion=8, maxDocumentSize=16777216, logicalSessionTimeoutMinutes=30, roundTripTimeNanos=72446467, setName='KnowYourCity-shard-0', canonicalAddress=knowyourcity-shard-00-00-ijzn3.gcp.mongodb.net:27017, hosts=[knowyourcity-shard-00-00-ijzn3.gcp.mongodb.net:27017, knowyourcity-shard-00-02-ijzn3.gcp.mongodb.net:27017, knowyourcity-shard-00-01-ijzn3.gcp.mongodb.net:27017], passives=[], arbiters=[], primary='knowyourcity-shard-00-01-ijzn3.gcp.mongodb.net:27017', tagSet=TagSet{[Tag{name='nodeType', value='ELECTABLE'}, Tag{name='provider', value='GCP'}, Tag{name='region', value='WESTERN_EUROPE'}]}, electionId=null, setVersion=3, lastWriteDate=Sun May 17 12:34:43 CEST 2020, lastUpdateTimeNanos=463506043162557}
12:34:45.303 [cluster-ClusterId{value='5ec113442950590a8402dc2a', description='null'}-knowyourcity-shard-00-02-ijzn3.gcp.mongodb.net:27017] INFO org.mongodb.driver.cluster - Monitor thread successfully connected to server with description ServerDescription{address=knowyourcity-shard-00-02-ijzn3.gcp.mongodb.net:27017, type=REPLICA_SET_SECONDARY, state=CONNECTED, ok=true, version=ServerVersion{versionList=[4, 2, 6]}, minWireVersion=0, maxWireVersion=8, maxDocumentSize=16777216, logicalSessionTimeoutMinutes=30, roundTripTimeNanos=76047663, setName='KnowYourCity-shard-0', canonicalAddress=knowyourcity-shard-00-02-ijzn3.gcp.mongodb.net:27017, hosts=[knowyourcity-shard-00-00-ijzn3.gcp.mongodb.net:27017, knowyourcity-shard-00-02-ijzn3.gcp.mongodb.net:27017, knowyourcity-shard-00-01-ijzn3.gcp.mongodb.net:27017], passives=[], arbiters=[], primary='knowyourcity-shard-00-01-ijzn3.gcp.mongodb.net:27017', tagSet=TagSet{[Tag{name='nodeType', value='ELECTABLE'}, Tag{name='provider', value='GCP'}, Tag{name='region', value='WESTERN_EUROPE'}]}, electionId=null, setVersion=3, lastWriteDate=Sun May 17 12:34:43 CEST 2020, lastUpdateTimeNanos=463506045628587}
12:34:45.306 [cluster-ClusterId{value='5ec113442950590a8402dc2a', description='null'}-knowyourcity-shard-00-00-ijzn3.gcp.mongodb.net:27017] DEBUG org.mongodb.driver.cluster - Updating cluster description to  {type=REPLICA_SET, servers=[{address=knowyourcity-shard-00-02-ijzn3.gcp.mongodb.net:27017, type=UNKNOWN, state=CONNECTING}, {address=knowyourcity-shard-00-01-ijzn3.gcp.mongodb.net:27017, type=UNKNOWN, state=CONNECTING}, {address=knowyourcity-shard-00-00-ijzn3.gcp.mongodb.net:27017, type=REPLICA_SET_SECONDARY, TagSet{[Tag{name='nodeType', value='ELECTABLE'}, Tag{name='provider', value='GCP'}, Tag{name='region', value='WESTERN_EUROPE'}]}, roundTripTime=72.4 ms, state=CONNECTED}]
12:34:45.307 [cluster-ClusterId{value='5ec113442950590a8402dc2a', description='null'}-knowyourcity-shard-00-01-ijzn3.gcp.mongodb.net:27017] INFO org.mongodb.driver.cluster - Setting max election id to 7fffffff0000000000000007 from replica set primary knowyourcity-shard-00-01-ijzn3.gcp.mongodb.net:27017
12:34:45.307 [cluster-ClusterId{value='5ec113442950590a8402dc2a', description='null'}-knowyourcity-shard-00-01-ijzn3.gcp.mongodb.net:27017] INFO org.mongodb.driver.cluster - Setting max set version to 3 from replica set primary knowyourcity-shard-00-01-ijzn3.gcp.mongodb.net:27017
12:34:45.308 [cluster-ClusterId{value='5ec113442950590a8402dc2a', description='null'}-knowyourcity-shard-00-01-ijzn3.gcp.mongodb.net:27017] INFO org.mongodb.driver.cluster - Discovered replica set primary knowyourcity-shard-00-01-ijzn3.gcp.mongodb.net:27017
12:34:45.308 [cluster-ClusterId{value='5ec113442950590a8402dc2a', description='null'}-knowyourcity-shard-00-01-ijzn3.gcp.mongodb.net:27017] DEBUG org.mongodb.driver.cluster - Updating cluster description to  {type=REPLICA_SET, servers=[{address=knowyourcity-shard-00-02-ijzn3.gcp.mongodb.net:27017, type=UNKNOWN, state=CONNECTING}, {address=knowyourcity-shard-00-01-ijzn3.gcp.mongodb.net:27017, type=REPLICA_SET_PRIMARY, TagSet{[Tag{name='nodeType', value='ELECTABLE'}, Tag{name='provider', value='GCP'}, Tag{name='region', value='WESTERN_EUROPE'}]}, roundTripTime=70.4 ms, state=CONNECTED}, {address=knowyourcity-shard-00-00-ijzn3.gcp.mongodb.net:27017, type=REPLICA_SET_SECONDARY, TagSet{[Tag{name='nodeType', value='ELECTABLE'}, Tag{name='provider', value='GCP'}, Tag{name='region', value='WESTERN_EUROPE'}]}, roundTripTime=72.4 ms, state=CONNECTED}]
12:34:45.311 [cluster-ClusterId{value='5ec113442950590a8402dc2a', description='null'}-knowyourcity-shard-00-02-ijzn3.gcp.mongodb.net:27017] DEBUG org.mongodb.driver.cluster - Updating cluster description to  {type=REPLICA_SET, servers=[{address=knowyourcity-shard-00-02-ijzn3.gcp.mongodb.net:27017, type=REPLICA_SET_SECONDARY, TagSet{[Tag{name='nodeType', value='ELECTABLE'}, Tag{name='provider', value='GCP'}, Tag{name='region', value='WESTERN_EUROPE'}]}, roundTripTime=76.0 ms, state=CONNECTED}, {address=knowyourcity-shard-00-01-ijzn3.gcp.mongodb.net:27017, type=REPLICA_SET_PRIMARY, TagSet{[Tag{name='nodeType', value='ELECTABLE'}, Tag{name='provider', value='GCP'}, Tag{name='region', value='WESTERN_EUROPE'}]}, roundTripTime=70.4 ms, state=CONNECTED}, {address=knowyourcity-shard-00-00-ijzn3.gcp.mongodb.net:27017, type=REPLICA_SET_SECONDARY, TagSet{[Tag{name='nodeType', value='ELECTABLE'}, Tag{name='provider', value='GCP'}, Tag{name='region', value='WESTERN_EUROPE'}]}, roundTripTime=72.4 ms, state=CONNECTED}]
12:34:45.765 [Test worker] INFO org.mongodb.driver.connection - Opened connection [connectionId{localValue:4, serverValue:444175}] to knowyourcity-shard-00-01-ijzn3.gcp.mongodb.net:27017
12:34:45.827 [Test worker] DEBUG org.mongodb.driver.protocol.command - Sending command '{"find": "Users", "limit": 1, "singleBatch": true, "$db": "UsersDevelopment", "$clusterTime": {"clusterTime": {"$timestamp": {"t": 1589711683, "i": 1}}, "signature": {"hash": {"$binary": {"base64": "mc9B5zea2FMr3ywG8y3UHuImeck=", "subType": "00"}}, "keyId": 6802317058206859266}}, "lsid": {"id": {"$binary": {"base64": "Z4JJ/gBfRhuyt7wfaZNZ7g==", "subType": "04"}}}}' with request id 15 to database UsersDevelopment on connection [connectionId{localValue:4, serverValue:444175}] to server knowyourcity-shard-00-01-ijzn3.gcp.mongodb.net:27017
12:34:45.860 [Test worker] DEBUG org.mongodb.driver.protocol.command - Execution of command with request id 15 completed successfully in 36.32 ms on connection [connectionId{localValue:4, serverValue:444175}] to server knowyourcity-shard-00-01-ijzn3.gcp.mongodb.net:27017
12:34:45.954 [Test worker] INFO org.mongodb.driver.cluster - Cluster created with settings {hosts=[127.0.0.1:27017], srvHost=knowyourcity-ijzn3.gcp.mongodb.net, mode=MULTIPLE, requiredClusterType=REPLICA_SET, serverSelectionTimeout='30000 ms', maxWaitQueueSize=500, requiredReplicaSetName='KnowYourCity-shard-0'}
12:34:45.964 [cluster-ClusterId{value='5ec113452950590a8402dc2b', description='null'}-srv-knowyourcity-ijzn3.gcp.mongodb.net] INFO org.mongodb.driver.cluster - Adding discovered server knowyourcity-shard-00-02-ijzn3.gcp.mongodb.net:27017 to client view of cluster
12:34:45.965 [cluster-ClusterId{value='5ec113452950590a8402dc2b', description='null'}-srv-knowyourcity-ijzn3.gcp.mongodb.net] INFO org.mongodb.driver.cluster - Adding discovered server knowyourcity-shard-00-01-ijzn3.gcp.mongodb.net:27017 to client view of cluster
12:34:45.974 [cluster-ClusterId{value='5ec113452950590a8402dc2b', description='null'}-srv-knowyourcity-ijzn3.gcp.mongodb.net] INFO org.mongodb.driver.cluster - Adding discovered server knowyourcity-shard-00-00-ijzn3.gcp.mongodb.net:27017 to client view of cluster
12:34:45.976 [cluster-ClusterId{value='5ec113452950590a8402dc2b', description='null'}-srv-knowyourcity-ijzn3.gcp.mongodb.net] DEBUG org.mongodb.driver.cluster - Updating cluster description to  {type=REPLICA_SET, servers=[{address=knowyourcity-shard-00-02-ijzn3.gcp.mongodb.net:27017, type=UNKNOWN, state=CONNECTING}, {address=knowyourcity-shard-00-01-ijzn3.gcp.mongodb.net:27017, type=UNKNOWN, state=CONNECTING}, {address=knowyourcity-shard-00-00-ijzn3.gcp.mongodb.net:27017, type=UNKNOWN, state=CONNECTING}]
12:34:45.980 [Test worker] INFO org.mongodb.driver.cluster - No server chosen by com.mongodb.client.internal.MongoClientDelegate$1@45067a61 from cluster description ClusterDescription{type=REPLICA_SET, connectionMode=MULTIPLE, serverDescriptions=[ServerDescription{address=knowyourcity-shard-00-02-ijzn3.gcp.mongodb.net:27017, type=UNKNOWN, state=CONNECTING}, ServerDescription{address=knowyourcity-shard-00-01-ijzn3.gcp.mongodb.net:27017, type=UNKNOWN, state=CONNECTING}, ServerDescription{address=knowyourcity-shard-00-00-ijzn3.gcp.mongodb.net:27017, type=UNKNOWN, state=CONNECTING}]}. Waiting for 30000 ms before timing out
12:34:46.060 [cluster-ClusterId{value='5ec113452950590a8402dc2b', description='null'}-knowyourcity-shard-00-01-ijzn3.gcp.mongodb.net:27017] INFO org.mongodb.driver.connection - Opened connection [connectionId{localValue:6, serverValue:444175}] to knowyourcity-shard-00-01-ijzn3.gcp.mongodb.net:27017
12:34:46.060 [cluster-ClusterId{value='5ec113452950590a8402dc2b', description='null'}-knowyourcity-shard-00-01-ijzn3.gcp.mongodb.net:27017] DEBUG org.mongodb.driver.cluster - Checking status of knowyourcity-shard-00-01-ijzn3.gcp.mongodb.net:27017
12:34:46.061 [cluster-ClusterId{value='5ec113452950590a8402dc2b', description='null'}-knowyourcity-shard-00-01-ijzn3.gcp.mongodb.net:27017] DEBUG org.mongodb.driver.protocol.command - Sending command '{"ismaster": 1, "$db": "admin"}' with request id 22 to database admin on connection [connectionId{localValue:6, serverValue:444175}] to server knowyourcity-shard-00-01-ijzn3.gcp.mongodb.net:27017
12:34:46.063 [cluster-ClusterId{value='5ec113452950590a8402dc2b', description='null'}-knowyourcity-shard-00-00-ijzn3.gcp.mongodb.net:27017] INFO org.mongodb.driver.connection - Opened connection [connectionId{localValue:7, serverValue:376109}] to knowyourcity-shard-00-00-ijzn3.gcp.mongodb.net:27017
12:34:46.064 [cluster-ClusterId{value='5ec113452950590a8402dc2b', description='null'}-knowyourcity-shard-00-00-ijzn3.gcp.mongodb.net:27017] DEBUG org.mongodb.driver.cluster - Checking status of knowyourcity-shard-00-00-ijzn3.gcp.mongodb.net:27017
12:34:46.065 [cluster-ClusterId{value='5ec113452950590a8402dc2b', description='null'}-knowyourcity-shard-00-00-ijzn3.gcp.mongodb.net:27017] DEBUG org.mongodb.driver.protocol.command - Sending command '{"ismaster": 1, "$db": "admin"}' with request id 23 to database admin on connection [connectionId{localValue:7, serverValue:376109}] to server knowyourcity-shard-00-00-ijzn3.gcp.mongodb.net:27017
12:34:46.067 [cluster-ClusterId{value='5ec113452950590a8402dc2b', description='null'}-knowyourcity-shard-00-02-ijzn3.gcp.mongodb.net:27017] INFO org.mongodb.driver.connection - Opened connection [connectionId{localValue:5, serverValue:376253}] to knowyourcity-shard-00-02-ijzn3.gcp.mongodb.net:27017
12:34:46.068 [cluster-ClusterId{value='5ec113452950590a8402dc2b', description='null'}-knowyourcity-shard-00-02-ijzn3.gcp.mongodb.net:27017] DEBUG org.mongodb.driver.cluster - Checking status of knowyourcity-shard-00-02-ijzn3.gcp.mongodb.net:27017
12:34:46.069 [cluster-ClusterId{value='5ec113452950590a8402dc2b', description='null'}-knowyourcity-shard-00-02-ijzn3.gcp.mongodb.net:27017] DEBUG org.mongodb.driver.protocol.command - Sending command '{"ismaster": 1, "$db": "admin"}' with request id 24 to database admin on connection [connectionId{localValue:5, serverValue:376253}] to server knowyourcity-shard-00-02-ijzn3.gcp.mongodb.net:27017
12:34:46.078 [cluster-ClusterId{value='5ec113452950590a8402dc2b', description='null'}-knowyourcity-shard-00-01-ijzn3.gcp.mongodb.net:27017] DEBUG org.mongodb.driver.protocol.command - Execution of command with request id 22 completed successfully in 17.77 ms on connection [connectionId{localValue:6, serverValue:444175}] to server knowyourcity-shard-00-01-ijzn3.gcp.mongodb.net:27017
12:34:46.079 [cluster-ClusterId{value='5ec113452950590a8402dc2b', description='null'}-knowyourcity-shard-00-01-ijzn3.gcp.mongodb.net:27017] INFO org.mongodb.driver.cluster - Monitor thread successfully connected to server with description ServerDescription{address=knowyourcity-shard-00-01-ijzn3.gcp.mongodb.net:27017, type=REPLICA_SET_PRIMARY, state=CONNECTED, ok=true, version=ServerVersion{versionList=[4, 2, 6]}, minWireVersion=0, maxWireVersion=8, maxDocumentSize=16777216, logicalSessionTimeoutMinutes=30, roundTripTimeNanos=19028727, setName='KnowYourCity-shard-0', canonicalAddress=knowyourcity-shard-00-01-ijzn3.gcp.mongodb.net:27017, hosts=[knowyourcity-shard-00-00-ijzn3.gcp.mongodb.net:27017, knowyourcity-shard-00-02-ijzn3.gcp.mongodb.net:27017, knowyourcity-shard-00-01-ijzn3.gcp.mongodb.net:27017], passives=[], arbiters=[], primary='knowyourcity-shard-00-01-ijzn3.gcp.mongodb.net:27017', tagSet=TagSet{[Tag{name='nodeType', value='ELECTABLE'}, Tag{name='provider', value='GCP'}, Tag{name='region', value='WESTERN_EUROPE'}]}, electionId=7fffffff0000000000000007, setVersion=3, lastWriteDate=Sun May 17 12:34:43 CEST 2020, lastUpdateTimeNanos=463506828363241}
12:34:46.080 [cluster-ClusterId{value='5ec113452950590a8402dc2b', description='null'}-knowyourcity-shard-00-01-ijzn3.gcp.mongodb.net:27017] INFO org.mongodb.driver.cluster - Setting max election id to 7fffffff0000000000000007 from replica set primary knowyourcity-shard-00-01-ijzn3.gcp.mongodb.net:27017
12:34:46.081 [cluster-ClusterId{value='5ec113452950590a8402dc2b', description='null'}-knowyourcity-shard-00-01-ijzn3.gcp.mongodb.net:27017] INFO org.mongodb.driver.cluster - Setting max set version to 3 from replica set primary knowyourcity-shard-00-01-ijzn3.gcp.mongodb.net:27017
12:34:46.081 [cluster-ClusterId{value='5ec113452950590a8402dc2b', description='null'}-knowyourcity-shard-00-01-ijzn3.gcp.mongodb.net:27017] INFO org.mongodb.driver.cluster - Discovered replica set primary knowyourcity-shard-00-01-ijzn3.gcp.mongodb.net:27017
12:34:46.081 [cluster-ClusterId{value='5ec113452950590a8402dc2b', description='null'}-knowyourcity-shard-00-01-ijzn3.gcp.mongodb.net:27017] DEBUG org.mongodb.driver.cluster - Updating cluster description to  {type=REPLICA_SET, servers=[{address=knowyourcity-shard-00-02-ijzn3.gcp.mongodb.net:27017, type=UNKNOWN, state=CONNECTING}, {address=knowyourcity-shard-00-01-ijzn3.gcp.mongodb.net:27017, type=REPLICA_SET_PRIMARY, TagSet{[Tag{name='nodeType', value='ELECTABLE'}, Tag{name='provider', value='GCP'}, Tag{name='region', value='WESTERN_EUROPE'}]}, roundTripTime=19.0 ms, state=CONNECTED}, {address=knowyourcity-shard-00-00-ijzn3.gcp.mongodb.net:27017, type=UNKNOWN, state=CONNECTING}]
12:34:46.085 [cluster-ClusterId{value='5ec113452950590a8402dc2b', description='null'}-knowyourcity-shard-00-00-ijzn3.gcp.mongodb.net:27017] DEBUG org.mongodb.driver.protocol.command - Execution of command with request id 23 completed successfully in 20.18 ms on connection [connectionId{localValue:7, serverValue:376109}] to server knowyourcity-shard-00-00-ijzn3.gcp.mongodb.net:27017
12:34:46.086 [cluster-ClusterId{value='5ec113452950590a8402dc2b', description='null'}-knowyourcity-shard-00-00-ijzn3.gcp.mongodb.net:27017] INFO org.mongodb.driver.cluster - Monitor thread successfully connected to server with description ServerDescription{address=knowyourcity-shard-00-00-ijzn3.gcp.mongodb.net:27017, type=REPLICA_SET_SECONDARY, state=CONNECTED, ok=true, version=ServerVersion{versionList=[4, 2, 6]}, minWireVersion=0, maxWireVersion=8, maxDocumentSize=16777216, logicalSessionTimeoutMinutes=30, roundTripTimeNanos=21866995, setName='KnowYourCity-shard-0', canonicalAddress=knowyourcity-shard-00-00-ijzn3.gcp.mongodb.net:27017, hosts=[knowyourcity-shard-00-00-ijzn3.gcp.mongodb.net:27017, knowyourcity-shard-00-02-ijzn3.gcp.mongodb.net:27017, knowyourcity-shard-00-01-ijzn3.gcp.mongodb.net:27017], passives=[], arbiters=[], primary='knowyourcity-shard-00-01-ijzn3.gcp.mongodb.net:27017', tagSet=TagSet{[Tag{name='nodeType', value='ELECTABLE'}, Tag{name='provider', value='GCP'}, Tag{name='region', value='WESTERN_EUROPE'}]}, electionId=null, setVersion=3, lastWriteDate=Sun May 17 12:34:43 CEST 2020, lastUpdateTimeNanos=463506835081576}
12:34:46.087 [cluster-ClusterId{value='5ec113452950590a8402dc2b', description='null'}-knowyourcity-shard-00-00-ijzn3.gcp.mongodb.net:27017] DEBUG org.mongodb.driver.cluster - Updating cluster description to  {type=REPLICA_SET, servers=[{address=knowyourcity-shard-00-02-ijzn3.gcp.mongodb.net:27017, type=UNKNOWN, state=CONNECTING}, {address=knowyourcity-shard-00-01-ijzn3.gcp.mongodb.net:27017, type=REPLICA_SET_PRIMARY, TagSet{[Tag{name='nodeType', value='ELECTABLE'}, Tag{name='provider', value='GCP'}, Tag{name='region', value='WESTERN_EUROPE'}]}, roundTripTime=19.0 ms, state=CONNECTED}, {address=knowyourcity-shard-00-00-ijzn3.gcp.mongodb.net:27017, type=REPLICA_SET_SECONDARY, TagSet{[Tag{name='nodeType', value='ELECTABLE'}, Tag{name='provider', value='GCP'}, Tag{name='region', value='WESTERN_EUROPE'}]}, roundTripTime=21.9 ms, state=CONNECTED}]
12:34:46.088 [cluster-ClusterId{value='5ec113452950590a8402dc2b', description='null'}-knowyourcity-shard-00-02-ijzn3.gcp.mongodb.net:27017] DEBUG org.mongodb.driver.protocol.command - Execution of command with request id 24 completed successfully in 19.59 ms on connection [connectionId{localValue:5, serverValue:376253}] to server knowyourcity-shard-00-02-ijzn3.gcp.mongodb.net:27017
12:34:46.090 [cluster-ClusterId{value='5ec113452950590a8402dc2b', description='null'}-knowyourcity-shard-00-02-ijzn3.gcp.mongodb.net:27017] INFO org.mongodb.driver.cluster - Monitor thread successfully connected to server with description ServerDescription{address=knowyourcity-shard-00-02-ijzn3.gcp.mongodb.net:27017, type=REPLICA_SET_SECONDARY, state=CONNECTED, ok=true, version=ServerVersion{versionList=[4, 2, 6]}, minWireVersion=0, maxWireVersion=8, maxDocumentSize=16777216, logicalSessionTimeoutMinutes=30, roundTripTimeNanos=21207347, setName='KnowYourCity-shard-0', canonicalAddress=knowyourcity-shard-00-02-ijzn3.gcp.mongodb.net:27017, hosts=[knowyourcity-shard-00-00-ijzn3.gcp.mongodb.net:27017, knowyourcity-shard-00-02-ijzn3.gcp.mongodb.net:27017, knowyourcity-shard-00-01-ijzn3.gcp.mongodb.net:27017], passives=[], arbiters=[], primary='knowyourcity-shard-00-01-ijzn3.gcp.mongodb.net:27017', tagSet=TagSet{[Tag{name='nodeType', value='ELECTABLE'}, Tag{name='provider', value='GCP'}, Tag{name='region', value='WESTERN_EUROPE'}]}, electionId=null, setVersion=3, lastWriteDate=Sun May 17 12:34:43 CEST 2020, lastUpdateTimeNanos=463506838760388}
12:34:46.091 [cluster-ClusterId{value='5ec113452950590a8402dc2b', description='null'}-knowyourcity-shard-00-02-ijzn3.gcp.mongodb.net:27017] DEBUG org.mongodb.driver.cluster - Updating cluster description to  {type=REPLICA_SET, servers=[{address=knowyourcity-shard-00-02-ijzn3.gcp.mongodb.net:27017, type=REPLICA_SET_SECONDARY, TagSet{[Tag{name='nodeType', value='ELECTABLE'}, Tag{name='provider', value='GCP'}, Tag{name='region', value='WESTERN_EUROPE'}]}, roundTripTime=21.2 ms, state=CONNECTED}, {address=knowyourcity-shard-00-01-ijzn3.gcp.mongodb.net:27017, type=REPLICA_SET_PRIMARY, TagSet{[Tag{name='nodeType', value='ELECTABLE'}, Tag{name='provider', value='GCP'}, Tag{name='region', value='WESTERN_EUROPE'}]}, roundTripTime=19.0 ms, state=CONNECTED}, {address=knowyourcity-shard-00-00-ijzn3.gcp.mongodb.net:27017, type=REPLICA_SET_SECONDARY, TagSet{[Tag{name='nodeType', value='ELECTABLE'}, Tag{name='provider', value='GCP'}, Tag{name='region', value='WESTERN_EUROPE'}]}, roundTripTime=21.9 ms, state=CONNECTED}]
12:34:46.374 [Test worker] INFO org.mongodb.driver.connection - Opened connection [connectionId{localValue:8, serverValue:444175}] to knowyourcity-shard-00-01-ijzn3.gcp.mongodb.net:27017
12:34:46.378 [Test worker] DEBUG org.mongodb.driver.protocol.command - Sending command '{"find": "Users", "filter": {"userId": 26412}, "limit": 1, "singleBatch": true, "$db": "UsersDevelopment", "$clusterTime": {"clusterTime": {"$timestamp": {"t": 1589711683, "i": 1}}, "signature": {"hash": {"$binary": {"base64": "mc9B5zea2FMr3ywG8y3UHuImeck=", "subType": "00"}}, "keyId": 6802317058206859266}}, "lsid": {"id": {"$binary": {"base64": "vx4yGj0yQpaVqudxmTfsqA==", "subType": "04"}}}}' with request id 30 to database UsersDevelopment on connection [connectionId{localValue:8, serverValue:444175}] to server knowyourcity-shard-00-01-ijzn3.gcp.mongodb.net:27017
12:34:46.397 [Test worker] DEBUG org.mongodb.driver.protocol.command - Execution of command with request id 30 completed successfully in 20.63 ms on connection [connectionId{localValue:8, serverValue:444175}] to server knowyourcity-shard-00-01-ijzn3.gcp.mongodb.net:27017
12:34:46.466 [Test worker] DEBUG org.mongodb.driver.protocol.command - Sending command '{"update": "Users", "ordered": true, "writeConcern": {"w": "majority"}, "txnNumber": 1, "$db": "UsersDevelopment", "$clusterTime": {"clusterTime": {"$timestamp": {"t": 1589711683, "i": 1}}, "signature": {"hash": {"$binary": {"base64": "mc9B5zea2FMr3ywG8y3UHuImeck=", "subType": "00"}}, "keyId": 6802317058206859266}}, "lsid": {"id": {"$binary": {"base64": "vx4yGj0yQpaVqudxmTfsqA==", "subType": "04"}}}, "updates": [{"q": {"username": "Luis"}, "u": {"$set": {"online": true}}}]}' with request id 31 to database UsersDevelopment on connection [connectionId{localValue:8, serverValue:444175}] to server knowyourcity-shard-00-01-ijzn3.gcp.mongodb.net:27017
12:34:46.502 [Test worker] DEBUG org.mongodb.driver.protocol.command - Execution of command with request id 31 completed successfully in 43.00 ms on connection [connectionId{localValue:8, serverValue:444175}] to server knowyourcity-shard-00-01-ijzn3.gcp.mongodb.net:27017
12:34:46.510 [Test worker] DEBUG org.mongodb.driver.protocol.command - Sending command '{"find": "Users", "limit": 1, "singleBatch": true, "$db": "UsersDevelopment", "$clusterTime": {"clusterTime": {"$timestamp": {"t": 1589711683, "i": 1}}, "signature": {"hash": {"$binary": {"base64": "mc9B5zea2FMr3ywG8y3UHuImeck=", "subType": "00"}}, "keyId": 6802317058206859266}}, "lsid": {"id": {"$binary": {"base64": "Z4JJ/gBfRhuyt7wfaZNZ7g==", "subType": "04"}}}}' with request id 32 to database UsersDevelopment on connection [connectionId{localValue:4, serverValue:444175}] to server knowyourcity-shard-00-01-ijzn3.gcp.mongodb.net:27017
12:34:46.529 [Test worker] DEBUG org.mongodb.driver.protocol.command - Execution of command with request id 32 completed successfully in 19.17 ms on connection [connectionId{localValue:4, serverValue:444175}] to server knowyourcity-shard-00-01-ijzn3.gcp.mongodb.net:27017
12:34:46.531 [Test worker] DEBUG org.mongodb.driver.protocol.command - Sending command '{"find": "Users", "filter": {"userId": 26412}, "limit": 1, "singleBatch": true, "$db": "UsersDevelopment", "$clusterTime": {"clusterTime": {"$timestamp": {"t": 1589711683, "i": 1}}, "signature": {"hash": {"$binary": {"base64": "mc9B5zea2FMr3ywG8y3UHuImeck=", "subType": "00"}}, "keyId": 6802317058206859266}}, "lsid": {"id": {"$binary": {"base64": "vx4yGj0yQpaVqudxmTfsqA==", "subType": "04"}}}}' with request id 33 to database UsersDevelopment on connection [connectionId{localValue:8, serverValue:444175}] to server knowyourcity-shard-00-01-ijzn3.gcp.mongodb.net:27017
12:34:46.549 [Test worker] DEBUG org.mongodb.driver.protocol.command - Execution of command with request id 33 completed successfully in 18.78 ms on connection [connectionId{localValue:8, serverValue:444175}] to server knowyourcity-shard-00-01-ijzn3.gcp.mongodb.net:27017
12:34:46.563 [Test worker] DEBUG org.mongodb.driver.protocol.command - Sending command '{"update": "Users", "ordered": true, "writeConcern": {"w": "majority"}, "txnNumber": 2, "$db": "UsersDevelopment", "$clusterTime": {"clusterTime": {"$timestamp": {"t": 1589711683, "i": 1}}, "signature": {"hash": {"$binary": {"base64": "mc9B5zea2FMr3ywG8y3UHuImeck=", "subType": "00"}}, "keyId": 6802317058206859266}}, "lsid": {"id": {"$binary": {"base64": "vx4yGj0yQpaVqudxmTfsqA==", "subType": "04"}}}, "updates": [{"q": {"username": "Luis"}, "u": {"$set": {"online": false}}}]}' with request id 34 to database UsersDevelopment on connection [connectionId{localValue:8, serverValue:444175}] to server knowyourcity-shard-00-01-ijzn3.gcp.mongodb.net:27017
12:34:46.588 [Test worker] DEBUG org.mongodb.driver.protocol.command - Execution of command with request id 34 completed successfully in 26.32 ms on connection [connectionId{localValue:8, serverValue:444175}] to server knowyourcity-shard-00-01-ijzn3.gcp.mongodb.net:27017
12:34:46.591 [Test worker] DEBUG org.mongodb.driver.protocol.command - Sending command '{"find": "Users", "limit": 1, "singleBatch": true, "$db": "UsersDevelopment", "$clusterTime": {"clusterTime": {"$timestamp": {"t": 1589711683, "i": 1}}, "signature": {"hash": {"$binary": {"base64": "mc9B5zea2FMr3ywG8y3UHuImeck=", "subType": "00"}}, "keyId": 6802317058206859266}}, "lsid": {"id": {"$binary": {"base64": "Z4JJ/gBfRhuyt7wfaZNZ7g==", "subType": "04"}}}}' with request id 35 to database UsersDevelopment on connection [connectionId{localValue:4, serverValue:444175}] to server knowyourcity-shard-00-01-ijzn3.gcp.mongodb.net:27017
12:34:46.608 [Test worker] DEBUG org.mongodb.driver.protocol.command - Execution of command with request id 35 completed successfully in 18.09 ms on connection [connectionId{localValue:4, serverValue:444175}] to server knowyourcity-shard-00-01-ijzn3.gcp.mongodb.net:27017
12:34:46.611 [Test worker] DEBUG org.mongodb.driver.protocol.command - Sending command '{"find": "Users", "filter": {"userId": 26412}, "limit": 1, "singleBatch": true, "$db": "UsersDevelopment", "$clusterTime": {"clusterTime": {"$timestamp": {"t": 1589711686, "i": 1}}, "signature": {"hash": {"$binary": {"base64": "MWHjOvAOrp/87GUisWpGh1IO6sA=", "subType": "00"}}, "keyId": 6802317058206859266}}, "lsid": {"id": {"$binary": {"base64": "vx4yGj0yQpaVqudxmTfsqA==", "subType": "04"}}}}' with request id 36 to database UsersDevelopment on connection [connectionId{localValue:8, serverValue:444175}] to server knowyourcity-shard-00-01-ijzn3.gcp.mongodb.net:27017
12:34:46.630 [Test worker] DEBUG org.mongodb.driver.protocol.command - Execution of command with request id 36 completed successfully in 20.26 ms on connection [connectionId{localValue:8, serverValue:444175}] to server knowyourcity-shard-00-01-ijzn3.gcp.mongodb.net:27017
]]></system-out>
  <system-err><![CDATA[]]></system-err>
</testsuite>
