<?xml version="1.0" encoding="UTF-8"?>
<testsuite name="ch.uzh.ifi.seal.soprafs20.service.LocationServiceIntegrationTest" tests="1" skipped="0" failures="0" errors="0" timestamp="2020-05-14T14:58:10" hostname="DESKTOP-AV0HG10" time="12.676">
  <properties/>
  <testcase name="createLocation_Toilets_validInputs_success()" classname="ch.uzh.ifi.seal.soprafs20.service.LocationServiceIntegrationTest" time="12.676"/>
  <system-out><![CDATA[16:57:54.810 [Test worker] DEBUG org.springframework.test.context.BootstrapUtils - Instantiating CacheAwareContextLoaderDelegate from class [org.springframework.test.context.cache.DefaultCacheAwareContextLoaderDelegate]
16:57:55.064 [Test worker] DEBUG org.springframework.test.context.BootstrapUtils - Instantiating BootstrapContext using constructor [public org.springframework.test.context.support.DefaultBootstrapContext(java.lang.Class,org.springframework.test.context.CacheAwareContextLoaderDelegate)]
16:57:55.337 [Test worker] DEBUG org.springframework.test.context.BootstrapUtils - Instantiating TestContextBootstrapper for test class [ch.uzh.ifi.seal.soprafs20.service.LocationServiceIntegrationTest] from class [org.springframework.boot.test.context.SpringBootTestContextBootstrapper]
16:57:55.434 [Test worker] INFO org.springframework.boot.test.context.SpringBootTestContextBootstrapper - Neither @ContextConfiguration nor @ContextHierarchy found for test class [ch.uzh.ifi.seal.soprafs20.service.LocationServiceIntegrationTest], using SpringBootContextLoader
16:57:55.468 [Test worker] DEBUG org.springframework.test.context.support.AbstractContextLoader - Did not detect default resource location for test class [ch.uzh.ifi.seal.soprafs20.service.LocationServiceIntegrationTest]: class path resource [ch/uzh/ifi/seal/soprafs20/service/LocationServiceIntegrationTest-context.xml] does not exist
16:57:55.517 [Test worker] DEBUG org.springframework.test.context.support.AbstractContextLoader - Did not detect default resource location for test class [ch.uzh.ifi.seal.soprafs20.service.LocationServiceIntegrationTest]: class path resource [ch/uzh/ifi/seal/soprafs20/service/LocationServiceIntegrationTestContext.groovy] does not exist
16:57:55.521 [Test worker] INFO org.springframework.test.context.support.AbstractContextLoader - Could not detect default resource locations for test class [ch.uzh.ifi.seal.soprafs20.service.LocationServiceIntegrationTest]: no resource found for suffixes {-context.xml, Context.groovy}.
16:57:55.529 [Test worker] INFO org.springframework.test.context.support.AnnotationConfigContextLoaderUtils - Could not detect default configuration classes for test class [ch.uzh.ifi.seal.soprafs20.service.LocationServiceIntegrationTest]: LocationServiceIntegrationTest does not declare any static, non-private, non-final, nested classes annotated with @Configuration.
16:57:56.237 [Test worker] DEBUG org.springframework.test.context.support.ActiveProfilesUtils - Could not find an 'annotation declaring class' for annotation type [org.springframework.test.context.ActiveProfiles] and class [ch.uzh.ifi.seal.soprafs20.service.LocationServiceIntegrationTest]
16:57:57.154 [Test worker] DEBUG org.springframework.context.annotation.ClassPathScanningCandidateComponentProvider - Identified candidate component class: file [C:\Users\macha\Documents\Semester 4\SoPra\Know_Your_City\Projekt_Server\SOPRA_FS20_Group19_Server\build\classes\java\main\ch\uzh\ifi\seal\soprafs20\Application.class]
16:57:57.172 [Test worker] INFO org.springframework.boot.test.context.SpringBootTestContextBootstrapper - Found @SpringBootConfiguration ch.uzh.ifi.seal.soprafs20.Application for test class ch.uzh.ifi.seal.soprafs20.service.LocationServiceIntegrationTest
16:57:58.081 [Test worker] DEBUG org.springframework.boot.test.context.SpringBootTestContextBootstrapper - @TestExecutionListeners is not present for class [ch.uzh.ifi.seal.soprafs20.service.LocationServiceIntegrationTest]: using defaults.
16:57:58.084 [Test worker] INFO org.springframework.boot.test.context.SpringBootTestContextBootstrapper - Loaded default TestExecutionListener class names from location [META-INF/spring.factories]: [org.springframework.boot.test.autoconfigure.restdocs.RestDocsTestExecutionListener, org.springframework.boot.test.autoconfigure.web.client.MockRestServiceServerResetTestExecutionListener, org.springframework.boot.test.autoconfigure.web.servlet.MockMvcPrintOnlyOnFailureTestExecutionListener, org.springframework.boot.test.autoconfigure.web.servlet.WebDriverTestExecutionListener, org.springframework.boot.test.mock.mockito.MockitoTestExecutionListener, org.springframework.boot.test.mock.mockito.ResetMocksTestExecutionListener, org.springframework.test.context.web.ServletTestExecutionListener, org.springframework.test.context.support.DirtiesContextBeforeModesTestExecutionListener, org.springframework.test.context.support.DependencyInjectionTestExecutionListener, org.springframework.test.context.support.DirtiesContextTestExecutionListener, org.springframework.test.context.transaction.TransactionalTestExecutionListener, org.springframework.test.context.jdbc.SqlScriptsTestExecutionListener, org.springframework.test.context.event.EventPublishingTestExecutionListener]
16:57:58.235 [Test worker] INFO org.springframework.boot.test.context.SpringBootTestContextBootstrapper - Using TestExecutionListeners: [org.springframework.test.context.web.ServletTestExecutionListener@3ca92d8f, org.springframework.test.context.support.DirtiesContextBeforeModesTestExecutionListener@69e6de30, org.springframework.boot.test.mock.mockito.MockitoTestExecutionListener@14bc81da, org.springframework.boot.test.autoconfigure.SpringBootDependencyInjectionTestExecutionListener@1814c5b3, org.springframework.test.context.support.DirtiesContextTestExecutionListener@6d24566b, org.springframework.test.context.transaction.TransactionalTestExecutionListener@326c02a1, org.springframework.test.context.jdbc.SqlScriptsTestExecutionListener@422ef767, org.springframework.test.context.event.EventPublishingTestExecutionListener@7ca99bcc, org.springframework.boot.test.autoconfigure.restdocs.RestDocsTestExecutionListener@33f11d3c, org.springframework.boot.test.autoconfigure.web.client.MockRestServiceServerResetTestExecutionListener@615a68e9, org.springframework.boot.test.autoconfigure.web.servlet.MockMvcPrintOnlyOnFailureTestExecutionListener@54fa2e6a, org.springframework.boot.test.autoconfigure.web.servlet.WebDriverTestExecutionListener@643db8c2, org.springframework.boot.test.mock.mockito.ResetMocksTestExecutionListener@5f9e5184]
16:57:58.268 [Test worker] DEBUG org.springframework.test.context.support.AbstractDirtiesContextTestExecutionListener - Before test class: context [DefaultTestContext@6900a703 testClass = LocationServiceIntegrationTest, testInstance = [null], testMethod = [null], testException = [null], mergedContextConfiguration = [WebMergedContextConfiguration@39af9694 testClass = LocationServiceIntegrationTest, locations = '{}', classes = '{class ch.uzh.ifi.seal.soprafs20.Application}', contextInitializerClasses = '[]', activeProfiles = '{}', propertySourceLocations = '{}', propertySourceProperties = '{org.springframework.boot.test.context.SpringBootTestContextBootstrapper=true}', contextCustomizers = set[org.springframework.boot.test.autoconfigure.properties.PropertyMappingContextCustomizer@0, org.springframework.boot.test.autoconfigure.web.servlet.WebDriverContextCustomizerFactory$Customizer@4778f7b3, org.springframework.boot.test.context.filter.ExcludeFilterContextCustomizer@1756ca2c, org.springframework.boot.test.json.DuplicateJsonObjectContextCustomizerFactory$DuplicateJsonObjectContextCustomizer@366925e6, org.springframework.boot.test.mock.mockito.MockitoContextCustomizer@0, org.springframework.boot.test.web.client.TestRestTemplateContextCustomizer@74584b26, org.springframework.test.context.web.socket.MockServerContainerContextCustomizer@25c0f1bf], resourceBasePath = 'src/main/webapp', contextLoader = 'org.springframework.boot.test.context.SpringBootContextLoader', parent = [null]], attributes = map['org.springframework.test.context.web.ServletTestExecutionListener.activateListener' -> true]], class annotated with @DirtiesContext [false] with mode [null].
16:57:59.037 [Test worker] INFO org.mongodb.driver.cluster - Cluster created with settings {hosts=[127.0.0.1:27017], srvHost=knowyourcity-ijzn3.gcp.mongodb.net, mode=MULTIPLE, requiredClusterType=REPLICA_SET, serverSelectionTimeout='30000 ms', maxWaitQueueSize=500, requiredReplicaSetName='KnowYourCity-shard-0'}
16:57:59.134 [cluster-ClusterId{value='5ebd5c760237b21de4009959', description='null'}-srv-knowyourcity-ijzn3.gcp.mongodb.net] INFO org.mongodb.driver.cluster - Adding discovered server knowyourcity-shard-00-02-ijzn3.gcp.mongodb.net:27017 to client view of cluster
16:57:59.230 [Test worker] DEBUG org.springframework.test.context.support.TestPropertySourceUtils - Adding inlined properties to environment: {spring.jmx.enabled=false, org.springframework.boot.test.context.SpringBootTestContextBootstrapper=true, server.port=-1}
16:57:59.270 [cluster-ClusterId{value='5ebd5c760237b21de4009959', description='null'}-srv-knowyourcity-ijzn3.gcp.mongodb.net] INFO org.mongodb.driver.cluster - Adding discovered server knowyourcity-shard-00-01-ijzn3.gcp.mongodb.net:27017 to client view of cluster
16:57:59.277 [cluster-ClusterId{value='5ebd5c760237b21de4009959', description='null'}-srv-knowyourcity-ijzn3.gcp.mongodb.net] INFO org.mongodb.driver.cluster - Adding discovered server knowyourcity-shard-00-00-ijzn3.gcp.mongodb.net:27017 to client view of cluster
16:57:59.282 [cluster-ClusterId{value='5ebd5c760237b21de4009959', description='null'}-srv-knowyourcity-ijzn3.gcp.mongodb.net] DEBUG org.mongodb.driver.cluster - Updating cluster description to  {type=REPLICA_SET, servers=[{address=knowyourcity-shard-00-02-ijzn3.gcp.mongodb.net:27017, type=UNKNOWN, state=CONNECTING}, {address=knowyourcity-shard-00-01-ijzn3.gcp.mongodb.net:27017, type=UNKNOWN, state=CONNECTING}, {address=knowyourcity-shard-00-00-ijzn3.gcp.mongodb.net:27017, type=UNKNOWN, state=CONNECTING}]

  .   ____          _            __ _ _
 /\\ / ___'_ __ _ _(_)_ __  __ _ \ \ \ \
( ( )\___ | '_ | '_| | '_ \/ _` | \ \ \ \
 \\/  ___)| |_)| | | | | || (_| |  ) ) ) )
  '  |____| .__|_| |_|_| |_\__, | / / / /
 =========|_|==============|___/=/_/_/_/
 :: Spring Boot ::        (v2.2.4.RELEASE)

2020-05-14 16:58:00.996  INFO 2212 --- [ngodb.net:27017] org.mongodb.driver.connection            : Opened connection [connectionId{localValue:1, serverValue:308886}] to knowyourcity-shard-00-02-ijzn3.gcp.mongodb.net:27017
2020-05-14 16:58:01.005  INFO 2212 --- [ngodb.net:27017] org.mongodb.driver.connection            : Opened connection [connectionId{localValue:2, serverValue:367640}] to knowyourcity-shard-00-01-ijzn3.gcp.mongodb.net:27017
2020-05-14 16:58:00.997  INFO 2212 --- [ngodb.net:27017] org.mongodb.driver.connection            : Opened connection [connectionId{localValue:3, serverValue:315942}] to knowyourcity-shard-00-00-ijzn3.gcp.mongodb.net:27017
2020-05-14 16:58:01.071  INFO 2212 --- [ngodb.net:27017] org.mongodb.driver.cluster               : Monitor thread successfully connected to server with description ServerDescription{address=knowyourcity-shard-00-01-ijzn3.gcp.mongodb.net:27017, type=REPLICA_SET_PRIMARY, state=CONNECTED, ok=true, version=ServerVersion{versionList=[4, 2, 6]}, minWireVersion=0, maxWireVersion=8, maxDocumentSize=16777216, logicalSessionTimeoutMinutes=30, roundTripTimeNanos=56920386, setName='KnowYourCity-shard-0', canonicalAddress=knowyourcity-shard-00-01-ijzn3.gcp.mongodb.net:27017, hosts=[knowyourcity-shard-00-00-ijzn3.gcp.mongodb.net:27017, knowyourcity-shard-00-02-ijzn3.gcp.mongodb.net:27017, knowyourcity-shard-00-01-ijzn3.gcp.mongodb.net:27017], passives=[], arbiters=[], primary='knowyourcity-shard-00-01-ijzn3.gcp.mongodb.net:27017', tagSet=TagSet{[Tag{name='nodeType', value='ELECTABLE'}, Tag{name='provider', value='GCP'}, Tag{name='region', value='WESTERN_EUROPE'}]}, electionId=7fffffff0000000000000007, setVersion=3, lastWriteDate=Thu May 14 16:57:55 CEST 2020, lastUpdateTimeNanos=2512514587165029}
2020-05-14 16:58:01.077  INFO 2212 --- [ngodb.net:27017] org.mongodb.driver.cluster               : Monitor thread successfully connected to server with description ServerDescription{address=knowyourcity-shard-00-02-ijzn3.gcp.mongodb.net:27017, type=REPLICA_SET_SECONDARY, state=CONNECTED, ok=true, version=ServerVersion{versionList=[4, 2, 6]}, minWireVersion=0, maxWireVersion=8, maxDocumentSize=16777216, logicalSessionTimeoutMinutes=30, roundTripTimeNanos=54916940, setName='KnowYourCity-shard-0', canonicalAddress=knowyourcity-shard-00-02-ijzn3.gcp.mongodb.net:27017, hosts=[knowyourcity-shard-00-00-ijzn3.gcp.mongodb.net:27017, knowyourcity-shard-00-02-ijzn3.gcp.mongodb.net:27017, knowyourcity-shard-00-01-ijzn3.gcp.mongodb.net:27017], passives=[], arbiters=[], primary='knowyourcity-shard-00-01-ijzn3.gcp.mongodb.net:27017', tagSet=TagSet{[Tag{name='nodeType', value='ELECTABLE'}, Tag{name='provider', value='GCP'}, Tag{name='region', value='WESTERN_EUROPE'}]}, electionId=null, setVersion=3, lastWriteDate=Thu May 14 16:57:55 CEST 2020, lastUpdateTimeNanos=2512514576989589}
2020-05-14 16:58:01.081  INFO 2212 --- [ngodb.net:27017] org.mongodb.driver.cluster               : Setting max election id to 7fffffff0000000000000007 from replica set primary knowyourcity-shard-00-01-ijzn3.gcp.mongodb.net:27017
2020-05-14 16:58:01.082  INFO 2212 --- [ngodb.net:27017] org.mongodb.driver.cluster               : Setting max set version to 3 from replica set primary knowyourcity-shard-00-01-ijzn3.gcp.mongodb.net:27017
2020-05-14 16:58:01.082  INFO 2212 --- [ngodb.net:27017] org.mongodb.driver.cluster               : Discovered replica set primary knowyourcity-shard-00-01-ijzn3.gcp.mongodb.net:27017
2020-05-14 16:58:01.080  INFO 2212 --- [ngodb.net:27017] org.mongodb.driver.cluster               : Monitor thread successfully connected to server with description ServerDescription{address=knowyourcity-shard-00-00-ijzn3.gcp.mongodb.net:27017, type=REPLICA_SET_SECONDARY, state=CONNECTED, ok=true, version=ServerVersion{versionList=[4, 2, 6]}, minWireVersion=0, maxWireVersion=8, maxDocumentSize=16777216, logicalSessionTimeoutMinutes=30, roundTripTimeNanos=54634887, setName='KnowYourCity-shard-0', canonicalAddress=knowyourcity-shard-00-00-ijzn3.gcp.mongodb.net:27017, hosts=[knowyourcity-shard-00-00-ijzn3.gcp.mongodb.net:27017, knowyourcity-shard-00-02-ijzn3.gcp.mongodb.net:27017, knowyourcity-shard-00-01-ijzn3.gcp.mongodb.net:27017], passives=[], arbiters=[], primary='knowyourcity-shard-00-01-ijzn3.gcp.mongodb.net:27017', tagSet=TagSet{[Tag{name='nodeType', value='ELECTABLE'}, Tag{name='provider', value='GCP'}, Tag{name='region', value='WESTERN_EUROPE'}]}, electionId=null, setVersion=3, lastWriteDate=Thu May 14 16:57:55 CEST 2020, lastUpdateTimeNanos=2512514585036980}
2020-05-14 16:58:01.110  WARN 2212 --- [    Test worker] ory$DuplicateJsonObjectContextCustomizer : 

Found multiple occurrences of org.json.JSONObject on the class path:

	jar:file:/C:/Users/macha/.gradle/caches/modules-2/files-2.1/org.json/json/20180813/8566b2b0391d9d4479ea225645c6ed47ef17fe41/json-20180813.jar!/org/json/JSONObject.class
	jar:file:/C:/Users/macha/.gradle/caches/modules-2/files-2.1/com.vaadin.external.google/android-json/0.0.20131108.vaadin1/fa26d351fe62a6a17f5cda1287c1c6110dec413f/android-json-0.0.20131108.vaadin1.jar!/org/json/JSONObject.class

You may wish to exclude one of them to ensure predictable runtime behavior

2020-05-14 16:58:01.199  INFO 2212 --- [    Test worker] u.i.s.s.s.LocationServiceIntegrationTest : Starting LocationServiceIntegrationTest on DESKTOP-AV0HG10 with PID 2212 (started by macha in C:\Users\macha\Documents\Semester 4\SoPra\Know_Your_City\Projekt_Server\SOPRA_FS20_Group19_Server)
2020-05-14 16:58:01.203  INFO 2212 --- [    Test worker] u.i.s.s.s.LocationServiceIntegrationTest : No active profile set, falling back to default profiles: default
2020-05-14 16:58:04.081  INFO 2212 --- [    Test worker] .s.d.r.c.RepositoryConfigurationDelegate : Bootstrapping Spring Data JPA repositories in DEFAULT mode.
2020-05-14 16:58:04.203  INFO 2212 --- [    Test worker] .s.d.r.c.RepositoryConfigurationDelegate : Finished Spring Data repository scanning in 93ms. Found 0 JPA repository interfaces.
2020-05-14 16:58:05.560  INFO 2212 --- [    Test worker] trationDelegate$BeanPostProcessorChecker : Bean 'org.springframework.transaction.annotation.ProxyTransactionManagementConfiguration' of type [org.springframework.transaction.annotation.ProxyTransactionManagementConfiguration] is not eligible for getting processed by all BeanPostProcessors (for example: not eligible for auto-proxying)
2020-05-14 16:58:06.013  INFO 2212 --- [    Test worker] com.zaxxer.hikari.HikariDataSource       : HikariPool-1 - Starting...
2020-05-14 16:58:06.711  INFO 2212 --- [    Test worker] com.zaxxer.hikari.HikariDataSource       : HikariPool-1 - Start completed.
2020-05-14 16:58:06.914  INFO 2212 --- [    Test worker] o.hibernate.jpa.internal.util.LogHelper  : HHH000204: Processing PersistenceUnitInfo [name: default]
2020-05-14 16:58:07.150  INFO 2212 --- [    Test worker] org.hibernate.Version                    : HHH000412: Hibernate Core {5.4.10.Final}
2020-05-14 16:58:07.531  INFO 2212 --- [    Test worker] o.hibernate.annotations.common.Version   : HCANN000001: Hibernate Commons Annotations {5.1.0.Final}
2020-05-14 16:58:07.880  INFO 2212 --- [    Test worker] org.hibernate.dialect.Dialect            : HHH000400: Using dialect: org.hibernate.dialect.H2Dialect
2020-05-14 16:58:08.574  INFO 2212 --- [    Test worker] o.h.e.t.j.p.i.JtaPlatformInitiator       : HHH000490: Using JtaPlatform implementation: [org.hibernate.engine.transaction.jta.platform.internal.NoJtaPlatform]
2020-05-14 16:58:08.593  INFO 2212 --- [    Test worker] j.LocalContainerEntityManagerFactoryBean : Initialized JPA EntityManagerFactory for persistence unit 'default'
2020-05-14 16:58:09.335  WARN 2212 --- [    Test worker] JpaBaseConfiguration$JpaWebConfiguration : spring.jpa.open-in-view is enabled by default. Therefore, database queries may be performed during view rendering. Explicitly configure spring.jpa.open-in-view to disable this warning
2020-05-14 16:58:09.828  INFO 2212 --- [    Test worker] o.s.s.concurrent.ThreadPoolTaskExecutor  : Initializing ExecutorService 'applicationTaskExecutor'
2020-05-14 16:58:10.416  INFO 2212 --- [    Test worker] o.s.b.a.h2.H2ConsoleAutoConfiguration    : H2 console available at '/h2-console'. Database available at 'jdbc:h2:mem:testdb'
2020-05-14 16:58:10.596  INFO 2212 --- [    Test worker] u.i.s.s.s.LocationServiceIntegrationTest : Started LocationServiceIntegrationTest in 11.315 seconds (JVM running for 22.007)
2020-05-14 16:58:10.634  INFO 2212 --- [    Test worker] f.a.AutowiredAnnotationBeanPostProcessor : Autowired annotation is not supported on static fields: static com.mongodb.client.MongoClient ch.uzh.ifi.seal.soprafs20.service.LocationServiceIntegrationTest.mongoClient
2020-05-14 16:58:10.634  INFO 2212 --- [    Test worker] f.a.AutowiredAnnotationBeanPostProcessor : Autowired annotation is not supported on static fields: static com.mongodb.client.MongoDatabase ch.uzh.ifi.seal.soprafs20.service.LocationServiceIntegrationTest.locationStorage
2020-05-14 16:58:10.636  INFO 2212 --- [    Test worker] f.a.AutowiredAnnotationBeanPostProcessor : Autowired annotation is not supported on static fields: static com.mongodb.client.MongoCollection ch.uzh.ifi.seal.soprafs20.service.LocationServiceIntegrationTest.fountainsCollection
2020-05-14 16:58:10.637  INFO 2212 --- [    Test worker] f.a.AutowiredAnnotationBeanPostProcessor : Autowired annotation is not supported on static fields: static com.mongodb.client.MongoCollection ch.uzh.ifi.seal.soprafs20.service.LocationServiceIntegrationTest.fireplacesCollection
2020-05-14 16:58:10.637  INFO 2212 --- [    Test worker] f.a.AutowiredAnnotationBeanPostProcessor : Autowired annotation is not supported on static fields: static com.mongodb.client.MongoCollection ch.uzh.ifi.seal.soprafs20.service.LocationServiceIntegrationTest.recyclingCollection
2020-05-14 16:58:10.639  INFO 2212 --- [    Test worker] f.a.AutowiredAnnotationBeanPostProcessor : Autowired annotation is not supported on static fields: static com.mongodb.client.MongoCollection ch.uzh.ifi.seal.soprafs20.service.LocationServiceIntegrationTest.toiletsCollection
2020-05-14 16:58:10.639  INFO 2212 --- [    Test worker] f.a.AutowiredAnnotationBeanPostProcessor : Autowired annotation is not supported on static fields: static com.mongodb.client.MongoCollection ch.uzh.ifi.seal.soprafs20.service.LocationServiceIntegrationTest.userFountainsCollection
2020-05-14 16:58:10.640  INFO 2212 --- [    Test worker] f.a.AutowiredAnnotationBeanPostProcessor : Autowired annotation is not supported on static fields: static com.mongodb.client.MongoCollection ch.uzh.ifi.seal.soprafs20.service.LocationServiceIntegrationTest.userFireplacesCollection
2020-05-14 16:58:10.642  INFO 2212 --- [    Test worker] f.a.AutowiredAnnotationBeanPostProcessor : Autowired annotation is not supported on static fields: static com.mongodb.client.MongoCollection ch.uzh.ifi.seal.soprafs20.service.LocationServiceIntegrationTest.userRecyclingCollection
2020-05-14 16:58:10.643  INFO 2212 --- [    Test worker] f.a.AutowiredAnnotationBeanPostProcessor : Autowired annotation is not supported on static fields: static com.mongodb.client.MongoCollection ch.uzh.ifi.seal.soprafs20.service.LocationServiceIntegrationTest.userToiletsCollection
2020-05-14 16:58:10.646  INFO 2212 --- [    Test worker] f.a.AutowiredAnnotationBeanPostProcessor : Autowired annotation is not supported on static fields: static com.mongodb.client.MongoDatabase ch.uzh.ifi.seal.soprafs20.service.LocationServiceIntegrationTest.usersDevelopment
2020-05-14 16:58:10.647  INFO 2212 --- [    Test worker] f.a.AutowiredAnnotationBeanPostProcessor : Autowired annotation is not supported on static fields: static com.mongodb.client.MongoCollection ch.uzh.ifi.seal.soprafs20.service.LocationServiceIntegrationTest.usersCollection
2020-05-14 16:58:11.613  INFO 2212 --- [    Test worker] org.mongodb.driver.cluster               : Cluster created with settings {hosts=[127.0.0.1:27017], srvHost=knowyourcity-ijzn3.gcp.mongodb.net, mode=MULTIPLE, requiredClusterType=REPLICA_SET, serverSelectionTimeout='30000 ms', maxWaitQueueSize=500, requiredReplicaSetName='KnowYourCity-shard-0'}
2020-05-14 16:58:11.646  INFO 2212 --- [gcp.mongodb.net] org.mongodb.driver.cluster               : Adding discovered server knowyourcity-shard-00-02-ijzn3.gcp.mongodb.net:27017 to client view of cluster
2020-05-14 16:58:11.648  INFO 2212 --- [gcp.mongodb.net] org.mongodb.driver.cluster               : Adding discovered server knowyourcity-shard-00-01-ijzn3.gcp.mongodb.net:27017 to client view of cluster
2020-05-14 16:58:11.649  INFO 2212 --- [gcp.mongodb.net] org.mongodb.driver.cluster               : Adding discovered server knowyourcity-shard-00-00-ijzn3.gcp.mongodb.net:27017 to client view of cluster
2020-05-14 16:58:11.658  INFO 2212 --- [    Test worker] org.mongodb.driver.cluster               : No server chosen by com.mongodb.client.internal.MongoClientDelegate$1@3e098249 from cluster description ClusterDescription{type=REPLICA_SET, connectionMode=MULTIPLE, serverDescriptions=[ServerDescription{address=knowyourcity-shard-00-02-ijzn3.gcp.mongodb.net:27017, type=UNKNOWN, state=CONNECTING}, ServerDescription{address=knowyourcity-shard-00-01-ijzn3.gcp.mongodb.net:27017, type=UNKNOWN, state=CONNECTING}, ServerDescription{address=knowyourcity-shard-00-00-ijzn3.gcp.mongodb.net:27017, type=UNKNOWN, state=CONNECTING}]}. Waiting for 30000 ms before timing out
2020-05-14 16:58:11.857  INFO 2212 --- [ngodb.net:27017] org.mongodb.driver.connection            : Opened connection [connectionId{localValue:4, serverValue:320613}] to knowyourcity-shard-00-02-ijzn3.gcp.mongodb.net:27017
2020-05-14 16:58:11.873  INFO 2212 --- [ngodb.net:27017] org.mongodb.driver.connection            : Opened connection [connectionId{localValue:6, serverValue:313176}] to knowyourcity-shard-00-00-ijzn3.gcp.mongodb.net:27017
2020-05-14 16:58:11.892  INFO 2212 --- [ngodb.net:27017] org.mongodb.driver.connection            : Opened connection [connectionId{localValue:5, serverValue:375433}] to knowyourcity-shard-00-01-ijzn3.gcp.mongodb.net:27017
2020-05-14 16:58:11.905  INFO 2212 --- [ngodb.net:27017] org.mongodb.driver.cluster               : Monitor thread successfully connected to server with description ServerDescription{address=knowyourcity-shard-00-02-ijzn3.gcp.mongodb.net:27017, type=REPLICA_SET_SECONDARY, state=CONNECTED, ok=true, version=ServerVersion{versionList=[4, 2, 6]}, minWireVersion=0, maxWireVersion=8, maxDocumentSize=16777216, logicalSessionTimeoutMinutes=30, roundTripTimeNanos=47224475, setName='KnowYourCity-shard-0', canonicalAddress=knowyourcity-shard-00-02-ijzn3.gcp.mongodb.net:27017, hosts=[knowyourcity-shard-00-00-ijzn3.gcp.mongodb.net:27017, knowyourcity-shard-00-02-ijzn3.gcp.mongodb.net:27017, knowyourcity-shard-00-01-ijzn3.gcp.mongodb.net:27017], passives=[], arbiters=[], primary='knowyourcity-shard-00-01-ijzn3.gcp.mongodb.net:27017', tagSet=TagSet{[Tag{name='nodeType', value='ELECTABLE'}, Tag{name='provider', value='GCP'}, Tag{name='region', value='WESTERN_EUROPE'}]}, electionId=null, setVersion=3, lastWriteDate=Thu May 14 16:58:11 CEST 2020, lastUpdateTimeNanos=2512525427066767}
2020-05-14 16:58:11.919  INFO 2212 --- [ngodb.net:27017] org.mongodb.driver.cluster               : Monitor thread successfully connected to server with description ServerDescription{address=knowyourcity-shard-00-00-ijzn3.gcp.mongodb.net:27017, type=REPLICA_SET_SECONDARY, state=CONNECTED, ok=true, version=ServerVersion{versionList=[4, 2, 6]}, minWireVersion=0, maxWireVersion=8, maxDocumentSize=16777216, logicalSessionTimeoutMinutes=30, roundTripTimeNanos=45038657, setName='KnowYourCity-shard-0', canonicalAddress=knowyourcity-shard-00-00-ijzn3.gcp.mongodb.net:27017, hosts=[knowyourcity-shard-00-00-ijzn3.gcp.mongodb.net:27017, knowyourcity-shard-00-02-ijzn3.gcp.mongodb.net:27017, knowyourcity-shard-00-01-ijzn3.gcp.mongodb.net:27017], passives=[], arbiters=[], primary='knowyourcity-shard-00-01-ijzn3.gcp.mongodb.net:27017', tagSet=TagSet{[Tag{name='nodeType', value='ELECTABLE'}, Tag{name='provider', value='GCP'}, Tag{name='region', value='WESTERN_EUROPE'}]}, electionId=null, setVersion=3, lastWriteDate=Thu May 14 16:58:11 CEST 2020, lastUpdateTimeNanos=2512525440924002}
2020-05-14 16:58:11.942  INFO 2212 --- [ngodb.net:27017] org.mongodb.driver.cluster               : Monitor thread successfully connected to server with description ServerDescription{address=knowyourcity-shard-00-01-ijzn3.gcp.mongodb.net:27017, type=REPLICA_SET_PRIMARY, state=CONNECTED, ok=true, version=ServerVersion{versionList=[4, 2, 6]}, minWireVersion=0, maxWireVersion=8, maxDocumentSize=16777216, logicalSessionTimeoutMinutes=30, roundTripTimeNanos=48537326, setName='KnowYourCity-shard-0', canonicalAddress=knowyourcity-shard-00-01-ijzn3.gcp.mongodb.net:27017, hosts=[knowyourcity-shard-00-00-ijzn3.gcp.mongodb.net:27017, knowyourcity-shard-00-02-ijzn3.gcp.mongodb.net:27017, knowyourcity-shard-00-01-ijzn3.gcp.mongodb.net:27017], passives=[], arbiters=[], primary='knowyourcity-shard-00-01-ijzn3.gcp.mongodb.net:27017', tagSet=TagSet{[Tag{name='nodeType', value='ELECTABLE'}, Tag{name='provider', value='GCP'}, Tag{name='region', value='WESTERN_EUROPE'}]}, electionId=7fffffff0000000000000007, setVersion=3, lastWriteDate=Thu May 14 16:58:11 CEST 2020, lastUpdateTimeNanos=2512525463799767}
2020-05-14 16:58:11.942  INFO 2212 --- [ngodb.net:27017] org.mongodb.driver.cluster               : Setting max election id to 7fffffff0000000000000007 from replica set primary knowyourcity-shard-00-01-ijzn3.gcp.mongodb.net:27017
2020-05-14 16:58:11.945  INFO 2212 --- [ngodb.net:27017] org.mongodb.driver.cluster               : Setting max set version to 3 from replica set primary knowyourcity-shard-00-01-ijzn3.gcp.mongodb.net:27017
2020-05-14 16:58:11.945  INFO 2212 --- [ngodb.net:27017] org.mongodb.driver.cluster               : Discovered replica set primary knowyourcity-shard-00-01-ijzn3.gcp.mongodb.net:27017
2020-05-14 16:58:11.947  INFO 2212 --- [    Test worker] org.mongodb.driver.cluster               : No server chosen by ReadPreferenceServerSelector{readPreference=primary} from cluster description ClusterDescription{type=REPLICA_SET, connectionMode=MULTIPLE, serverDescriptions=[ServerDescription{address=knowyourcity-shard-00-02-ijzn3.gcp.mongodb.net:27017, type=REPLICA_SET_SECONDARY, state=CONNECTED, ok=true, version=ServerVersion{versionList=[4, 2, 6]}, minWireVersion=0, maxWireVersion=8, maxDocumentSize=16777216, logicalSessionTimeoutMinutes=30, roundTripTimeNanos=47224475, setName='KnowYourCity-shard-0', canonicalAddress=knowyourcity-shard-00-02-ijzn3.gcp.mongodb.net:27017, hosts=[knowyourcity-shard-00-00-ijzn3.gcp.mongodb.net:27017, knowyourcity-shard-00-02-ijzn3.gcp.mongodb.net:27017, knowyourcity-shard-00-01-ijzn3.gcp.mongodb.net:27017], passives=[], arbiters=[], primary='knowyourcity-shard-00-01-ijzn3.gcp.mongodb.net:27017', tagSet=TagSet{[Tag{name='nodeType', value='ELECTABLE'}, Tag{name='provider', value='GCP'}, Tag{name='region', value='WESTERN_EUROPE'}]}, electionId=null, setVersion=3, lastWriteDate=Thu May 14 16:58:11 CEST 2020, lastUpdateTimeNanos=2512525427066767}, ServerDescription{address=knowyourcity-shard-00-01-ijzn3.gcp.mongodb.net:27017, type=UNKNOWN, state=CONNECTING}, ServerDescription{address=knowyourcity-shard-00-00-ijzn3.gcp.mongodb.net:27017, type=REPLICA_SET_SECONDARY, state=CONNECTED, ok=true, version=ServerVersion{versionList=[4, 2, 6]}, minWireVersion=0, maxWireVersion=8, maxDocumentSize=16777216, logicalSessionTimeoutMinutes=30, roundTripTimeNanos=45038657, setName='KnowYourCity-shard-0', canonicalAddress=knowyourcity-shard-00-00-ijzn3.gcp.mongodb.net:27017, hosts=[knowyourcity-shard-00-00-ijzn3.gcp.mongodb.net:27017, knowyourcity-shard-00-02-ijzn3.gcp.mongodb.net:27017, knowyourcity-shard-00-01-ijzn3.gcp.mongodb.net:27017], passives=[], arbiters=[], primary='knowyourcity-shard-00-01-ijzn3.gcp.mongodb.net:27017', tagSet=TagSet{[Tag{name='nodeType', value='ELECTABLE'}, Tag{name='provider', value='GCP'}, Tag{name='region', value='WESTERN_EUROPE'}]}, electionId=null, setVersion=3, lastWriteDate=Thu May 14 16:58:11 CEST 2020, lastUpdateTimeNanos=2512525440924002}]}. Waiting for 30000 ms before timing out
2020-05-14 16:58:12.429  INFO 2212 --- [    Test worker] org.mongodb.driver.connection            : Opened connection [connectionId{localValue:7, serverValue:375433}] to knowyourcity-shard-00-01-ijzn3.gcp.mongodb.net:27017
2020-05-14 16:58:12.677  INFO 2212 --- [    Test worker] org.mongodb.driver.cluster               : Cluster created with settings {hosts=[127.0.0.1:27017], srvHost=knowyourcity-ijzn3.gcp.mongodb.net, mode=MULTIPLE, requiredClusterType=REPLICA_SET, serverSelectionTimeout='30000 ms', maxWaitQueueSize=500, requiredReplicaSetName='KnowYourCity-shard-0'}
2020-05-14 16:58:12.678  INFO 2212 --- [    Test worker] org.mongodb.driver.cluster               : Cluster description not yet available. Waiting for 30000 ms before timing out
2020-05-14 16:58:12.713  INFO 2212 --- [gcp.mongodb.net] org.mongodb.driver.cluster               : Adding discovered server knowyourcity-shard-00-01-ijzn3.gcp.mongodb.net:27017 to client view of cluster
2020-05-14 16:58:12.715  INFO 2212 --- [gcp.mongodb.net] org.mongodb.driver.cluster               : Adding discovered server knowyourcity-shard-00-02-ijzn3.gcp.mongodb.net:27017 to client view of cluster
2020-05-14 16:58:12.716  INFO 2212 --- [gcp.mongodb.net] org.mongodb.driver.cluster               : Adding discovered server knowyourcity-shard-00-00-ijzn3.gcp.mongodb.net:27017 to client view of cluster
2020-05-14 16:58:12.717  INFO 2212 --- [    Test worker] org.mongodb.driver.cluster               : No server chosen by com.mongodb.client.internal.MongoClientDelegate$1@3341f504 from cluster description ClusterDescription{type=REPLICA_SET, connectionMode=MULTIPLE, serverDescriptions=[ServerDescription{address=knowyourcity-shard-00-02-ijzn3.gcp.mongodb.net:27017, type=UNKNOWN, state=CONNECTING}, ServerDescription{address=knowyourcity-shard-00-01-ijzn3.gcp.mongodb.net:27017, type=UNKNOWN, state=CONNECTING}, ServerDescription{address=knowyourcity-shard-00-00-ijzn3.gcp.mongodb.net:27017, type=UNKNOWN, state=CONNECTING}]}. Waiting for 30000 ms before timing out
2020-05-14 16:58:12.954  INFO 2212 --- [ngodb.net:27017] org.mongodb.driver.connection            : Opened connection [connectionId{localValue:9, serverValue:320613}] to knowyourcity-shard-00-02-ijzn3.gcp.mongodb.net:27017
2020-05-14 16:58:12.955  INFO 2212 --- [ngodb.net:27017] org.mongodb.driver.connection            : Opened connection [connectionId{localValue:10, serverValue:313176}] to knowyourcity-shard-00-00-ijzn3.gcp.mongodb.net:27017
2020-05-14 16:58:12.960  INFO 2212 --- [ngodb.net:27017] org.mongodb.driver.connection            : Opened connection [connectionId{localValue:8, serverValue:371096}] to knowyourcity-shard-00-01-ijzn3.gcp.mongodb.net:27017
2020-05-14 16:58:13.023  INFO 2212 --- [ngodb.net:27017] org.mongodb.driver.cluster               : Monitor thread successfully connected to server with description ServerDescription{address=knowyourcity-shard-00-02-ijzn3.gcp.mongodb.net:27017, type=REPLICA_SET_SECONDARY, state=CONNECTED, ok=true, version=ServerVersion{versionList=[4, 2, 6]}, minWireVersion=0, maxWireVersion=8, maxDocumentSize=16777216, logicalSessionTimeoutMinutes=30, roundTripTimeNanos=67705242, setName='KnowYourCity-shard-0', canonicalAddress=knowyourcity-shard-00-02-ijzn3.gcp.mongodb.net:27017, hosts=[knowyourcity-shard-00-00-ijzn3.gcp.mongodb.net:27017, knowyourcity-shard-00-02-ijzn3.gcp.mongodb.net:27017, knowyourcity-shard-00-01-ijzn3.gcp.mongodb.net:27017], passives=[], arbiters=[], primary='knowyourcity-shard-00-01-ijzn3.gcp.mongodb.net:27017', tagSet=TagSet{[Tag{name='nodeType', value='ELECTABLE'}, Tag{name='provider', value='GCP'}, Tag{name='region', value='WESTERN_EUROPE'}]}, electionId=null, setVersion=3, lastWriteDate=Thu May 14 16:58:12 CEST 2020, lastUpdateTimeNanos=2512526544900084}
2020-05-14 16:58:13.029  INFO 2212 --- [ngodb.net:27017] org.mongodb.driver.cluster               : Monitor thread successfully connected to server with description ServerDescription{address=knowyourcity-shard-00-00-ijzn3.gcp.mongodb.net:27017, type=REPLICA_SET_SECONDARY, state=CONNECTED, ok=true, version=ServerVersion{versionList=[4, 2, 6]}, minWireVersion=0, maxWireVersion=8, maxDocumentSize=16777216, logicalSessionTimeoutMinutes=30, roundTripTimeNanos=72449174, setName='KnowYourCity-shard-0', canonicalAddress=knowyourcity-shard-00-00-ijzn3.gcp.mongodb.net:27017, hosts=[knowyourcity-shard-00-00-ijzn3.gcp.mongodb.net:27017, knowyourcity-shard-00-02-ijzn3.gcp.mongodb.net:27017, knowyourcity-shard-00-01-ijzn3.gcp.mongodb.net:27017], passives=[], arbiters=[], primary='knowyourcity-shard-00-01-ijzn3.gcp.mongodb.net:27017', tagSet=TagSet{[Tag{name='nodeType', value='ELECTABLE'}, Tag{name='provider', value='GCP'}, Tag{name='region', value='WESTERN_EUROPE'}]}, electionId=null, setVersion=3, lastWriteDate=Thu May 14 16:58:12 CEST 2020, lastUpdateTimeNanos=2512526550745043}
2020-05-14 16:58:13.033  INFO 2212 --- [ngodb.net:27017] org.mongodb.driver.cluster               : Monitor thread successfully connected to server with description ServerDescription{address=knowyourcity-shard-00-01-ijzn3.gcp.mongodb.net:27017, type=REPLICA_SET_PRIMARY, state=CONNECTED, ok=true, version=ServerVersion{versionList=[4, 2, 6]}, minWireVersion=0, maxWireVersion=8, maxDocumentSize=16777216, logicalSessionTimeoutMinutes=30, roundTripTimeNanos=70035296, setName='KnowYourCity-shard-0', canonicalAddress=knowyourcity-shard-00-01-ijzn3.gcp.mongodb.net:27017, hosts=[knowyourcity-shard-00-00-ijzn3.gcp.mongodb.net:27017, knowyourcity-shard-00-02-ijzn3.gcp.mongodb.net:27017, knowyourcity-shard-00-01-ijzn3.gcp.mongodb.net:27017], passives=[], arbiters=[], primary='knowyourcity-shard-00-01-ijzn3.gcp.mongodb.net:27017', tagSet=TagSet{[Tag{name='nodeType', value='ELECTABLE'}, Tag{name='provider', value='GCP'}, Tag{name='region', value='WESTERN_EUROPE'}]}, electionId=7fffffff0000000000000007, setVersion=3, lastWriteDate=Thu May 14 16:58:12 CEST 2020, lastUpdateTimeNanos=2512526554283736}
2020-05-14 16:58:13.034  INFO 2212 --- [ngodb.net:27017] org.mongodb.driver.cluster               : Setting max election id to 7fffffff0000000000000007 from replica set primary knowyourcity-shard-00-01-ijzn3.gcp.mongodb.net:27017
2020-05-14 16:58:13.035  INFO 2212 --- [ngodb.net:27017] org.mongodb.driver.cluster               : Setting max set version to 3 from replica set primary knowyourcity-shard-00-01-ijzn3.gcp.mongodb.net:27017
2020-05-14 16:58:13.036  INFO 2212 --- [ngodb.net:27017] org.mongodb.driver.cluster               : Discovered replica set primary knowyourcity-shard-00-01-ijzn3.gcp.mongodb.net:27017
2020-05-14 16:58:13.035  INFO 2212 --- [    Test worker] org.mongodb.driver.cluster               : No server chosen by WritableServerSelector from cluster description ClusterDescription{type=REPLICA_SET, connectionMode=MULTIPLE, serverDescriptions=[ServerDescription{address=knowyourcity-shard-00-02-ijzn3.gcp.mongodb.net:27017, type=REPLICA_SET_SECONDARY, state=CONNECTED, ok=true, version=ServerVersion{versionList=[4, 2, 6]}, minWireVersion=0, maxWireVersion=8, maxDocumentSize=16777216, logicalSessionTimeoutMinutes=30, roundTripTimeNanos=67705242, setName='KnowYourCity-shard-0', canonicalAddress=knowyourcity-shard-00-02-ijzn3.gcp.mongodb.net:27017, hosts=[knowyourcity-shard-00-00-ijzn3.gcp.mongodb.net:27017, knowyourcity-shard-00-02-ijzn3.gcp.mongodb.net:27017, knowyourcity-shard-00-01-ijzn3.gcp.mongodb.net:27017], passives=[], arbiters=[], primary='knowyourcity-shard-00-01-ijzn3.gcp.mongodb.net:27017', tagSet=TagSet{[Tag{name='nodeType', value='ELECTABLE'}, Tag{name='provider', value='GCP'}, Tag{name='region', value='WESTERN_EUROPE'}]}, electionId=null, setVersion=3, lastWriteDate=Thu May 14 16:58:12 CEST 2020, lastUpdateTimeNanos=2512526544900084}, ServerDescription{address=knowyourcity-shard-00-01-ijzn3.gcp.mongodb.net:27017, type=UNKNOWN, state=CONNECTING}, ServerDescription{address=knowyourcity-shard-00-00-ijzn3.gcp.mongodb.net:27017, type=REPLICA_SET_SECONDARY, state=CONNECTED, ok=true, version=ServerVersion{versionList=[4, 2, 6]}, minWireVersion=0, maxWireVersion=8, maxDocumentSize=16777216, logicalSessionTimeoutMinutes=30, roundTripTimeNanos=72449174, setName='KnowYourCity-shard-0', canonicalAddress=knowyourcity-shard-00-00-ijzn3.gcp.mongodb.net:27017, hosts=[knowyourcity-shard-00-00-ijzn3.gcp.mongodb.net:27017, knowyourcity-shard-00-02-ijzn3.gcp.mongodb.net:27017, knowyourcity-shard-00-01-ijzn3.gcp.mongodb.net:27017], passives=[], arbiters=[], primary='knowyourcity-shard-00-01-ijzn3.gcp.mongodb.net:27017', tagSet=TagSet{[Tag{name='nodeType', value='ELECTABLE'}, Tag{name='provider', value='GCP'}, Tag{name='region', value='WESTERN_EUROPE'}]}, electionId=null, setVersion=3, lastWriteDate=Thu May 14 16:58:12 CEST 2020, lastUpdateTimeNanos=2512526550745043}]}. Waiting for 30000 ms before timing out
2020-05-14 16:58:13.517  INFO 2212 --- [    Test worker] org.mongodb.driver.connection            : Opened connection [connectionId{localValue:11, serverValue:370619}] to knowyourcity-shard-00-01-ijzn3.gcp.mongodb.net:27017
2020-05-14 16:58:14.820  INFO 2212 --- [    Test worker] org.mongodb.driver.cluster               : Cluster created with settings {hosts=[127.0.0.1:27017], srvHost=knowyourcity-ijzn3.gcp.mongodb.net, mode=MULTIPLE, requiredClusterType=REPLICA_SET, serverSelectionTimeout='30000 ms', maxWaitQueueSize=500, requiredReplicaSetName='KnowYourCity-shard-0'}
2020-05-14 16:58:14.821  INFO 2212 --- [    Test worker] org.mongodb.driver.cluster               : Cluster description not yet available. Waiting for 30000 ms before timing out
2020-05-14 16:58:14.849  INFO 2212 --- [gcp.mongodb.net] org.mongodb.driver.cluster               : Adding discovered server knowyourcity-shard-00-01-ijzn3.gcp.mongodb.net:27017 to client view of cluster
2020-05-14 16:58:14.850  INFO 2212 --- [gcp.mongodb.net] org.mongodb.driver.cluster               : Adding discovered server knowyourcity-shard-00-02-ijzn3.gcp.mongodb.net:27017 to client view of cluster
2020-05-14 16:58:14.851  INFO 2212 --- [gcp.mongodb.net] org.mongodb.driver.cluster               : Adding discovered server knowyourcity-shard-00-00-ijzn3.gcp.mongodb.net:27017 to client view of cluster
2020-05-14 16:58:14.853  INFO 2212 --- [    Test worker] org.mongodb.driver.cluster               : No server chosen by com.mongodb.client.internal.MongoClientDelegate$1@6f58117c from cluster description ClusterDescription{type=REPLICA_SET, connectionMode=MULTIPLE, serverDescriptions=[ServerDescription{address=knowyourcity-shard-00-02-ijzn3.gcp.mongodb.net:27017, type=UNKNOWN, state=CONNECTING}, ServerDescription{address=knowyourcity-shard-00-01-ijzn3.gcp.mongodb.net:27017, type=UNKNOWN, state=CONNECTING}, ServerDescription{address=knowyourcity-shard-00-00-ijzn3.gcp.mongodb.net:27017, type=UNKNOWN, state=CONNECTING}]}. Waiting for 30000 ms before timing out
2020-05-14 16:58:15.053  INFO 2212 --- [ngodb.net:27017] org.mongodb.driver.connection            : Opened connection [connectionId{localValue:13, serverValue:320613}] to knowyourcity-shard-00-02-ijzn3.gcp.mongodb.net:27017
2020-05-14 16:58:15.054  INFO 2212 --- [ngodb.net:27017] org.mongodb.driver.connection            : Opened connection [connectionId{localValue:12, serverValue:370619}] to knowyourcity-shard-00-01-ijzn3.gcp.mongodb.net:27017
2020-05-14 16:58:15.053  INFO 2212 --- [ngodb.net:27017] org.mongodb.driver.connection            : Opened connection [connectionId{localValue:14, serverValue:313176}] to knowyourcity-shard-00-00-ijzn3.gcp.mongodb.net:27017
2020-05-14 16:58:15.101  INFO 2212 --- [ngodb.net:27017] org.mongodb.driver.cluster               : Monitor thread successfully connected to server with description ServerDescription{address=knowyourcity-shard-00-00-ijzn3.gcp.mongodb.net:27017, type=REPLICA_SET_SECONDARY, state=CONNECTED, ok=true, version=ServerVersion{versionList=[4, 2, 6]}, minWireVersion=0, maxWireVersion=8, maxDocumentSize=16777216, logicalSessionTimeoutMinutes=30, roundTripTimeNanos=43792639, setName='KnowYourCity-shard-0', canonicalAddress=knowyourcity-shard-00-00-ijzn3.gcp.mongodb.net:27017, hosts=[knowyourcity-shard-00-00-ijzn3.gcp.mongodb.net:27017, knowyourcity-shard-00-02-ijzn3.gcp.mongodb.net:27017, knowyourcity-shard-00-01-ijzn3.gcp.mongodb.net:27017], passives=[], arbiters=[], primary='knowyourcity-shard-00-01-ijzn3.gcp.mongodb.net:27017', tagSet=TagSet{[Tag{name='nodeType', value='ELECTABLE'}, Tag{name='provider', value='GCP'}, Tag{name='region', value='WESTERN_EUROPE'}]}, electionId=null, setVersion=3, lastWriteDate=Thu May 14 16:58:13 CEST 2020, lastUpdateTimeNanos=2512528622983527}
2020-05-14 16:58:15.104  INFO 2212 --- [ngodb.net:27017] org.mongodb.driver.cluster               : Monitor thread successfully connected to server with description ServerDescription{address=knowyourcity-shard-00-02-ijzn3.gcp.mongodb.net:27017, type=REPLICA_SET_SECONDARY, state=CONNECTED, ok=true, version=ServerVersion{versionList=[4, 2, 6]}, minWireVersion=0, maxWireVersion=8, maxDocumentSize=16777216, logicalSessionTimeoutMinutes=30, roundTripTimeNanos=44139259, setName='KnowYourCity-shard-0', canonicalAddress=knowyourcity-shard-00-02-ijzn3.gcp.mongodb.net:27017, hosts=[knowyourcity-shard-00-00-ijzn3.gcp.mongodb.net:27017, knowyourcity-shard-00-02-ijzn3.gcp.mongodb.net:27017, knowyourcity-shard-00-01-ijzn3.gcp.mongodb.net:27017], passives=[], arbiters=[], primary='knowyourcity-shard-00-01-ijzn3.gcp.mongodb.net:27017', tagSet=TagSet{[Tag{name='nodeType', value='ELECTABLE'}, Tag{name='provider', value='GCP'}, Tag{name='region', value='WESTERN_EUROPE'}]}, electionId=null, setVersion=3, lastWriteDate=Thu May 14 16:58:13 CEST 2020, lastUpdateTimeNanos=2512528620550015}
2020-05-14 16:58:15.109  INFO 2212 --- [ngodb.net:27017] org.mongodb.driver.cluster               : Monitor thread successfully connected to server with description ServerDescription{address=knowyourcity-shard-00-01-ijzn3.gcp.mongodb.net:27017, type=REPLICA_SET_PRIMARY, state=CONNECTED, ok=true, version=ServerVersion{versionList=[4, 2, 6]}, minWireVersion=0, maxWireVersion=8, maxDocumentSize=16777216, logicalSessionTimeoutMinutes=30, roundTripTimeNanos=52896502, setName='KnowYourCity-shard-0', canonicalAddress=knowyourcity-shard-00-01-ijzn3.gcp.mongodb.net:27017, hosts=[knowyourcity-shard-00-00-ijzn3.gcp.mongodb.net:27017, knowyourcity-shard-00-02-ijzn3.gcp.mongodb.net:27017, knowyourcity-shard-00-01-ijzn3.gcp.mongodb.net:27017], passives=[], arbiters=[], primary='knowyourcity-shard-00-01-ijzn3.gcp.mongodb.net:27017', tagSet=TagSet{[Tag{name='nodeType', value='ELECTABLE'}, Tag{name='provider', value='GCP'}, Tag{name='region', value='WESTERN_EUROPE'}]}, electionId=7fffffff0000000000000007, setVersion=3, lastWriteDate=Thu May 14 16:58:13 CEST 2020, lastUpdateTimeNanos=2512528630689584}
2020-05-14 16:58:15.111  INFO 2212 --- [ngodb.net:27017] org.mongodb.driver.cluster               : Setting max election id to 7fffffff0000000000000007 from replica set primary knowyourcity-shard-00-01-ijzn3.gcp.mongodb.net:27017
2020-05-14 16:58:15.112  INFO 2212 --- [ngodb.net:27017] org.mongodb.driver.cluster               : Setting max set version to 3 from replica set primary knowyourcity-shard-00-01-ijzn3.gcp.mongodb.net:27017
2020-05-14 16:58:15.113  INFO 2212 --- [ngodb.net:27017] org.mongodb.driver.cluster               : Discovered replica set primary knowyourcity-shard-00-01-ijzn3.gcp.mongodb.net:27017
2020-05-14 16:58:15.533  INFO 2212 --- [    Test worker] org.mongodb.driver.connection            : Opened connection [connectionId{localValue:15, serverValue:370619}] to knowyourcity-shard-00-01-ijzn3.gcp.mongodb.net:27017
2020-05-14 16:58:23.225  INFO 2212 --- [    Test worker] org.mongodb.driver.connection            : Opened connection [connectionId{localValue:16, serverValue:375472}] to knowyourcity-shard-00-01-ijzn3.gcp.mongodb.net:27017
]]></system-out>
  <system-err><![CDATA[]]></system-err>
</testsuite>
