<?xml version="1.0" encoding="UTF-8"?>
<testsuite name="ch.uzh.ifi.seal.soprafs20.service.LocationServiceIntegrationTest" tests="8" skipped="0" failures="0" errors="0" timestamp="2020-05-15T12:14:28" hostname="DESKTOP-AV0HG10" time="128.492">
  <properties/>
  <testcase name="createLocation_Fireplace_validInputs_success()" classname="ch.uzh.ifi.seal.soprafs20.service.LocationServiceIntegrationTest" time="23.881"/>
  <testcase name="createLocation_Toilets_validInputs_success()" classname="ch.uzh.ifi.seal.soprafs20.service.LocationServiceIntegrationTest" time="9.024"/>
  <testcase name="getFilteredLocations_success()" classname="ch.uzh.ifi.seal.soprafs20.service.LocationServiceIntegrationTest" time="8.667"/>
  <testcase name="createLocation_TableTennis_validInputs_success()" classname="ch.uzh.ifi.seal.soprafs20.service.LocationServiceIntegrationTest" time="18.472"/>
  <testcase name="createLocation_Recycling_validInputs_success()" classname="ch.uzh.ifi.seal.soprafs20.service.LocationServiceIntegrationTest" time="9.372"/>
  <testcase name="createLocation_Benches_validInputs_success()" classname="ch.uzh.ifi.seal.soprafs20.service.LocationServiceIntegrationTest" time="17.962"/>
  <testcase name="locationComment_success()" classname="ch.uzh.ifi.seal.soprafs20.service.LocationServiceIntegrationTest" time="21.433"/>
  <testcase name="createLocation_Fountain_validInputs_success()" classname="ch.uzh.ifi.seal.soprafs20.service.LocationServiceIntegrationTest" time="19.649"/>
  <system-out><![CDATA[14:14:17.911 [Test worker] DEBUG org.springframework.test.context.BootstrapUtils - Instantiating CacheAwareContextLoaderDelegate from class [org.springframework.test.context.cache.DefaultCacheAwareContextLoaderDelegate]
14:14:17.968 [Test worker] DEBUG org.springframework.test.context.BootstrapUtils - Instantiating BootstrapContext using constructor [public org.springframework.test.context.support.DefaultBootstrapContext(java.lang.Class,org.springframework.test.context.CacheAwareContextLoaderDelegate)]
14:14:18.069 [Test worker] DEBUG org.springframework.test.context.BootstrapUtils - Instantiating TestContextBootstrapper for test class [ch.uzh.ifi.seal.soprafs20.service.LocationServiceIntegrationTest] from class [org.springframework.boot.test.context.SpringBootTestContextBootstrapper]
14:14:18.107 [Test worker] INFO org.springframework.boot.test.context.SpringBootTestContextBootstrapper - Neither @ContextConfiguration nor @ContextHierarchy found for test class [ch.uzh.ifi.seal.soprafs20.service.LocationServiceIntegrationTest], using SpringBootContextLoader
14:14:18.121 [Test worker] DEBUG org.springframework.test.context.support.AbstractContextLoader - Did not detect default resource location for test class [ch.uzh.ifi.seal.soprafs20.service.LocationServiceIntegrationTest]: class path resource [ch/uzh/ifi/seal/soprafs20/service/LocationServiceIntegrationTest-context.xml] does not exist
14:14:18.121 [Test worker] DEBUG org.springframework.test.context.support.AbstractContextLoader - Did not detect default resource location for test class [ch.uzh.ifi.seal.soprafs20.service.LocationServiceIntegrationTest]: class path resource [ch/uzh/ifi/seal/soprafs20/service/LocationServiceIntegrationTestContext.groovy] does not exist
14:14:18.121 [Test worker] INFO org.springframework.test.context.support.AbstractContextLoader - Could not detect default resource locations for test class [ch.uzh.ifi.seal.soprafs20.service.LocationServiceIntegrationTest]: no resource found for suffixes {-context.xml, Context.groovy}.
14:14:18.126 [Test worker] INFO org.springframework.test.context.support.AnnotationConfigContextLoaderUtils - Could not detect default configuration classes for test class [ch.uzh.ifi.seal.soprafs20.service.LocationServiceIntegrationTest]: LocationServiceIntegrationTest does not declare any static, non-private, non-final, nested classes annotated with @Configuration.
14:14:18.231 [Test worker] DEBUG org.springframework.test.context.support.ActiveProfilesUtils - Could not find an 'annotation declaring class' for annotation type [org.springframework.test.context.ActiveProfiles] and class [ch.uzh.ifi.seal.soprafs20.service.LocationServiceIntegrationTest]
14:14:18.452 [Test worker] DEBUG org.springframework.context.annotation.ClassPathScanningCandidateComponentProvider - Identified candidate component class: file [C:\Users\macha\Documents\Semester 4\SoPra\Know_Your_City\Projekt_Server\SOPRA_FS20_Group19_Server\build\classes\java\main\ch\uzh\ifi\seal\soprafs20\Application.class]
14:14:18.454 [Test worker] INFO org.springframework.boot.test.context.SpringBootTestContextBootstrapper - Found @SpringBootConfiguration ch.uzh.ifi.seal.soprafs20.Application for test class ch.uzh.ifi.seal.soprafs20.service.LocationServiceIntegrationTest
14:14:18.716 [Test worker] DEBUG org.springframework.boot.test.context.SpringBootTestContextBootstrapper - @TestExecutionListeners is not present for class [ch.uzh.ifi.seal.soprafs20.service.LocationServiceIntegrationTest]: using defaults.
14:14:18.716 [Test worker] INFO org.springframework.boot.test.context.SpringBootTestContextBootstrapper - Loaded default TestExecutionListener class names from location [META-INF/spring.factories]: [org.springframework.boot.test.autoconfigure.restdocs.RestDocsTestExecutionListener, org.springframework.boot.test.autoconfigure.web.client.MockRestServiceServerResetTestExecutionListener, org.springframework.boot.test.autoconfigure.web.servlet.MockMvcPrintOnlyOnFailureTestExecutionListener, org.springframework.boot.test.autoconfigure.web.servlet.WebDriverTestExecutionListener, org.springframework.boot.test.mock.mockito.MockitoTestExecutionListener, org.springframework.boot.test.mock.mockito.ResetMocksTestExecutionListener, org.springframework.test.context.web.ServletTestExecutionListener, org.springframework.test.context.support.DirtiesContextBeforeModesTestExecutionListener, org.springframework.test.context.support.DependencyInjectionTestExecutionListener, org.springframework.test.context.support.DirtiesContextTestExecutionListener, org.springframework.test.context.transaction.TransactionalTestExecutionListener, org.springframework.test.context.jdbc.SqlScriptsTestExecutionListener, org.springframework.test.context.event.EventPublishingTestExecutionListener]
14:14:18.765 [Test worker] INFO org.springframework.boot.test.context.SpringBootTestContextBootstrapper - Using TestExecutionListeners: [org.springframework.test.context.web.ServletTestExecutionListener@7e4821a0, org.springframework.test.context.support.DirtiesContextBeforeModesTestExecutionListener@7cb32408, org.springframework.boot.test.mock.mockito.MockitoTestExecutionListener@45c4a1d6, org.springframework.boot.test.autoconfigure.SpringBootDependencyInjectionTestExecutionListener@3828f299, org.springframework.test.context.support.DirtiesContextTestExecutionListener@752811d, org.springframework.test.context.transaction.TransactionalTestExecutionListener@62a4669b, org.springframework.test.context.jdbc.SqlScriptsTestExecutionListener@20ea108, org.springframework.test.context.event.EventPublishingTestExecutionListener@7d4d37ea, org.springframework.boot.test.autoconfigure.restdocs.RestDocsTestExecutionListener@6e040b37, org.springframework.boot.test.autoconfigure.web.client.MockRestServiceServerResetTestExecutionListener@2f5528d2, org.springframework.boot.test.autoconfigure.web.servlet.MockMvcPrintOnlyOnFailureTestExecutionListener@58a4dad1, org.springframework.boot.test.autoconfigure.web.servlet.WebDriverTestExecutionListener@4c424448, org.springframework.boot.test.mock.mockito.ResetMocksTestExecutionListener@251a344]
14:14:18.774 [Test worker] DEBUG org.springframework.test.context.support.AbstractDirtiesContextTestExecutionListener - Before test class: context [DefaultTestContext@5af89c66 testClass = LocationServiceIntegrationTest, testInstance = [null], testMethod = [null], testException = [null], mergedContextConfiguration = [WebMergedContextConfiguration@3ed83630 testClass = LocationServiceIntegrationTest, locations = '{}', classes = '{class ch.uzh.ifi.seal.soprafs20.Application}', contextInitializerClasses = '[]', activeProfiles = '{}', propertySourceLocations = '{}', propertySourceProperties = '{org.springframework.boot.test.context.SpringBootTestContextBootstrapper=true}', contextCustomizers = set[org.springframework.boot.test.autoconfigure.properties.PropertyMappingContextCustomizer@0, org.springframework.boot.test.autoconfigure.web.servlet.WebDriverContextCustomizerFactory$Customizer@18ce9b7b, org.springframework.boot.test.context.filter.ExcludeFilterContextCustomizer@54ed046c, org.springframework.boot.test.json.DuplicateJsonObjectContextCustomizerFactory$DuplicateJsonObjectContextCustomizer@6876054a, org.springframework.boot.test.mock.mockito.MockitoContextCustomizer@0, org.springframework.boot.test.web.client.TestRestTemplateContextCustomizer@6eaf53d3, org.springframework.test.context.web.socket.MockServerContainerContextCustomizer@59a2ee0e], resourceBasePath = 'src/main/webapp', contextLoader = 'org.springframework.boot.test.context.SpringBootContextLoader', parent = [null]], attributes = map['org.springframework.test.context.web.ServletTestExecutionListener.activateListener' -> true]], class annotated with @DirtiesContext [false] with mode [null].
14:14:19.112 [Test worker] INFO org.mongodb.driver.cluster - Cluster created with settings {hosts=[127.0.0.1:27017], srvHost=knowyourcity-ijzn3.gcp.mongodb.net, mode=MULTIPLE, requiredClusterType=REPLICA_SET, serverSelectionTimeout='30000 ms', maxWaitQueueSize=500, requiredReplicaSetName='KnowYourCity-shard-0'}
14:14:19.185 [cluster-ClusterId{value='5ebe879b1dcba35d5128e0e2', description='null'}-srv-knowyourcity-ijzn3.gcp.mongodb.net] INFO org.mongodb.driver.cluster - Adding discovered server knowyourcity-shard-00-02-ijzn3.gcp.mongodb.net:27017 to client view of cluster
14:14:19.238 [Test worker] DEBUG org.springframework.test.context.support.TestPropertySourceUtils - Adding inlined properties to environment: {spring.jmx.enabled=false, org.springframework.boot.test.context.SpringBootTestContextBootstrapper=true, server.port=-1}
14:14:19.292 [cluster-ClusterId{value='5ebe879b1dcba35d5128e0e2', description='null'}-srv-knowyourcity-ijzn3.gcp.mongodb.net] INFO org.mongodb.driver.cluster - Adding discovered server knowyourcity-shard-00-01-ijzn3.gcp.mongodb.net:27017 to client view of cluster
14:14:19.292 [cluster-ClusterId{value='5ebe879b1dcba35d5128e0e2', description='null'}-srv-knowyourcity-ijzn3.gcp.mongodb.net] INFO org.mongodb.driver.cluster - Adding discovered server knowyourcity-shard-00-00-ijzn3.gcp.mongodb.net:27017 to client view of cluster
14:14:19.296 [cluster-ClusterId{value='5ebe879b1dcba35d5128e0e2', description='null'}-srv-knowyourcity-ijzn3.gcp.mongodb.net] DEBUG org.mongodb.driver.cluster - Updating cluster description to  {type=REPLICA_SET, servers=[{address=knowyourcity-shard-00-02-ijzn3.gcp.mongodb.net:27017, type=UNKNOWN, state=CONNECTING}, {address=knowyourcity-shard-00-01-ijzn3.gcp.mongodb.net:27017, type=UNKNOWN, state=CONNECTING}, {address=knowyourcity-shard-00-00-ijzn3.gcp.mongodb.net:27017, type=UNKNOWN, state=CONNECTING}]

  .   ____          _            __ _ _
 /\\ / ___'_ __ _ _(_)_ __  __ _ \ \ \ \
( ( )\___ | '_ | '_| | '_ \/ _` | \ \ \ \
 \\/  ___)| |_)| | | | | || (_| |  ) ) ) )
  '  |____| .__|_| |_|_| |_\__, | / / / /
 =========|_|==============|___/=/_/_/_/
 :: Spring Boot ::        (v2.2.4.RELEASE)

2020-05-15 14:14:20.372  WARN 7960 --- [    Test worker] ory$DuplicateJsonObjectContextCustomizer : 

Found multiple occurrences of org.json.JSONObject on the class path:

	jar:file:/C:/Users/macha/.gradle/caches/modules-2/files-2.1/org.json/json/20180813/8566b2b0391d9d4479ea225645c6ed47ef17fe41/json-20180813.jar!/org/json/JSONObject.class
	jar:file:/C:/Users/macha/.gradle/caches/modules-2/files-2.1/com.vaadin.external.google/android-json/0.0.20131108.vaadin1/fa26d351fe62a6a17f5cda1287c1c6110dec413f/android-json-0.0.20131108.vaadin1.jar!/org/json/JSONObject.class

You may wish to exclude one of them to ensure predictable runtime behavior

2020-05-15 14:14:20.467  INFO 7960 --- [    Test worker] u.i.s.s.s.LocationServiceIntegrationTest : Starting LocationServiceIntegrationTest on DESKTOP-AV0HG10 with PID 7960 (started by macha in C:\Users\macha\Documents\Semester 4\SoPra\Know_Your_City\Projekt_Server\SOPRA_FS20_Group19_Server)
2020-05-15 14:14:20.467  INFO 7960 --- [    Test worker] u.i.s.s.s.LocationServiceIntegrationTest : No active profile set, falling back to default profiles: default
2020-05-15 14:14:20.476  INFO 7960 --- [ngodb.net:27017] org.mongodb.driver.connection            : Opened connection [connectionId{localValue:1, serverValue:316034}] to knowyourcity-shard-00-02-ijzn3.gcp.mongodb.net:27017
2020-05-15 14:14:20.476  INFO 7960 --- [ngodb.net:27017] org.mongodb.driver.connection            : Opened connection [connectionId{localValue:3, serverValue:396081}] to knowyourcity-shard-00-01-ijzn3.gcp.mongodb.net:27017
2020-05-15 14:14:20.496  INFO 7960 --- [ngodb.net:27017] org.mongodb.driver.connection            : Opened connection [connectionId{localValue:2, serverValue:331440}] to knowyourcity-shard-00-00-ijzn3.gcp.mongodb.net:27017
2020-05-15 14:14:20.567  INFO 7960 --- [ngodb.net:27017] org.mongodb.driver.cluster               : Monitor thread successfully connected to server with description ServerDescription{address=knowyourcity-shard-00-01-ijzn3.gcp.mongodb.net:27017, type=REPLICA_SET_PRIMARY, state=CONNECTED, ok=true, version=ServerVersion{versionList=[4, 2, 6]}, minWireVersion=0, maxWireVersion=8, maxDocumentSize=16777216, logicalSessionTimeoutMinutes=30, roundTripTimeNanos=50233421, setName='KnowYourCity-shard-0', canonicalAddress=knowyourcity-shard-00-01-ijzn3.gcp.mongodb.net:27017, hosts=[knowyourcity-shard-00-00-ijzn3.gcp.mongodb.net:27017, knowyourcity-shard-00-02-ijzn3.gcp.mongodb.net:27017, knowyourcity-shard-00-01-ijzn3.gcp.mongodb.net:27017], passives=[], arbiters=[], primary='knowyourcity-shard-00-01-ijzn3.gcp.mongodb.net:27017', tagSet=TagSet{[Tag{name='nodeType', value='ELECTABLE'}, Tag{name='provider', value='GCP'}, Tag{name='region', value='WESTERN_EUROPE'}]}, electionId=7fffffff0000000000000007, setVersion=3, lastWriteDate=Fri May 15 14:14:20 CEST 2020, lastUpdateTimeNanos=74165807161660}
2020-05-15 14:14:20.568  INFO 7960 --- [ngodb.net:27017] org.mongodb.driver.cluster               : Monitor thread successfully connected to server with description ServerDescription{address=knowyourcity-shard-00-00-ijzn3.gcp.mongodb.net:27017, type=REPLICA_SET_SECONDARY, state=CONNECTED, ok=true, version=ServerVersion{versionList=[4, 2, 6]}, minWireVersion=0, maxWireVersion=8, maxDocumentSize=16777216, logicalSessionTimeoutMinutes=30, roundTripTimeNanos=58218889, setName='KnowYourCity-shard-0', canonicalAddress=knowyourcity-shard-00-00-ijzn3.gcp.mongodb.net:27017, hosts=[knowyourcity-shard-00-00-ijzn3.gcp.mongodb.net:27017, knowyourcity-shard-00-02-ijzn3.gcp.mongodb.net:27017, knowyourcity-shard-00-01-ijzn3.gcp.mongodb.net:27017], passives=[], arbiters=[], primary='knowyourcity-shard-00-01-ijzn3.gcp.mongodb.net:27017', tagSet=TagSet{[Tag{name='nodeType', value='ELECTABLE'}, Tag{name='provider', value='GCP'}, Tag{name='region', value='WESTERN_EUROPE'}]}, electionId=null, setVersion=3, lastWriteDate=Fri May 15 14:14:20 CEST 2020, lastUpdateTimeNanos=74165825072231}
2020-05-15 14:14:20.568  INFO 7960 --- [ngodb.net:27017] org.mongodb.driver.cluster               : Monitor thread successfully connected to server with description ServerDescription{address=knowyourcity-shard-00-02-ijzn3.gcp.mongodb.net:27017, type=REPLICA_SET_SECONDARY, state=CONNECTED, ok=true, version=ServerVersion{versionList=[4, 2, 6]}, minWireVersion=0, maxWireVersion=8, maxDocumentSize=16777216, logicalSessionTimeoutMinutes=30, roundTripTimeNanos=65643648, setName='KnowYourCity-shard-0', canonicalAddress=knowyourcity-shard-00-02-ijzn3.gcp.mongodb.net:27017, hosts=[knowyourcity-shard-00-00-ijzn3.gcp.mongodb.net:27017, knowyourcity-shard-00-02-ijzn3.gcp.mongodb.net:27017, knowyourcity-shard-00-01-ijzn3.gcp.mongodb.net:27017], passives=[], arbiters=[], primary='knowyourcity-shard-00-01-ijzn3.gcp.mongodb.net:27017', tagSet=TagSet{[Tag{name='nodeType', value='ELECTABLE'}, Tag{name='provider', value='GCP'}, Tag{name='region', value='WESTERN_EUROPE'}]}, electionId=null, setVersion=3, lastWriteDate=Fri May 15 14:14:20 CEST 2020, lastUpdateTimeNanos=74165821542600}
2020-05-15 14:14:20.575  INFO 7960 --- [ngodb.net:27017] org.mongodb.driver.cluster               : Setting max election id to 7fffffff0000000000000007 from replica set primary knowyourcity-shard-00-01-ijzn3.gcp.mongodb.net:27017
2020-05-15 14:14:20.575  INFO 7960 --- [ngodb.net:27017] org.mongodb.driver.cluster               : Setting max set version to 3 from replica set primary knowyourcity-shard-00-01-ijzn3.gcp.mongodb.net:27017
2020-05-15 14:14:20.575  INFO 7960 --- [ngodb.net:27017] org.mongodb.driver.cluster               : Discovered replica set primary knowyourcity-shard-00-01-ijzn3.gcp.mongodb.net:27017
2020-05-15 14:14:22.423  INFO 7960 --- [    Test worker] .s.d.r.c.RepositoryConfigurationDelegate : Bootstrapping Spring Data JPA repositories in DEFAULT mode.
2020-05-15 14:14:22.504  INFO 7960 --- [    Test worker] .s.d.r.c.RepositoryConfigurationDelegate : Finished Spring Data repository scanning in 51ms. Found 0 JPA repository interfaces.
2020-05-15 14:14:23.339  INFO 7960 --- [    Test worker] trationDelegate$BeanPostProcessorChecker : Bean 'org.springframework.transaction.annotation.ProxyTransactionManagementConfiguration' of type [org.springframework.transaction.annotation.ProxyTransactionManagementConfiguration] is not eligible for getting processed by all BeanPostProcessors (for example: not eligible for auto-proxying)
2020-05-15 14:14:23.756  INFO 7960 --- [    Test worker] com.zaxxer.hikari.HikariDataSource       : HikariPool-1 - Starting...
2020-05-15 14:14:24.437  INFO 7960 --- [    Test worker] com.zaxxer.hikari.HikariDataSource       : HikariPool-1 - Start completed.
2020-05-15 14:14:24.617  INFO 7960 --- [    Test worker] o.hibernate.jpa.internal.util.LogHelper  : HHH000204: Processing PersistenceUnitInfo [name: default]
2020-05-15 14:14:24.804  INFO 7960 --- [    Test worker] org.hibernate.Version                    : HHH000412: Hibernate Core {5.4.10.Final}
2020-05-15 14:14:25.149  INFO 7960 --- [    Test worker] o.hibernate.annotations.common.Version   : HCANN000001: Hibernate Commons Annotations {5.1.0.Final}
2020-05-15 14:14:25.511  INFO 7960 --- [    Test worker] org.hibernate.dialect.Dialect            : HHH000400: Using dialect: org.hibernate.dialect.H2Dialect
2020-05-15 14:14:26.136  INFO 7960 --- [    Test worker] o.h.e.t.j.p.i.JtaPlatformInitiator       : HHH000490: Using JtaPlatform implementation: [org.hibernate.engine.transaction.jta.platform.internal.NoJtaPlatform]
2020-05-15 14:14:26.151  INFO 7960 --- [    Test worker] j.LocalContainerEntityManagerFactoryBean : Initialized JPA EntityManagerFactory for persistence unit 'default'
2020-05-15 14:14:26.878  WARN 7960 --- [    Test worker] JpaBaseConfiguration$JpaWebConfiguration : spring.jpa.open-in-view is enabled by default. Therefore, database queries may be performed during view rendering. Explicitly configure spring.jpa.open-in-view to disable this warning
2020-05-15 14:14:27.398  INFO 7960 --- [    Test worker] o.s.s.concurrent.ThreadPoolTaskExecutor  : Initializing ExecutorService 'applicationTaskExecutor'
2020-05-15 14:14:27.998  INFO 7960 --- [    Test worker] o.s.b.a.h2.H2ConsoleAutoConfiguration    : H2 console available at '/h2-console'. Database available at 'jdbc:h2:mem:testdb'
2020-05-15 14:14:28.174  INFO 7960 --- [    Test worker] u.i.s.s.s.LocationServiceIntegrationTest : Started LocationServiceIntegrationTest in 8.896 seconds (JVM running for 12.63)
2020-05-15 14:14:28.210  INFO 7960 --- [    Test worker] f.a.AutowiredAnnotationBeanPostProcessor : Autowired annotation is not supported on static fields: static com.mongodb.client.MongoClient ch.uzh.ifi.seal.soprafs20.service.LocationServiceIntegrationTest.mongoClient
2020-05-15 14:14:28.210  INFO 7960 --- [    Test worker] f.a.AutowiredAnnotationBeanPostProcessor : Autowired annotation is not supported on static fields: static com.mongodb.client.MongoDatabase ch.uzh.ifi.seal.soprafs20.service.LocationServiceIntegrationTest.locationStorage
2020-05-15 14:14:28.210  INFO 7960 --- [    Test worker] f.a.AutowiredAnnotationBeanPostProcessor : Autowired annotation is not supported on static fields: static com.mongodb.client.MongoCollection ch.uzh.ifi.seal.soprafs20.service.LocationServiceIntegrationTest.fountainsCollection
2020-05-15 14:14:28.214  INFO 7960 --- [    Test worker] f.a.AutowiredAnnotationBeanPostProcessor : Autowired annotation is not supported on static fields: static com.mongodb.client.MongoCollection ch.uzh.ifi.seal.soprafs20.service.LocationServiceIntegrationTest.fireplacesCollection
2020-05-15 14:14:28.214  INFO 7960 --- [    Test worker] f.a.AutowiredAnnotationBeanPostProcessor : Autowired annotation is not supported on static fields: static com.mongodb.client.MongoCollection ch.uzh.ifi.seal.soprafs20.service.LocationServiceIntegrationTest.recyclingCollection
2020-05-15 14:14:28.214  INFO 7960 --- [    Test worker] f.a.AutowiredAnnotationBeanPostProcessor : Autowired annotation is not supported on static fields: static com.mongodb.client.MongoCollection ch.uzh.ifi.seal.soprafs20.service.LocationServiceIntegrationTest.toiletsCollection
2020-05-15 14:14:28.214  INFO 7960 --- [    Test worker] f.a.AutowiredAnnotationBeanPostProcessor : Autowired annotation is not supported on static fields: static com.mongodb.client.MongoCollection ch.uzh.ifi.seal.soprafs20.service.LocationServiceIntegrationTest.userFountainsCollection
2020-05-15 14:14:28.218  INFO 7960 --- [    Test worker] f.a.AutowiredAnnotationBeanPostProcessor : Autowired annotation is not supported on static fields: static com.mongodb.client.MongoCollection ch.uzh.ifi.seal.soprafs20.service.LocationServiceIntegrationTest.userFireplacesCollection
2020-05-15 14:14:28.218  INFO 7960 --- [    Test worker] f.a.AutowiredAnnotationBeanPostProcessor : Autowired annotation is not supported on static fields: static com.mongodb.client.MongoCollection ch.uzh.ifi.seal.soprafs20.service.LocationServiceIntegrationTest.userRecyclingCollection
2020-05-15 14:14:28.218  INFO 7960 --- [    Test worker] f.a.AutowiredAnnotationBeanPostProcessor : Autowired annotation is not supported on static fields: static com.mongodb.client.MongoCollection ch.uzh.ifi.seal.soprafs20.service.LocationServiceIntegrationTest.userToiletsCollection
2020-05-15 14:14:28.222  INFO 7960 --- [    Test worker] f.a.AutowiredAnnotationBeanPostProcessor : Autowired annotation is not supported on static fields: static com.mongodb.client.MongoCollection ch.uzh.ifi.seal.soprafs20.service.LocationServiceIntegrationTest.userTableTennisCollection
2020-05-15 14:14:28.222  INFO 7960 --- [    Test worker] f.a.AutowiredAnnotationBeanPostProcessor : Autowired annotation is not supported on static fields: static com.mongodb.client.MongoCollection ch.uzh.ifi.seal.soprafs20.service.LocationServiceIntegrationTest.userBenchesCollection
2020-05-15 14:14:28.222  INFO 7960 --- [    Test worker] f.a.AutowiredAnnotationBeanPostProcessor : Autowired annotation is not supported on static fields: static com.mongodb.client.MongoDatabase ch.uzh.ifi.seal.soprafs20.service.LocationServiceIntegrationTest.usersDevelopment
2020-05-15 14:14:28.226  INFO 7960 --- [    Test worker] f.a.AutowiredAnnotationBeanPostProcessor : Autowired annotation is not supported on static fields: static com.mongodb.client.MongoCollection ch.uzh.ifi.seal.soprafs20.service.LocationServiceIntegrationTest.usersCollection
2020-05-15 14:14:29.187  INFO 7960 --- [    Test worker] org.mongodb.driver.cluster               : Cluster created with settings {hosts=[127.0.0.1:27017], srvHost=knowyourcity-ijzn3.gcp.mongodb.net, mode=MULTIPLE, requiredClusterType=REPLICA_SET, serverSelectionTimeout='30000 ms', maxWaitQueueSize=500, requiredReplicaSetName='KnowYourCity-shard-0'}
2020-05-15 14:14:29.235  INFO 7960 --- [gcp.mongodb.net] org.mongodb.driver.cluster               : Adding discovered server knowyourcity-shard-00-02-ijzn3.gcp.mongodb.net:27017 to client view of cluster
2020-05-15 14:14:29.235  INFO 7960 --- [gcp.mongodb.net] org.mongodb.driver.cluster               : Adding discovered server knowyourcity-shard-00-01-ijzn3.gcp.mongodb.net:27017 to client view of cluster
2020-05-15 14:14:29.239  INFO 7960 --- [gcp.mongodb.net] org.mongodb.driver.cluster               : Adding discovered server knowyourcity-shard-00-00-ijzn3.gcp.mongodb.net:27017 to client view of cluster
2020-05-15 14:14:29.257  INFO 7960 --- [    Test worker] org.mongodb.driver.cluster               : No server chosen by com.mongodb.client.internal.MongoClientDelegate$1@330c85eb from cluster description ClusterDescription{type=REPLICA_SET, connectionMode=MULTIPLE, serverDescriptions=[ServerDescription{address=knowyourcity-shard-00-02-ijzn3.gcp.mongodb.net:27017, type=UNKNOWN, state=CONNECTING}, ServerDescription{address=knowyourcity-shard-00-01-ijzn3.gcp.mongodb.net:27017, type=UNKNOWN, state=CONNECTING}, ServerDescription{address=knowyourcity-shard-00-00-ijzn3.gcp.mongodb.net:27017, type=UNKNOWN, state=CONNECTING}]}. Waiting for 30000 ms before timing out
2020-05-15 14:14:29.465  INFO 7960 --- [ngodb.net:27017] org.mongodb.driver.connection            : Opened connection [connectionId{localValue:6, serverValue:331440}] to knowyourcity-shard-00-00-ijzn3.gcp.mongodb.net:27017
2020-05-15 14:14:29.478  INFO 7960 --- [ngodb.net:27017] org.mongodb.driver.connection            : Opened connection [connectionId{localValue:5, serverValue:396081}] to knowyourcity-shard-00-01-ijzn3.gcp.mongodb.net:27017
2020-05-15 14:14:29.493  INFO 7960 --- [ngodb.net:27017] org.mongodb.driver.connection            : Opened connection [connectionId{localValue:4, serverValue:316034}] to knowyourcity-shard-00-02-ijzn3.gcp.mongodb.net:27017
2020-05-15 14:14:29.519  INFO 7960 --- [ngodb.net:27017] org.mongodb.driver.cluster               : Monitor thread successfully connected to server with description ServerDescription{address=knowyourcity-shard-00-00-ijzn3.gcp.mongodb.net:27017, type=REPLICA_SET_SECONDARY, state=CONNECTED, ok=true, version=ServerVersion{versionList=[4, 2, 6]}, minWireVersion=0, maxWireVersion=8, maxDocumentSize=16777216, logicalSessionTimeoutMinutes=30, roundTripTimeNanos=49086707, setName='KnowYourCity-shard-0', canonicalAddress=knowyourcity-shard-00-00-ijzn3.gcp.mongodb.net:27017, hosts=[knowyourcity-shard-00-00-ijzn3.gcp.mongodb.net:27017, knowyourcity-shard-00-02-ijzn3.gcp.mongodb.net:27017, knowyourcity-shard-00-01-ijzn3.gcp.mongodb.net:27017], passives=[], arbiters=[], primary='knowyourcity-shard-00-01-ijzn3.gcp.mongodb.net:27017', tagSet=TagSet{[Tag{name='nodeType', value='ELECTABLE'}, Tag{name='provider', value='GCP'}, Tag{name='region', value='WESTERN_EUROPE'}]}, electionId=null, setVersion=3, lastWriteDate=Fri May 15 14:14:28 CEST 2020, lastUpdateTimeNanos=74174786187017}
2020-05-15 14:14:29.558  INFO 7960 --- [ngodb.net:27017] org.mongodb.driver.cluster               : Monitor thread successfully connected to server with description ServerDescription{address=knowyourcity-shard-00-01-ijzn3.gcp.mongodb.net:27017, type=REPLICA_SET_PRIMARY, state=CONNECTED, ok=true, version=ServerVersion{versionList=[4, 2, 6]}, minWireVersion=0, maxWireVersion=8, maxDocumentSize=16777216, logicalSessionTimeoutMinutes=30, roundTripTimeNanos=78107608, setName='KnowYourCity-shard-0', canonicalAddress=knowyourcity-shard-00-01-ijzn3.gcp.mongodb.net:27017, hosts=[knowyourcity-shard-00-00-ijzn3.gcp.mongodb.net:27017, knowyourcity-shard-00-02-ijzn3.gcp.mongodb.net:27017, knowyourcity-shard-00-01-ijzn3.gcp.mongodb.net:27017], passives=[], arbiters=[], primary='knowyourcity-shard-00-01-ijzn3.gcp.mongodb.net:27017', tagSet=TagSet{[Tag{name='nodeType', value='ELECTABLE'}, Tag{name='provider', value='GCP'}, Tag{name='region', value='WESTERN_EUROPE'}]}, electionId=7fffffff0000000000000007, setVersion=3, lastWriteDate=Fri May 15 14:14:28 CEST 2020, lastUpdateTimeNanos=74174828159336}
2020-05-15 14:14:29.562  INFO 7960 --- [ngodb.net:27017] org.mongodb.driver.cluster               : Monitor thread successfully connected to server with description ServerDescription{address=knowyourcity-shard-00-02-ijzn3.gcp.mongodb.net:27017, type=REPLICA_SET_SECONDARY, state=CONNECTED, ok=true, version=ServerVersion{versionList=[4, 2, 6]}, minWireVersion=0, maxWireVersion=8, maxDocumentSize=16777216, logicalSessionTimeoutMinutes=30, roundTripTimeNanos=64800131, setName='KnowYourCity-shard-0', canonicalAddress=knowyourcity-shard-00-02-ijzn3.gcp.mongodb.net:27017, hosts=[knowyourcity-shard-00-00-ijzn3.gcp.mongodb.net:27017, knowyourcity-shard-00-02-ijzn3.gcp.mongodb.net:27017, knowyourcity-shard-00-01-ijzn3.gcp.mongodb.net:27017], passives=[], arbiters=[], primary='knowyourcity-shard-00-01-ijzn3.gcp.mongodb.net:27017', tagSet=TagSet{[Tag{name='nodeType', value='ELECTABLE'}, Tag{name='provider', value='GCP'}, Tag{name='region', value='WESTERN_EUROPE'}]}, electionId=null, setVersion=3, lastWriteDate=Fri May 15 14:14:28 CEST 2020, lastUpdateTimeNanos=74174827250120}
2020-05-15 14:14:29.562  INFO 7960 --- [ngodb.net:27017] org.mongodb.driver.cluster               : Setting max election id to 7fffffff0000000000000007 from replica set primary knowyourcity-shard-00-01-ijzn3.gcp.mongodb.net:27017
2020-05-15 14:14:29.562  INFO 7960 --- [ngodb.net:27017] org.mongodb.driver.cluster               : Setting max set version to 3 from replica set primary knowyourcity-shard-00-01-ijzn3.gcp.mongodb.net:27017
2020-05-15 14:14:29.562  INFO 7960 --- [ngodb.net:27017] org.mongodb.driver.cluster               : Discovered replica set primary knowyourcity-shard-00-01-ijzn3.gcp.mongodb.net:27017
2020-05-15 14:14:30.342  INFO 7960 --- [    Test worker] org.mongodb.driver.connection            : Opened connection [connectionId{localValue:7, serverValue:396084}] to knowyourcity-shard-00-01-ijzn3.gcp.mongodb.net:27017
2020-05-15 14:14:30.592  INFO 7960 --- [    Test worker] org.mongodb.driver.cluster               : Cluster created with settings {hosts=[127.0.0.1:27017], srvHost=knowyourcity-ijzn3.gcp.mongodb.net, mode=MULTIPLE, requiredClusterType=REPLICA_SET, serverSelectionTimeout='30000 ms', maxWaitQueueSize=500, requiredReplicaSetName='KnowYourCity-shard-0'}
2020-05-15 14:14:30.594  INFO 7960 --- [    Test worker] org.mongodb.driver.cluster               : Cluster description not yet available. Waiting for 30000 ms before timing out
2020-05-15 14:14:30.632  INFO 7960 --- [gcp.mongodb.net] org.mongodb.driver.cluster               : Adding discovered server knowyourcity-shard-00-02-ijzn3.gcp.mongodb.net:27017 to client view of cluster
2020-05-15 14:14:30.636  INFO 7960 --- [gcp.mongodb.net] org.mongodb.driver.cluster               : Adding discovered server knowyourcity-shard-00-01-ijzn3.gcp.mongodb.net:27017 to client view of cluster
2020-05-15 14:14:30.640  INFO 7960 --- [gcp.mongodb.net] org.mongodb.driver.cluster               : Adding discovered server knowyourcity-shard-00-00-ijzn3.gcp.mongodb.net:27017 to client view of cluster
2020-05-15 14:14:30.643  INFO 7960 --- [    Test worker] org.mongodb.driver.cluster               : No server chosen by com.mongodb.client.internal.MongoClientDelegate$1@22e68da2 from cluster description ClusterDescription{type=REPLICA_SET, connectionMode=MULTIPLE, serverDescriptions=[ServerDescription{address=knowyourcity-shard-00-02-ijzn3.gcp.mongodb.net:27017, type=UNKNOWN, state=CONNECTING}, ServerDescription{address=knowyourcity-shard-00-01-ijzn3.gcp.mongodb.net:27017, type=UNKNOWN, state=CONNECTING}, ServerDescription{address=knowyourcity-shard-00-00-ijzn3.gcp.mongodb.net:27017, type=UNKNOWN, state=CONNECTING}]}. Waiting for 30000 ms before timing out
2020-05-15 14:14:30.879  INFO 7960 --- [ngodb.net:27017] org.mongodb.driver.connection            : Opened connection [connectionId{localValue:9, serverValue:396080}] to knowyourcity-shard-00-01-ijzn3.gcp.mongodb.net:27017
2020-05-15 14:14:30.893  INFO 7960 --- [ngodb.net:27017] org.mongodb.driver.connection            : Opened connection [connectionId{localValue:10, serverValue:331440}] to knowyourcity-shard-00-00-ijzn3.gcp.mongodb.net:27017
2020-05-15 14:14:30.908  INFO 7960 --- [ngodb.net:27017] org.mongodb.driver.connection            : Opened connection [connectionId{localValue:8, serverValue:316034}] to knowyourcity-shard-00-02-ijzn3.gcp.mongodb.net:27017
2020-05-15 14:14:30.931  INFO 7960 --- [ngodb.net:27017] org.mongodb.driver.cluster               : Monitor thread successfully connected to server with description ServerDescription{address=knowyourcity-shard-00-01-ijzn3.gcp.mongodb.net:27017, type=REPLICA_SET_PRIMARY, state=CONNECTED, ok=true, version=ServerVersion{versionList=[4, 2, 6]}, minWireVersion=0, maxWireVersion=8, maxDocumentSize=16777216, logicalSessionTimeoutMinutes=30, roundTripTimeNanos=49378954, setName='KnowYourCity-shard-0', canonicalAddress=knowyourcity-shard-00-01-ijzn3.gcp.mongodb.net:27017, hosts=[knowyourcity-shard-00-00-ijzn3.gcp.mongodb.net:27017, knowyourcity-shard-00-02-ijzn3.gcp.mongodb.net:27017, knowyourcity-shard-00-01-ijzn3.gcp.mongodb.net:27017], passives=[], arbiters=[], primary='knowyourcity-shard-00-01-ijzn3.gcp.mongodb.net:27017', tagSet=TagSet{[Tag{name='nodeType', value='ELECTABLE'}, Tag{name='provider', value='GCP'}, Tag{name='region', value='WESTERN_EUROPE'}]}, electionId=7fffffff0000000000000007, setVersion=3, lastWriteDate=Fri May 15 14:14:28 CEST 2020, lastUpdateTimeNanos=74176198314023}
2020-05-15 14:14:30.935  INFO 7960 --- [ngodb.net:27017] org.mongodb.driver.cluster               : Setting max election id to 7fffffff0000000000000007 from replica set primary knowyourcity-shard-00-01-ijzn3.gcp.mongodb.net:27017
2020-05-15 14:14:30.935  INFO 7960 --- [ngodb.net:27017] org.mongodb.driver.cluster               : Setting max set version to 3 from replica set primary knowyourcity-shard-00-01-ijzn3.gcp.mongodb.net:27017
2020-05-15 14:14:30.935  INFO 7960 --- [ngodb.net:27017] org.mongodb.driver.cluster               : Discovered replica set primary knowyourcity-shard-00-01-ijzn3.gcp.mongodb.net:27017
2020-05-15 14:14:30.950  INFO 7960 --- [ngodb.net:27017] org.mongodb.driver.cluster               : Monitor thread successfully connected to server with description ServerDescription{address=knowyourcity-shard-00-00-ijzn3.gcp.mongodb.net:27017, type=REPLICA_SET_SECONDARY, state=CONNECTED, ok=true, version=ServerVersion{versionList=[4, 2, 6]}, minWireVersion=0, maxWireVersion=8, maxDocumentSize=16777216, logicalSessionTimeoutMinutes=30, roundTripTimeNanos=53677718, setName='KnowYourCity-shard-0', canonicalAddress=knowyourcity-shard-00-00-ijzn3.gcp.mongodb.net:27017, hosts=[knowyourcity-shard-00-00-ijzn3.gcp.mongodb.net:27017, knowyourcity-shard-00-02-ijzn3.gcp.mongodb.net:27017, knowyourcity-shard-00-01-ijzn3.gcp.mongodb.net:27017], passives=[], arbiters=[], primary='knowyourcity-shard-00-01-ijzn3.gcp.mongodb.net:27017', tagSet=TagSet{[Tag{name='nodeType', value='ELECTABLE'}, Tag{name='provider', value='GCP'}, Tag{name='region', value='WESTERN_EUROPE'}]}, electionId=null, setVersion=3, lastWriteDate=Fri May 15 14:14:28 CEST 2020, lastUpdateTimeNanos=74176217592949}
2020-05-15 14:14:30.965  INFO 7960 --- [ngodb.net:27017] org.mongodb.driver.cluster               : Monitor thread successfully connected to server with description ServerDescription{address=knowyourcity-shard-00-02-ijzn3.gcp.mongodb.net:27017, type=REPLICA_SET_SECONDARY, state=CONNECTED, ok=true, version=ServerVersion{versionList=[4, 2, 6]}, minWireVersion=0, maxWireVersion=8, maxDocumentSize=16777216, logicalSessionTimeoutMinutes=30, roundTripTimeNanos=56192032, setName='KnowYourCity-shard-0', canonicalAddress=knowyourcity-shard-00-02-ijzn3.gcp.mongodb.net:27017, hosts=[knowyourcity-shard-00-00-ijzn3.gcp.mongodb.net:27017, knowyourcity-shard-00-02-ijzn3.gcp.mongodb.net:27017, knowyourcity-shard-00-01-ijzn3.gcp.mongodb.net:27017], passives=[], arbiters=[], primary='knowyourcity-shard-00-01-ijzn3.gcp.mongodb.net:27017', tagSet=TagSet{[Tag{name='nodeType', value='ELECTABLE'}, Tag{name='provider', value='GCP'}, Tag{name='region', value='WESTERN_EUROPE'}]}, electionId=null, setVersion=3, lastWriteDate=Fri May 15 14:14:28 CEST 2020, lastUpdateTimeNanos=74176234344345}
2020-05-15 14:14:31.428  INFO 7960 --- [    Test worker] org.mongodb.driver.connection            : Opened connection [connectionId{localValue:11, serverValue:396080}] to knowyourcity-shard-00-01-ijzn3.gcp.mongodb.net:27017
2020-05-15 14:14:41.695  INFO 7960 --- [    Test worker] org.mongodb.driver.cluster               : Cluster created with settings {hosts=[127.0.0.1:27017], srvHost=knowyourcity-ijzn3.gcp.mongodb.net, mode=MULTIPLE, requiredClusterType=REPLICA_SET, serverSelectionTimeout='30000 ms', maxWaitQueueSize=500, requiredReplicaSetName='KnowYourCity-shard-0'}
2020-05-15 14:14:41.698  INFO 7960 --- [    Test worker] org.mongodb.driver.cluster               : Cluster description not yet available. Waiting for 30000 ms before timing out
2020-05-15 14:14:41.728  INFO 7960 --- [gcp.mongodb.net] org.mongodb.driver.cluster               : Adding discovered server knowyourcity-shard-00-02-ijzn3.gcp.mongodb.net:27017 to client view of cluster
2020-05-15 14:14:41.733  INFO 7960 --- [gcp.mongodb.net] org.mongodb.driver.cluster               : Adding discovered server knowyourcity-shard-00-01-ijzn3.gcp.mongodb.net:27017 to client view of cluster
2020-05-15 14:14:41.733  INFO 7960 --- [gcp.mongodb.net] org.mongodb.driver.cluster               : Adding discovered server knowyourcity-shard-00-00-ijzn3.gcp.mongodb.net:27017 to client view of cluster
2020-05-15 14:14:41.738  INFO 7960 --- [    Test worker] org.mongodb.driver.cluster               : No server chosen by com.mongodb.client.internal.MongoClientDelegate$1@6d0ee0bc from cluster description ClusterDescription{type=REPLICA_SET, connectionMode=MULTIPLE, serverDescriptions=[ServerDescription{address=knowyourcity-shard-00-02-ijzn3.gcp.mongodb.net:27017, type=UNKNOWN, state=CONNECTING}, ServerDescription{address=knowyourcity-shard-00-01-ijzn3.gcp.mongodb.net:27017, type=UNKNOWN, state=CONNECTING}, ServerDescription{address=knowyourcity-shard-00-00-ijzn3.gcp.mongodb.net:27017, type=UNKNOWN, state=CONNECTING}]}. Waiting for 30000 ms before timing out
2020-05-15 14:14:41.962  INFO 7960 --- [ngodb.net:27017] org.mongodb.driver.connection            : Opened connection [connectionId{localValue:12, serverValue:316034}] to knowyourcity-shard-00-02-ijzn3.gcp.mongodb.net:27017
2020-05-15 14:14:41.973  INFO 7960 --- [ngodb.net:27017] org.mongodb.driver.connection            : Opened connection [connectionId{localValue:14, serverValue:331440}] to knowyourcity-shard-00-00-ijzn3.gcp.mongodb.net:27017
2020-05-15 14:14:41.984  INFO 7960 --- [ngodb.net:27017] org.mongodb.driver.connection            : Opened connection [connectionId{localValue:13, serverValue:396080}] to knowyourcity-shard-00-01-ijzn3.gcp.mongodb.net:27017
2020-05-15 14:14:42.006  INFO 7960 --- [ngodb.net:27017] org.mongodb.driver.cluster               : Monitor thread successfully connected to server with description ServerDescription{address=knowyourcity-shard-00-02-ijzn3.gcp.mongodb.net:27017, type=REPLICA_SET_SECONDARY, state=CONNECTED, ok=true, version=ServerVersion{versionList=[4, 2, 6]}, minWireVersion=0, maxWireVersion=8, maxDocumentSize=16777216, logicalSessionTimeoutMinutes=30, roundTripTimeNanos=45384143, setName='KnowYourCity-shard-0', canonicalAddress=knowyourcity-shard-00-02-ijzn3.gcp.mongodb.net:27017, hosts=[knowyourcity-shard-00-00-ijzn3.gcp.mongodb.net:27017, knowyourcity-shard-00-02-ijzn3.gcp.mongodb.net:27017, knowyourcity-shard-00-01-ijzn3.gcp.mongodb.net:27017], passives=[], arbiters=[], primary='knowyourcity-shard-00-01-ijzn3.gcp.mongodb.net:27017', tagSet=TagSet{[Tag{name='nodeType', value='ELECTABLE'}, Tag{name='provider', value='GCP'}, Tag{name='region', value='WESTERN_EUROPE'}]}, electionId=null, setVersion=3, lastWriteDate=Fri May 15 14:14:41 CEST 2020, lastUpdateTimeNanos=74187276283814}
2020-05-15 14:14:42.014  INFO 7960 --- [    Test worker] org.mongodb.driver.cluster               : No server chosen by WritableServerSelector from cluster description ClusterDescription{type=REPLICA_SET, connectionMode=MULTIPLE, serverDescriptions=[ServerDescription{address=knowyourcity-shard-00-02-ijzn3.gcp.mongodb.net:27017, type=REPLICA_SET_SECONDARY, state=CONNECTED, ok=true, version=ServerVersion{versionList=[4, 2, 6]}, minWireVersion=0, maxWireVersion=8, maxDocumentSize=16777216, logicalSessionTimeoutMinutes=30, roundTripTimeNanos=45384143, setName='KnowYourCity-shard-0', canonicalAddress=knowyourcity-shard-00-02-ijzn3.gcp.mongodb.net:27017, hosts=[knowyourcity-shard-00-00-ijzn3.gcp.mongodb.net:27017, knowyourcity-shard-00-02-ijzn3.gcp.mongodb.net:27017, knowyourcity-shard-00-01-ijzn3.gcp.mongodb.net:27017], passives=[], arbiters=[], primary='knowyourcity-shard-00-01-ijzn3.gcp.mongodb.net:27017', tagSet=TagSet{[Tag{name='nodeType', value='ELECTABLE'}, Tag{name='provider', value='GCP'}, Tag{name='region', value='WESTERN_EUROPE'}]}, electionId=null, setVersion=3, lastWriteDate=Fri May 15 14:14:41 CEST 2020, lastUpdateTimeNanos=74187276283814}, ServerDescription{address=knowyourcity-shard-00-01-ijzn3.gcp.mongodb.net:27017, type=UNKNOWN, state=CONNECTING}, ServerDescription{address=knowyourcity-shard-00-00-ijzn3.gcp.mongodb.net:27017, type=UNKNOWN, state=CONNECTING}]}. Waiting for 30000 ms before timing out
2020-05-15 14:14:42.023  INFO 7960 --- [ngodb.net:27017] org.mongodb.driver.cluster               : Monitor thread successfully connected to server with description ServerDescription{address=knowyourcity-shard-00-00-ijzn3.gcp.mongodb.net:27017, type=REPLICA_SET_SECONDARY, state=CONNECTED, ok=true, version=ServerVersion{versionList=[4, 2, 6]}, minWireVersion=0, maxWireVersion=8, maxDocumentSize=16777216, logicalSessionTimeoutMinutes=30, roundTripTimeNanos=47432522, setName='KnowYourCity-shard-0', canonicalAddress=knowyourcity-shard-00-00-ijzn3.gcp.mongodb.net:27017, hosts=[knowyourcity-shard-00-00-ijzn3.gcp.mongodb.net:27017, knowyourcity-shard-00-02-ijzn3.gcp.mongodb.net:27017, knowyourcity-shard-00-01-ijzn3.gcp.mongodb.net:27017], passives=[], arbiters=[], primary='knowyourcity-shard-00-01-ijzn3.gcp.mongodb.net:27017', tagSet=TagSet{[Tag{name='nodeType', value='ELECTABLE'}, Tag{name='provider', value='GCP'}, Tag{name='region', value='WESTERN_EUROPE'}]}, electionId=null, setVersion=3, lastWriteDate=Fri May 15 14:14:41 CEST 2020, lastUpdateTimeNanos=74187290578288}
2020-05-15 14:14:42.034  INFO 7960 --- [ngodb.net:27017] org.mongodb.driver.cluster               : Monitor thread successfully connected to server with description ServerDescription{address=knowyourcity-shard-00-01-ijzn3.gcp.mongodb.net:27017, type=REPLICA_SET_PRIMARY, state=CONNECTED, ok=true, version=ServerVersion{versionList=[4, 2, 6]}, minWireVersion=0, maxWireVersion=8, maxDocumentSize=16777216, logicalSessionTimeoutMinutes=30, roundTripTimeNanos=48607178, setName='KnowYourCity-shard-0', canonicalAddress=knowyourcity-shard-00-01-ijzn3.gcp.mongodb.net:27017, hosts=[knowyourcity-shard-00-00-ijzn3.gcp.mongodb.net:27017, knowyourcity-shard-00-02-ijzn3.gcp.mongodb.net:27017, knowyourcity-shard-00-01-ijzn3.gcp.mongodb.net:27017], passives=[], arbiters=[], primary='knowyourcity-shard-00-01-ijzn3.gcp.mongodb.net:27017', tagSet=TagSet{[Tag{name='nodeType', value='ELECTABLE'}, Tag{name='provider', value='GCP'}, Tag{name='region', value='WESTERN_EUROPE'}]}, electionId=7fffffff0000000000000007, setVersion=3, lastWriteDate=Fri May 15 14:14:41 CEST 2020, lastUpdateTimeNanos=74187301917811}
2020-05-15 14:14:42.036  INFO 7960 --- [ngodb.net:27017] org.mongodb.driver.cluster               : Setting max election id to 7fffffff0000000000000007 from replica set primary knowyourcity-shard-00-01-ijzn3.gcp.mongodb.net:27017
2020-05-15 14:14:42.037  INFO 7960 --- [ngodb.net:27017] org.mongodb.driver.cluster               : Setting max set version to 3 from replica set primary knowyourcity-shard-00-01-ijzn3.gcp.mongodb.net:27017
2020-05-15 14:14:42.038  INFO 7960 --- [ngodb.net:27017] org.mongodb.driver.cluster               : Discovered replica set primary knowyourcity-shard-00-01-ijzn3.gcp.mongodb.net:27017
2020-05-15 14:14:42.518  INFO 7960 --- [    Test worker] org.mongodb.driver.connection            : Opened connection [connectionId{localValue:15, serverValue:396080}] to knowyourcity-shard-00-01-ijzn3.gcp.mongodb.net:27017
2020-05-15 14:14:52.020  INFO 7960 --- [    Test worker] org.mongodb.driver.connection            : Opened connection [connectionId{localValue:16, serverValue:398657}] to knowyourcity-shard-00-01-ijzn3.gcp.mongodb.net:27017
2020-05-15 14:16:14.493  INFO 7960 --- [    Test worker] org.mongodb.driver.cluster               : Cluster created with settings {hosts=[127.0.0.1:27017], srvHost=knowyourcity-ijzn3.gcp.mongodb.net, mode=MULTIPLE, requiredClusterType=REPLICA_SET, serverSelectionTimeout='30000 ms', maxWaitQueueSize=500, requiredReplicaSetName='KnowYourCity-shard-0'}
2020-05-15 14:16:14.493  INFO 7960 --- [    Test worker] org.mongodb.driver.cluster               : Cluster description not yet available. Waiting for 30000 ms before timing out
2020-05-15 14:16:14.554  INFO 7960 --- [gcp.mongodb.net] org.mongodb.driver.cluster               : Adding discovered server knowyourcity-shard-00-02-ijzn3.gcp.mongodb.net:27017 to client view of cluster
2020-05-15 14:16:14.554  INFO 7960 --- [gcp.mongodb.net] org.mongodb.driver.cluster               : Adding discovered server knowyourcity-shard-00-01-ijzn3.gcp.mongodb.net:27017 to client view of cluster
2020-05-15 14:16:14.559  INFO 7960 --- [gcp.mongodb.net] org.mongodb.driver.cluster               : Adding discovered server knowyourcity-shard-00-00-ijzn3.gcp.mongodb.net:27017 to client view of cluster
2020-05-15 14:16:14.559  INFO 7960 --- [    Test worker] org.mongodb.driver.cluster               : No server chosen by com.mongodb.client.internal.MongoClientDelegate$1@5f2badeb from cluster description ClusterDescription{type=REPLICA_SET, connectionMode=MULTIPLE, serverDescriptions=[ServerDescription{address=knowyourcity-shard-00-02-ijzn3.gcp.mongodb.net:27017, type=UNKNOWN, state=CONNECTING}, ServerDescription{address=knowyourcity-shard-00-01-ijzn3.gcp.mongodb.net:27017, type=UNKNOWN, state=CONNECTING}, ServerDescription{address=knowyourcity-shard-00-00-ijzn3.gcp.mongodb.net:27017, type=UNKNOWN, state=CONNECTING}]}. Waiting for 30000 ms before timing out
2020-05-15 14:16:14.876  INFO 7960 --- [ngodb.net:27017] org.mongodb.driver.connection            : Opened connection [connectionId{localValue:18, serverValue:397763}] to knowyourcity-shard-00-01-ijzn3.gcp.mongodb.net:27017
2020-05-15 14:16:14.876  INFO 7960 --- [ngodb.net:27017] org.mongodb.driver.connection            : Opened connection [connectionId{localValue:17, serverValue:328718}] to knowyourcity-shard-00-02-ijzn3.gcp.mongodb.net:27017
2020-05-15 14:16:14.879  INFO 7960 --- [ngodb.net:27017] org.mongodb.driver.connection            : Opened connection [connectionId{localValue:19, serverValue:333201}] to knowyourcity-shard-00-00-ijzn3.gcp.mongodb.net:27017
2020-05-15 14:16:14.919  INFO 7960 --- [ngodb.net:27017] org.mongodb.driver.cluster               : Monitor thread successfully connected to server with description ServerDescription{address=knowyourcity-shard-00-01-ijzn3.gcp.mongodb.net:27017, type=REPLICA_SET_PRIMARY, state=CONNECTED, ok=true, version=ServerVersion{versionList=[4, 2, 6]}, minWireVersion=0, maxWireVersion=8, maxDocumentSize=16777216, logicalSessionTimeoutMinutes=30, roundTripTimeNanos=42389168, setName='KnowYourCity-shard-0', canonicalAddress=knowyourcity-shard-00-01-ijzn3.gcp.mongodb.net:27017, hosts=[knowyourcity-shard-00-00-ijzn3.gcp.mongodb.net:27017, knowyourcity-shard-00-02-ijzn3.gcp.mongodb.net:27017, knowyourcity-shard-00-01-ijzn3.gcp.mongodb.net:27017], passives=[], arbiters=[], primary='knowyourcity-shard-00-01-ijzn3.gcp.mongodb.net:27017', tagSet=TagSet{[Tag{name='nodeType', value='ELECTABLE'}, Tag{name='provider', value='GCP'}, Tag{name='region', value='WESTERN_EUROPE'}]}, electionId=7fffffff0000000000000007, setVersion=3, lastWriteDate=Fri May 15 14:16:10 CEST 2020, lastUpdateTimeNanos=74280187247492}
2020-05-15 14:16:14.920  INFO 7960 --- [ngodb.net:27017] org.mongodb.driver.cluster               : Setting max election id to 7fffffff0000000000000007 from replica set primary knowyourcity-shard-00-01-ijzn3.gcp.mongodb.net:27017
2020-05-15 14:16:14.920  INFO 7960 --- [ngodb.net:27017] org.mongodb.driver.cluster               : Setting max set version to 3 from replica set primary knowyourcity-shard-00-01-ijzn3.gcp.mongodb.net:27017
2020-05-15 14:16:14.921  INFO 7960 --- [ngodb.net:27017] org.mongodb.driver.cluster               : Discovered replica set primary knowyourcity-shard-00-01-ijzn3.gcp.mongodb.net:27017
2020-05-15 14:16:14.924  INFO 7960 --- [ngodb.net:27017] org.mongodb.driver.cluster               : Monitor thread successfully connected to server with description ServerDescription{address=knowyourcity-shard-00-02-ijzn3.gcp.mongodb.net:27017, type=REPLICA_SET_SECONDARY, state=CONNECTED, ok=true, version=ServerVersion{versionList=[4, 2, 6]}, minWireVersion=0, maxWireVersion=8, maxDocumentSize=16777216, logicalSessionTimeoutMinutes=30, roundTripTimeNanos=47400051, setName='KnowYourCity-shard-0', canonicalAddress=knowyourcity-shard-00-02-ijzn3.gcp.mongodb.net:27017, hosts=[knowyourcity-shard-00-00-ijzn3.gcp.mongodb.net:27017, knowyourcity-shard-00-02-ijzn3.gcp.mongodb.net:27017, knowyourcity-shard-00-01-ijzn3.gcp.mongodb.net:27017], passives=[], arbiters=[], primary='knowyourcity-shard-00-01-ijzn3.gcp.mongodb.net:27017', tagSet=TagSet{[Tag{name='nodeType', value='ELECTABLE'}, Tag{name='provider', value='GCP'}, Tag{name='region', value='WESTERN_EUROPE'}]}, electionId=null, setVersion=3, lastWriteDate=Fri May 15 14:16:10 CEST 2020, lastUpdateTimeNanos=74280192461513}
2020-05-15 14:16:14.928  INFO 7960 --- [ngodb.net:27017] org.mongodb.driver.cluster               : Monitor thread successfully connected to server with description ServerDescription{address=knowyourcity-shard-00-00-ijzn3.gcp.mongodb.net:27017, type=REPLICA_SET_SECONDARY, state=CONNECTED, ok=true, version=ServerVersion{versionList=[4, 2, 6]}, minWireVersion=0, maxWireVersion=8, maxDocumentSize=16777216, logicalSessionTimeoutMinutes=30, roundTripTimeNanos=47718729, setName='KnowYourCity-shard-0', canonicalAddress=knowyourcity-shard-00-00-ijzn3.gcp.mongodb.net:27017, hosts=[knowyourcity-shard-00-00-ijzn3.gcp.mongodb.net:27017, knowyourcity-shard-00-02-ijzn3.gcp.mongodb.net:27017, knowyourcity-shard-00-01-ijzn3.gcp.mongodb.net:27017], passives=[], arbiters=[], primary='knowyourcity-shard-00-01-ijzn3.gcp.mongodb.net:27017', tagSet=TagSet{[Tag{name='nodeType', value='ELECTABLE'}, Tag{name='provider', value='GCP'}, Tag{name='region', value='WESTERN_EUROPE'}]}, electionId=null, setVersion=3, lastWriteDate=Fri May 15 14:16:10 CEST 2020, lastUpdateTimeNanos=74280196033432}
2020-05-15 14:16:15.379  INFO 7960 --- [    Test worker] org.mongodb.driver.connection            : Opened connection [connectionId{localValue:20, serverValue:397763}] to knowyourcity-shard-00-01-ijzn3.gcp.mongodb.net:27017
2020-05-15 14:16:15.759  INFO 7960 --- [    Test worker] org.mongodb.driver.cluster               : Cluster created with settings {hosts=[127.0.0.1:27017], srvHost=knowyourcity-ijzn3.gcp.mongodb.net, mode=MULTIPLE, requiredClusterType=REPLICA_SET, serverSelectionTimeout='30000 ms', maxWaitQueueSize=500, requiredReplicaSetName='KnowYourCity-shard-0'}
2020-05-15 14:16:15.761  INFO 7960 --- [    Test worker] org.mongodb.driver.cluster               : Cluster description not yet available. Waiting for 30000 ms before timing out
2020-05-15 14:16:15.797  INFO 7960 --- [gcp.mongodb.net] org.mongodb.driver.cluster               : Adding discovered server knowyourcity-shard-00-02-ijzn3.gcp.mongodb.net:27017 to client view of cluster
2020-05-15 14:16:15.801  INFO 7960 --- [gcp.mongodb.net] org.mongodb.driver.cluster               : Adding discovered server knowyourcity-shard-00-01-ijzn3.gcp.mongodb.net:27017 to client view of cluster
2020-05-15 14:16:15.801  INFO 7960 --- [gcp.mongodb.net] org.mongodb.driver.cluster               : Adding discovered server knowyourcity-shard-00-00-ijzn3.gcp.mongodb.net:27017 to client view of cluster
2020-05-15 14:16:15.805  INFO 7960 --- [    Test worker] org.mongodb.driver.cluster               : No server chosen by com.mongodb.client.internal.MongoClientDelegate$1@1e39e175 from cluster description ClusterDescription{type=REPLICA_SET, connectionMode=MULTIPLE, serverDescriptions=[ServerDescription{address=knowyourcity-shard-00-02-ijzn3.gcp.mongodb.net:27017, type=UNKNOWN, state=CONNECTING}, ServerDescription{address=knowyourcity-shard-00-01-ijzn3.gcp.mongodb.net:27017, type=UNKNOWN, state=CONNECTING}, ServerDescription{address=knowyourcity-shard-00-00-ijzn3.gcp.mongodb.net:27017, type=UNKNOWN, state=CONNECTING}]}. Waiting for 30000 ms before timing out
2020-05-15 14:16:16.038  INFO 7960 --- [ngodb.net:27017] org.mongodb.driver.connection            : Opened connection [connectionId{localValue:23, serverValue:333201}] to knowyourcity-shard-00-00-ijzn3.gcp.mongodb.net:27017
2020-05-15 14:16:16.038  INFO 7960 --- [ngodb.net:27017] org.mongodb.driver.connection            : Opened connection [connectionId{localValue:21, serverValue:328718}] to knowyourcity-shard-00-02-ijzn3.gcp.mongodb.net:27017
2020-05-15 14:16:16.050  INFO 7960 --- [ngodb.net:27017] org.mongodb.driver.connection            : Opened connection [connectionId{localValue:22, serverValue:396080}] to knowyourcity-shard-00-01-ijzn3.gcp.mongodb.net:27017
2020-05-15 14:16:16.087  INFO 7960 --- [ngodb.net:27017] org.mongodb.driver.cluster               : Monitor thread successfully connected to server with description ServerDescription{address=knowyourcity-shard-00-00-ijzn3.gcp.mongodb.net:27017, type=REPLICA_SET_SECONDARY, state=CONNECTED, ok=true, version=ServerVersion{versionList=[4, 2, 6]}, minWireVersion=0, maxWireVersion=8, maxDocumentSize=16777216, logicalSessionTimeoutMinutes=30, roundTripTimeNanos=48091024, setName='KnowYourCity-shard-0', canonicalAddress=knowyourcity-shard-00-00-ijzn3.gcp.mongodb.net:27017, hosts=[knowyourcity-shard-00-00-ijzn3.gcp.mongodb.net:27017, knowyourcity-shard-00-02-ijzn3.gcp.mongodb.net:27017, knowyourcity-shard-00-01-ijzn3.gcp.mongodb.net:27017], passives=[], arbiters=[], primary='knowyourcity-shard-00-01-ijzn3.gcp.mongodb.net:27017', tagSet=TagSet{[Tag{name='nodeType', value='ELECTABLE'}, Tag{name='provider', value='GCP'}, Tag{name='region', value='WESTERN_EUROPE'}]}, electionId=null, setVersion=3, lastWriteDate=Fri May 15 14:16:15 CEST 2020, lastUpdateTimeNanos=74281354708212}
2020-05-15 14:16:16.087  INFO 7960 --- [ngodb.net:27017] org.mongodb.driver.cluster               : Monitor thread successfully connected to server with description ServerDescription{address=knowyourcity-shard-00-02-ijzn3.gcp.mongodb.net:27017, type=REPLICA_SET_SECONDARY, state=CONNECTED, ok=true, version=ServerVersion{versionList=[4, 2, 6]}, minWireVersion=0, maxWireVersion=8, maxDocumentSize=16777216, logicalSessionTimeoutMinutes=30, roundTripTimeNanos=48115567, setName='KnowYourCity-shard-0', canonicalAddress=knowyourcity-shard-00-02-ijzn3.gcp.mongodb.net:27017, hosts=[knowyourcity-shard-00-00-ijzn3.gcp.mongodb.net:27017, knowyourcity-shard-00-02-ijzn3.gcp.mongodb.net:27017, knowyourcity-shard-00-01-ijzn3.gcp.mongodb.net:27017], passives=[], arbiters=[], primary='knowyourcity-shard-00-01-ijzn3.gcp.mongodb.net:27017', tagSet=TagSet{[Tag{name='nodeType', value='ELECTABLE'}, Tag{name='provider', value='GCP'}, Tag{name='region', value='WESTERN_EUROPE'}]}, electionId=null, setVersion=3, lastWriteDate=Fri May 15 14:16:15 CEST 2020, lastUpdateTimeNanos=74281354884165}
2020-05-15 14:16:16.089  INFO 7960 --- [    Test worker] org.mongodb.driver.cluster               : No server chosen by WritableServerSelector from cluster description ClusterDescription{type=REPLICA_SET, connectionMode=MULTIPLE, serverDescriptions=[ServerDescription{address=knowyourcity-shard-00-02-ijzn3.gcp.mongodb.net:27017, type=REPLICA_SET_SECONDARY, state=CONNECTED, ok=true, version=ServerVersion{versionList=[4, 2, 6]}, minWireVersion=0, maxWireVersion=8, maxDocumentSize=16777216, logicalSessionTimeoutMinutes=30, roundTripTimeNanos=48115567, setName='KnowYourCity-shard-0', canonicalAddress=knowyourcity-shard-00-02-ijzn3.gcp.mongodb.net:27017, hosts=[knowyourcity-shard-00-00-ijzn3.gcp.mongodb.net:27017, knowyourcity-shard-00-02-ijzn3.gcp.mongodb.net:27017, knowyourcity-shard-00-01-ijzn3.gcp.mongodb.net:27017], passives=[], arbiters=[], primary='knowyourcity-shard-00-01-ijzn3.gcp.mongodb.net:27017', tagSet=TagSet{[Tag{name='nodeType', value='ELECTABLE'}, Tag{name='provider', value='GCP'}, Tag{name='region', value='WESTERN_EUROPE'}]}, electionId=null, setVersion=3, lastWriteDate=Fri May 15 14:16:15 CEST 2020, lastUpdateTimeNanos=74281354884165}, ServerDescription{address=knowyourcity-shard-00-01-ijzn3.gcp.mongodb.net:27017, type=UNKNOWN, state=CONNECTING}, ServerDescription{address=knowyourcity-shard-00-00-ijzn3.gcp.mongodb.net:27017, type=REPLICA_SET_SECONDARY, state=CONNECTED, ok=true, version=ServerVersion{versionList=[4, 2, 6]}, minWireVersion=0, maxWireVersion=8, maxDocumentSize=16777216, logicalSessionTimeoutMinutes=30, roundTripTimeNanos=48091024, setName='KnowYourCity-shard-0', canonicalAddress=knowyourcity-shard-00-00-ijzn3.gcp.mongodb.net:27017, hosts=[knowyourcity-shard-00-00-ijzn3.gcp.mongodb.net:27017, knowyourcity-shard-00-02-ijzn3.gcp.mongodb.net:27017, knowyourcity-shard-00-01-ijzn3.gcp.mongodb.net:27017], passives=[], arbiters=[], primary='knowyourcity-shard-00-01-ijzn3.gcp.mongodb.net:27017', tagSet=TagSet{[Tag{name='nodeType', value='ELECTABLE'}, Tag{name='provider', value='GCP'}, Tag{name='region', value='WESTERN_EUROPE'}]}, electionId=null, setVersion=3, lastWriteDate=Fri May 15 14:16:15 CEST 2020, lastUpdateTimeNanos=74281354708212}]}. Waiting for 30000 ms before timing out
2020-05-15 14:16:16.098  INFO 7960 --- [ngodb.net:27017] org.mongodb.driver.cluster               : Monitor thread successfully connected to server with description ServerDescription{address=knowyourcity-shard-00-01-ijzn3.gcp.mongodb.net:27017, type=REPLICA_SET_PRIMARY, state=CONNECTED, ok=true, version=ServerVersion{versionList=[4, 2, 6]}, minWireVersion=0, maxWireVersion=8, maxDocumentSize=16777216, logicalSessionTimeoutMinutes=30, roundTripTimeNanos=42823764, setName='KnowYourCity-shard-0', canonicalAddress=knowyourcity-shard-00-01-ijzn3.gcp.mongodb.net:27017, hosts=[knowyourcity-shard-00-00-ijzn3.gcp.mongodb.net:27017, knowyourcity-shard-00-02-ijzn3.gcp.mongodb.net:27017, knowyourcity-shard-00-01-ijzn3.gcp.mongodb.net:27017], passives=[], arbiters=[], primary='knowyourcity-shard-00-01-ijzn3.gcp.mongodb.net:27017', tagSet=TagSet{[Tag{name='nodeType', value='ELECTABLE'}, Tag{name='provider', value='GCP'}, Tag{name='region', value='WESTERN_EUROPE'}]}, electionId=7fffffff0000000000000007, setVersion=3, lastWriteDate=Fri May 15 14:16:15 CEST 2020, lastUpdateTimeNanos=74281365661092}
2020-05-15 14:16:16.100  INFO 7960 --- [ngodb.net:27017] org.mongodb.driver.cluster               : Setting max election id to 7fffffff0000000000000007 from replica set primary knowyourcity-shard-00-01-ijzn3.gcp.mongodb.net:27017
2020-05-15 14:16:16.102  INFO 7960 --- [ngodb.net:27017] org.mongodb.driver.cluster               : Setting max set version to 3 from replica set primary knowyourcity-shard-00-01-ijzn3.gcp.mongodb.net:27017
2020-05-15 14:16:16.103  INFO 7960 --- [ngodb.net:27017] org.mongodb.driver.cluster               : Discovered replica set primary knowyourcity-shard-00-01-ijzn3.gcp.mongodb.net:27017
2020-05-15 14:16:16.588  INFO 7960 --- [    Test worker] org.mongodb.driver.connection            : Opened connection [connectionId{localValue:24, serverValue:396085}] to knowyourcity-shard-00-01-ijzn3.gcp.mongodb.net:27017
]]></system-out>
  <system-err><![CDATA[]]></system-err>
</testsuite>
