<?xml version="1.0" encoding="UTF-8"?>
<testsuite name="ch.uzh.ifi.seal.soprafs20.service.LocationServiceUnitTest" tests="1" skipped="0" failures="0" errors="0" timestamp="2020-05-24T11:44:55" hostname="Luis-MacBook-Pro.local" time="3.459">
  <properties/>
  <testcase name="testNullGetLocation()" classname="ch.uzh.ifi.seal.soprafs20.service.LocationServiceUnitTest" time="3.459"/>
  <system-out><![CDATA[2020-05-24 13:44:55.611  INFO 65584 --- [    Test worker] .b.t.c.SpringBootTestContextBootstrapper : Neither @ContextConfiguration nor @ContextHierarchy found for test class [ch.uzh.ifi.seal.soprafs20.service.LocationServiceUnitTest], using SpringBootContextLoader
2020-05-24 13:44:55.612  INFO 65584 --- [    Test worker] o.s.t.c.support.AbstractContextLoader    : Could not detect default resource locations for test class [ch.uzh.ifi.seal.soprafs20.service.LocationServiceUnitTest]: no resource found for suffixes {-context.xml, Context.groovy}.
2020-05-24 13:44:55.612  INFO 65584 --- [    Test worker] t.c.s.AnnotationConfigContextLoaderUtils : Could not detect default configuration classes for test class [ch.uzh.ifi.seal.soprafs20.service.LocationServiceUnitTest]: LocationServiceUnitTest does not declare any static, non-private, non-final, nested classes annotated with @Configuration.
2020-05-24 13:44:55.613  INFO 65584 --- [    Test worker] .b.t.c.SpringBootTestContextBootstrapper : Found @SpringBootConfiguration ch.uzh.ifi.seal.soprafs20.Application for test class ch.uzh.ifi.seal.soprafs20.service.LocationServiceUnitTest
2020-05-24 13:44:55.619  INFO 65584 --- [    Test worker] .b.t.c.SpringBootTestContextBootstrapper : Loaded default TestExecutionListener class names from location [META-INF/spring.factories]: [org.springframework.boot.test.autoconfigure.restdocs.RestDocsTestExecutionListener, org.springframework.boot.test.autoconfigure.web.client.MockRestServiceServerResetTestExecutionListener, org.springframework.boot.test.autoconfigure.web.servlet.MockMvcPrintOnlyOnFailureTestExecutionListener, org.springframework.boot.test.autoconfigure.web.servlet.WebDriverTestExecutionListener, org.springframework.boot.test.mock.mockito.MockitoTestExecutionListener, org.springframework.boot.test.mock.mockito.ResetMocksTestExecutionListener, org.springframework.test.context.web.ServletTestExecutionListener, org.springframework.test.context.support.DirtiesContextBeforeModesTestExecutionListener, org.springframework.test.context.support.DependencyInjectionTestExecutionListener, org.springframework.test.context.support.DirtiesContextTestExecutionListener, org.springframework.test.context.transaction.TransactionalTestExecutionListener, org.springframework.test.context.jdbc.SqlScriptsTestExecutionListener, org.springframework.test.context.event.EventPublishingTestExecutionListener]
2020-05-24 13:44:55.619  INFO 65584 --- [    Test worker] .b.t.c.SpringBootTestContextBootstrapper : Using TestExecutionListeners: [org.springframework.test.context.web.ServletTestExecutionListener@459e6fbe, org.springframework.test.context.support.DirtiesContextBeforeModesTestExecutionListener@3d2cc6f2, org.springframework.boot.test.mock.mockito.MockitoTestExecutionListener@d585f30, org.springframework.boot.test.autoconfigure.SpringBootDependencyInjectionTestExecutionListener@7d1397d8, org.springframework.test.context.support.DirtiesContextTestExecutionListener@4b46e45b, org.springframework.test.context.transaction.TransactionalTestExecutionListener@1006b097, org.springframework.test.context.jdbc.SqlScriptsTestExecutionListener@5f68dc78, org.springframework.test.context.event.EventPublishingTestExecutionListener@3e242d1a, org.springframework.boot.test.autoconfigure.restdocs.RestDocsTestExecutionListener@42bc62b9, org.springframework.boot.test.autoconfigure.web.client.MockRestServiceServerResetTestExecutionListener@679be071, org.springframework.boot.test.autoconfigure.web.servlet.MockMvcPrintOnlyOnFailureTestExecutionListener@7e096be6, org.springframework.boot.test.autoconfigure.web.servlet.WebDriverTestExecutionListener@61dac5c0, org.springframework.boot.test.mock.mockito.ResetMocksTestExecutionListener@40d2cae8]
]]></system-out>
  <system-err><![CDATA[]]></system-err>
</testsuite>
