<?xml version="1.0" encoding="UTF-8"?>
<testsuite name="ch.uzh.ifi.seal.soprafs20.service.LocationServiceIntegrationTest" tests="1" skipped="0" failures="0" errors="0" timestamp="2020-05-21T10:49:04" hostname="Lenasophie" time="56.554">
  <properties/>
  <testcase name="deleteFavoriteLocations_success()" classname="ch.uzh.ifi.seal.soprafs20.service.LocationServiceIntegrationTest" time="56.554"/>
  <system-out><![CDATA[12:48:57.321 [Test worker] DEBUG org.springframework.test.context.BootstrapUtils - Instantiating CacheAwareContextLoaderDelegate from class [org.springframework.test.context.cache.DefaultCacheAwareContextLoaderDelegate]
12:48:57.361 [Test worker] DEBUG org.springframework.test.context.BootstrapUtils - Instantiating BootstrapContext using constructor [public org.springframework.test.context.support.DefaultBootstrapContext(java.lang.Class,org.springframework.test.context.CacheAwareContextLoaderDelegate)]
12:48:57.427 [Test worker] DEBUG org.springframework.test.context.BootstrapUtils - Instantiating TestContextBootstrapper for test class [ch.uzh.ifi.seal.soprafs20.service.LocationServiceIntegrationTest] from class [org.springframework.boot.test.context.SpringBootTestContextBootstrapper]
12:48:57.459 [Test worker] INFO org.springframework.boot.test.context.SpringBootTestContextBootstrapper - Neither @ContextConfiguration nor @ContextHierarchy found for test class [ch.uzh.ifi.seal.soprafs20.service.LocationServiceIntegrationTest], using SpringBootContextLoader
12:48:57.468 [Test worker] DEBUG org.springframework.test.context.support.AbstractContextLoader - Did not detect default resource location for test class [ch.uzh.ifi.seal.soprafs20.service.LocationServiceIntegrationTest]: class path resource [ch/uzh/ifi/seal/soprafs20/service/LocationServiceIntegrationTest-context.xml] does not exist
12:48:57.469 [Test worker] DEBUG org.springframework.test.context.support.AbstractContextLoader - Did not detect default resource location for test class [ch.uzh.ifi.seal.soprafs20.service.LocationServiceIntegrationTest]: class path resource [ch/uzh/ifi/seal/soprafs20/service/LocationServiceIntegrationTestContext.groovy] does not exist
12:48:57.469 [Test worker] INFO org.springframework.test.context.support.AbstractContextLoader - Could not detect default resource locations for test class [ch.uzh.ifi.seal.soprafs20.service.LocationServiceIntegrationTest]: no resource found for suffixes {-context.xml, Context.groovy}.
12:48:57.471 [Test worker] INFO org.springframework.test.context.support.AnnotationConfigContextLoaderUtils - Could not detect default configuration classes for test class [ch.uzh.ifi.seal.soprafs20.service.LocationServiceIntegrationTest]: LocationServiceIntegrationTest does not declare any static, non-private, non-final, nested classes annotated with @Configuration.
12:48:57.544 [Test worker] DEBUG org.springframework.test.context.support.ActiveProfilesUtils - Could not find an 'annotation declaring class' for annotation type [org.springframework.test.context.ActiveProfiles] and class [ch.uzh.ifi.seal.soprafs20.service.LocationServiceIntegrationTest]
12:48:57.707 [Test worker] DEBUG org.springframework.context.annotation.ClassPathScanningCandidateComponentProvider - Identified candidate component class: file [C:\Users\Lena\Documents\uzh FS20\Softwarepraktikum\Assignments\KnowYourCity\SOPRA_FS20_Group19_Server\build\classes\java\main\ch\uzh\ifi\seal\soprafs20\Application.class]
12:48:57.709 [Test worker] INFO org.springframework.boot.test.context.SpringBootTestContextBootstrapper - Found @SpringBootConfiguration ch.uzh.ifi.seal.soprafs20.Application for test class ch.uzh.ifi.seal.soprafs20.service.LocationServiceIntegrationTest
12:48:57.906 [Test worker] DEBUG org.springframework.boot.test.context.SpringBootTestContextBootstrapper - @TestExecutionListeners is not present for class [ch.uzh.ifi.seal.soprafs20.service.LocationServiceIntegrationTest]: using defaults.
12:48:57.907 [Test worker] INFO org.springframework.boot.test.context.SpringBootTestContextBootstrapper - Loaded default TestExecutionListener class names from location [META-INF/spring.factories]: [org.springframework.boot.test.autoconfigure.restdocs.RestDocsTestExecutionListener, org.springframework.boot.test.autoconfigure.web.client.MockRestServiceServerResetTestExecutionListener, org.springframework.boot.test.autoconfigure.web.servlet.MockMvcPrintOnlyOnFailureTestExecutionListener, org.springframework.boot.test.autoconfigure.web.servlet.WebDriverTestExecutionListener, org.springframework.boot.test.mock.mockito.MockitoTestExecutionListener, org.springframework.boot.test.mock.mockito.ResetMocksTestExecutionListener, org.springframework.test.context.web.ServletTestExecutionListener, org.springframework.test.context.support.DirtiesContextBeforeModesTestExecutionListener, org.springframework.test.context.support.DependencyInjectionTestExecutionListener, org.springframework.test.context.support.DirtiesContextTestExecutionListener, org.springframework.test.context.transaction.TransactionalTestExecutionListener, org.springframework.test.context.jdbc.SqlScriptsTestExecutionListener, org.springframework.test.context.event.EventPublishingTestExecutionListener]
12:48:57.946 [Test worker] INFO org.springframework.boot.test.context.SpringBootTestContextBootstrapper - Using TestExecutionListeners: [org.springframework.test.context.web.ServletTestExecutionListener@3f2f437f, org.springframework.test.context.support.DirtiesContextBeforeModesTestExecutionListener@109d0694, org.springframework.boot.test.mock.mockito.MockitoTestExecutionListener@49b6b411, org.springframework.boot.test.autoconfigure.SpringBootDependencyInjectionTestExecutionListener@27474b6f, org.springframework.test.context.support.DirtiesContextTestExecutionListener@6236c043, org.springframework.test.context.transaction.TransactionalTestExecutionListener@1a67c337, org.springframework.test.context.jdbc.SqlScriptsTestExecutionListener@668dfa56, org.springframework.test.context.event.EventPublishingTestExecutionListener@7b8cd9db, org.springframework.boot.test.autoconfigure.restdocs.RestDocsTestExecutionListener@2f6c3a31, org.springframework.boot.test.autoconfigure.web.client.MockRestServiceServerResetTestExecutionListener@bb62a90, org.springframework.boot.test.autoconfigure.web.servlet.MockMvcPrintOnlyOnFailureTestExecutionListener@2e03efa, org.springframework.boot.test.autoconfigure.web.servlet.WebDriverTestExecutionListener@1fbf7d7c, org.springframework.boot.test.mock.mockito.ResetMocksTestExecutionListener@51cc7108]
12:48:57.955 [Test worker] DEBUG org.springframework.test.context.support.AbstractDirtiesContextTestExecutionListener - Before test class: context [DefaultTestContext@7b5bc87f testClass = LocationServiceIntegrationTest, testInstance = [null], testMethod = [null], testException = [null], mergedContextConfiguration = [WebMergedContextConfiguration@58292267 testClass = LocationServiceIntegrationTest, locations = '{}', classes = '{class ch.uzh.ifi.seal.soprafs20.Application}', contextInitializerClasses = '[]', activeProfiles = '{}', propertySourceLocations = '{}', propertySourceProperties = '{org.springframework.boot.test.context.SpringBootTestContextBootstrapper=true}', contextCustomizers = set[org.springframework.boot.test.autoconfigure.properties.PropertyMappingContextCustomizer@0, org.springframework.boot.test.autoconfigure.web.servlet.WebDriverContextCustomizerFactory$Customizer@2790bf7, org.springframework.boot.test.context.filter.ExcludeFilterContextCustomizer@5268c16, org.springframework.boot.test.json.DuplicateJsonObjectContextCustomizerFactory$DuplicateJsonObjectContextCustomizer@5cb19ac2, org.springframework.boot.test.mock.mockito.MockitoContextCustomizer@0, org.springframework.boot.test.web.client.TestRestTemplateContextCustomizer@6e8519d7, org.springframework.test.context.web.socket.MockServerContainerContextCustomizer@6c6872c], resourceBasePath = 'src/main/webapp', contextLoader = 'org.springframework.boot.test.context.SpringBootContextLoader', parent = [null]], attributes = map['org.springframework.test.context.web.ServletTestExecutionListener.activateListener' -> true]], class annotated with @DirtiesContext [false] with mode [null].
12:48:58.751 [Test worker] INFO org.mongodb.driver.cluster - Cluster created with settings {hosts=[127.0.0.1:27017], srvHost=knowyourcity-ijzn3.gcp.mongodb.net, mode=MULTIPLE, requiredClusterType=REPLICA_SET, serverSelectionTimeout='30000 ms', maxWaitQueueSize=500, requiredReplicaSetName='KnowYourCity-shard-0'}
12:48:58.826 [Test worker] DEBUG org.springframework.test.context.support.TestPropertySourceUtils - Adding inlined properties to environment: {spring.jmx.enabled=false, org.springframework.boot.test.context.SpringBootTestContextBootstrapper=true, server.port=-1}

  .   ____          _            __ _ _
 /\\ / ___'_ __ _ _(_)_ __  __ _ \ \ \ \
( ( )\___ | '_ | '_| | '_ \/ _` | \ \ \ \
 \\/  ___)| |_)| | | | | || (_| |  ) ) ) )
  '  |____| .__|_| |_|_| |_\__, | / / / /
 =========|_|==============|___/=/_/_/_/
 :: Spring Boot ::        (v2.2.4.RELEASE)

2020-05-21 12:48:59.321  WARN 17468 --- [    Test worker] ory$DuplicateJsonObjectContextCustomizer : 

Found multiple occurrences of org.json.JSONObject on the class path:

	jar:file:/C:/Users/Lena/.gradle/caches/modules-2/files-2.1/org.json/json/20180813/8566b2b0391d9d4479ea225645c6ed47ef17fe41/json-20180813.jar!/org/json/JSONObject.class
	jar:file:/C:/Users/Lena/.gradle/caches/modules-2/files-2.1/com.vaadin.external.google/android-json/0.0.20131108.vaadin1/fa26d351fe62a6a17f5cda1287c1c6110dec413f/android-json-0.0.20131108.vaadin1.jar!/org/json/JSONObject.class

You may wish to exclude one of them to ensure predictable runtime behavior

2020-05-21 12:48:59.358  INFO 17468 --- [    Test worker] u.i.s.s.s.LocationServiceIntegrationTest : Starting LocationServiceIntegrationTest on Lenasophie with PID 17468 (started by Lena in C:\Users\Lena\Documents\uzh FS20\Softwarepraktikum\Assignments\KnowYourCity\SOPRA_FS20_Group19_Server)
2020-05-21 12:48:59.359  INFO 17468 --- [    Test worker] u.i.s.s.s.LocationServiceIntegrationTest : No active profile set, falling back to default profiles: default
2020-05-21 12:49:00.522  INFO 17468 --- [    Test worker] .s.d.r.c.RepositoryConfigurationDelegate : Bootstrapping Spring Data JPA repositories in DEFAULT mode.
2020-05-21 12:49:00.597  INFO 17468 --- [    Test worker] .s.d.r.c.RepositoryConfigurationDelegate : Finished Spring Data repository scanning in 53ms. Found 0 JPA repository interfaces.
2020-05-21 12:49:01.226  INFO 17468 --- [    Test worker] trationDelegate$BeanPostProcessorChecker : Bean 'org.springframework.transaction.annotation.ProxyTransactionManagementConfiguration' of type [org.springframework.transaction.annotation.ProxyTransactionManagementConfiguration] is not eligible for getting processed by all BeanPostProcessors (for example: not eligible for auto-proxying)
2020-05-21 12:49:01.492  INFO 17468 --- [    Test worker] com.zaxxer.hikari.HikariDataSource       : HikariPool-1 - Starting...
2020-05-21 12:49:01.992  INFO 17468 --- [    Test worker] com.zaxxer.hikari.HikariDataSource       : HikariPool-1 - Start completed.
2020-05-21 12:49:02.128  INFO 17468 --- [    Test worker] o.hibernate.jpa.internal.util.LogHelper  : HHH000204: Processing PersistenceUnitInfo [name: default]
2020-05-21 12:49:02.300  INFO 17468 --- [    Test worker] org.hibernate.Version                    : HHH000412: Hibernate Core {5.4.10.Final}
2020-05-21 12:49:02.569  INFO 17468 --- [    Test worker] o.hibernate.annotations.common.Version   : HCANN000001: Hibernate Commons Annotations {5.1.0.Final}
2020-05-21 12:49:02.824  INFO 17468 --- [    Test worker] org.hibernate.dialect.Dialect            : HHH000400: Using dialect: org.hibernate.dialect.H2Dialect
2020-05-21 12:49:03.273  INFO 17468 --- [    Test worker] o.h.e.t.j.p.i.JtaPlatformInitiator       : HHH000490: Using JtaPlatform implementation: [org.hibernate.engine.transaction.jta.platform.internal.NoJtaPlatform]
2020-05-21 12:49:03.283  INFO 17468 --- [    Test worker] j.LocalContainerEntityManagerFactoryBean : Initialized JPA EntityManagerFactory for persistence unit 'default'
2020-05-21 12:49:03.691  WARN 17468 --- [    Test worker] JpaBaseConfiguration$JpaWebConfiguration : spring.jpa.open-in-view is enabled by default. Therefore, database queries may be performed during view rendering. Explicitly configure spring.jpa.open-in-view to disable this warning
2020-05-21 12:49:04.086  INFO 17468 --- [    Test worker] o.s.s.concurrent.ThreadPoolTaskExecutor  : Initializing ExecutorService 'applicationTaskExecutor'
2020-05-21 12:49:04.482  INFO 17468 --- [    Test worker] o.s.b.a.h2.H2ConsoleAutoConfiguration    : H2 console available at '/h2-console'. Database available at 'jdbc:h2:mem:testdb'
2020-05-21 12:49:04.598  INFO 17468 --- [    Test worker] u.i.s.s.s.LocationServiceIntegrationTest : Started LocationServiceIntegrationTest in 5.748 seconds (JVM running for 8.971)
2020-05-21 12:49:04.624  INFO 17468 --- [    Test worker] f.a.AutowiredAnnotationBeanPostProcessor : Autowired annotation is not supported on static fields: static com.mongodb.client.MongoClient ch.uzh.ifi.seal.soprafs20.service.LocationServiceIntegrationTest.mongoClient
2020-05-21 12:49:04.625  INFO 17468 --- [    Test worker] f.a.AutowiredAnnotationBeanPostProcessor : Autowired annotation is not supported on static fields: static com.mongodb.client.MongoDatabase ch.uzh.ifi.seal.soprafs20.service.LocationServiceIntegrationTest.locationStorage
2020-05-21 12:49:04.625  INFO 17468 --- [    Test worker] f.a.AutowiredAnnotationBeanPostProcessor : Autowired annotation is not supported on static fields: static com.mongodb.client.MongoCollection ch.uzh.ifi.seal.soprafs20.service.LocationServiceIntegrationTest.fountainsCollection
2020-05-21 12:49:04.625  INFO 17468 --- [    Test worker] f.a.AutowiredAnnotationBeanPostProcessor : Autowired annotation is not supported on static fields: static com.mongodb.client.MongoCollection ch.uzh.ifi.seal.soprafs20.service.LocationServiceIntegrationTest.fireplacesCollection
2020-05-21 12:49:04.625  INFO 17468 --- [    Test worker] f.a.AutowiredAnnotationBeanPostProcessor : Autowired annotation is not supported on static fields: static com.mongodb.client.MongoCollection ch.uzh.ifi.seal.soprafs20.service.LocationServiceIntegrationTest.recyclingCollection
2020-05-21 12:49:04.625  INFO 17468 --- [    Test worker] f.a.AutowiredAnnotationBeanPostProcessor : Autowired annotation is not supported on static fields: static com.mongodb.client.MongoCollection ch.uzh.ifi.seal.soprafs20.service.LocationServiceIntegrationTest.toiletsCollection
2020-05-21 12:49:04.626  INFO 17468 --- [    Test worker] f.a.AutowiredAnnotationBeanPostProcessor : Autowired annotation is not supported on static fields: static com.mongodb.client.MongoCollection ch.uzh.ifi.seal.soprafs20.service.LocationServiceIntegrationTest.userFountainsCollection
2020-05-21 12:49:04.626  INFO 17468 --- [    Test worker] f.a.AutowiredAnnotationBeanPostProcessor : Autowired annotation is not supported on static fields: static com.mongodb.client.MongoCollection ch.uzh.ifi.seal.soprafs20.service.LocationServiceIntegrationTest.userFireplacesCollection
2020-05-21 12:49:04.626  INFO 17468 --- [    Test worker] f.a.AutowiredAnnotationBeanPostProcessor : Autowired annotation is not supported on static fields: static com.mongodb.client.MongoCollection ch.uzh.ifi.seal.soprafs20.service.LocationServiceIntegrationTest.userRecyclingCollection
2020-05-21 12:49:04.626  INFO 17468 --- [    Test worker] f.a.AutowiredAnnotationBeanPostProcessor : Autowired annotation is not supported on static fields: static com.mongodb.client.MongoCollection ch.uzh.ifi.seal.soprafs20.service.LocationServiceIntegrationTest.userToiletsCollection
2020-05-21 12:49:04.626  INFO 17468 --- [    Test worker] f.a.AutowiredAnnotationBeanPostProcessor : Autowired annotation is not supported on static fields: static com.mongodb.client.MongoCollection ch.uzh.ifi.seal.soprafs20.service.LocationServiceIntegrationTest.userTableTennisCollection
2020-05-21 12:49:04.626  INFO 17468 --- [    Test worker] f.a.AutowiredAnnotationBeanPostProcessor : Autowired annotation is not supported on static fields: static com.mongodb.client.MongoCollection ch.uzh.ifi.seal.soprafs20.service.LocationServiceIntegrationTest.userBenchesCollection
2020-05-21 12:49:04.627  INFO 17468 --- [    Test worker] f.a.AutowiredAnnotationBeanPostProcessor : Autowired annotation is not supported on static fields: static com.mongodb.client.MongoDatabase ch.uzh.ifi.seal.soprafs20.service.LocationServiceIntegrationTest.ratingLocation
2020-05-21 12:49:04.627  INFO 17468 --- [    Test worker] f.a.AutowiredAnnotationBeanPostProcessor : Autowired annotation is not supported on static fields: static com.mongodb.client.MongoCollection ch.uzh.ifi.seal.soprafs20.service.LocationServiceIntegrationTest.ratingsCollection
2020-05-21 12:49:04.627  INFO 17468 --- [    Test worker] f.a.AutowiredAnnotationBeanPostProcessor : Autowired annotation is not supported on static fields: static com.mongodb.client.MongoDatabase ch.uzh.ifi.seal.soprafs20.service.LocationServiceIntegrationTest.locationChats
2020-05-21 12:49:04.627  INFO 17468 --- [    Test worker] f.a.AutowiredAnnotationBeanPostProcessor : Autowired annotation is not supported on static fields: static com.mongodb.client.MongoCollection ch.uzh.ifi.seal.soprafs20.service.LocationServiceIntegrationTest.chatsCollection
2020-05-21 12:49:04.627  INFO 17468 --- [    Test worker] f.a.AutowiredAnnotationBeanPostProcessor : Autowired annotation is not supported on static fields: static com.mongodb.client.MongoDatabase ch.uzh.ifi.seal.soprafs20.service.LocationServiceIntegrationTest.favoriteLocations
2020-05-21 12:49:04.628  INFO 17468 --- [    Test worker] f.a.AutowiredAnnotationBeanPostProcessor : Autowired annotation is not supported on static fields: static com.mongodb.client.MongoCollection ch.uzh.ifi.seal.soprafs20.service.LocationServiceIntegrationTest.favoriteLocationsCollection
2020-05-21 12:49:04.628  INFO 17468 --- [    Test worker] f.a.AutowiredAnnotationBeanPostProcessor : Autowired annotation is not supported on static fields: static com.mongodb.client.MongoDatabase ch.uzh.ifi.seal.soprafs20.service.LocationServiceIntegrationTest.usersDevelopment
2020-05-21 12:49:04.629  INFO 17468 --- [    Test worker] f.a.AutowiredAnnotationBeanPostProcessor : Autowired annotation is not supported on static fields: static com.mongodb.client.MongoCollection ch.uzh.ifi.seal.soprafs20.service.LocationServiceIntegrationTest.usersCollection
2020-05-21 12:49:05.435  INFO 17468 --- [gcp.mongodb.net] org.mongodb.driver.cluster               : Adding discovered server knowyourcity-shard-00-01-ijzn3.gcp.mongodb.net:27017 to client view of cluster
2020-05-21 12:49:05.489  INFO 17468 --- [gcp.mongodb.net] org.mongodb.driver.cluster               : Adding discovered server knowyourcity-shard-00-02-ijzn3.gcp.mongodb.net:27017 to client view of cluster
2020-05-21 12:49:05.490  INFO 17468 --- [gcp.mongodb.net] org.mongodb.driver.cluster               : Adding discovered server knowyourcity-shard-00-00-ijzn3.gcp.mongodb.net:27017 to client view of cluster
2020-05-21 12:49:05.625  INFO 17468 --- [    Test worker] org.mongodb.driver.cluster               : Cluster created with settings {hosts=[127.0.0.1:27017], srvHost=knowyourcity-ijzn3.gcp.mongodb.net, mode=MULTIPLE, requiredClusterType=REPLICA_SET, serverSelectionTimeout='30000 ms', maxWaitQueueSize=500, requiredReplicaSetName='KnowYourCity-shard-0'}
2020-05-21 12:49:05.656  INFO 17468 --- [    Test worker] org.mongodb.driver.cluster               : Cluster description not yet available. Waiting for 30000 ms before timing out
2020-05-21 12:49:05.729  INFO 17468 --- [gcp.mongodb.net] org.mongodb.driver.cluster               : Adding discovered server knowyourcity-shard-00-01-ijzn3.gcp.mongodb.net:27017 to client view of cluster
2020-05-21 12:49:05.730  INFO 17468 --- [gcp.mongodb.net] org.mongodb.driver.cluster               : Adding discovered server knowyourcity-shard-00-02-ijzn3.gcp.mongodb.net:27017 to client view of cluster
2020-05-21 12:49:05.732  INFO 17468 --- [gcp.mongodb.net] org.mongodb.driver.cluster               : Adding discovered server knowyourcity-shard-00-00-ijzn3.gcp.mongodb.net:27017 to client view of cluster
2020-05-21 12:49:05.735  INFO 17468 --- [    Test worker] org.mongodb.driver.cluster               : No server chosen by com.mongodb.client.internal.MongoClientDelegate$1@4a8c61a from cluster description ClusterDescription{type=REPLICA_SET, connectionMode=MULTIPLE, serverDescriptions=[ServerDescription{address=knowyourcity-shard-00-02-ijzn3.gcp.mongodb.net:27017, type=UNKNOWN, state=CONNECTING}, ServerDescription{address=knowyourcity-shard-00-01-ijzn3.gcp.mongodb.net:27017, type=UNKNOWN, state=CONNECTING}, ServerDescription{address=knowyourcity-shard-00-00-ijzn3.gcp.mongodb.net:27017, type=UNKNOWN, state=CONNECTING}]}. Waiting for 30000 ms before timing out
2020-05-21 12:49:06.366  INFO 17468 --- [ngodb.net:27017] org.mongodb.driver.connection            : Opened connection [connectionId{localValue:4, serverValue:552488}] to knowyourcity-shard-00-01-ijzn3.gcp.mongodb.net:27017
2020-05-21 12:49:06.366  INFO 17468 --- [ngodb.net:27017] org.mongodb.driver.connection            : Opened connection [connectionId{localValue:3, serverValue:463087}] to knowyourcity-shard-00-02-ijzn3.gcp.mongodb.net:27017
2020-05-21 12:49:06.366  INFO 17468 --- [ngodb.net:27017] org.mongodb.driver.connection            : Opened connection [connectionId{localValue:1, serverValue:552538}] to knowyourcity-shard-00-01-ijzn3.gcp.mongodb.net:27017
2020-05-21 12:49:06.367  INFO 17468 --- [ngodb.net:27017] org.mongodb.driver.connection            : Opened connection [connectionId{localValue:6, serverValue:463752}] to knowyourcity-shard-00-00-ijzn3.gcp.mongodb.net:27017
2020-05-21 12:49:06.373  INFO 17468 --- [ngodb.net:27017] org.mongodb.driver.connection            : Opened connection [connectionId{localValue:2, serverValue:463752}] to knowyourcity-shard-00-00-ijzn3.gcp.mongodb.net:27017
2020-05-21 12:49:06.373  INFO 17468 --- [ngodb.net:27017] org.mongodb.driver.connection            : Opened connection [connectionId{localValue:5, serverValue:463087}] to knowyourcity-shard-00-02-ijzn3.gcp.mongodb.net:27017
2020-05-21 12:49:06.655  INFO 17468 --- [ngodb.net:27017] org.mongodb.driver.cluster               : Monitor thread successfully connected to server with description ServerDescription{address=knowyourcity-shard-00-01-ijzn3.gcp.mongodb.net:27017, type=REPLICA_SET_PRIMARY, state=CONNECTED, ok=true, version=ServerVersion{versionList=[4, 2, 6]}, minWireVersion=0, maxWireVersion=8, maxDocumentSize=16777216, logicalSessionTimeoutMinutes=30, roundTripTimeNanos=283962700, setName='KnowYourCity-shard-0', canonicalAddress=knowyourcity-shard-00-01-ijzn3.gcp.mongodb.net:27017, hosts=[knowyourcity-shard-00-00-ijzn3.gcp.mongodb.net:27017, knowyourcity-shard-00-02-ijzn3.gcp.mongodb.net:27017, knowyourcity-shard-00-01-ijzn3.gcp.mongodb.net:27017], passives=[], arbiters=[], primary='knowyourcity-shard-00-01-ijzn3.gcp.mongodb.net:27017', tagSet=TagSet{[Tag{name='nodeType', value='ELECTABLE'}, Tag{name='provider', value='GCP'}, Tag{name='region', value='WESTERN_EUROPE'}]}, electionId=7fffffff0000000000000007, setVersion=3, lastWriteDate=Thu May 21 12:49:02 CEST 2020, lastUpdateTimeNanos=100577435918700}
2020-05-21 12:49:06.655  INFO 17468 --- [ngodb.net:27017] org.mongodb.driver.cluster               : Monitor thread successfully connected to server with description ServerDescription{address=knowyourcity-shard-00-00-ijzn3.gcp.mongodb.net:27017, type=REPLICA_SET_SECONDARY, state=CONNECTED, ok=true, version=ServerVersion{versionList=[4, 2, 6]}, minWireVersion=0, maxWireVersion=8, maxDocumentSize=16777216, logicalSessionTimeoutMinutes=30, roundTripTimeNanos=283599200, setName='KnowYourCity-shard-0', canonicalAddress=knowyourcity-shard-00-00-ijzn3.gcp.mongodb.net:27017, hosts=[knowyourcity-shard-00-00-ijzn3.gcp.mongodb.net:27017, knowyourcity-shard-00-02-ijzn3.gcp.mongodb.net:27017, knowyourcity-shard-00-01-ijzn3.gcp.mongodb.net:27017], passives=[], arbiters=[], primary='knowyourcity-shard-00-01-ijzn3.gcp.mongodb.net:27017', tagSet=TagSet{[Tag{name='nodeType', value='ELECTABLE'}, Tag{name='provider', value='GCP'}, Tag{name='region', value='WESTERN_EUROPE'}]}, electionId=null, setVersion=3, lastWriteDate=Thu May 21 12:49:02 CEST 2020, lastUpdateTimeNanos=100577435510200}
2020-05-21 12:49:06.655  INFO 17468 --- [ngodb.net:27017] org.mongodb.driver.cluster               : Monitor thread successfully connected to server with description ServerDescription{address=knowyourcity-shard-00-01-ijzn3.gcp.mongodb.net:27017, type=REPLICA_SET_PRIMARY, state=CONNECTED, ok=true, version=ServerVersion{versionList=[4, 2, 6]}, minWireVersion=0, maxWireVersion=8, maxDocumentSize=16777216, logicalSessionTimeoutMinutes=30, roundTripTimeNanos=281406600, setName='KnowYourCity-shard-0', canonicalAddress=knowyourcity-shard-00-01-ijzn3.gcp.mongodb.net:27017, hosts=[knowyourcity-shard-00-00-ijzn3.gcp.mongodb.net:27017, knowyourcity-shard-00-02-ijzn3.gcp.mongodb.net:27017, knowyourcity-shard-00-01-ijzn3.gcp.mongodb.net:27017], passives=[], arbiters=[], primary='knowyourcity-shard-00-01-ijzn3.gcp.mongodb.net:27017', tagSet=TagSet{[Tag{name='nodeType', value='ELECTABLE'}, Tag{name='provider', value='GCP'}, Tag{name='region', value='WESTERN_EUROPE'}]}, electionId=7fffffff0000000000000007, setVersion=3, lastWriteDate=Thu May 21 12:49:02 CEST 2020, lastUpdateTimeNanos=100577433312400}
2020-05-21 12:49:06.655  INFO 17468 --- [ngodb.net:27017] org.mongodb.driver.cluster               : Monitor thread successfully connected to server with description ServerDescription{address=knowyourcity-shard-00-02-ijzn3.gcp.mongodb.net:27017, type=REPLICA_SET_SECONDARY, state=CONNECTED, ok=true, version=ServerVersion{versionList=[4, 2, 6]}, minWireVersion=0, maxWireVersion=8, maxDocumentSize=16777216, logicalSessionTimeoutMinutes=30, roundTripTimeNanos=283596600, setName='KnowYourCity-shard-0', canonicalAddress=knowyourcity-shard-00-02-ijzn3.gcp.mongodb.net:27017, hosts=[knowyourcity-shard-00-00-ijzn3.gcp.mongodb.net:27017, knowyourcity-shard-00-02-ijzn3.gcp.mongodb.net:27017, knowyourcity-shard-00-01-ijzn3.gcp.mongodb.net:27017], passives=[], arbiters=[], primary='knowyourcity-shard-00-01-ijzn3.gcp.mongodb.net:27017', tagSet=TagSet{[Tag{name='nodeType', value='ELECTABLE'}, Tag{name='provider', value='GCP'}, Tag{name='region', value='WESTERN_EUROPE'}]}, electionId=null, setVersion=3, lastWriteDate=Thu May 21 12:49:02 CEST 2020, lastUpdateTimeNanos=100577435510500}
2020-05-21 12:49:06.655  INFO 17468 --- [ngodb.net:27017] org.mongodb.driver.cluster               : Monitor thread successfully connected to server with description ServerDescription{address=knowyourcity-shard-00-00-ijzn3.gcp.mongodb.net:27017, type=REPLICA_SET_SECONDARY, state=CONNECTED, ok=true, version=ServerVersion{versionList=[4, 2, 6]}, minWireVersion=0, maxWireVersion=8, maxDocumentSize=16777216, logicalSessionTimeoutMinutes=30, roundTripTimeNanos=278170800, setName='KnowYourCity-shard-0', canonicalAddress=knowyourcity-shard-00-00-ijzn3.gcp.mongodb.net:27017, hosts=[knowyourcity-shard-00-00-ijzn3.gcp.mongodb.net:27017, knowyourcity-shard-00-02-ijzn3.gcp.mongodb.net:27017, knowyourcity-shard-00-01-ijzn3.gcp.mongodb.net:27017], passives=[], arbiters=[], primary='knowyourcity-shard-00-01-ijzn3.gcp.mongodb.net:27017', tagSet=TagSet{[Tag{name='nodeType', value='ELECTABLE'}, Tag{name='provider', value='GCP'}, Tag{name='region', value='WESTERN_EUROPE'}]}, electionId=null, setVersion=3, lastWriteDate=Thu May 21 12:49:02 CEST 2020, lastUpdateTimeNanos=100577435629400}
2020-05-21 12:49:06.655  INFO 17468 --- [ngodb.net:27017] org.mongodb.driver.cluster               : Monitor thread successfully connected to server with description ServerDescription{address=knowyourcity-shard-00-02-ijzn3.gcp.mongodb.net:27017, type=REPLICA_SET_SECONDARY, state=CONNECTED, ok=true, version=ServerVersion{versionList=[4, 2, 6]}, minWireVersion=0, maxWireVersion=8, maxDocumentSize=16777216, logicalSessionTimeoutMinutes=30, roundTripTimeNanos=269976400, setName='KnowYourCity-shard-0', canonicalAddress=knowyourcity-shard-00-02-ijzn3.gcp.mongodb.net:27017, hosts=[knowyourcity-shard-00-00-ijzn3.gcp.mongodb.net:27017, knowyourcity-shard-00-02-ijzn3.gcp.mongodb.net:27017, knowyourcity-shard-00-01-ijzn3.gcp.mongodb.net:27017], passives=[], arbiters=[], primary='knowyourcity-shard-00-01-ijzn3.gcp.mongodb.net:27017', tagSet=TagSet{[Tag{name='nodeType', value='ELECTABLE'}, Tag{name='provider', value='GCP'}, Tag{name='region', value='WESTERN_EUROPE'}]}, electionId=null, setVersion=3, lastWriteDate=Thu May 21 12:49:02 CEST 2020, lastUpdateTimeNanos=100577428871900}
2020-05-21 12:49:06.665  INFO 17468 --- [ngodb.net:27017] org.mongodb.driver.cluster               : Setting max election id to 7fffffff0000000000000007 from replica set primary knowyourcity-shard-00-01-ijzn3.gcp.mongodb.net:27017
2020-05-21 12:49:06.665  INFO 17468 --- [ngodb.net:27017] org.mongodb.driver.cluster               : Setting max election id to 7fffffff0000000000000007 from replica set primary knowyourcity-shard-00-01-ijzn3.gcp.mongodb.net:27017
2020-05-21 12:49:06.665  INFO 17468 --- [ngodb.net:27017] org.mongodb.driver.cluster               : Setting max set version to 3 from replica set primary knowyourcity-shard-00-01-ijzn3.gcp.mongodb.net:27017
2020-05-21 12:49:06.665  INFO 17468 --- [ngodb.net:27017] org.mongodb.driver.cluster               : Setting max set version to 3 from replica set primary knowyourcity-shard-00-01-ijzn3.gcp.mongodb.net:27017
2020-05-21 12:49:06.665  INFO 17468 --- [ngodb.net:27017] org.mongodb.driver.cluster               : Discovered replica set primary knowyourcity-shard-00-01-ijzn3.gcp.mongodb.net:27017
2020-05-21 12:49:06.665  INFO 17468 --- [ngodb.net:27017] org.mongodb.driver.cluster               : Discovered replica set primary knowyourcity-shard-00-01-ijzn3.gcp.mongodb.net:27017
2020-05-21 12:49:07.039  INFO 17468 --- [    Test worker] org.mongodb.driver.connection            : Opened connection [connectionId{localValue:7, serverValue:552488}] to knowyourcity-shard-00-01-ijzn3.gcp.mongodb.net:27017
2020-05-21 12:49:07.112  INFO 17468 --- [    Test worker] org.mongodb.driver.cluster               : Cluster created with settings {hosts=[127.0.0.1:27017], srvHost=knowyourcity-ijzn3.gcp.mongodb.net, mode=MULTIPLE, requiredClusterType=REPLICA_SET, serverSelectionTimeout='30000 ms', maxWaitQueueSize=500, requiredReplicaSetName='KnowYourCity-shard-0'}
2020-05-21 12:49:07.113  INFO 17468 --- [    Test worker] org.mongodb.driver.cluster               : Cluster description not yet available. Waiting for 30000 ms before timing out
2020-05-21 12:49:07.119  INFO 17468 --- [gcp.mongodb.net] org.mongodb.driver.cluster               : Adding discovered server knowyourcity-shard-00-01-ijzn3.gcp.mongodb.net:27017 to client view of cluster
2020-05-21 12:49:07.120  INFO 17468 --- [gcp.mongodb.net] org.mongodb.driver.cluster               : Adding discovered server knowyourcity-shard-00-02-ijzn3.gcp.mongodb.net:27017 to client view of cluster
2020-05-21 12:49:07.121  INFO 17468 --- [gcp.mongodb.net] org.mongodb.driver.cluster               : Adding discovered server knowyourcity-shard-00-00-ijzn3.gcp.mongodb.net:27017 to client view of cluster
2020-05-21 12:49:07.122  INFO 17468 --- [    Test worker] org.mongodb.driver.cluster               : No server chosen by com.mongodb.client.internal.MongoClientDelegate$1@79760761 from cluster description ClusterDescription{type=REPLICA_SET, connectionMode=MULTIPLE, serverDescriptions=[ServerDescription{address=knowyourcity-shard-00-02-ijzn3.gcp.mongodb.net:27017, type=UNKNOWN, state=CONNECTING}, ServerDescription{address=knowyourcity-shard-00-01-ijzn3.gcp.mongodb.net:27017, type=UNKNOWN, state=CONNECTING}, ServerDescription{address=knowyourcity-shard-00-00-ijzn3.gcp.mongodb.net:27017, type=UNKNOWN, state=CONNECTING}]}. Waiting for 30000 ms before timing out
2020-05-21 12:49:07.210  INFO 17468 --- [ngodb.net:27017] org.mongodb.driver.connection            : Opened connection [connectionId{localValue:9, serverValue:463087}] to knowyourcity-shard-00-02-ijzn3.gcp.mongodb.net:27017
2020-05-21 12:49:07.211  INFO 17468 --- [ngodb.net:27017] org.mongodb.driver.connection            : Opened connection [connectionId{localValue:8, serverValue:552488}] to knowyourcity-shard-00-01-ijzn3.gcp.mongodb.net:27017
2020-05-21 12:49:07.211  INFO 17468 --- [ngodb.net:27017] org.mongodb.driver.connection            : Opened connection [connectionId{localValue:10, serverValue:463752}] to knowyourcity-shard-00-00-ijzn3.gcp.mongodb.net:27017
2020-05-21 12:49:07.230  INFO 17468 --- [ngodb.net:27017] org.mongodb.driver.cluster               : Monitor thread successfully connected to server with description ServerDescription{address=knowyourcity-shard-00-02-ijzn3.gcp.mongodb.net:27017, type=REPLICA_SET_SECONDARY, state=CONNECTED, ok=true, version=ServerVersion{versionList=[4, 2, 6]}, minWireVersion=0, maxWireVersion=8, maxDocumentSize=16777216, logicalSessionTimeoutMinutes=30, roundTripTimeNanos=18521600, setName='KnowYourCity-shard-0', canonicalAddress=knowyourcity-shard-00-02-ijzn3.gcp.mongodb.net:27017, hosts=[knowyourcity-shard-00-00-ijzn3.gcp.mongodb.net:27017, knowyourcity-shard-00-02-ijzn3.gcp.mongodb.net:27017, knowyourcity-shard-00-01-ijzn3.gcp.mongodb.net:27017], passives=[], arbiters=[], primary='knowyourcity-shard-00-01-ijzn3.gcp.mongodb.net:27017', tagSet=TagSet{[Tag{name='nodeType', value='ELECTABLE'}, Tag{name='provider', value='GCP'}, Tag{name='region', value='WESTERN_EUROPE'}]}, electionId=null, setVersion=3, lastWriteDate=Thu May 21 12:49:02 CEST 2020, lastUpdateTimeNanos=100578012478900}
2020-05-21 12:49:07.231  INFO 17468 --- [    Test worker] org.mongodb.driver.cluster               : No server chosen by ReadPreferenceServerSelector{readPreference=primary} from cluster description ClusterDescription{type=REPLICA_SET, connectionMode=MULTIPLE, serverDescriptions=[ServerDescription{address=knowyourcity-shard-00-02-ijzn3.gcp.mongodb.net:27017, type=REPLICA_SET_SECONDARY, state=CONNECTED, ok=true, version=ServerVersion{versionList=[4, 2, 6]}, minWireVersion=0, maxWireVersion=8, maxDocumentSize=16777216, logicalSessionTimeoutMinutes=30, roundTripTimeNanos=18521600, setName='KnowYourCity-shard-0', canonicalAddress=knowyourcity-shard-00-02-ijzn3.gcp.mongodb.net:27017, hosts=[knowyourcity-shard-00-00-ijzn3.gcp.mongodb.net:27017, knowyourcity-shard-00-02-ijzn3.gcp.mongodb.net:27017, knowyourcity-shard-00-01-ijzn3.gcp.mongodb.net:27017], passives=[], arbiters=[], primary='knowyourcity-shard-00-01-ijzn3.gcp.mongodb.net:27017', tagSet=TagSet{[Tag{name='nodeType', value='ELECTABLE'}, Tag{name='provider', value='GCP'}, Tag{name='region', value='WESTERN_EUROPE'}]}, electionId=null, setVersion=3, lastWriteDate=Thu May 21 12:49:02 CEST 2020, lastUpdateTimeNanos=100578012478900}, ServerDescription{address=knowyourcity-shard-00-01-ijzn3.gcp.mongodb.net:27017, type=UNKNOWN, state=CONNECTING}, ServerDescription{address=knowyourcity-shard-00-00-ijzn3.gcp.mongodb.net:27017, type=UNKNOWN, state=CONNECTING}]}. Waiting for 30000 ms before timing out
2020-05-21 12:49:07.232  INFO 17468 --- [ngodb.net:27017] org.mongodb.driver.cluster               : Monitor thread successfully connected to server with description ServerDescription{address=knowyourcity-shard-00-01-ijzn3.gcp.mongodb.net:27017, type=REPLICA_SET_PRIMARY, state=CONNECTED, ok=true, version=ServerVersion{versionList=[4, 2, 6]}, minWireVersion=0, maxWireVersion=8, maxDocumentSize=16777216, logicalSessionTimeoutMinutes=30, roundTripTimeNanos=19278200, setName='KnowYourCity-shard-0', canonicalAddress=knowyourcity-shard-00-01-ijzn3.gcp.mongodb.net:27017, hosts=[knowyourcity-shard-00-00-ijzn3.gcp.mongodb.net:27017, knowyourcity-shard-00-02-ijzn3.gcp.mongodb.net:27017, knowyourcity-shard-00-01-ijzn3.gcp.mongodb.net:27017], passives=[], arbiters=[], primary='knowyourcity-shard-00-01-ijzn3.gcp.mongodb.net:27017', tagSet=TagSet{[Tag{name='nodeType', value='ELECTABLE'}, Tag{name='provider', value='GCP'}, Tag{name='region', value='WESTERN_EUROPE'}]}, electionId=7fffffff0000000000000007, setVersion=3, lastWriteDate=Thu May 21 12:49:02 CEST 2020, lastUpdateTimeNanos=100578014700600}
2020-05-21 12:49:07.232  INFO 17468 --- [ngodb.net:27017] org.mongodb.driver.cluster               : Monitor thread successfully connected to server with description ServerDescription{address=knowyourcity-shard-00-00-ijzn3.gcp.mongodb.net:27017, type=REPLICA_SET_SECONDARY, state=CONNECTED, ok=true, version=ServerVersion{versionList=[4, 2, 6]}, minWireVersion=0, maxWireVersion=8, maxDocumentSize=16777216, logicalSessionTimeoutMinutes=30, roundTripTimeNanos=19147500, setName='KnowYourCity-shard-0', canonicalAddress=knowyourcity-shard-00-00-ijzn3.gcp.mongodb.net:27017, hosts=[knowyourcity-shard-00-00-ijzn3.gcp.mongodb.net:27017, knowyourcity-shard-00-02-ijzn3.gcp.mongodb.net:27017, knowyourcity-shard-00-01-ijzn3.gcp.mongodb.net:27017], passives=[], arbiters=[], primary='knowyourcity-shard-00-01-ijzn3.gcp.mongodb.net:27017', tagSet=TagSet{[Tag{name='nodeType', value='ELECTABLE'}, Tag{name='provider', value='GCP'}, Tag{name='region', value='WESTERN_EUROPE'}]}, electionId=null, setVersion=3, lastWriteDate=Thu May 21 12:49:02 CEST 2020, lastUpdateTimeNanos=100578014701700}
2020-05-21 12:49:07.232  INFO 17468 --- [ngodb.net:27017] org.mongodb.driver.cluster               : Setting max election id to 7fffffff0000000000000007 from replica set primary knowyourcity-shard-00-01-ijzn3.gcp.mongodb.net:27017
2020-05-21 12:49:07.232  INFO 17468 --- [ngodb.net:27017] org.mongodb.driver.cluster               : Setting max set version to 3 from replica set primary knowyourcity-shard-00-01-ijzn3.gcp.mongodb.net:27017
2020-05-21 12:49:07.232  INFO 17468 --- [ngodb.net:27017] org.mongodb.driver.cluster               : Discovered replica set primary knowyourcity-shard-00-01-ijzn3.gcp.mongodb.net:27017
2020-05-21 12:49:07.380  INFO 17468 --- [    Test worker] org.mongodb.driver.connection            : Opened connection [connectionId{localValue:11, serverValue:552488}] to knowyourcity-shard-00-01-ijzn3.gcp.mongodb.net:27017
2020-05-21 12:49:22.977  INFO 17468 --- [    Test worker] org.mongodb.driver.cluster               : Cluster created with settings {hosts=[127.0.0.1:27017], srvHost=knowyourcity-ijzn3.gcp.mongodb.net, mode=MULTIPLE, requiredClusterType=REPLICA_SET, serverSelectionTimeout='30000 ms', maxWaitQueueSize=500, requiredReplicaSetName='KnowYourCity-shard-0'}
2020-05-21 12:49:22.977  INFO 17468 --- [    Test worker] org.mongodb.driver.cluster               : Cluster description not yet available. Waiting for 30000 ms before timing out
2020-05-21 12:49:22.983  INFO 17468 --- [gcp.mongodb.net] org.mongodb.driver.cluster               : Adding discovered server knowyourcity-shard-00-01-ijzn3.gcp.mongodb.net:27017 to client view of cluster
2020-05-21 12:49:22.984  INFO 17468 --- [gcp.mongodb.net] org.mongodb.driver.cluster               : Adding discovered server knowyourcity-shard-00-02-ijzn3.gcp.mongodb.net:27017 to client view of cluster
2020-05-21 12:49:22.985  INFO 17468 --- [gcp.mongodb.net] org.mongodb.driver.cluster               : Adding discovered server knowyourcity-shard-00-00-ijzn3.gcp.mongodb.net:27017 to client view of cluster
2020-05-21 12:49:22.986  INFO 17468 --- [    Test worker] org.mongodb.driver.cluster               : No server chosen by com.mongodb.client.internal.MongoClientDelegate$1@520e1ca1 from cluster description ClusterDescription{type=REPLICA_SET, connectionMode=MULTIPLE, serverDescriptions=[ServerDescription{address=knowyourcity-shard-00-02-ijzn3.gcp.mongodb.net:27017, type=UNKNOWN, state=CONNECTING}, ServerDescription{address=knowyourcity-shard-00-01-ijzn3.gcp.mongodb.net:27017, type=UNKNOWN, state=CONNECTING}, ServerDescription{address=knowyourcity-shard-00-00-ijzn3.gcp.mongodb.net:27017, type=UNKNOWN, state=CONNECTING}]}. Waiting for 30000 ms before timing out
2020-05-21 12:49:23.073  INFO 17468 --- [ngodb.net:27017] org.mongodb.driver.connection            : Opened connection [connectionId{localValue:14, serverValue:463767}] to knowyourcity-shard-00-00-ijzn3.gcp.mongodb.net:27017
2020-05-21 12:49:23.073  INFO 17468 --- [ngodb.net:27017] org.mongodb.driver.connection            : Opened connection [connectionId{localValue:13, serverValue:463045}] to knowyourcity-shard-00-02-ijzn3.gcp.mongodb.net:27017
2020-05-21 12:49:23.074  INFO 17468 --- [ngodb.net:27017] org.mongodb.driver.connection            : Opened connection [connectionId{localValue:12, serverValue:552493}] to knowyourcity-shard-00-01-ijzn3.gcp.mongodb.net:27017
2020-05-21 12:49:23.092  INFO 17468 --- [ngodb.net:27017] org.mongodb.driver.cluster               : Monitor thread successfully connected to server with description ServerDescription{address=knowyourcity-shard-00-00-ijzn3.gcp.mongodb.net:27017, type=REPLICA_SET_SECONDARY, state=CONNECTED, ok=true, version=ServerVersion{versionList=[4, 2, 6]}, minWireVersion=0, maxWireVersion=8, maxDocumentSize=16777216, logicalSessionTimeoutMinutes=30, roundTripTimeNanos=18232700, setName='KnowYourCity-shard-0', canonicalAddress=knowyourcity-shard-00-00-ijzn3.gcp.mongodb.net:27017, hosts=[knowyourcity-shard-00-00-ijzn3.gcp.mongodb.net:27017, knowyourcity-shard-00-02-ijzn3.gcp.mongodb.net:27017, knowyourcity-shard-00-01-ijzn3.gcp.mongodb.net:27017], passives=[], arbiters=[], primary='knowyourcity-shard-00-01-ijzn3.gcp.mongodb.net:27017', tagSet=TagSet{[Tag{name='nodeType', value='ELECTABLE'}, Tag{name='provider', value='GCP'}, Tag{name='region', value='WESTERN_EUROPE'}]}, electionId=null, setVersion=3, lastWriteDate=Thu May 21 12:49:22 CEST 2020, lastUpdateTimeNanos=100593874925100}
2020-05-21 12:49:23.093  INFO 17468 --- [    Test worker] org.mongodb.driver.cluster               : No server chosen by WritableServerSelector from cluster description ClusterDescription{type=REPLICA_SET, connectionMode=MULTIPLE, serverDescriptions=[ServerDescription{address=knowyourcity-shard-00-02-ijzn3.gcp.mongodb.net:27017, type=UNKNOWN, state=CONNECTING}, ServerDescription{address=knowyourcity-shard-00-01-ijzn3.gcp.mongodb.net:27017, type=UNKNOWN, state=CONNECTING}, ServerDescription{address=knowyourcity-shard-00-00-ijzn3.gcp.mongodb.net:27017, type=REPLICA_SET_SECONDARY, state=CONNECTED, ok=true, version=ServerVersion{versionList=[4, 2, 6]}, minWireVersion=0, maxWireVersion=8, maxDocumentSize=16777216, logicalSessionTimeoutMinutes=30, roundTripTimeNanos=18232700, setName='KnowYourCity-shard-0', canonicalAddress=knowyourcity-shard-00-00-ijzn3.gcp.mongodb.net:27017, hosts=[knowyourcity-shard-00-00-ijzn3.gcp.mongodb.net:27017, knowyourcity-shard-00-02-ijzn3.gcp.mongodb.net:27017, knowyourcity-shard-00-01-ijzn3.gcp.mongodb.net:27017], passives=[], arbiters=[], primary='knowyourcity-shard-00-01-ijzn3.gcp.mongodb.net:27017', tagSet=TagSet{[Tag{name='nodeType', value='ELECTABLE'}, Tag{name='provider', value='GCP'}, Tag{name='region', value='WESTERN_EUROPE'}]}, electionId=null, setVersion=3, lastWriteDate=Thu May 21 12:49:22 CEST 2020, lastUpdateTimeNanos=100593874925100}]}. Waiting for 30000 ms before timing out
2020-05-21 12:49:23.093  INFO 17468 --- [ngodb.net:27017] org.mongodb.driver.cluster               : Monitor thread successfully connected to server with description ServerDescription{address=knowyourcity-shard-00-02-ijzn3.gcp.mongodb.net:27017, type=REPLICA_SET_SECONDARY, state=CONNECTED, ok=true, version=ServerVersion{versionList=[4, 2, 6]}, minWireVersion=0, maxWireVersion=8, maxDocumentSize=16777216, logicalSessionTimeoutMinutes=30, roundTripTimeNanos=19897100, setName='KnowYourCity-shard-0', canonicalAddress=knowyourcity-shard-00-02-ijzn3.gcp.mongodb.net:27017, hosts=[knowyourcity-shard-00-00-ijzn3.gcp.mongodb.net:27017, knowyourcity-shard-00-02-ijzn3.gcp.mongodb.net:27017, knowyourcity-shard-00-01-ijzn3.gcp.mongodb.net:27017], passives=[], arbiters=[], primary='knowyourcity-shard-00-01-ijzn3.gcp.mongodb.net:27017', tagSet=TagSet{[Tag{name='nodeType', value='ELECTABLE'}, Tag{name='provider', value='GCP'}, Tag{name='region', value='WESTERN_EUROPE'}]}, electionId=null, setVersion=3, lastWriteDate=Thu May 21 12:49:22 CEST 2020, lastUpdateTimeNanos=100593876731700}
2020-05-21 12:49:23.093  INFO 17468 --- [ngodb.net:27017] org.mongodb.driver.cluster               : Monitor thread successfully connected to server with description ServerDescription{address=knowyourcity-shard-00-01-ijzn3.gcp.mongodb.net:27017, type=REPLICA_SET_PRIMARY, state=CONNECTED, ok=true, version=ServerVersion{versionList=[4, 2, 6]}, minWireVersion=0, maxWireVersion=8, maxDocumentSize=16777216, logicalSessionTimeoutMinutes=30, roundTripTimeNanos=18828400, setName='KnowYourCity-shard-0', canonicalAddress=knowyourcity-shard-00-01-ijzn3.gcp.mongodb.net:27017, hosts=[knowyourcity-shard-00-00-ijzn3.gcp.mongodb.net:27017, knowyourcity-shard-00-02-ijzn3.gcp.mongodb.net:27017, knowyourcity-shard-00-01-ijzn3.gcp.mongodb.net:27017], passives=[], arbiters=[], primary='knowyourcity-shard-00-01-ijzn3.gcp.mongodb.net:27017', tagSet=TagSet{[Tag{name='nodeType', value='ELECTABLE'}, Tag{name='provider', value='GCP'}, Tag{name='region', value='WESTERN_EUROPE'}]}, electionId=7fffffff0000000000000007, setVersion=3, lastWriteDate=Thu May 21 12:49:22 CEST 2020, lastUpdateTimeNanos=100593876782200}
2020-05-21 12:49:23.094  INFO 17468 --- [ngodb.net:27017] org.mongodb.driver.cluster               : Setting max election id to 7fffffff0000000000000007 from replica set primary knowyourcity-shard-00-01-ijzn3.gcp.mongodb.net:27017
2020-05-21 12:49:23.094  INFO 17468 --- [ngodb.net:27017] org.mongodb.driver.cluster               : Setting max set version to 3 from replica set primary knowyourcity-shard-00-01-ijzn3.gcp.mongodb.net:27017
2020-05-21 12:49:23.094  INFO 17468 --- [ngodb.net:27017] org.mongodb.driver.cluster               : Discovered replica set primary knowyourcity-shard-00-01-ijzn3.gcp.mongodb.net:27017
2020-05-21 12:49:23.258  INFO 17468 --- [    Test worker] org.mongodb.driver.connection            : Opened connection [connectionId{localValue:15, serverValue:552493}] to knowyourcity-shard-00-01-ijzn3.gcp.mongodb.net:27017
2020-05-21 12:49:26.988  INFO 17468 --- [    Test worker] org.mongodb.driver.cluster               : Cluster created with settings {hosts=[127.0.0.1:27017], srvHost=knowyourcity-ijzn3.gcp.mongodb.net, mode=MULTIPLE, requiredClusterType=REPLICA_SET, serverSelectionTimeout='30000 ms', maxWaitQueueSize=500, requiredReplicaSetName='KnowYourCity-shard-0'}
2020-05-21 12:49:26.989  INFO 17468 --- [    Test worker] org.mongodb.driver.cluster               : Cluster description not yet available. Waiting for 30000 ms before timing out
2020-05-21 12:49:26.998  INFO 17468 --- [gcp.mongodb.net] org.mongodb.driver.cluster               : Adding discovered server knowyourcity-shard-00-01-ijzn3.gcp.mongodb.net:27017 to client view of cluster
2020-05-21 12:49:26.999  INFO 17468 --- [gcp.mongodb.net] org.mongodb.driver.cluster               : Adding discovered server knowyourcity-shard-00-02-ijzn3.gcp.mongodb.net:27017 to client view of cluster
2020-05-21 12:49:26.999  INFO 17468 --- [gcp.mongodb.net] org.mongodb.driver.cluster               : Adding discovered server knowyourcity-shard-00-00-ijzn3.gcp.mongodb.net:27017 to client view of cluster
2020-05-21 12:49:27.000  INFO 17468 --- [    Test worker] org.mongodb.driver.cluster               : No server chosen by com.mongodb.client.internal.MongoClientDelegate$1@7684b342 from cluster description ClusterDescription{type=REPLICA_SET, connectionMode=MULTIPLE, serverDescriptions=[ServerDescription{address=knowyourcity-shard-00-02-ijzn3.gcp.mongodb.net:27017, type=UNKNOWN, state=CONNECTING}, ServerDescription{address=knowyourcity-shard-00-01-ijzn3.gcp.mongodb.net:27017, type=UNKNOWN, state=CONNECTING}, ServerDescription{address=knowyourcity-shard-00-00-ijzn3.gcp.mongodb.net:27017, type=UNKNOWN, state=CONNECTING}]}. Waiting for 30000 ms before timing out
2020-05-21 12:49:27.082  INFO 17468 --- [ngodb.net:27017] org.mongodb.driver.connection            : Opened connection [connectionId{localValue:17, serverValue:463087}] to knowyourcity-shard-00-02-ijzn3.gcp.mongodb.net:27017
2020-05-21 12:49:27.086  INFO 17468 --- [ngodb.net:27017] org.mongodb.driver.connection            : Opened connection [connectionId{localValue:16, serverValue:552493}] to knowyourcity-shard-00-01-ijzn3.gcp.mongodb.net:27017
2020-05-21 12:49:27.086  INFO 17468 --- [ngodb.net:27017] org.mongodb.driver.connection            : Opened connection [connectionId{localValue:18, serverValue:463767}] to knowyourcity-shard-00-00-ijzn3.gcp.mongodb.net:27017
2020-05-21 12:49:27.101  INFO 17468 --- [ngodb.net:27017] org.mongodb.driver.cluster               : Monitor thread successfully connected to server with description ServerDescription{address=knowyourcity-shard-00-02-ijzn3.gcp.mongodb.net:27017, type=REPLICA_SET_SECONDARY, state=CONNECTED, ok=true, version=ServerVersion{versionList=[4, 2, 6]}, minWireVersion=0, maxWireVersion=8, maxDocumentSize=16777216, logicalSessionTimeoutMinutes=30, roundTripTimeNanos=18268600, setName='KnowYourCity-shard-0', canonicalAddress=knowyourcity-shard-00-02-ijzn3.gcp.mongodb.net:27017, hosts=[knowyourcity-shard-00-00-ijzn3.gcp.mongodb.net:27017, knowyourcity-shard-00-02-ijzn3.gcp.mongodb.net:27017, knowyourcity-shard-00-01-ijzn3.gcp.mongodb.net:27017], passives=[], arbiters=[], primary='knowyourcity-shard-00-01-ijzn3.gcp.mongodb.net:27017', tagSet=TagSet{[Tag{name='nodeType', value='ELECTABLE'}, Tag{name='provider', value='GCP'}, Tag{name='region', value='WESTERN_EUROPE'}]}, electionId=null, setVersion=3, lastWriteDate=Thu May 21 12:49:22 CEST 2020, lastUpdateTimeNanos=100597884083400}
2020-05-21 12:49:27.103  INFO 17468 --- [    Test worker] org.mongodb.driver.cluster               : No server chosen by ReadPreferenceServerSelector{readPreference=primary} from cluster description ClusterDescription{type=REPLICA_SET, connectionMode=MULTIPLE, serverDescriptions=[ServerDescription{address=knowyourcity-shard-00-02-ijzn3.gcp.mongodb.net:27017, type=REPLICA_SET_SECONDARY, state=CONNECTED, ok=true, version=ServerVersion{versionList=[4, 2, 6]}, minWireVersion=0, maxWireVersion=8, maxDocumentSize=16777216, logicalSessionTimeoutMinutes=30, roundTripTimeNanos=18268600, setName='KnowYourCity-shard-0', canonicalAddress=knowyourcity-shard-00-02-ijzn3.gcp.mongodb.net:27017, hosts=[knowyourcity-shard-00-00-ijzn3.gcp.mongodb.net:27017, knowyourcity-shard-00-02-ijzn3.gcp.mongodb.net:27017, knowyourcity-shard-00-01-ijzn3.gcp.mongodb.net:27017], passives=[], arbiters=[], primary='knowyourcity-shard-00-01-ijzn3.gcp.mongodb.net:27017', tagSet=TagSet{[Tag{name='nodeType', value='ELECTABLE'}, Tag{name='provider', value='GCP'}, Tag{name='region', value='WESTERN_EUROPE'}]}, electionId=null, setVersion=3, lastWriteDate=Thu May 21 12:49:22 CEST 2020, lastUpdateTimeNanos=100597884083400}, ServerDescription{address=knowyourcity-shard-00-01-ijzn3.gcp.mongodb.net:27017, type=UNKNOWN, state=CONNECTING}, ServerDescription{address=knowyourcity-shard-00-00-ijzn3.gcp.mongodb.net:27017, type=UNKNOWN, state=CONNECTING}]}. Waiting for 30000 ms before timing out
2020-05-21 12:49:27.106  INFO 17468 --- [ngodb.net:27017] org.mongodb.driver.cluster               : Monitor thread successfully connected to server with description ServerDescription{address=knowyourcity-shard-00-00-ijzn3.gcp.mongodb.net:27017, type=REPLICA_SET_SECONDARY, state=CONNECTED, ok=true, version=ServerVersion{versionList=[4, 2, 6]}, minWireVersion=0, maxWireVersion=8, maxDocumentSize=16777216, logicalSessionTimeoutMinutes=30, roundTripTimeNanos=18317700, setName='KnowYourCity-shard-0', canonicalAddress=knowyourcity-shard-00-00-ijzn3.gcp.mongodb.net:27017, hosts=[knowyourcity-shard-00-00-ijzn3.gcp.mongodb.net:27017, knowyourcity-shard-00-02-ijzn3.gcp.mongodb.net:27017, knowyourcity-shard-00-01-ijzn3.gcp.mongodb.net:27017], passives=[], arbiters=[], primary='knowyourcity-shard-00-01-ijzn3.gcp.mongodb.net:27017', tagSet=TagSet{[Tag{name='nodeType', value='ELECTABLE'}, Tag{name='provider', value='GCP'}, Tag{name='region', value='WESTERN_EUROPE'}]}, electionId=null, setVersion=3, lastWriteDate=Thu May 21 12:49:22 CEST 2020, lastUpdateTimeNanos=100597888591400}
2020-05-21 12:49:27.106  INFO 17468 --- [ngodb.net:27017] org.mongodb.driver.cluster               : Monitor thread successfully connected to server with description ServerDescription{address=knowyourcity-shard-00-01-ijzn3.gcp.mongodb.net:27017, type=REPLICA_SET_PRIMARY, state=CONNECTED, ok=true, version=ServerVersion{versionList=[4, 2, 6]}, minWireVersion=0, maxWireVersion=8, maxDocumentSize=16777216, logicalSessionTimeoutMinutes=30, roundTripTimeNanos=18718100, setName='KnowYourCity-shard-0', canonicalAddress=knowyourcity-shard-00-01-ijzn3.gcp.mongodb.net:27017, hosts=[knowyourcity-shard-00-00-ijzn3.gcp.mongodb.net:27017, knowyourcity-shard-00-02-ijzn3.gcp.mongodb.net:27017, knowyourcity-shard-00-01-ijzn3.gcp.mongodb.net:27017], passives=[], arbiters=[], primary='knowyourcity-shard-00-01-ijzn3.gcp.mongodb.net:27017', tagSet=TagSet{[Tag{name='nodeType', value='ELECTABLE'}, Tag{name='provider', value='GCP'}, Tag{name='region', value='WESTERN_EUROPE'}]}, electionId=7fffffff0000000000000007, setVersion=3, lastWriteDate=Thu May 21 12:49:22 CEST 2020, lastUpdateTimeNanos=100597888575400}
2020-05-21 12:49:27.106  INFO 17468 --- [ngodb.net:27017] org.mongodb.driver.cluster               : Setting max election id to 7fffffff0000000000000007 from replica set primary knowyourcity-shard-00-01-ijzn3.gcp.mongodb.net:27017
2020-05-21 12:49:27.107  INFO 17468 --- [ngodb.net:27017] org.mongodb.driver.cluster               : Setting max set version to 3 from replica set primary knowyourcity-shard-00-01-ijzn3.gcp.mongodb.net:27017
2020-05-21 12:49:27.107  INFO 17468 --- [ngodb.net:27017] org.mongodb.driver.cluster               : Discovered replica set primary knowyourcity-shard-00-01-ijzn3.gcp.mongodb.net:27017
2020-05-21 12:49:27.257  INFO 17468 --- [    Test worker] org.mongodb.driver.connection            : Opened connection [connectionId{localValue:19, serverValue:552493}] to knowyourcity-shard-00-01-ijzn3.gcp.mongodb.net:27017
2020-05-21 12:49:29.380  INFO 17468 --- [    Test worker] org.mongodb.driver.cluster               : Cluster created with settings {hosts=[127.0.0.1:27017], srvHost=knowyourcity-ijzn3.gcp.mongodb.net, mode=MULTIPLE, requiredClusterType=REPLICA_SET, serverSelectionTimeout='30000 ms', maxWaitQueueSize=500, requiredReplicaSetName='KnowYourCity-shard-0'}
2020-05-21 12:49:29.381  INFO 17468 --- [    Test worker] org.mongodb.driver.cluster               : Cluster description not yet available. Waiting for 30000 ms before timing out
2020-05-21 12:49:29.389  INFO 17468 --- [gcp.mongodb.net] org.mongodb.driver.cluster               : Adding discovered server knowyourcity-shard-00-01-ijzn3.gcp.mongodb.net:27017 to client view of cluster
2020-05-21 12:49:29.390  INFO 17468 --- [gcp.mongodb.net] org.mongodb.driver.cluster               : Adding discovered server knowyourcity-shard-00-02-ijzn3.gcp.mongodb.net:27017 to client view of cluster
2020-05-21 12:49:29.390  INFO 17468 --- [gcp.mongodb.net] org.mongodb.driver.cluster               : Adding discovered server knowyourcity-shard-00-00-ijzn3.gcp.mongodb.net:27017 to client view of cluster
2020-05-21 12:49:29.391  INFO 17468 --- [    Test worker] org.mongodb.driver.cluster               : No server chosen by com.mongodb.client.internal.MongoClientDelegate$1@4a17ad1d from cluster description ClusterDescription{type=REPLICA_SET, connectionMode=MULTIPLE, serverDescriptions=[ServerDescription{address=knowyourcity-shard-00-02-ijzn3.gcp.mongodb.net:27017, type=UNKNOWN, state=CONNECTING}, ServerDescription{address=knowyourcity-shard-00-01-ijzn3.gcp.mongodb.net:27017, type=UNKNOWN, state=CONNECTING}, ServerDescription{address=knowyourcity-shard-00-00-ijzn3.gcp.mongodb.net:27017, type=UNKNOWN, state=CONNECTING}]}. Waiting for 30000 ms before timing out
2020-05-21 12:49:32.488  INFO 17468 --- [ngodb.net:27017] org.mongodb.driver.connection            : Opened connection [connectionId{localValue:20, serverValue:552510}] to knowyourcity-shard-00-01-ijzn3.gcp.mongodb.net:27017
2020-05-21 12:49:32.589  INFO 17468 --- [ngodb.net:27017] org.mongodb.driver.cluster               : Monitor thread successfully connected to server with description ServerDescription{address=knowyourcity-shard-00-01-ijzn3.gcp.mongodb.net:27017, type=REPLICA_SET_PRIMARY, state=CONNECTED, ok=true, version=ServerVersion{versionList=[4, 2, 6]}, minWireVersion=0, maxWireVersion=8, maxDocumentSize=16777216, logicalSessionTimeoutMinutes=30, roundTripTimeNanos=99576300, setName='KnowYourCity-shard-0', canonicalAddress=knowyourcity-shard-00-01-ijzn3.gcp.mongodb.net:27017, hosts=[knowyourcity-shard-00-00-ijzn3.gcp.mongodb.net:27017, knowyourcity-shard-00-02-ijzn3.gcp.mongodb.net:27017, knowyourcity-shard-00-01-ijzn3.gcp.mongodb.net:27017], passives=[], arbiters=[], primary='knowyourcity-shard-00-01-ijzn3.gcp.mongodb.net:27017', tagSet=TagSet{[Tag{name='nodeType', value='ELECTABLE'}, Tag{name='provider', value='GCP'}, Tag{name='region', value='WESTERN_EUROPE'}]}, electionId=7fffffff0000000000000007, setVersion=3, lastWriteDate=Thu May 21 12:49:28 CEST 2020, lastUpdateTimeNanos=100603372129900}
2020-05-21 12:49:32.590  INFO 17468 --- [ngodb.net:27017] org.mongodb.driver.cluster               : Setting max election id to 7fffffff0000000000000007 from replica set primary knowyourcity-shard-00-01-ijzn3.gcp.mongodb.net:27017
2020-05-21 12:49:32.590  INFO 17468 --- [ngodb.net:27017] org.mongodb.driver.cluster               : Setting max set version to 3 from replica set primary knowyourcity-shard-00-01-ijzn3.gcp.mongodb.net:27017
2020-05-21 12:49:32.590  INFO 17468 --- [ngodb.net:27017] org.mongodb.driver.cluster               : Discovered replica set primary knowyourcity-shard-00-01-ijzn3.gcp.mongodb.net:27017
2020-05-21 12:49:32.595  INFO 17468 --- [ngodb.net:27017] org.mongodb.driver.connection            : Opened connection [connectionId{localValue:21, serverValue:463087}] to knowyourcity-shard-00-02-ijzn3.gcp.mongodb.net:27017
2020-05-21 12:49:32.596  INFO 17468 --- [ngodb.net:27017] org.mongodb.driver.connection            : Opened connection [connectionId{localValue:22, serverValue:463767}] to knowyourcity-shard-00-00-ijzn3.gcp.mongodb.net:27017
2020-05-21 12:49:32.879  INFO 17468 --- [ngodb.net:27017] org.mongodb.driver.cluster               : Monitor thread successfully connected to server with description ServerDescription{address=knowyourcity-shard-00-02-ijzn3.gcp.mongodb.net:27017, type=REPLICA_SET_SECONDARY, state=CONNECTED, ok=true, version=ServerVersion{versionList=[4, 2, 6]}, minWireVersion=0, maxWireVersion=8, maxDocumentSize=16777216, logicalSessionTimeoutMinutes=30, roundTripTimeNanos=284222500, setName='KnowYourCity-shard-0', canonicalAddress=knowyourcity-shard-00-02-ijzn3.gcp.mongodb.net:27017, hosts=[knowyourcity-shard-00-00-ijzn3.gcp.mongodb.net:27017, knowyourcity-shard-00-02-ijzn3.gcp.mongodb.net:27017, knowyourcity-shard-00-01-ijzn3.gcp.mongodb.net:27017], passives=[], arbiters=[], primary='knowyourcity-shard-00-01-ijzn3.gcp.mongodb.net:27017', tagSet=TagSet{[Tag{name='nodeType', value='ELECTABLE'}, Tag{name='provider', value='GCP'}, Tag{name='region', value='WESTERN_EUROPE'}]}, electionId=null, setVersion=3, lastWriteDate=Thu May 21 12:49:28 CEST 2020, lastUpdateTimeNanos=100603662865300}
2020-05-21 12:49:32.879  INFO 17468 --- [ngodb.net:27017] org.mongodb.driver.cluster               : Monitor thread successfully connected to server with description ServerDescription{address=knowyourcity-shard-00-00-ijzn3.gcp.mongodb.net:27017, type=REPLICA_SET_SECONDARY, state=CONNECTED, ok=true, version=ServerVersion{versionList=[4, 2, 6]}, minWireVersion=0, maxWireVersion=8, maxDocumentSize=16777216, logicalSessionTimeoutMinutes=30, roundTripTimeNanos=282668400, setName='KnowYourCity-shard-0', canonicalAddress=knowyourcity-shard-00-00-ijzn3.gcp.mongodb.net:27017, hosts=[knowyourcity-shard-00-00-ijzn3.gcp.mongodb.net:27017, knowyourcity-shard-00-02-ijzn3.gcp.mongodb.net:27017, knowyourcity-shard-00-01-ijzn3.gcp.mongodb.net:27017], passives=[], arbiters=[], primary='knowyourcity-shard-00-01-ijzn3.gcp.mongodb.net:27017', tagSet=TagSet{[Tag{name='nodeType', value='ELECTABLE'}, Tag{name='provider', value='GCP'}, Tag{name='region', value='WESTERN_EUROPE'}]}, electionId=null, setVersion=3, lastWriteDate=Thu May 21 12:49:28 CEST 2020, lastUpdateTimeNanos=100603662865500}
2020-05-21 12:49:35.020  INFO 17468 --- [    Test worker] org.mongodb.driver.connection            : Opened connection [connectionId{localValue:23, serverValue:552510}] to knowyourcity-shard-00-01-ijzn3.gcp.mongodb.net:27017
2020-05-21 12:50:01.109  INFO 17468 --- [    Test worker] org.mongodb.driver.connection            : Opened connection [connectionId{localValue:24, serverValue:552510}] to knowyourcity-shard-00-01-ijzn3.gcp.mongodb.net:27017
]]></system-out>
  <system-err><![CDATA[]]></system-err>
</testsuite>
