<?xml version="1.0" encoding="UTF-8"?>
<testsuite name="ch.uzh.ifi.seal.soprafs20.connector.DatabaseConnectorLocationUnitTest" tests="6" skipped="0" failures="0" errors="0" timestamp="2020-05-23T19:46:03" hostname="DESKTOP-AV0HG10" time="3.251">
  <properties/>
  <testcase name="generateFireplaceIdTest()" classname="ch.uzh.ifi.seal.soprafs20.connector.DatabaseConnectorLocationUnitTest" time="2.701"/>
  <testcase name="generateFountainIdTest()" classname="ch.uzh.ifi.seal.soprafs20.connector.DatabaseConnectorLocationUnitTest" time="0.12"/>
  <testcase name="generateRecyclingStationIdTest()" classname="ch.uzh.ifi.seal.soprafs20.connector.DatabaseConnectorLocationUnitTest" time="0.134"/>
  <testcase name="generateToiletsIdTest()" classname="ch.uzh.ifi.seal.soprafs20.connector.DatabaseConnectorLocationUnitTest" time="0.16"/>
  <testcase name="generateTableTennisIdTest()" classname="ch.uzh.ifi.seal.soprafs20.connector.DatabaseConnectorLocationUnitTest" time="0.069"/>
  <testcase name="generateBenchIdTest()" classname="ch.uzh.ifi.seal.soprafs20.connector.DatabaseConnectorLocationUnitTest" time="0.051"/>
  <system-out><![CDATA[21:46:04.512 [Test worker] INFO org.mongodb.driver.cluster - Cluster created with settings {hosts=[127.0.0.1:27017], srvHost=knowyourcity-ijzn3.gcp.mongodb.net, mode=MULTIPLE, requiredClusterType=REPLICA_SET, serverSelectionTimeout='30000 ms', maxWaitQueueSize=500, requiredReplicaSetName='KnowYourCity-shard-0'}
21:46:04.602 [cluster-ClusterId{value='5ec97d7c991de16b65697104', description='null'}-srv-knowyourcity-ijzn3.gcp.mongodb.net] INFO org.mongodb.driver.cluster - Adding discovered server knowyourcity-shard-00-02-ijzn3.gcp.mongodb.net:27017 to client view of cluster
21:46:04.670 [Test worker] INFO org.mongodb.driver.cluster - Cluster description not yet available. Waiting for 30000 ms before timing out
21:46:04.704 [cluster-ClusterId{value='5ec97d7c991de16b65697104', description='null'}-srv-knowyourcity-ijzn3.gcp.mongodb.net] INFO org.mongodb.driver.cluster - Adding discovered server knowyourcity-shard-00-01-ijzn3.gcp.mongodb.net:27017 to client view of cluster
21:46:04.749 [cluster-ClusterId{value='5ec97d7c991de16b65697104', description='null'}-srv-knowyourcity-ijzn3.gcp.mongodb.net] INFO org.mongodb.driver.cluster - Adding discovered server knowyourcity-shard-00-00-ijzn3.gcp.mongodb.net:27017 to client view of cluster
21:46:04.760 [cluster-ClusterId{value='5ec97d7c991de16b65697104', description='null'}-srv-knowyourcity-ijzn3.gcp.mongodb.net] DEBUG org.mongodb.driver.cluster - Updating cluster description to  {type=REPLICA_SET, servers=[{address=knowyourcity-shard-00-02-ijzn3.gcp.mongodb.net:27017, type=UNKNOWN, state=CONNECTING}, {address=knowyourcity-shard-00-01-ijzn3.gcp.mongodb.net:27017, type=UNKNOWN, state=CONNECTING}, {address=knowyourcity-shard-00-00-ijzn3.gcp.mongodb.net:27017, type=UNKNOWN, state=CONNECTING}]
21:46:04.766 [Test worker] INFO org.mongodb.driver.cluster - No server chosen by com.mongodb.client.internal.MongoClientDelegate$1@362d7ffb from cluster description ClusterDescription{type=REPLICA_SET, connectionMode=MULTIPLE, serverDescriptions=[ServerDescription{address=knowyourcity-shard-00-02-ijzn3.gcp.mongodb.net:27017, type=UNKNOWN, state=CONNECTING}, ServerDescription{address=knowyourcity-shard-00-01-ijzn3.gcp.mongodb.net:27017, type=UNKNOWN, state=CONNECTING}, ServerDescription{address=knowyourcity-shard-00-00-ijzn3.gcp.mongodb.net:27017, type=UNKNOWN, state=CONNECTING}]}. Waiting for 30000 ms before timing out
21:46:05.786 [cluster-ClusterId{value='5ec97d7c991de16b65697104', description='null'}-knowyourcity-shard-00-00-ijzn3.gcp.mongodb.net:27017] INFO org.mongodb.driver.connection - Opened connection [connectionId{localValue:3, serverValue:41569}] to knowyourcity-shard-00-00-ijzn3.gcp.mongodb.net:27017
21:46:05.786 [cluster-ClusterId{value='5ec97d7c991de16b65697104', description='null'}-knowyourcity-shard-00-00-ijzn3.gcp.mongodb.net:27017] DEBUG org.mongodb.driver.cluster - Checking status of knowyourcity-shard-00-00-ijzn3.gcp.mongodb.net:27017
21:46:05.787 [cluster-ClusterId{value='5ec97d7c991de16b65697104', description='null'}-knowyourcity-shard-00-01-ijzn3.gcp.mongodb.net:27017] INFO org.mongodb.driver.connection - Opened connection [connectionId{localValue:2, serverValue:34423}] to knowyourcity-shard-00-01-ijzn3.gcp.mongodb.net:27017
21:46:05.789 [cluster-ClusterId{value='5ec97d7c991de16b65697104', description='null'}-knowyourcity-shard-00-01-ijzn3.gcp.mongodb.net:27017] DEBUG org.mongodb.driver.cluster - Checking status of knowyourcity-shard-00-01-ijzn3.gcp.mongodb.net:27017
21:46:05.794 [cluster-ClusterId{value='5ec97d7c991de16b65697104', description='null'}-knowyourcity-shard-00-02-ijzn3.gcp.mongodb.net:27017] INFO org.mongodb.driver.connection - Opened connection [connectionId{localValue:1, serverValue:41227}] to knowyourcity-shard-00-02-ijzn3.gcp.mongodb.net:27017
21:46:05.794 [cluster-ClusterId{value='5ec97d7c991de16b65697104', description='null'}-knowyourcity-shard-00-02-ijzn3.gcp.mongodb.net:27017] DEBUG org.mongodb.driver.cluster - Checking status of knowyourcity-shard-00-02-ijzn3.gcp.mongodb.net:27017
21:46:05.933 [cluster-ClusterId{value='5ec97d7c991de16b65697104', description='null'}-knowyourcity-shard-00-00-ijzn3.gcp.mongodb.net:27017] DEBUG org.mongodb.driver.protocol.command - Sending command '{"ismaster": 1, "$db": "admin"}' with request id 7 to database admin on connection [connectionId{localValue:3, serverValue:41569}] to server knowyourcity-shard-00-00-ijzn3.gcp.mongodb.net:27017
21:46:05.934 [cluster-ClusterId{value='5ec97d7c991de16b65697104', description='null'}-knowyourcity-shard-00-01-ijzn3.gcp.mongodb.net:27017] DEBUG org.mongodb.driver.protocol.command - Sending command '{"ismaster": 1, "$db": "admin"}' with request id 8 to database admin on connection [connectionId{localValue:2, serverValue:34423}] to server knowyourcity-shard-00-01-ijzn3.gcp.mongodb.net:27017
21:46:05.936 [cluster-ClusterId{value='5ec97d7c991de16b65697104', description='null'}-knowyourcity-shard-00-02-ijzn3.gcp.mongodb.net:27017] DEBUG org.mongodb.driver.protocol.command - Sending command '{"ismaster": 1, "$db": "admin"}' with request id 9 to database admin on connection [connectionId{localValue:1, serverValue:41227}] to server knowyourcity-shard-00-02-ijzn3.gcp.mongodb.net:27017
21:46:05.981 [cluster-ClusterId{value='5ec97d7c991de16b65697104', description='null'}-knowyourcity-shard-00-00-ijzn3.gcp.mongodb.net:27017] DEBUG org.mongodb.driver.protocol.command - Execution of command with request id 7 completed successfully in 179.16 ms on connection [connectionId{localValue:3, serverValue:41569}] to server knowyourcity-shard-00-00-ijzn3.gcp.mongodb.net:27017
21:46:05.986 [cluster-ClusterId{value='5ec97d7c991de16b65697104', description='null'}-knowyourcity-shard-00-01-ijzn3.gcp.mongodb.net:27017] DEBUG org.mongodb.driver.protocol.command - Execution of command with request id 8 completed successfully in 183.70 ms on connection [connectionId{localValue:2, serverValue:34423}] to server knowyourcity-shard-00-01-ijzn3.gcp.mongodb.net:27017
21:46:05.988 [cluster-ClusterId{value='5ec97d7c991de16b65697104', description='null'}-knowyourcity-shard-00-02-ijzn3.gcp.mongodb.net:27017] DEBUG org.mongodb.driver.protocol.command - Execution of command with request id 9 completed successfully in 189.50 ms on connection [connectionId{localValue:1, serverValue:41227}] to server knowyourcity-shard-00-02-ijzn3.gcp.mongodb.net:27017
21:46:05.992 [cluster-ClusterId{value='5ec97d7c991de16b65697104', description='null'}-knowyourcity-shard-00-01-ijzn3.gcp.mongodb.net:27017] INFO org.mongodb.driver.cluster - Monitor thread successfully connected to server with description ServerDescription{address=knowyourcity-shard-00-01-ijzn3.gcp.mongodb.net:27017, type=REPLICA_SET_SECONDARY, state=CONNECTED, ok=true, version=ServerVersion{versionList=[4, 2, 6]}, minWireVersion=0, maxWireVersion=8, maxDocumentSize=16777216, logicalSessionTimeoutMinutes=30, roundTripTimeNanos=197155605, setName='KnowYourCity-shard-0', canonicalAddress=knowyourcity-shard-00-01-ijzn3.gcp.mongodb.net:27017, hosts=[knowyourcity-shard-00-00-ijzn3.gcp.mongodb.net:27017, knowyourcity-shard-00-02-ijzn3.gcp.mongodb.net:27017, knowyourcity-shard-00-01-ijzn3.gcp.mongodb.net:27017], passives=[], arbiters=[], primary='knowyourcity-shard-00-02-ijzn3.gcp.mongodb.net:27017', tagSet=TagSet{[Tag{name='nodeType', value='ELECTABLE'}, Tag{name='provider', value='GCP'}, Tag{name='region', value='WESTERN_EUROPE'}]}, electionId=null, setVersion=3, lastWriteDate=Sat May 23 21:46:02 CEST 2020, lastUpdateTimeNanos=792523763882533}
21:46:05.993 [cluster-ClusterId{value='5ec97d7c991de16b65697104', description='null'}-knowyourcity-shard-00-00-ijzn3.gcp.mongodb.net:27017] INFO org.mongodb.driver.cluster - Monitor thread successfully connected to server with description ServerDescription{address=knowyourcity-shard-00-00-ijzn3.gcp.mongodb.net:27017, type=REPLICA_SET_SECONDARY, state=CONNECTED, ok=true, version=ServerVersion{versionList=[4, 2, 6]}, minWireVersion=0, maxWireVersion=8, maxDocumentSize=16777216, logicalSessionTimeoutMinutes=30, roundTripTimeNanos=193468900, setName='KnowYourCity-shard-0', canonicalAddress=knowyourcity-shard-00-00-ijzn3.gcp.mongodb.net:27017, hosts=[knowyourcity-shard-00-00-ijzn3.gcp.mongodb.net:27017, knowyourcity-shard-00-02-ijzn3.gcp.mongodb.net:27017, knowyourcity-shard-00-01-ijzn3.gcp.mongodb.net:27017], passives=[], arbiters=[], primary='knowyourcity-shard-00-02-ijzn3.gcp.mongodb.net:27017', tagSet=TagSet{[Tag{name='nodeType', value='ELECTABLE'}, Tag{name='provider', value='GCP'}, Tag{name='region', value='WESTERN_EUROPE'}]}, electionId=null, setVersion=3, lastWriteDate=Sat May 23 21:46:02 CEST 2020, lastUpdateTimeNanos=792523759321728}
21:46:05.995 [cluster-ClusterId{value='5ec97d7c991de16b65697104', description='null'}-knowyourcity-shard-00-02-ijzn3.gcp.mongodb.net:27017] INFO org.mongodb.driver.cluster - Monitor thread successfully connected to server with description ServerDescription{address=knowyourcity-shard-00-02-ijzn3.gcp.mongodb.net:27017, type=REPLICA_SET_PRIMARY, state=CONNECTED, ok=true, version=ServerVersion{versionList=[4, 2, 6]}, minWireVersion=0, maxWireVersion=8, maxDocumentSize=16777216, logicalSessionTimeoutMinutes=30, roundTripTimeNanos=193783426, setName='KnowYourCity-shard-0', canonicalAddress=knowyourcity-shard-00-02-ijzn3.gcp.mongodb.net:27017, hosts=[knowyourcity-shard-00-00-ijzn3.gcp.mongodb.net:27017, knowyourcity-shard-00-02-ijzn3.gcp.mongodb.net:27017, knowyourcity-shard-00-01-ijzn3.gcp.mongodb.net:27017], passives=[], arbiters=[], primary='knowyourcity-shard-00-02-ijzn3.gcp.mongodb.net:27017', tagSet=TagSet{[Tag{name='nodeType', value='ELECTABLE'}, Tag{name='provider', value='GCP'}, Tag{name='region', value='WESTERN_EUROPE'}]}, electionId=7fffffff0000000000000008, setVersion=3, lastWriteDate=Sat May 23 21:46:02 CEST 2020, lastUpdateTimeNanos=792523765769306}
21:46:05.996 [cluster-ClusterId{value='5ec97d7c991de16b65697104', description='null'}-knowyourcity-shard-00-00-ijzn3.gcp.mongodb.net:27017] DEBUG org.mongodb.driver.cluster - Updating cluster description to  {type=REPLICA_SET, servers=[{address=knowyourcity-shard-00-02-ijzn3.gcp.mongodb.net:27017, type=UNKNOWN, state=CONNECTING}, {address=knowyourcity-shard-00-01-ijzn3.gcp.mongodb.net:27017, type=UNKNOWN, state=CONNECTING}, {address=knowyourcity-shard-00-00-ijzn3.gcp.mongodb.net:27017, type=REPLICA_SET_SECONDARY, TagSet{[Tag{name='nodeType', value='ELECTABLE'}, Tag{name='provider', value='GCP'}, Tag{name='region', value='WESTERN_EUROPE'}]}, roundTripTime=193.5 ms, state=CONNECTED}]
21:46:05.997 [cluster-ClusterId{value='5ec97d7c991de16b65697104', description='null'}-knowyourcity-shard-00-01-ijzn3.gcp.mongodb.net:27017] DEBUG org.mongodb.driver.cluster - Updating cluster description to  {type=REPLICA_SET, servers=[{address=knowyourcity-shard-00-02-ijzn3.gcp.mongodb.net:27017, type=UNKNOWN, state=CONNECTING}, {address=knowyourcity-shard-00-01-ijzn3.gcp.mongodb.net:27017, type=REPLICA_SET_SECONDARY, TagSet{[Tag{name='nodeType', value='ELECTABLE'}, Tag{name='provider', value='GCP'}, Tag{name='region', value='WESTERN_EUROPE'}]}, roundTripTime=197.2 ms, state=CONNECTED}, {address=knowyourcity-shard-00-00-ijzn3.gcp.mongodb.net:27017, type=REPLICA_SET_SECONDARY, TagSet{[Tag{name='nodeType', value='ELECTABLE'}, Tag{name='provider', value='GCP'}, Tag{name='region', value='WESTERN_EUROPE'}]}, roundTripTime=193.5 ms, state=CONNECTED}]
21:46:05.998 [cluster-ClusterId{value='5ec97d7c991de16b65697104', description='null'}-knowyourcity-shard-00-02-ijzn3.gcp.mongodb.net:27017] INFO org.mongodb.driver.cluster - Setting max election id to 7fffffff0000000000000008 from replica set primary knowyourcity-shard-00-02-ijzn3.gcp.mongodb.net:27017
21:46:05.998 [cluster-ClusterId{value='5ec97d7c991de16b65697104', description='null'}-knowyourcity-shard-00-02-ijzn3.gcp.mongodb.net:27017] INFO org.mongodb.driver.cluster - Setting max set version to 3 from replica set primary knowyourcity-shard-00-02-ijzn3.gcp.mongodb.net:27017
21:46:05.999 [cluster-ClusterId{value='5ec97d7c991de16b65697104', description='null'}-knowyourcity-shard-00-02-ijzn3.gcp.mongodb.net:27017] INFO org.mongodb.driver.cluster - Discovered replica set primary knowyourcity-shard-00-02-ijzn3.gcp.mongodb.net:27017
21:46:05.999 [cluster-ClusterId{value='5ec97d7c991de16b65697104', description='null'}-knowyourcity-shard-00-02-ijzn3.gcp.mongodb.net:27017] DEBUG org.mongodb.driver.cluster - Updating cluster description to  {type=REPLICA_SET, servers=[{address=knowyourcity-shard-00-02-ijzn3.gcp.mongodb.net:27017, type=REPLICA_SET_PRIMARY, TagSet{[Tag{name='nodeType', value='ELECTABLE'}, Tag{name='provider', value='GCP'}, Tag{name='region', value='WESTERN_EUROPE'}]}, roundTripTime=193.8 ms, state=CONNECTED}, {address=knowyourcity-shard-00-01-ijzn3.gcp.mongodb.net:27017, type=REPLICA_SET_SECONDARY, TagSet{[Tag{name='nodeType', value='ELECTABLE'}, Tag{name='provider', value='GCP'}, Tag{name='region', value='WESTERN_EUROPE'}]}, roundTripTime=197.2 ms, state=CONNECTED}, {address=knowyourcity-shard-00-00-ijzn3.gcp.mongodb.net:27017, type=REPLICA_SET_SECONDARY, TagSet{[Tag{name='nodeType', value='ELECTABLE'}, Tag{name='provider', value='GCP'}, Tag{name='region', value='WESTERN_EUROPE'}]}, roundTripTime=193.5 ms, state=CONNECTED}]
21:46:06.546 [Test worker] INFO org.mongodb.driver.connection - Opened connection [connectionId{localValue:4, serverValue:52113}] to knowyourcity-shard-00-02-ijzn3.gcp.mongodb.net:27017
21:46:06.569 [Test worker] DEBUG org.mongodb.driver.protocol.command - Sending command '{"find": "UserFireplaces", "filter": {"BarbecuePlace.Id": 20007028}, "limit": 1, "singleBatch": true, "$db": "LocationStorage", "$clusterTime": {"clusterTime": {"$timestamp": {"t": 1590263162, "i": 1}}, "signature": {"hash": {"$binary": {"base64": "w6w0vrmPHs2bZQ6WbKRfl4vEE0I=", "subType": "00"}}, "keyId": 6802317058206859266}}, "lsid": {"id": {"$binary": {"base64": "9gNGOu3tTlGb0SD5OBR5CA==", "subType": "04"}}}}' with request id 15 to database LocationStorage on connection [connectionId{localValue:4, serverValue:52113}] to server knowyourcity-shard-00-02-ijzn3.gcp.mongodb.net:27017
21:46:06.612 [Test worker] DEBUG org.mongodb.driver.protocol.command - Execution of command with request id 15 completed successfully in 44.25 ms on connection [connectionId{localValue:4, serverValue:52113}] to server knowyourcity-shard-00-02-ijzn3.gcp.mongodb.net:27017
21:46:06.628 [Test worker] DEBUG org.mongodb.driver.protocol.command - Sending command '{"find": "Fireplaces", "filter": {"BarbecuePlace.Id": 20007028}, "limit": 1, "singleBatch": true, "$db": "LocationStorage", "$clusterTime": {"clusterTime": {"$timestamp": {"t": 1590263162, "i": 1}}, "signature": {"hash": {"$binary": {"base64": "w6w0vrmPHs2bZQ6WbKRfl4vEE0I=", "subType": "00"}}, "keyId": 6802317058206859266}}, "lsid": {"id": {"$binary": {"base64": "9gNGOu3tTlGb0SD5OBR5CA==", "subType": "04"}}}}' with request id 16 to database LocationStorage on connection [connectionId{localValue:4, serverValue:52113}] to server knowyourcity-shard-00-02-ijzn3.gcp.mongodb.net:27017
21:46:06.679 [Test worker] DEBUG org.mongodb.driver.protocol.command - Execution of command with request id 16 completed successfully in 52.70 ms on connection [connectionId{localValue:4, serverValue:52113}] to server knowyourcity-shard-00-02-ijzn3.gcp.mongodb.net:27017
21:46:06.701 [Test worker] DEBUG org.mongodb.driver.protocol.command - Sending command '{"find": "UserFountains", "filter": {"properties.objectid": 10000379}, "limit": 1, "singleBatch": true, "$db": "LocationStorage", "$clusterTime": {"clusterTime": {"$timestamp": {"t": 1590263162, "i": 1}}, "signature": {"hash": {"$binary": {"base64": "w6w0vrmPHs2bZQ6WbKRfl4vEE0I=", "subType": "00"}}, "keyId": 6802317058206859266}}, "lsid": {"id": {"$binary": {"base64": "9gNGOu3tTlGb0SD5OBR5CA==", "subType": "04"}}}}' with request id 17 to database LocationStorage on connection [connectionId{localValue:4, serverValue:52113}] to server knowyourcity-shard-00-02-ijzn3.gcp.mongodb.net:27017
21:46:06.759 [Test worker] DEBUG org.mongodb.driver.protocol.command - Execution of command with request id 17 completed successfully in 60.44 ms on connection [connectionId{localValue:4, serverValue:52113}] to server knowyourcity-shard-00-02-ijzn3.gcp.mongodb.net:27017
21:46:06.762 [Test worker] DEBUG org.mongodb.driver.protocol.command - Sending command '{"find": "Fountains", "filter": {"properties.objectid": 10000379}, "limit": 1, "singleBatch": true, "$db": "LocationStorage", "$clusterTime": {"clusterTime": {"$timestamp": {"t": 1590263162, "i": 1}}, "signature": {"hash": {"$binary": {"base64": "w6w0vrmPHs2bZQ6WbKRfl4vEE0I=", "subType": "00"}}, "keyId": 6802317058206859266}}, "lsid": {"id": {"$binary": {"base64": "9gNGOu3tTlGb0SD5OBR5CA==", "subType": "04"}}}}' with request id 18 to database LocationStorage on connection [connectionId{localValue:4, serverValue:52113}] to server knowyourcity-shard-00-02-ijzn3.gcp.mongodb.net:27017
21:46:06.816 [Test worker] DEBUG org.mongodb.driver.protocol.command - Execution of command with request id 18 completed successfully in 54.03 ms on connection [connectionId{localValue:4, serverValue:52113}] to server knowyourcity-shard-00-02-ijzn3.gcp.mongodb.net:27017
21:46:06.831 [Test worker] DEBUG org.mongodb.driver.protocol.command - Sending command '{"find": "UserRecycling", "filter": {"properties.objectid": "30003515"}, "limit": 1, "singleBatch": true, "$db": "LocationStorage", "$clusterTime": {"clusterTime": {"$timestamp": {"t": 1590263162, "i": 1}}, "signature": {"hash": {"$binary": {"base64": "w6w0vrmPHs2bZQ6WbKRfl4vEE0I=", "subType": "00"}}, "keyId": 6802317058206859266}}, "lsid": {"id": {"$binary": {"base64": "9gNGOu3tTlGb0SD5OBR5CA==", "subType": "04"}}}}' with request id 19 to database LocationStorage on connection [connectionId{localValue:4, serverValue:52113}] to server knowyourcity-shard-00-02-ijzn3.gcp.mongodb.net:27017
21:46:06.877 [Test worker] DEBUG org.mongodb.driver.protocol.command - Execution of command with request id 19 completed successfully in 48.86 ms on connection [connectionId{localValue:4, serverValue:52113}] to server knowyourcity-shard-00-02-ijzn3.gcp.mongodb.net:27017
21:46:06.881 [Test worker] DEBUG org.mongodb.driver.protocol.command - Sending command '{"find": "Recycling", "filter": {"properties.objectid": "30003515"}, "limit": 1, "singleBatch": true, "$db": "LocationStorage", "$clusterTime": {"clusterTime": {"$timestamp": {"t": 1590263162, "i": 1}}, "signature": {"hash": {"$binary": {"base64": "w6w0vrmPHs2bZQ6WbKRfl4vEE0I=", "subType": "00"}}, "keyId": 6802317058206859266}}, "lsid": {"id": {"$binary": {"base64": "9gNGOu3tTlGb0SD5OBR5CA==", "subType": "04"}}}}' with request id 20 to database LocationStorage on connection [connectionId{localValue:4, serverValue:52113}] to server knowyourcity-shard-00-02-ijzn3.gcp.mongodb.net:27017
21:46:06.956 [Test worker] DEBUG org.mongodb.driver.protocol.command - Execution of command with request id 20 completed successfully in 75.73 ms on connection [connectionId{localValue:4, serverValue:52113}] to server knowyourcity-shard-00-02-ijzn3.gcp.mongodb.net:27017
21:46:06.962 [Test worker] DEBUG org.mongodb.driver.protocol.command - Sending command '{"find": "WC", "filter": {"objectid": 40000353}, "limit": 1, "singleBatch": true, "$db": "LocationStorage", "$clusterTime": {"clusterTime": {"$timestamp": {"t": 1590263162, "i": 1}}, "signature": {"hash": {"$binary": {"base64": "w6w0vrmPHs2bZQ6WbKRfl4vEE0I=", "subType": "00"}}, "keyId": 6802317058206859266}}, "lsid": {"id": {"$binary": {"base64": "9gNGOu3tTlGb0SD5OBR5CA==", "subType": "04"}}}}' with request id 21 to database LocationStorage on connection [connectionId{localValue:4, serverValue:52113}] to server knowyourcity-shard-00-02-ijzn3.gcp.mongodb.net:27017
21:46:07.041 [Test worker] DEBUG org.mongodb.driver.protocol.command - Execution of command with request id 21 completed successfully in 80.58 ms on connection [connectionId{localValue:4, serverValue:52113}] to server knowyourcity-shard-00-02-ijzn3.gcp.mongodb.net:27017
21:46:07.050 [Test worker] DEBUG org.mongodb.driver.protocol.command - Sending command '{"find": "UserWC", "filter": {"objectid": 40000353}, "limit": 1, "singleBatch": true, "$db": "LocationStorage", "$clusterTime": {"clusterTime": {"$timestamp": {"t": 1590263162, "i": 1}}, "signature": {"hash": {"$binary": {"base64": "w6w0vrmPHs2bZQ6WbKRfl4vEE0I=", "subType": "00"}}, "keyId": 6802317058206859266}}, "lsid": {"id": {"$binary": {"base64": "9gNGOu3tTlGb0SD5OBR5CA==", "subType": "04"}}}}' with request id 22 to database LocationStorage on connection [connectionId{localValue:4, serverValue:52113}] to server knowyourcity-shard-00-02-ijzn3.gcp.mongodb.net:27017
21:46:07.113 [Test worker] DEBUG org.mongodb.driver.protocol.command - Execution of command with request id 22 completed successfully in 65.38 ms on connection [connectionId{localValue:4, serverValue:52113}] to server knowyourcity-shard-00-02-ijzn3.gcp.mongodb.net:27017
21:46:07.140 [Test worker] DEBUG org.mongodb.driver.protocol.command - Sending command '{"find": "UserTableTennis", "filter": {"objectid": 50001038}, "limit": 1, "singleBatch": true, "$db": "LocationStorage", "$clusterTime": {"clusterTime": {"$timestamp": {"t": 1590263162, "i": 1}}, "signature": {"hash": {"$binary": {"base64": "w6w0vrmPHs2bZQ6WbKRfl4vEE0I=", "subType": "00"}}, "keyId": 6802317058206859266}}, "lsid": {"id": {"$binary": {"base64": "9gNGOu3tTlGb0SD5OBR5CA==", "subType": "04"}}}}' with request id 23 to database LocationStorage on connection [connectionId{localValue:4, serverValue:52113}] to server knowyourcity-shard-00-02-ijzn3.gcp.mongodb.net:27017
21:46:07.192 [Test worker] DEBUG org.mongodb.driver.protocol.command - Execution of command with request id 23 completed successfully in 57.51 ms on connection [connectionId{localValue:4, serverValue:52113}] to server knowyourcity-shard-00-02-ijzn3.gcp.mongodb.net:27017
21:46:07.200 [Test worker] DEBUG org.mongodb.driver.protocol.command - Sending command '{"find": "UserBench", "filter": {"objectid": 60003872}, "limit": 1, "singleBatch": true, "$db": "LocationStorage", "$clusterTime": {"clusterTime": {"$timestamp": {"t": 1590263162, "i": 1}}, "signature": {"hash": {"$binary": {"base64": "w6w0vrmPHs2bZQ6WbKRfl4vEE0I=", "subType": "00"}}, "keyId": 6802317058206859266}}, "lsid": {"id": {"$binary": {"base64": "9gNGOu3tTlGb0SD5OBR5CA==", "subType": "04"}}}}' with request id 24 to database LocationStorage on connection [connectionId{localValue:4, serverValue:52113}] to server knowyourcity-shard-00-02-ijzn3.gcp.mongodb.net:27017
21:46:07.245 [Test worker] DEBUG org.mongodb.driver.protocol.command - Execution of command with request id 24 completed successfully in 47.12 ms on connection [connectionId{localValue:4, serverValue:52113}] to server knowyourcity-shard-00-02-ijzn3.gcp.mongodb.net:27017
]]></system-out>
  <system-err><![CDATA[]]></system-err>
</testsuite>
