<?xml version="1.0" encoding="UTF-8"?>
<testsuite name="ch.uzh.ifi.seal.soprafs20.service.UserServiceIntegrationTest" tests="11" skipped="0" failures="0" errors="0" timestamp="2020-05-24T11:44:50" hostname="Luis-MacBook-Pro.local" time="4.659">
  <properties/>
  <testcase name="friendsPostMessageAndReadMessage_success()" classname="ch.uzh.ifi.seal.soprafs20.service.UserServiceIntegrationTest" time="0.866"/>
  <testcase name="addFriendAndDeleteFriend_success()" classname="ch.uzh.ifi.seal.soprafs20.service.UserServiceIntegrationTest" time="0.5"/>
  <testcase name="createUser_validInputs_success()" classname="ch.uzh.ifi.seal.soprafs20.service.UserServiceIntegrationTest" time="0.156"/>
  <testcase name="createUser_duplicateUsername_throwsException()" classname="ch.uzh.ifi.seal.soprafs20.service.UserServiceIntegrationTest" time="0.174"/>
  <testcase name="checkForLogin_validInputs_success()" classname="ch.uzh.ifi.seal.soprafs20.service.UserServiceIntegrationTest" time="0.223"/>
  <testcase name="checkForLogin_duplicateUsername_throwsException()" classname="ch.uzh.ifi.seal.soprafs20.service.UserServiceIntegrationTest" time="0.204"/>
  <testcase name="checkForLogin_wrongPassword_throwsException()" classname="ch.uzh.ifi.seal.soprafs20.service.UserServiceIntegrationTest" time="0.21"/>
  <testcase name="checkForLogout_success()" classname="ch.uzh.ifi.seal.soprafs20.service.UserServiceIntegrationTest" time="0.293"/>
  <testcase name="getAllUsers_success()" classname="ch.uzh.ifi.seal.soprafs20.service.UserServiceIntegrationTest" time="0.917"/>
  <testcase name="friendsPostAndDeleteMessage_success()" classname="ch.uzh.ifi.seal.soprafs20.service.UserServiceIntegrationTest" time="0.779"/>
  <testcase name="changeCredentials_validInputs_success()" classname="ch.uzh.ifi.seal.soprafs20.service.UserServiceIntegrationTest" time="0.316"/>
  <system-out><![CDATA[2020-05-24 13:44:50.890  INFO 65584 --- [    Test worker] .b.t.c.SpringBootTestContextBootstrapper : Neither @ContextConfiguration nor @ContextHierarchy found for test class [ch.uzh.ifi.seal.soprafs20.service.UserServiceIntegrationTest], using SpringBootContextLoader
2020-05-24 13:44:50.891  INFO 65584 --- [    Test worker] o.s.t.c.support.AbstractContextLoader    : Could not detect default resource locations for test class [ch.uzh.ifi.seal.soprafs20.service.UserServiceIntegrationTest]: no resource found for suffixes {-context.xml, Context.groovy}.
2020-05-24 13:44:50.892  INFO 65584 --- [    Test worker] t.c.s.AnnotationConfigContextLoaderUtils : Could not detect default configuration classes for test class [ch.uzh.ifi.seal.soprafs20.service.UserServiceIntegrationTest]: UserServiceIntegrationTest does not declare any static, non-private, non-final, nested classes annotated with @Configuration.
2020-05-24 13:44:50.897  INFO 65584 --- [    Test worker] .b.t.c.SpringBootTestContextBootstrapper : Found @SpringBootConfiguration ch.uzh.ifi.seal.soprafs20.Application for test class ch.uzh.ifi.seal.soprafs20.service.UserServiceIntegrationTest
2020-05-24 13:44:50.900  INFO 65584 --- [    Test worker] .b.t.c.SpringBootTestContextBootstrapper : Loaded default TestExecutionListener class names from location [META-INF/spring.factories]: [org.springframework.boot.test.autoconfigure.restdocs.RestDocsTestExecutionListener, org.springframework.boot.test.autoconfigure.web.client.MockRestServiceServerResetTestExecutionListener, org.springframework.boot.test.autoconfigure.web.servlet.MockMvcPrintOnlyOnFailureTestExecutionListener, org.springframework.boot.test.autoconfigure.web.servlet.WebDriverTestExecutionListener, org.springframework.boot.test.mock.mockito.MockitoTestExecutionListener, org.springframework.boot.test.mock.mockito.ResetMocksTestExecutionListener, org.springframework.test.context.web.ServletTestExecutionListener, org.springframework.test.context.support.DirtiesContextBeforeModesTestExecutionListener, org.springframework.test.context.support.DependencyInjectionTestExecutionListener, org.springframework.test.context.support.DirtiesContextTestExecutionListener, org.springframework.test.context.transaction.TransactionalTestExecutionListener, org.springframework.test.context.jdbc.SqlScriptsTestExecutionListener, org.springframework.test.context.event.EventPublishingTestExecutionListener]
2020-05-24 13:44:50.900  INFO 65584 --- [    Test worker] .b.t.c.SpringBootTestContextBootstrapper : Using TestExecutionListeners: [org.springframework.test.context.web.ServletTestExecutionListener@14b5fd73, org.springframework.test.context.support.DirtiesContextBeforeModesTestExecutionListener@79ce7556, org.springframework.boot.test.mock.mockito.MockitoTestExecutionListener@684cbe96, org.springframework.boot.test.autoconfigure.SpringBootDependencyInjectionTestExecutionListener@6f39832d, org.springframework.test.context.support.DirtiesContextTestExecutionListener@54dcb5dc, org.springframework.test.context.transaction.TransactionalTestExecutionListener@5eb20ed4, org.springframework.test.context.jdbc.SqlScriptsTestExecutionListener@5387a39a, org.springframework.test.context.event.EventPublishingTestExecutionListener@7004622c, org.springframework.boot.test.autoconfigure.restdocs.RestDocsTestExecutionListener@41475ba5, org.springframework.boot.test.autoconfigure.web.client.MockRestServiceServerResetTestExecutionListener@fcd29f7, org.springframework.boot.test.autoconfigure.web.servlet.MockMvcPrintOnlyOnFailureTestExecutionListener@6138d0e7, org.springframework.boot.test.autoconfigure.web.servlet.WebDriverTestExecutionListener@32fedbee, org.springframework.boot.test.mock.mockito.ResetMocksTestExecutionListener@499f3467]
2020-05-24 13:44:50.932  INFO 65584 --- [    Test worker] org.mongodb.driver.cluster               : Cluster created with settings {hosts=[127.0.0.1:27017], srvHost=knowyourcity-ijzn3.gcp.mongodb.net, mode=MULTIPLE, requiredClusterType=REPLICA_SET, serverSelectionTimeout='30000 ms', maxWaitQueueSize=500, requiredReplicaSetName='KnowYourCity-shard-0'}
2020-05-24 13:44:50.942  INFO 65584 --- [    Test worker] f.a.AutowiredAnnotationBeanPostProcessor : Autowired annotation is not supported on static fields: static com.mongodb.client.MongoClient ch.uzh.ifi.seal.soprafs20.service.UserServiceIntegrationTest.mongoClient
2020-05-24 13:44:50.943  INFO 65584 --- [    Test worker] f.a.AutowiredAnnotationBeanPostProcessor : Autowired annotation is not supported on static fields: static com.mongodb.client.MongoDatabase ch.uzh.ifi.seal.soprafs20.service.UserServiceIntegrationTest.usersDevelopment
2020-05-24 13:44:50.943  INFO 65584 --- [    Test worker] f.a.AutowiredAnnotationBeanPostProcessor : Autowired annotation is not supported on static fields: static com.mongodb.client.MongoCollection ch.uzh.ifi.seal.soprafs20.service.UserServiceIntegrationTest.usersCollection
2020-05-24 13:44:50.943  INFO 65584 --- [    Test worker] f.a.AutowiredAnnotationBeanPostProcessor : Autowired annotation is not supported on static fields: static com.mongodb.client.MongoDatabase ch.uzh.ifi.seal.soprafs20.service.UserServiceIntegrationTest.locationChats
2020-05-24 13:44:50.943  INFO 65584 --- [    Test worker] f.a.AutowiredAnnotationBeanPostProcessor : Autowired annotation is not supported on static fields: static com.mongodb.client.MongoCollection ch.uzh.ifi.seal.soprafs20.service.UserServiceIntegrationTest.friendsChatsCollection
2020-05-24 13:44:50.961  INFO 65584 --- [gcp.mongodb.net] org.mongodb.driver.cluster               : Adding discovered server knowyourcity-shard-00-01-ijzn3.gcp.mongodb.net:27017 to client view of cluster
2020-05-24 13:44:50.964  INFO 65584 --- [gcp.mongodb.net] org.mongodb.driver.cluster               : Adding discovered server knowyourcity-shard-00-02-ijzn3.gcp.mongodb.net:27017 to client view of cluster
2020-05-24 13:44:50.970  INFO 65584 --- [gcp.mongodb.net] org.mongodb.driver.cluster               : Adding discovered server knowyourcity-shard-00-00-ijzn3.gcp.mongodb.net:27017 to client view of cluster
2020-05-24 13:44:51.084  INFO 65584 --- [ngodb.net:27017] org.mongodb.driver.connection            : Opened connection [connectionId{localValue:31, serverValue:54778}] to knowyourcity-shard-00-00-ijzn3.gcp.mongodb.net:27017
2020-05-24 13:44:51.084  INFO 65584 --- [ngodb.net:27017] org.mongodb.driver.connection            : Opened connection [connectionId{localValue:30, serverValue:64136}] to knowyourcity-shard-00-02-ijzn3.gcp.mongodb.net:27017
2020-05-24 13:44:51.085  INFO 65584 --- [ngodb.net:27017] org.mongodb.driver.connection            : Opened connection [connectionId{localValue:29, serverValue:53901}] to knowyourcity-shard-00-01-ijzn3.gcp.mongodb.net:27017
2020-05-24 13:44:51.101  INFO 65584 --- [ngodb.net:27017] org.mongodb.driver.cluster               : Monitor thread successfully connected to server with description ServerDescription{address=knowyourcity-shard-00-00-ijzn3.gcp.mongodb.net:27017, type=REPLICA_SET_SECONDARY, state=CONNECTED, ok=true, version=ServerVersion{versionList=[4, 2, 6]}, minWireVersion=0, maxWireVersion=8, maxDocumentSize=16777216, logicalSessionTimeoutMinutes=30, roundTripTimeNanos=16789706, setName='KnowYourCity-shard-0', canonicalAddress=knowyourcity-shard-00-00-ijzn3.gcp.mongodb.net:27017, hosts=[knowyourcity-shard-00-00-ijzn3.gcp.mongodb.net:27017, knowyourcity-shard-00-02-ijzn3.gcp.mongodb.net:27017, knowyourcity-shard-00-01-ijzn3.gcp.mongodb.net:27017], passives=[], arbiters=[], primary='knowyourcity-shard-00-02-ijzn3.gcp.mongodb.net:27017', tagSet=TagSet{[Tag{name='nodeType', value='ELECTABLE'}, Tag{name='provider', value='GCP'}, Tag{name='region', value='WESTERN_EUROPE'}]}, electionId=null, setVersion=3, lastWriteDate=Sun May 24 13:44:51 CEST 2020, lastUpdateTimeNanos=605249868779236}
2020-05-24 13:44:51.103  INFO 65584 --- [ngodb.net:27017] org.mongodb.driver.cluster               : Monitor thread successfully connected to server with description ServerDescription{address=knowyourcity-shard-00-02-ijzn3.gcp.mongodb.net:27017, type=REPLICA_SET_PRIMARY, state=CONNECTED, ok=true, version=ServerVersion{versionList=[4, 2, 6]}, minWireVersion=0, maxWireVersion=8, maxDocumentSize=16777216, logicalSessionTimeoutMinutes=30, roundTripTimeNanos=18131600, setName='KnowYourCity-shard-0', canonicalAddress=knowyourcity-shard-00-02-ijzn3.gcp.mongodb.net:27017, hosts=[knowyourcity-shard-00-00-ijzn3.gcp.mongodb.net:27017, knowyourcity-shard-00-02-ijzn3.gcp.mongodb.net:27017, knowyourcity-shard-00-01-ijzn3.gcp.mongodb.net:27017], passives=[], arbiters=[], primary='knowyourcity-shard-00-02-ijzn3.gcp.mongodb.net:27017', tagSet=TagSet{[Tag{name='nodeType', value='ELECTABLE'}, Tag{name='provider', value='GCP'}, Tag{name='region', value='WESTERN_EUROPE'}]}, electionId=7fffffff0000000000000008, setVersion=3, lastWriteDate=Sun May 24 13:44:51 CEST 2020, lastUpdateTimeNanos=605249870819814}
2020-05-24 13:44:51.104  INFO 65584 --- [ngodb.net:27017] org.mongodb.driver.cluster               : Setting max election id to 7fffffff0000000000000008 from replica set primary knowyourcity-shard-00-02-ijzn3.gcp.mongodb.net:27017
2020-05-24 13:44:51.104  INFO 65584 --- [ngodb.net:27017] org.mongodb.driver.cluster               : Setting max set version to 3 from replica set primary knowyourcity-shard-00-02-ijzn3.gcp.mongodb.net:27017
2020-05-24 13:44:51.104  INFO 65584 --- [ngodb.net:27017] org.mongodb.driver.cluster               : Discovered replica set primary knowyourcity-shard-00-02-ijzn3.gcp.mongodb.net:27017
2020-05-24 13:44:51.105  INFO 65584 --- [ngodb.net:27017] org.mongodb.driver.cluster               : Monitor thread successfully connected to server with description ServerDescription{address=knowyourcity-shard-00-01-ijzn3.gcp.mongodb.net:27017, type=REPLICA_SET_SECONDARY, state=CONNECTED, ok=true, version=ServerVersion{versionList=[4, 2, 6]}, minWireVersion=0, maxWireVersion=8, maxDocumentSize=16777216, logicalSessionTimeoutMinutes=30, roundTripTimeNanos=19552068, setName='KnowYourCity-shard-0', canonicalAddress=knowyourcity-shard-00-01-ijzn3.gcp.mongodb.net:27017, hosts=[knowyourcity-shard-00-00-ijzn3.gcp.mongodb.net:27017, knowyourcity-shard-00-02-ijzn3.gcp.mongodb.net:27017, knowyourcity-shard-00-01-ijzn3.gcp.mongodb.net:27017], passives=[], arbiters=[], primary='knowyourcity-shard-00-02-ijzn3.gcp.mongodb.net:27017', tagSet=TagSet{[Tag{name='nodeType', value='ELECTABLE'}, Tag{name='provider', value='GCP'}, Tag{name='region', value='WESTERN_EUROPE'}]}, electionId=null, setVersion=3, lastWriteDate=Sun May 24 13:44:51 CEST 2020, lastUpdateTimeNanos=605249872989566}
2020-05-24 13:44:51.743  INFO 65584 --- [    Test worker] org.mongodb.driver.connection            : Opened connection [connectionId{localValue:32, serverValue:64136}] to knowyourcity-shard-00-02-ijzn3.gcp.mongodb.net:27017
]]></system-out>
  <system-err><![CDATA[]]></system-err>
</testsuite>
