<?xml version="1.0" encoding="UTF-8"?>
<testsuite name="ch.uzh.ifi.seal.soprafs20.service.UserServiceUnitTest" tests="4" skipped="0" failures="0" errors="0" timestamp="2020-05-02T09:39:17" hostname="Luis-MacBook-Pro.local" time="1.212">
  <properties/>
  <testcase name="testUpdateUser()" classname="ch.uzh.ifi.seal.soprafs20.service.UserServiceUnitTest" time="0.538"/>
  <testcase name="testNullUpdateUser()" classname="ch.uzh.ifi.seal.soprafs20.service.UserServiceUnitTest" time="0.184"/>
  <testcase name="testGetUserById()" classname="ch.uzh.ifi.seal.soprafs20.service.UserServiceUnitTest" time="0.305"/>
  <testcase name="testNullGetUserById()" classname="ch.uzh.ifi.seal.soprafs20.service.UserServiceUnitTest" time="0.177"/>
  <system-out><![CDATA[2020-05-02 11:39:17.566  INFO 15207 --- [    Test worker] .b.t.c.SpringBootTestContextBootstrapper : Neither @ContextConfiguration nor @ContextHierarchy found for test class [ch.uzh.ifi.seal.soprafs20.service.UserServiceUnitTest], using SpringBootContextLoader
2020-05-02 11:39:17.568  INFO 15207 --- [    Test worker] o.s.t.c.support.AbstractContextLoader    : Could not detect default resource locations for test class [ch.uzh.ifi.seal.soprafs20.service.UserServiceUnitTest]: no resource found for suffixes {-context.xml, Context.groovy}.
2020-05-02 11:39:17.568  INFO 15207 --- [    Test worker] t.c.s.AnnotationConfigContextLoaderUtils : Could not detect default configuration classes for test class [ch.uzh.ifi.seal.soprafs20.service.UserServiceUnitTest]: UserServiceUnitTest does not declare any static, non-private, non-final, nested classes annotated with @Configuration.
2020-05-02 11:39:17.570  INFO 15207 --- [    Test worker] .b.t.c.SpringBootTestContextBootstrapper : Found @SpringBootConfiguration ch.uzh.ifi.seal.soprafs20.Application for test class ch.uzh.ifi.seal.soprafs20.service.UserServiceUnitTest
2020-05-02 11:39:17.573  INFO 15207 --- [    Test worker] .b.t.c.SpringBootTestContextBootstrapper : Loaded default TestExecutionListener class names from location [META-INF/spring.factories]: [org.springframework.boot.test.autoconfigure.restdocs.RestDocsTestExecutionListener, org.springframework.boot.test.autoconfigure.web.client.MockRestServiceServerResetTestExecutionListener, org.springframework.boot.test.autoconfigure.web.servlet.MockMvcPrintOnlyOnFailureTestExecutionListener, org.springframework.boot.test.autoconfigure.web.servlet.WebDriverTestExecutionListener, org.springframework.boot.test.mock.mockito.MockitoTestExecutionListener, org.springframework.boot.test.mock.mockito.ResetMocksTestExecutionListener, org.springframework.test.context.web.ServletTestExecutionListener, org.springframework.test.context.support.DirtiesContextBeforeModesTestExecutionListener, org.springframework.test.context.support.DependencyInjectionTestExecutionListener, org.springframework.test.context.support.DirtiesContextTestExecutionListener, org.springframework.test.context.transaction.TransactionalTestExecutionListener, org.springframework.test.context.jdbc.SqlScriptsTestExecutionListener, org.springframework.test.context.event.EventPublishingTestExecutionListener]
2020-05-02 11:39:17.573  INFO 15207 --- [    Test worker] .b.t.c.SpringBootTestContextBootstrapper : Using TestExecutionListeners: [org.springframework.test.context.web.ServletTestExecutionListener@b401b51, org.springframework.test.context.support.DirtiesContextBeforeModesTestExecutionListener@6a9ff431, org.springframework.boot.test.mock.mockito.MockitoTestExecutionListener@18143c89, org.springframework.boot.test.autoconfigure.SpringBootDependencyInjectionTestExecutionListener@18b5e9c9, org.springframework.test.context.support.DirtiesContextTestExecutionListener@13a4e31d, org.springframework.test.context.transaction.TransactionalTestExecutionListener@68fb324, org.springframework.test.context.jdbc.SqlScriptsTestExecutionListener@3f462708, org.springframework.test.context.event.EventPublishingTestExecutionListener@80a6a88, org.springframework.boot.test.autoconfigure.restdocs.RestDocsTestExecutionListener@3c02dc9f, org.springframework.boot.test.autoconfigure.web.client.MockRestServiceServerResetTestExecutionListener@47ef4ea8, org.springframework.boot.test.autoconfigure.web.servlet.MockMvcPrintOnlyOnFailureTestExecutionListener@491f5f3a, org.springframework.boot.test.autoconfigure.web.servlet.WebDriverTestExecutionListener@121a32bb, org.springframework.boot.test.mock.mockito.ResetMocksTestExecutionListener@3856e243]
2020-05-02 11:39:17.582  INFO 15207 --- [    Test worker] org.mongodb.driver.cluster               : Cluster created with settings {hosts=[127.0.0.1:27017], srvHost=knowyourcity-ijzn3.gcp.mongodb.net, mode=MULTIPLE, requiredClusterType=REPLICA_SET, serverSelectionTimeout='30000 ms', maxWaitQueueSize=500, requiredReplicaSetName='KnowYourCity-shard-0'}
2020-05-02 11:39:17.585  INFO 15207 --- [    Test worker] f.a.AutowiredAnnotationBeanPostProcessor : Autowired annotation is not supported on static fields: static com.mongodb.client.MongoClient ch.uzh.ifi.seal.soprafs20.service.UserServiceUnitTest.mongoClient
2020-05-02 11:39:17.586  INFO 15207 --- [    Test worker] f.a.AutowiredAnnotationBeanPostProcessor : Autowired annotation is not supported on static fields: static com.mongodb.client.MongoDatabase ch.uzh.ifi.seal.soprafs20.service.UserServiceUnitTest.usersDevelopment
2020-05-02 11:39:17.586  INFO 15207 --- [    Test worker] f.a.AutowiredAnnotationBeanPostProcessor : Autowired annotation is not supported on static fields: static com.mongodb.client.MongoCollection ch.uzh.ifi.seal.soprafs20.service.UserServiceUnitTest.usersCollection
2020-05-02 11:39:17.591  INFO 15207 --- [gcp.mongodb.net] org.mongodb.driver.cluster               : Adding discovered server knowyourcity-shard-00-01-ijzn3.gcp.mongodb.net:27017 to client view of cluster
2020-05-02 11:39:17.594  INFO 15207 --- [gcp.mongodb.net] org.mongodb.driver.cluster               : Adding discovered server knowyourcity-shard-00-02-ijzn3.gcp.mongodb.net:27017 to client view of cluster
2020-05-02 11:39:17.595  INFO 15207 --- [    Test worker] org.mongodb.driver.cluster               : Cluster description not yet available. Waiting for 30000 ms before timing out
2020-05-02 11:39:17.596  INFO 15207 --- [gcp.mongodb.net] org.mongodb.driver.cluster               : Adding discovered server knowyourcity-shard-00-00-ijzn3.gcp.mongodb.net:27017 to client view of cluster
2020-05-02 11:39:17.599  INFO 15207 --- [    Test worker] org.mongodb.driver.cluster               : No server chosen by com.mongodb.client.internal.MongoClientDelegate$1@30bfabc5 from cluster description ClusterDescription{type=REPLICA_SET, connectionMode=MULTIPLE, serverDescriptions=[ServerDescription{address=knowyourcity-shard-00-02-ijzn3.gcp.mongodb.net:27017, type=UNKNOWN, state=CONNECTING}, ServerDescription{address=knowyourcity-shard-00-01-ijzn3.gcp.mongodb.net:27017, type=UNKNOWN, state=CONNECTING}, ServerDescription{address=knowyourcity-shard-00-00-ijzn3.gcp.mongodb.net:27017, type=UNKNOWN, state=CONNECTING}]}. Waiting for 30000 ms before timing out
2020-05-02 11:39:17.670  INFO 15207 --- [ngodb.net:27017] org.mongodb.driver.connection            : Opened connection [connectionId{localValue:33, serverValue:76157}] to knowyourcity-shard-00-01-ijzn3.gcp.mongodb.net:27017
2020-05-02 11:39:17.679  INFO 15207 --- [ngodb.net:27017] org.mongodb.driver.connection            : Opened connection [connectionId{localValue:35, serverValue:68740}] to knowyourcity-shard-00-00-ijzn3.gcp.mongodb.net:27017
2020-05-02 11:39:17.682  INFO 15207 --- [ngodb.net:27017] org.mongodb.driver.connection            : Opened connection [connectionId{localValue:34, serverValue:82829}] to knowyourcity-shard-00-02-ijzn3.gcp.mongodb.net:27017
2020-05-02 11:39:17.688  INFO 15207 --- [ngodb.net:27017] org.mongodb.driver.cluster               : Monitor thread successfully connected to server with description ServerDescription{address=knowyourcity-shard-00-01-ijzn3.gcp.mongodb.net:27017, type=REPLICA_SET_PRIMARY, state=CONNECTED, ok=true, version=ServerVersion{versionList=[4, 2, 6]}, minWireVersion=0, maxWireVersion=8, maxDocumentSize=16777216, logicalSessionTimeoutMinutes=30, roundTripTimeNanos=17077586, setName='KnowYourCity-shard-0', canonicalAddress=knowyourcity-shard-00-01-ijzn3.gcp.mongodb.net:27017, hosts=[knowyourcity-shard-00-00-ijzn3.gcp.mongodb.net:27017, knowyourcity-shard-00-02-ijzn3.gcp.mongodb.net:27017, knowyourcity-shard-00-01-ijzn3.gcp.mongodb.net:27017], passives=[], arbiters=[], primary='knowyourcity-shard-00-01-ijzn3.gcp.mongodb.net:27017', tagSet=TagSet{[Tag{name='nodeType', value='ELECTABLE'}, Tag{name='provider', value='GCP'}, Tag{name='region', value='WESTERN_EUROPE'}]}, electionId=7fffffff0000000000000007, setVersion=2, lastWriteDate=Sat May 02 11:39:14 CEST 2020, lastUpdateTimeNanos=109858908061701}
2020-05-02 11:39:17.688  INFO 15207 --- [ngodb.net:27017] org.mongodb.driver.cluster               : Setting max election id to 7fffffff0000000000000007 from replica set primary knowyourcity-shard-00-01-ijzn3.gcp.mongodb.net:27017
2020-05-02 11:39:17.688  INFO 15207 --- [ngodb.net:27017] org.mongodb.driver.cluster               : Setting max set version to 2 from replica set primary knowyourcity-shard-00-01-ijzn3.gcp.mongodb.net:27017
2020-05-02 11:39:17.689  INFO 15207 --- [ngodb.net:27017] org.mongodb.driver.cluster               : Discovered replica set primary knowyourcity-shard-00-01-ijzn3.gcp.mongodb.net:27017
2020-05-02 11:39:17.698  INFO 15207 --- [ngodb.net:27017] org.mongodb.driver.cluster               : Monitor thread successfully connected to server with description ServerDescription{address=knowyourcity-shard-00-00-ijzn3.gcp.mongodb.net:27017, type=REPLICA_SET_SECONDARY, state=CONNECTED, ok=true, version=ServerVersion{versionList=[4, 2, 6]}, minWireVersion=0, maxWireVersion=8, maxDocumentSize=16777216, logicalSessionTimeoutMinutes=30, roundTripTimeNanos=18403739, setName='KnowYourCity-shard-0', canonicalAddress=knowyourcity-shard-00-00-ijzn3.gcp.mongodb.net:27017, hosts=[knowyourcity-shard-00-00-ijzn3.gcp.mongodb.net:27017, knowyourcity-shard-00-02-ijzn3.gcp.mongodb.net:27017, knowyourcity-shard-00-01-ijzn3.gcp.mongodb.net:27017], passives=[], arbiters=[], primary='knowyourcity-shard-00-01-ijzn3.gcp.mongodb.net:27017', tagSet=TagSet{[Tag{name='nodeType', value='ELECTABLE'}, Tag{name='provider', value='GCP'}, Tag{name='region', value='WESTERN_EUROPE'}]}, electionId=null, setVersion=2, lastWriteDate=Sat May 02 11:39:14 CEST 2020, lastUpdateTimeNanos=109858918080583}
2020-05-02 11:39:17.702  INFO 15207 --- [ngodb.net:27017] org.mongodb.driver.cluster               : Monitor thread successfully connected to server with description ServerDescription{address=knowyourcity-shard-00-02-ijzn3.gcp.mongodb.net:27017, type=REPLICA_SET_SECONDARY, state=CONNECTED, ok=true, version=ServerVersion{versionList=[4, 2, 6]}, minWireVersion=0, maxWireVersion=8, maxDocumentSize=16777216, logicalSessionTimeoutMinutes=30, roundTripTimeNanos=18140270, setName='KnowYourCity-shard-0', canonicalAddress=knowyourcity-shard-00-02-ijzn3.gcp.mongodb.net:27017, hosts=[knowyourcity-shard-00-00-ijzn3.gcp.mongodb.net:27017, knowyourcity-shard-00-02-ijzn3.gcp.mongodb.net:27017, knowyourcity-shard-00-01-ijzn3.gcp.mongodb.net:27017], passives=[], arbiters=[], primary='knowyourcity-shard-00-01-ijzn3.gcp.mongodb.net:27017', tagSet=TagSet{[Tag{name='nodeType', value='ELECTABLE'}, Tag{name='provider', value='GCP'}, Tag{name='region', value='WESTERN_EUROPE'}]}, electionId=null, setVersion=2, lastWriteDate=Sat May 02 11:39:14 CEST 2020, lastUpdateTimeNanos=109858922123946}
2020-05-02 11:39:17.839  INFO 15207 --- [    Test worker] org.mongodb.driver.connection            : Opened connection [connectionId{localValue:36, serverValue:76157}] to knowyourcity-shard-00-01-ijzn3.gcp.mongodb.net:27017
]]></system-out>
  <system-err><![CDATA[]]></system-err>
</testsuite>
