<?xml version="1.0" encoding="UTF-8"?>
<testsuite name="ch.uzh.ifi.seal.soprafs20.service.LocationServiceIntegrationTest" tests="16" skipped="0" failures="0" errors="0" timestamp="2020-05-24T11:42:55" hostname="Luis-MacBook-Pro.local" time="115.019">
  <properties/>
  <testcase name="getAverageRating_noExistingRatings()" classname="ch.uzh.ifi.seal.soprafs20.service.LocationServiceIntegrationTest" time="11.365"/>
  <testcase name="createLocation_Fireplace_validInputs_success()" classname="ch.uzh.ifi.seal.soprafs20.service.LocationServiceIntegrationTest" time="7.554"/>
  <testcase name="getLocationChat_locationDoesNotExist()" classname="ch.uzh.ifi.seal.soprafs20.service.LocationServiceIntegrationTest" time="0.031"/>
  <testcase name="createLocation_Toilets_validInputs_success()" classname="ch.uzh.ifi.seal.soprafs20.service.LocationServiceIntegrationTest" time="3.555"/>
  <testcase name="deleteFavoriteLocations_success()" classname="ch.uzh.ifi.seal.soprafs20.service.LocationServiceIntegrationTest" time="12.135"/>
  <testcase name="getFilteredLocations_success()" classname="ch.uzh.ifi.seal.soprafs20.service.LocationServiceIntegrationTest" time="3.211"/>
  <testcase name="createLocation_TableTennis_validInputs_success()" classname="ch.uzh.ifi.seal.soprafs20.service.LocationServiceIntegrationTest" time="7.218"/>
  <testcase name="createLocation_Recycling_validInputs_success()" classname="ch.uzh.ifi.seal.soprafs20.service.LocationServiceIntegrationTest" time="3.548"/>
  <testcase name="updateFavoriteLocations_success()" classname="ch.uzh.ifi.seal.soprafs20.service.LocationServiceIntegrationTest" time="11.298"/>
  <testcase name="deleteLocationMessage_success()" classname="ch.uzh.ifi.seal.soprafs20.service.LocationServiceIntegrationTest" time="8.225"/>
  <testcase name="postLocationMessage_success()" classname="ch.uzh.ifi.seal.soprafs20.service.LocationServiceIntegrationTest" time="8.127"/>
  <testcase name="updateAndRetrieveRating_noExistingRating()" classname="ch.uzh.ifi.seal.soprafs20.service.LocationServiceIntegrationTest" time="8.502"/>
  <testcase name="createLocation_Benches_validInputs_success()" classname="ch.uzh.ifi.seal.soprafs20.service.LocationServiceIntegrationTest" time="7.516"/>
  <testcase name="getAverageRating_preexistingRatings()" classname="ch.uzh.ifi.seal.soprafs20.service.LocationServiceIntegrationTest" time="7.885"/>
  <testcase name="updateAndRetrieveRating_preexistingRating()" classname="ch.uzh.ifi.seal.soprafs20.service.LocationServiceIntegrationTest" time="7.554"/>
  <testcase name="createLocation_Fountain_validInputs_success()" classname="ch.uzh.ifi.seal.soprafs20.service.LocationServiceIntegrationTest" time="7.267"/>
  <system-out><![CDATA[2020-05-24 13:42:50.711  INFO 65584 --- [    Test worker] .b.t.c.SpringBootTestContextBootstrapper : Neither @ContextConfiguration nor @ContextHierarchy found for test class [ch.uzh.ifi.seal.soprafs20.service.LocationServiceIntegrationTest], using SpringBootContextLoader
2020-05-24 13:42:50.713  INFO 65584 --- [    Test worker] o.s.t.c.support.AbstractContextLoader    : Could not detect default resource locations for test class [ch.uzh.ifi.seal.soprafs20.service.LocationServiceIntegrationTest]: no resource found for suffixes {-context.xml, Context.groovy}.
2020-05-24 13:42:50.714  INFO 65584 --- [    Test worker] t.c.s.AnnotationConfigContextLoaderUtils : Could not detect default configuration classes for test class [ch.uzh.ifi.seal.soprafs20.service.LocationServiceIntegrationTest]: LocationServiceIntegrationTest does not declare any static, non-private, non-final, nested classes annotated with @Configuration.
2020-05-24 13:42:50.737  INFO 65584 --- [    Test worker] .b.t.c.SpringBootTestContextBootstrapper : Found @SpringBootConfiguration ch.uzh.ifi.seal.soprafs20.Application for test class ch.uzh.ifi.seal.soprafs20.service.LocationServiceIntegrationTest
2020-05-24 13:42:50.740  INFO 65584 --- [    Test worker] .b.t.c.SpringBootTestContextBootstrapper : Loaded default TestExecutionListener class names from location [META-INF/spring.factories]: [org.springframework.boot.test.autoconfigure.restdocs.RestDocsTestExecutionListener, org.springframework.boot.test.autoconfigure.web.client.MockRestServiceServerResetTestExecutionListener, org.springframework.boot.test.autoconfigure.web.servlet.MockMvcPrintOnlyOnFailureTestExecutionListener, org.springframework.boot.test.autoconfigure.web.servlet.WebDriverTestExecutionListener, org.springframework.boot.test.mock.mockito.MockitoTestExecutionListener, org.springframework.boot.test.mock.mockito.ResetMocksTestExecutionListener, org.springframework.test.context.web.ServletTestExecutionListener, org.springframework.test.context.support.DirtiesContextBeforeModesTestExecutionListener, org.springframework.test.context.support.DependencyInjectionTestExecutionListener, org.springframework.test.context.support.DirtiesContextTestExecutionListener, org.springframework.test.context.transaction.TransactionalTestExecutionListener, org.springframework.test.context.jdbc.SqlScriptsTestExecutionListener, org.springframework.test.context.event.EventPublishingTestExecutionListener]
2020-05-24 13:42:50.741  INFO 65584 --- [    Test worker] .b.t.c.SpringBootTestContextBootstrapper : Using TestExecutionListeners: [org.springframework.test.context.web.ServletTestExecutionListener@2e9a95b5, org.springframework.test.context.support.DirtiesContextBeforeModesTestExecutionListener@5d51aaab, org.springframework.boot.test.mock.mockito.MockitoTestExecutionListener@24308b39, org.springframework.boot.test.autoconfigure.SpringBootDependencyInjectionTestExecutionListener@781cef90, org.springframework.test.context.support.DirtiesContextTestExecutionListener@251fa1b, org.springframework.test.context.transaction.TransactionalTestExecutionListener@52051c08, org.springframework.test.context.jdbc.SqlScriptsTestExecutionListener@72cc2c32, org.springframework.test.context.event.EventPublishingTestExecutionListener@6db32d94, org.springframework.boot.test.autoconfigure.restdocs.RestDocsTestExecutionListener@603f831b, org.springframework.boot.test.autoconfigure.web.client.MockRestServiceServerResetTestExecutionListener@1a203648, org.springframework.boot.test.autoconfigure.web.servlet.MockMvcPrintOnlyOnFailureTestExecutionListener@99e3482, org.springframework.boot.test.autoconfigure.web.servlet.WebDriverTestExecutionListener@7db577a8, org.springframework.boot.test.mock.mockito.ResetMocksTestExecutionListener@610e045e]
2020-05-24 13:42:50.750  INFO 65584 --- [    Test worker] org.mongodb.driver.cluster               : Cluster created with settings {hosts=[127.0.0.1:27017], srvHost=knowyourcity-ijzn3.gcp.mongodb.net, mode=MULTIPLE, requiredClusterType=REPLICA_SET, serverSelectionTimeout='30000 ms', maxWaitQueueSize=500, requiredReplicaSetName='KnowYourCity-shard-0'}
2020-05-24 13:42:50.765  INFO 65584 --- [gcp.mongodb.net] org.mongodb.driver.cluster               : Adding discovered server knowyourcity-shard-00-01-ijzn3.gcp.mongodb.net:27017 to client view of cluster
2020-05-24 13:42:50.767  INFO 65584 --- [gcp.mongodb.net] org.mongodb.driver.cluster               : Adding discovered server knowyourcity-shard-00-02-ijzn3.gcp.mongodb.net:27017 to client view of cluster
2020-05-24 13:42:50.771  INFO 65584 --- [gcp.mongodb.net] org.mongodb.driver.cluster               : Adding discovered server knowyourcity-shard-00-00-ijzn3.gcp.mongodb.net:27017 to client view of cluster

  .   ____          _            __ _ _
 /\\ / ___'_ __ _ _(_)_ __  __ _ \ \ \ \
( ( )\___ | '_ | '_| | '_ \/ _` | \ \ \ \
 \\/  ___)| |_)| | | | | || (_| |  ) ) ) )
  '  |____| .__|_| |_|_| |_\__, | / / / /
 =========|_|==============|___/=/_/_/_/
 :: Spring Boot ::        (v2.2.4.RELEASE)

2020-05-24 13:42:50.836  WARN 65584 --- [    Test worker] ory$DuplicateJsonObjectContextCustomizer : 

Found multiple occurrences of org.json.JSONObject on the class path:

	jar:file:/Users/luisknufinke/.gradle/caches/modules-2/files-2.1/org.json/json/20180813/8566b2b0391d9d4479ea225645c6ed47ef17fe41/json-20180813.jar!/org/json/JSONObject.class
	jar:file:/Users/luisknufinke/.gradle/caches/modules-2/files-2.1/com.vaadin.external.google/android-json/0.0.20131108.vaadin1/fa26d351fe62a6a17f5cda1287c1c6110dec413f/android-json-0.0.20131108.vaadin1.jar!/org/json/JSONObject.class

You may wish to exclude one of them to ensure predictable runtime behavior

2020-05-24 13:42:50.839  INFO 65584 --- [    Test worker] u.i.s.s.s.LocationServiceIntegrationTest : Starting LocationServiceIntegrationTest on Luis-MacBook-Pro.local with PID 65584 (started by luisknufinke in /Users/luisknufinke/Documents/UZH/04 - FS20/Softwarepraktikum/Know your City/SOPRA_FS20_Group19_Server)
2020-05-24 13:42:50.839  INFO 65584 --- [    Test worker] u.i.s.s.s.LocationServiceIntegrationTest : No active profile set, falling back to default profiles: default
2020-05-24 13:42:50.860  INFO 65584 --- [ngodb.net:27017] org.mongodb.driver.connection            : Opened connection [connectionId{localValue:6, serverValue:64118}] to knowyourcity-shard-00-02-ijzn3.gcp.mongodb.net:27017
2020-05-24 13:42:50.862  INFO 65584 --- [ngodb.net:27017] org.mongodb.driver.connection            : Opened connection [connectionId{localValue:5, serverValue:53900}] to knowyourcity-shard-00-01-ijzn3.gcp.mongodb.net:27017
2020-05-24 13:42:50.864  INFO 65584 --- [ngodb.net:27017] org.mongodb.driver.connection            : Opened connection [connectionId{localValue:7, serverValue:54778}] to knowyourcity-shard-00-00-ijzn3.gcp.mongodb.net:27017
2020-05-24 13:42:50.880  INFO 65584 --- [ngodb.net:27017] org.mongodb.driver.cluster               : Monitor thread successfully connected to server with description ServerDescription{address=knowyourcity-shard-00-02-ijzn3.gcp.mongodb.net:27017, type=REPLICA_SET_PRIMARY, state=CONNECTED, ok=true, version=ServerVersion{versionList=[4, 2, 6]}, minWireVersion=0, maxWireVersion=8, maxDocumentSize=16777216, logicalSessionTimeoutMinutes=30, roundTripTimeNanos=19068411, setName='KnowYourCity-shard-0', canonicalAddress=knowyourcity-shard-00-02-ijzn3.gcp.mongodb.net:27017, hosts=[knowyourcity-shard-00-00-ijzn3.gcp.mongodb.net:27017, knowyourcity-shard-00-02-ijzn3.gcp.mongodb.net:27017, knowyourcity-shard-00-01-ijzn3.gcp.mongodb.net:27017], passives=[], arbiters=[], primary='knowyourcity-shard-00-02-ijzn3.gcp.mongodb.net:27017', tagSet=TagSet{[Tag{name='nodeType', value='ELECTABLE'}, Tag{name='provider', value='GCP'}, Tag{name='region', value='WESTERN_EUROPE'}]}, electionId=7fffffff0000000000000008, setVersion=3, lastWriteDate=Sun May 24 13:42:49 CEST 2020, lastUpdateTimeNanos=605129647813957}
2020-05-24 13:42:50.885  INFO 65584 --- [ngodb.net:27017] org.mongodb.driver.cluster               : Monitor thread successfully connected to server with description ServerDescription{address=knowyourcity-shard-00-00-ijzn3.gcp.mongodb.net:27017, type=REPLICA_SET_SECONDARY, state=CONNECTED, ok=true, version=ServerVersion{versionList=[4, 2, 6]}, minWireVersion=0, maxWireVersion=8, maxDocumentSize=16777216, logicalSessionTimeoutMinutes=30, roundTripTimeNanos=19490395, setName='KnowYourCity-shard-0', canonicalAddress=knowyourcity-shard-00-00-ijzn3.gcp.mongodb.net:27017, hosts=[knowyourcity-shard-00-00-ijzn3.gcp.mongodb.net:27017, knowyourcity-shard-00-02-ijzn3.gcp.mongodb.net:27017, knowyourcity-shard-00-01-ijzn3.gcp.mongodb.net:27017], passives=[], arbiters=[], primary='knowyourcity-shard-00-02-ijzn3.gcp.mongodb.net:27017', tagSet=TagSet{[Tag{name='nodeType', value='ELECTABLE'}, Tag{name='provider', value='GCP'}, Tag{name='region', value='WESTERN_EUROPE'}]}, electionId=null, setVersion=3, lastWriteDate=Sun May 24 13:42:49 CEST 2020, lastUpdateTimeNanos=605129653200870}
2020-05-24 13:42:50.891  INFO 65584 --- [ngodb.net:27017] org.mongodb.driver.cluster               : Setting max election id to 7fffffff0000000000000008 from replica set primary knowyourcity-shard-00-02-ijzn3.gcp.mongodb.net:27017
2020-05-24 13:42:50.892  INFO 65584 --- [ngodb.net:27017] org.mongodb.driver.cluster               : Setting max set version to 3 from replica set primary knowyourcity-shard-00-02-ijzn3.gcp.mongodb.net:27017
2020-05-24 13:42:50.892  INFO 65584 --- [ngodb.net:27017] org.mongodb.driver.cluster               : Discovered replica set primary knowyourcity-shard-00-02-ijzn3.gcp.mongodb.net:27017
2020-05-24 13:42:50.893  INFO 65584 --- [ngodb.net:27017] org.mongodb.driver.cluster               : Monitor thread successfully connected to server with description ServerDescription{address=knowyourcity-shard-00-01-ijzn3.gcp.mongodb.net:27017, type=REPLICA_SET_SECONDARY, state=CONNECTED, ok=true, version=ServerVersion{versionList=[4, 2, 6]}, minWireVersion=0, maxWireVersion=8, maxDocumentSize=16777216, logicalSessionTimeoutMinutes=30, roundTripTimeNanos=30602661, setName='KnowYourCity-shard-0', canonicalAddress=knowyourcity-shard-00-01-ijzn3.gcp.mongodb.net:27017, hosts=[knowyourcity-shard-00-00-ijzn3.gcp.mongodb.net:27017, knowyourcity-shard-00-02-ijzn3.gcp.mongodb.net:27017, knowyourcity-shard-00-01-ijzn3.gcp.mongodb.net:27017], passives=[], arbiters=[], primary='knowyourcity-shard-00-02-ijzn3.gcp.mongodb.net:27017', tagSet=TagSet{[Tag{name='nodeType', value='ELECTABLE'}, Tag{name='provider', value='GCP'}, Tag{name='region', value='WESTERN_EUROPE'}]}, electionId=null, setVersion=3, lastWriteDate=Sun May 24 13:42:49 CEST 2020, lastUpdateTimeNanos=605129660846363}
2020-05-24 13:42:51.657  INFO 65584 --- [    Test worker] .s.d.r.c.RepositoryConfigurationDelegate : Bootstrapping Spring Data JPA repositories in DEFAULT mode.
2020-05-24 13:42:51.711  INFO 65584 --- [    Test worker] .s.d.r.c.RepositoryConfigurationDelegate : Finished Spring Data repository scanning in 25ms. Found 0 JPA repository interfaces.
2020-05-24 13:42:52.102  INFO 65584 --- [    Test worker] trationDelegate$BeanPostProcessorChecker : Bean 'org.springframework.transaction.annotation.ProxyTransactionManagementConfiguration' of type [org.springframework.transaction.annotation.ProxyTransactionManagementConfiguration] is not eligible for getting processed by all BeanPostProcessors (for example: not eligible for auto-proxying)
2020-05-24 13:42:52.386  INFO 65584 --- [    Test worker] com.zaxxer.hikari.HikariDataSource       : HikariPool-1 - Starting...
2020-05-24 13:42:53.259  INFO 65584 --- [    Test worker] com.zaxxer.hikari.HikariDataSource       : HikariPool-1 - Start completed.
2020-05-24 13:42:53.432  INFO 65584 --- [    Test worker] o.hibernate.jpa.internal.util.LogHelper  : HHH000204: Processing PersistenceUnitInfo [name: default]
2020-05-24 13:42:53.629  INFO 65584 --- [    Test worker] org.hibernate.Version                    : HHH000412: Hibernate Core {5.4.10.Final}
2020-05-24 13:42:53.739  INFO 65584 --- [    Test worker] o.hibernate.annotations.common.Version   : HCANN000001: Hibernate Commons Annotations {5.1.0.Final}
2020-05-24 13:42:54.045  INFO 65584 --- [    Test worker] org.hibernate.dialect.Dialect            : HHH000400: Using dialect: org.hibernate.dialect.H2Dialect
2020-05-24 13:42:54.651  INFO 65584 --- [    Test worker] o.h.e.t.j.p.i.JtaPlatformInitiator       : HHH000490: Using JtaPlatform implementation: [org.hibernate.engine.transaction.jta.platform.internal.NoJtaPlatform]
2020-05-24 13:42:54.665  INFO 65584 --- [    Test worker] j.LocalContainerEntityManagerFactoryBean : Initialized JPA EntityManagerFactory for persistence unit 'default'
2020-05-24 13:42:55.109  WARN 65584 --- [    Test worker] JpaBaseConfiguration$JpaWebConfiguration : spring.jpa.open-in-view is enabled by default. Therefore, database queries may be performed during view rendering. Explicitly configure spring.jpa.open-in-view to disable this warning
2020-05-24 13:42:55.307  INFO 65584 --- [    Test worker] o.s.s.concurrent.ThreadPoolTaskExecutor  : Initializing ExecutorService 'applicationTaskExecutor'
2020-05-24 13:42:55.640  INFO 65584 --- [    Test worker] o.s.b.a.h2.H2ConsoleAutoConfiguration    : H2 console available at '/h2-console'. Database available at 'jdbc:h2:mem:testdb'
2020-05-24 13:42:55.833  INFO 65584 --- [    Test worker] u.i.s.s.s.LocationServiceIntegrationTest : Started LocationServiceIntegrationTest in 5.077 seconds (JVM running for 24.578)
2020-05-24 13:42:55.836  INFO 65584 --- [    Test worker] f.a.AutowiredAnnotationBeanPostProcessor : Autowired annotation is not supported on static fields: static com.mongodb.client.MongoClient ch.uzh.ifi.seal.soprafs20.service.LocationServiceIntegrationTest.mongoClient
2020-05-24 13:42:55.837  INFO 65584 --- [    Test worker] f.a.AutowiredAnnotationBeanPostProcessor : Autowired annotation is not supported on static fields: static com.mongodb.client.MongoDatabase ch.uzh.ifi.seal.soprafs20.service.LocationServiceIntegrationTest.locationStorage
2020-05-24 13:42:55.837  INFO 65584 --- [    Test worker] f.a.AutowiredAnnotationBeanPostProcessor : Autowired annotation is not supported on static fields: static com.mongodb.client.MongoCollection ch.uzh.ifi.seal.soprafs20.service.LocationServiceIntegrationTest.fountainsCollection
2020-05-24 13:42:55.837  INFO 65584 --- [    Test worker] f.a.AutowiredAnnotationBeanPostProcessor : Autowired annotation is not supported on static fields: static com.mongodb.client.MongoCollection ch.uzh.ifi.seal.soprafs20.service.LocationServiceIntegrationTest.fireplacesCollection
2020-05-24 13:42:55.838  INFO 65584 --- [    Test worker] f.a.AutowiredAnnotationBeanPostProcessor : Autowired annotation is not supported on static fields: static com.mongodb.client.MongoCollection ch.uzh.ifi.seal.soprafs20.service.LocationServiceIntegrationTest.recyclingCollection
2020-05-24 13:42:55.840  INFO 65584 --- [    Test worker] f.a.AutowiredAnnotationBeanPostProcessor : Autowired annotation is not supported on static fields: static com.mongodb.client.MongoCollection ch.uzh.ifi.seal.soprafs20.service.LocationServiceIntegrationTest.toiletsCollection
2020-05-24 13:42:55.847  INFO 65584 --- [    Test worker] f.a.AutowiredAnnotationBeanPostProcessor : Autowired annotation is not supported on static fields: static com.mongodb.client.MongoCollection ch.uzh.ifi.seal.soprafs20.service.LocationServiceIntegrationTest.userFountainsCollection
2020-05-24 13:42:55.847  INFO 65584 --- [    Test worker] f.a.AutowiredAnnotationBeanPostProcessor : Autowired annotation is not supported on static fields: static com.mongodb.client.MongoCollection ch.uzh.ifi.seal.soprafs20.service.LocationServiceIntegrationTest.userFireplacesCollection
2020-05-24 13:42:55.848  INFO 65584 --- [    Test worker] f.a.AutowiredAnnotationBeanPostProcessor : Autowired annotation is not supported on static fields: static com.mongodb.client.MongoCollection ch.uzh.ifi.seal.soprafs20.service.LocationServiceIntegrationTest.userRecyclingCollection
2020-05-24 13:42:55.849  INFO 65584 --- [    Test worker] f.a.AutowiredAnnotationBeanPostProcessor : Autowired annotation is not supported on static fields: static com.mongodb.client.MongoCollection ch.uzh.ifi.seal.soprafs20.service.LocationServiceIntegrationTest.userToiletsCollection
2020-05-24 13:42:55.849  INFO 65584 --- [    Test worker] f.a.AutowiredAnnotationBeanPostProcessor : Autowired annotation is not supported on static fields: static com.mongodb.client.MongoCollection ch.uzh.ifi.seal.soprafs20.service.LocationServiceIntegrationTest.userTableTennisCollection
2020-05-24 13:42:55.852  INFO 65584 --- [    Test worker] f.a.AutowiredAnnotationBeanPostProcessor : Autowired annotation is not supported on static fields: static com.mongodb.client.MongoCollection ch.uzh.ifi.seal.soprafs20.service.LocationServiceIntegrationTest.userBenchesCollection
2020-05-24 13:42:55.853  INFO 65584 --- [    Test worker] f.a.AutowiredAnnotationBeanPostProcessor : Autowired annotation is not supported on static fields: static com.mongodb.client.MongoDatabase ch.uzh.ifi.seal.soprafs20.service.LocationServiceIntegrationTest.ratingLocation
2020-05-24 13:42:55.853  INFO 65584 --- [    Test worker] f.a.AutowiredAnnotationBeanPostProcessor : Autowired annotation is not supported on static fields: static com.mongodb.client.MongoCollection ch.uzh.ifi.seal.soprafs20.service.LocationServiceIntegrationTest.ratingsCollection
2020-05-24 13:42:55.854  INFO 65584 --- [    Test worker] f.a.AutowiredAnnotationBeanPostProcessor : Autowired annotation is not supported on static fields: static com.mongodb.client.MongoDatabase ch.uzh.ifi.seal.soprafs20.service.LocationServiceIntegrationTest.locationChats
2020-05-24 13:42:55.856  INFO 65584 --- [    Test worker] f.a.AutowiredAnnotationBeanPostProcessor : Autowired annotation is not supported on static fields: static com.mongodb.client.MongoCollection ch.uzh.ifi.seal.soprafs20.service.LocationServiceIntegrationTest.chatsCollection
2020-05-24 13:42:55.856  INFO 65584 --- [    Test worker] f.a.AutowiredAnnotationBeanPostProcessor : Autowired annotation is not supported on static fields: static com.mongodb.client.MongoDatabase ch.uzh.ifi.seal.soprafs20.service.LocationServiceIntegrationTest.favoriteLocations
2020-05-24 13:42:55.857  INFO 65584 --- [    Test worker] f.a.AutowiredAnnotationBeanPostProcessor : Autowired annotation is not supported on static fields: static com.mongodb.client.MongoCollection ch.uzh.ifi.seal.soprafs20.service.LocationServiceIntegrationTest.favoriteLocationsCollection
2020-05-24 13:42:55.863  INFO 65584 --- [    Test worker] f.a.AutowiredAnnotationBeanPostProcessor : Autowired annotation is not supported on static fields: static com.mongodb.client.MongoDatabase ch.uzh.ifi.seal.soprafs20.service.LocationServiceIntegrationTest.usersDevelopment
2020-05-24 13:42:55.864  INFO 65584 --- [    Test worker] f.a.AutowiredAnnotationBeanPostProcessor : Autowired annotation is not supported on static fields: static com.mongodb.client.MongoCollection ch.uzh.ifi.seal.soprafs20.service.LocationServiceIntegrationTest.usersCollection
2020-05-24 13:42:56.382  INFO 65584 --- [    Test worker] org.mongodb.driver.cluster               : Cluster created with settings {hosts=[127.0.0.1:27017], srvHost=knowyourcity-ijzn3.gcp.mongodb.net, mode=MULTIPLE, requiredClusterType=REPLICA_SET, serverSelectionTimeout='30000 ms', maxWaitQueueSize=500, requiredReplicaSetName='KnowYourCity-shard-0'}
2020-05-24 13:42:56.392  INFO 65584 --- [gcp.mongodb.net] org.mongodb.driver.cluster               : Adding discovered server knowyourcity-shard-00-01-ijzn3.gcp.mongodb.net:27017 to client view of cluster
2020-05-24 13:42:56.394  INFO 65584 --- [gcp.mongodb.net] org.mongodb.driver.cluster               : Adding discovered server knowyourcity-shard-00-02-ijzn3.gcp.mongodb.net:27017 to client view of cluster
2020-05-24 13:42:56.398  INFO 65584 --- [gcp.mongodb.net] org.mongodb.driver.cluster               : Adding discovered server knowyourcity-shard-00-00-ijzn3.gcp.mongodb.net:27017 to client view of cluster
2020-05-24 13:42:56.440  INFO 65584 --- [    Test worker] org.mongodb.driver.cluster               : No server chosen by com.mongodb.client.internal.MongoClientDelegate$1@19162bb8 from cluster description ClusterDescription{type=REPLICA_SET, connectionMode=MULTIPLE, serverDescriptions=[ServerDescription{address=knowyourcity-shard-00-02-ijzn3.gcp.mongodb.net:27017, type=UNKNOWN, state=CONNECTING}, ServerDescription{address=knowyourcity-shard-00-01-ijzn3.gcp.mongodb.net:27017, type=UNKNOWN, state=CONNECTING}, ServerDescription{address=knowyourcity-shard-00-00-ijzn3.gcp.mongodb.net:27017, type=UNKNOWN, state=CONNECTING}]}. Waiting for 30000 ms before timing out
2020-05-24 13:42:56.823  INFO 65584 --- [ngodb.net:27017] org.mongodb.driver.connection            : Opened connection [connectionId{localValue:9, serverValue:64115}] to knowyourcity-shard-00-02-ijzn3.gcp.mongodb.net:27017
2020-05-24 13:42:56.823  INFO 65584 --- [ngodb.net:27017] org.mongodb.driver.connection            : Opened connection [connectionId{localValue:10, serverValue:54778}] to knowyourcity-shard-00-00-ijzn3.gcp.mongodb.net:27017
2020-05-24 13:42:56.823  INFO 65584 --- [ngodb.net:27017] org.mongodb.driver.connection            : Opened connection [connectionId{localValue:8, serverValue:53891}] to knowyourcity-shard-00-01-ijzn3.gcp.mongodb.net:27017
2020-05-24 13:42:56.844  INFO 65584 --- [ngodb.net:27017] org.mongodb.driver.cluster               : Monitor thread successfully connected to server with description ServerDescription{address=knowyourcity-shard-00-00-ijzn3.gcp.mongodb.net:27017, type=REPLICA_SET_SECONDARY, state=CONNECTED, ok=true, version=ServerVersion{versionList=[4, 2, 6]}, minWireVersion=0, maxWireVersion=8, maxDocumentSize=16777216, logicalSessionTimeoutMinutes=30, roundTripTimeNanos=21048317, setName='KnowYourCity-shard-0', canonicalAddress=knowyourcity-shard-00-00-ijzn3.gcp.mongodb.net:27017, hosts=[knowyourcity-shard-00-00-ijzn3.gcp.mongodb.net:27017, knowyourcity-shard-00-02-ijzn3.gcp.mongodb.net:27017, knowyourcity-shard-00-01-ijzn3.gcp.mongodb.net:27017], passives=[], arbiters=[], primary='knowyourcity-shard-00-02-ijzn3.gcp.mongodb.net:27017', tagSet=TagSet{[Tag{name='nodeType', value='ELECTABLE'}, Tag{name='provider', value='GCP'}, Tag{name='region', value='WESTERN_EUROPE'}]}, electionId=null, setVersion=3, lastWriteDate=Sun May 24 13:42:49 CEST 2020, lastUpdateTimeNanos=605135612369530}
2020-05-24 13:42:56.844  INFO 65584 --- [ngodb.net:27017] org.mongodb.driver.cluster               : Monitor thread successfully connected to server with description ServerDescription{address=knowyourcity-shard-00-02-ijzn3.gcp.mongodb.net:27017, type=REPLICA_SET_PRIMARY, state=CONNECTED, ok=true, version=ServerVersion{versionList=[4, 2, 6]}, minWireVersion=0, maxWireVersion=8, maxDocumentSize=16777216, logicalSessionTimeoutMinutes=30, roundTripTimeNanos=19730755, setName='KnowYourCity-shard-0', canonicalAddress=knowyourcity-shard-00-02-ijzn3.gcp.mongodb.net:27017, hosts=[knowyourcity-shard-00-00-ijzn3.gcp.mongodb.net:27017, knowyourcity-shard-00-02-ijzn3.gcp.mongodb.net:27017, knowyourcity-shard-00-01-ijzn3.gcp.mongodb.net:27017], passives=[], arbiters=[], primary='knowyourcity-shard-00-02-ijzn3.gcp.mongodb.net:27017', tagSet=TagSet{[Tag{name='nodeType', value='ELECTABLE'}, Tag{name='provider', value='GCP'}, Tag{name='region', value='WESTERN_EUROPE'}]}, electionId=7fffffff0000000000000008, setVersion=3, lastWriteDate=Sun May 24 13:42:49 CEST 2020, lastUpdateTimeNanos=605135610945799}
2020-05-24 13:42:56.844  INFO 65584 --- [ngodb.net:27017] org.mongodb.driver.cluster               : Monitor thread successfully connected to server with description ServerDescription{address=knowyourcity-shard-00-01-ijzn3.gcp.mongodb.net:27017, type=REPLICA_SET_SECONDARY, state=CONNECTED, ok=true, version=ServerVersion{versionList=[4, 2, 6]}, minWireVersion=0, maxWireVersion=8, maxDocumentSize=16777216, logicalSessionTimeoutMinutes=30, roundTripTimeNanos=20592810, setName='KnowYourCity-shard-0', canonicalAddress=knowyourcity-shard-00-01-ijzn3.gcp.mongodb.net:27017, hosts=[knowyourcity-shard-00-00-ijzn3.gcp.mongodb.net:27017, knowyourcity-shard-00-02-ijzn3.gcp.mongodb.net:27017, knowyourcity-shard-00-01-ijzn3.gcp.mongodb.net:27017], passives=[], arbiters=[], primary='knowyourcity-shard-00-02-ijzn3.gcp.mongodb.net:27017', tagSet=TagSet{[Tag{name='nodeType', value='ELECTABLE'}, Tag{name='provider', value='GCP'}, Tag{name='region', value='WESTERN_EUROPE'}]}, electionId=null, setVersion=3, lastWriteDate=Sun May 24 13:42:49 CEST 2020, lastUpdateTimeNanos=605135612350347}
2020-05-24 13:42:56.846  INFO 65584 --- [    Test worker] org.mongodb.driver.cluster               : No server chosen by ReadPreferenceServerSelector{readPreference=primary} from cluster description ClusterDescription{type=REPLICA_SET, connectionMode=MULTIPLE, serverDescriptions=[ServerDescription{address=knowyourcity-shard-00-02-ijzn3.gcp.mongodb.net:27017, type=UNKNOWN, state=CONNECTING}, ServerDescription{address=knowyourcity-shard-00-01-ijzn3.gcp.mongodb.net:27017, type=REPLICA_SET_SECONDARY, state=CONNECTED, ok=true, version=ServerVersion{versionList=[4, 2, 6]}, minWireVersion=0, maxWireVersion=8, maxDocumentSize=16777216, logicalSessionTimeoutMinutes=30, roundTripTimeNanos=20592810, setName='KnowYourCity-shard-0', canonicalAddress=knowyourcity-shard-00-01-ijzn3.gcp.mongodb.net:27017, hosts=[knowyourcity-shard-00-00-ijzn3.gcp.mongodb.net:27017, knowyourcity-shard-00-02-ijzn3.gcp.mongodb.net:27017, knowyourcity-shard-00-01-ijzn3.gcp.mongodb.net:27017], passives=[], arbiters=[], primary='knowyourcity-shard-00-02-ijzn3.gcp.mongodb.net:27017', tagSet=TagSet{[Tag{name='nodeType', value='ELECTABLE'}, Tag{name='provider', value='GCP'}, Tag{name='region', value='WESTERN_EUROPE'}]}, electionId=null, setVersion=3, lastWriteDate=Sun May 24 13:42:49 CEST 2020, lastUpdateTimeNanos=605135612350347}, ServerDescription{address=knowyourcity-shard-00-00-ijzn3.gcp.mongodb.net:27017, type=UNKNOWN, state=CONNECTING}]}. Waiting for 30000 ms before timing out
2020-05-24 13:42:56.850  INFO 65584 --- [ngodb.net:27017] org.mongodb.driver.cluster               : Setting max election id to 7fffffff0000000000000008 from replica set primary knowyourcity-shard-00-02-ijzn3.gcp.mongodb.net:27017
2020-05-24 13:42:56.850  INFO 65584 --- [ngodb.net:27017] org.mongodb.driver.cluster               : Setting max set version to 3 from replica set primary knowyourcity-shard-00-02-ijzn3.gcp.mongodb.net:27017
2020-05-24 13:42:56.851  INFO 65584 --- [ngodb.net:27017] org.mongodb.driver.cluster               : Discovered replica set primary knowyourcity-shard-00-02-ijzn3.gcp.mongodb.net:27017
2020-05-24 13:42:57.410  INFO 65584 --- [    Test worker] org.mongodb.driver.connection            : Opened connection [connectionId{localValue:11, serverValue:64115}] to knowyourcity-shard-00-02-ijzn3.gcp.mongodb.net:27017
2020-05-24 13:43:02.755  INFO 65584 --- [    Test worker] org.mongodb.driver.cluster               : Cluster created with settings {hosts=[127.0.0.1:27017], srvHost=knowyourcity-ijzn3.gcp.mongodb.net, mode=MULTIPLE, requiredClusterType=REPLICA_SET, serverSelectionTimeout='30000 ms', maxWaitQueueSize=500, requiredReplicaSetName='KnowYourCity-shard-0'}
2020-05-24 13:43:02.756  INFO 65584 --- [    Test worker] org.mongodb.driver.cluster               : Cluster description not yet available. Waiting for 30000 ms before timing out
2020-05-24 13:43:02.763  INFO 65584 --- [gcp.mongodb.net] org.mongodb.driver.cluster               : Adding discovered server knowyourcity-shard-00-02-ijzn3.gcp.mongodb.net:27017 to client view of cluster
2020-05-24 13:43:02.765  INFO 65584 --- [gcp.mongodb.net] org.mongodb.driver.cluster               : Adding discovered server knowyourcity-shard-00-01-ijzn3.gcp.mongodb.net:27017 to client view of cluster
2020-05-24 13:43:02.766  INFO 65584 --- [gcp.mongodb.net] org.mongodb.driver.cluster               : Adding discovered server knowyourcity-shard-00-00-ijzn3.gcp.mongodb.net:27017 to client view of cluster
2020-05-24 13:43:02.768  INFO 65584 --- [    Test worker] org.mongodb.driver.cluster               : No server chosen by com.mongodb.client.internal.MongoClientDelegate$1@3e08a02d from cluster description ClusterDescription{type=REPLICA_SET, connectionMode=MULTIPLE, serverDescriptions=[ServerDescription{address=knowyourcity-shard-00-02-ijzn3.gcp.mongodb.net:27017, type=UNKNOWN, state=CONNECTING}, ServerDescription{address=knowyourcity-shard-00-01-ijzn3.gcp.mongodb.net:27017, type=UNKNOWN, state=CONNECTING}, ServerDescription{address=knowyourcity-shard-00-00-ijzn3.gcp.mongodb.net:27017, type=UNKNOWN, state=CONNECTING}]}. Waiting for 30000 ms before timing out
2020-05-24 13:43:02.841  INFO 65584 --- [ngodb.net:27017] org.mongodb.driver.connection            : Opened connection [connectionId{localValue:12, serverValue:64115}] to knowyourcity-shard-00-02-ijzn3.gcp.mongodb.net:27017
2020-05-24 13:43:02.850  INFO 65584 --- [ngodb.net:27017] org.mongodb.driver.connection            : Opened connection [connectionId{localValue:13, serverValue:53908}] to knowyourcity-shard-00-01-ijzn3.gcp.mongodb.net:27017
2020-05-24 13:43:02.853  INFO 65584 --- [ngodb.net:27017] org.mongodb.driver.connection            : Opened connection [connectionId{localValue:14, serverValue:54780}] to knowyourcity-shard-00-00-ijzn3.gcp.mongodb.net:27017
2020-05-24 13:43:02.860  INFO 65584 --- [ngodb.net:27017] org.mongodb.driver.cluster               : Monitor thread successfully connected to server with description ServerDescription{address=knowyourcity-shard-00-02-ijzn3.gcp.mongodb.net:27017, type=REPLICA_SET_PRIMARY, state=CONNECTED, ok=true, version=ServerVersion{versionList=[4, 2, 6]}, minWireVersion=0, maxWireVersion=8, maxDocumentSize=16777216, logicalSessionTimeoutMinutes=30, roundTripTimeNanos=17629337, setName='KnowYourCity-shard-0', canonicalAddress=knowyourcity-shard-00-02-ijzn3.gcp.mongodb.net:27017, hosts=[knowyourcity-shard-00-00-ijzn3.gcp.mongodb.net:27017, knowyourcity-shard-00-02-ijzn3.gcp.mongodb.net:27017, knowyourcity-shard-00-01-ijzn3.gcp.mongodb.net:27017], passives=[], arbiters=[], primary='knowyourcity-shard-00-02-ijzn3.gcp.mongodb.net:27017', tagSet=TagSet{[Tag{name='nodeType', value='ELECTABLE'}, Tag{name='provider', value='GCP'}, Tag{name='region', value='WESTERN_EUROPE'}]}, electionId=7fffffff0000000000000008, setVersion=3, lastWriteDate=Sun May 24 13:43:03 CEST 2020, lastUpdateTimeNanos=605141627798781}
2020-05-24 13:43:02.861  INFO 65584 --- [ngodb.net:27017] org.mongodb.driver.cluster               : Setting max election id to 7fffffff0000000000000008 from replica set primary knowyourcity-shard-00-02-ijzn3.gcp.mongodb.net:27017
2020-05-24 13:43:02.861  INFO 65584 --- [ngodb.net:27017] org.mongodb.driver.cluster               : Setting max set version to 3 from replica set primary knowyourcity-shard-00-02-ijzn3.gcp.mongodb.net:27017
2020-05-24 13:43:02.861  INFO 65584 --- [ngodb.net:27017] org.mongodb.driver.cluster               : Discovered replica set primary knowyourcity-shard-00-02-ijzn3.gcp.mongodb.net:27017
2020-05-24 13:43:02.872  INFO 65584 --- [ngodb.net:27017] org.mongodb.driver.cluster               : Monitor thread successfully connected to server with description ServerDescription{address=knowyourcity-shard-00-01-ijzn3.gcp.mongodb.net:27017, type=REPLICA_SET_SECONDARY, state=CONNECTED, ok=true, version=ServerVersion{versionList=[4, 2, 6]}, minWireVersion=0, maxWireVersion=8, maxDocumentSize=16777216, logicalSessionTimeoutMinutes=30, roundTripTimeNanos=21047677, setName='KnowYourCity-shard-0', canonicalAddress=knowyourcity-shard-00-01-ijzn3.gcp.mongodb.net:27017, hosts=[knowyourcity-shard-00-00-ijzn3.gcp.mongodb.net:27017, knowyourcity-shard-00-02-ijzn3.gcp.mongodb.net:27017, knowyourcity-shard-00-01-ijzn3.gcp.mongodb.net:27017], passives=[], arbiters=[], primary='knowyourcity-shard-00-02-ijzn3.gcp.mongodb.net:27017', tagSet=TagSet{[Tag{name='nodeType', value='ELECTABLE'}, Tag{name='provider', value='GCP'}, Tag{name='region', value='WESTERN_EUROPE'}]}, electionId=null, setVersion=3, lastWriteDate=Sun May 24 13:43:03 CEST 2020, lastUpdateTimeNanos=605141639878054}
2020-05-24 13:43:02.873  INFO 65584 --- [ngodb.net:27017] org.mongodb.driver.cluster               : Monitor thread successfully connected to server with description ServerDescription{address=knowyourcity-shard-00-00-ijzn3.gcp.mongodb.net:27017, type=REPLICA_SET_SECONDARY, state=CONNECTED, ok=true, version=ServerVersion{versionList=[4, 2, 6]}, minWireVersion=0, maxWireVersion=8, maxDocumentSize=16777216, logicalSessionTimeoutMinutes=30, roundTripTimeNanos=18917144, setName='KnowYourCity-shard-0', canonicalAddress=knowyourcity-shard-00-00-ijzn3.gcp.mongodb.net:27017, hosts=[knowyourcity-shard-00-00-ijzn3.gcp.mongodb.net:27017, knowyourcity-shard-00-02-ijzn3.gcp.mongodb.net:27017, knowyourcity-shard-00-01-ijzn3.gcp.mongodb.net:27017], passives=[], arbiters=[], primary='knowyourcity-shard-00-02-ijzn3.gcp.mongodb.net:27017', tagSet=TagSet{[Tag{name='nodeType', value='ELECTABLE'}, Tag{name='provider', value='GCP'}, Tag{name='region', value='WESTERN_EUROPE'}]}, electionId=null, setVersion=3, lastWriteDate=Sun May 24 13:43:03 CEST 2020, lastUpdateTimeNanos=605141640761787}
2020-05-24 13:43:03.015  INFO 65584 --- [    Test worker] org.mongodb.driver.connection            : Opened connection [connectionId{localValue:15, serverValue:64115}] to knowyourcity-shard-00-02-ijzn3.gcp.mongodb.net:27017
2020-05-24 13:43:06.741  INFO 65584 --- [    Test worker] org.mongodb.driver.cluster               : Cluster created with settings {hosts=[127.0.0.1:27017], srvHost=knowyourcity-ijzn3.gcp.mongodb.net, mode=MULTIPLE, requiredClusterType=REPLICA_SET, serverSelectionTimeout='30000 ms', maxWaitQueueSize=500, requiredReplicaSetName='KnowYourCity-shard-0'}
2020-05-24 13:43:06.743  INFO 65584 --- [    Test worker] org.mongodb.driver.cluster               : Cluster description not yet available. Waiting for 30000 ms before timing out
2020-05-24 13:43:06.748  INFO 65584 --- [gcp.mongodb.net] org.mongodb.driver.cluster               : Adding discovered server knowyourcity-shard-00-02-ijzn3.gcp.mongodb.net:27017 to client view of cluster
2020-05-24 13:43:06.749  INFO 65584 --- [gcp.mongodb.net] org.mongodb.driver.cluster               : Adding discovered server knowyourcity-shard-00-01-ijzn3.gcp.mongodb.net:27017 to client view of cluster
2020-05-24 13:43:06.750  INFO 65584 --- [gcp.mongodb.net] org.mongodb.driver.cluster               : Adding discovered server knowyourcity-shard-00-00-ijzn3.gcp.mongodb.net:27017 to client view of cluster
2020-05-24 13:43:06.751  INFO 65584 --- [    Test worker] org.mongodb.driver.cluster               : No server chosen by com.mongodb.client.internal.MongoClientDelegate$1@4d66e378 from cluster description ClusterDescription{type=REPLICA_SET, connectionMode=MULTIPLE, serverDescriptions=[ServerDescription{address=knowyourcity-shard-00-02-ijzn3.gcp.mongodb.net:27017, type=UNKNOWN, state=CONNECTING}, ServerDescription{address=knowyourcity-shard-00-01-ijzn3.gcp.mongodb.net:27017, type=UNKNOWN, state=CONNECTING}, ServerDescription{address=knowyourcity-shard-00-00-ijzn3.gcp.mongodb.net:27017, type=UNKNOWN, state=CONNECTING}]}. Waiting for 30000 ms before timing out
2020-05-24 13:43:06.830  INFO 65584 --- [ngodb.net:27017] org.mongodb.driver.connection            : Opened connection [connectionId{localValue:18, serverValue:54780}] to knowyourcity-shard-00-00-ijzn3.gcp.mongodb.net:27017
2020-05-24 13:43:06.831  INFO 65584 --- [ngodb.net:27017] org.mongodb.driver.connection            : Opened connection [connectionId{localValue:16, serverValue:62465}] to knowyourcity-shard-00-02-ijzn3.gcp.mongodb.net:27017
2020-05-24 13:43:06.832  INFO 65584 --- [ngodb.net:27017] org.mongodb.driver.connection            : Opened connection [connectionId{localValue:17, serverValue:53891}] to knowyourcity-shard-00-01-ijzn3.gcp.mongodb.net:27017
2020-05-24 13:43:06.849  INFO 65584 --- [ngodb.net:27017] org.mongodb.driver.cluster               : Monitor thread successfully connected to server with description ServerDescription{address=knowyourcity-shard-00-00-ijzn3.gcp.mongodb.net:27017, type=REPLICA_SET_SECONDARY, state=CONNECTED, ok=true, version=ServerVersion{versionList=[4, 2, 6]}, minWireVersion=0, maxWireVersion=8, maxDocumentSize=16777216, logicalSessionTimeoutMinutes=30, roundTripTimeNanos=17942574, setName='KnowYourCity-shard-0', canonicalAddress=knowyourcity-shard-00-00-ijzn3.gcp.mongodb.net:27017, hosts=[knowyourcity-shard-00-00-ijzn3.gcp.mongodb.net:27017, knowyourcity-shard-00-02-ijzn3.gcp.mongodb.net:27017, knowyourcity-shard-00-01-ijzn3.gcp.mongodb.net:27017], passives=[], arbiters=[], primary='knowyourcity-shard-00-02-ijzn3.gcp.mongodb.net:27017', tagSet=TagSet{[Tag{name='nodeType', value='ELECTABLE'}, Tag{name='provider', value='GCP'}, Tag{name='region', value='WESTERN_EUROPE'}]}, electionId=null, setVersion=3, lastWriteDate=Sun May 24 13:43:03 CEST 2020, lastUpdateTimeNanos=605145616806709}
2020-05-24 13:43:06.851  INFO 65584 --- [ngodb.net:27017] org.mongodb.driver.cluster               : Monitor thread successfully connected to server with description ServerDescription{address=knowyourcity-shard-00-01-ijzn3.gcp.mongodb.net:27017, type=REPLICA_SET_SECONDARY, state=CONNECTED, ok=true, version=ServerVersion{versionList=[4, 2, 6]}, minWireVersion=0, maxWireVersion=8, maxDocumentSize=16777216, logicalSessionTimeoutMinutes=30, roundTripTimeNanos=18347727, setName='KnowYourCity-shard-0', canonicalAddress=knowyourcity-shard-00-01-ijzn3.gcp.mongodb.net:27017, hosts=[knowyourcity-shard-00-00-ijzn3.gcp.mongodb.net:27017, knowyourcity-shard-00-02-ijzn3.gcp.mongodb.net:27017, knowyourcity-shard-00-01-ijzn3.gcp.mongodb.net:27017], passives=[], arbiters=[], primary='knowyourcity-shard-00-02-ijzn3.gcp.mongodb.net:27017', tagSet=TagSet{[Tag{name='nodeType', value='ELECTABLE'}, Tag{name='provider', value='GCP'}, Tag{name='region', value='WESTERN_EUROPE'}]}, electionId=null, setVersion=3, lastWriteDate=Sun May 24 13:43:03 CEST 2020, lastUpdateTimeNanos=605145619224940}
2020-05-24 13:43:06.851  INFO 65584 --- [ngodb.net:27017] org.mongodb.driver.cluster               : Monitor thread successfully connected to server with description ServerDescription{address=knowyourcity-shard-00-02-ijzn3.gcp.mongodb.net:27017, type=REPLICA_SET_PRIMARY, state=CONNECTED, ok=true, version=ServerVersion{versionList=[4, 2, 6]}, minWireVersion=0, maxWireVersion=8, maxDocumentSize=16777216, logicalSessionTimeoutMinutes=30, roundTripTimeNanos=19477039, setName='KnowYourCity-shard-0', canonicalAddress=knowyourcity-shard-00-02-ijzn3.gcp.mongodb.net:27017, hosts=[knowyourcity-shard-00-00-ijzn3.gcp.mongodb.net:27017, knowyourcity-shard-00-02-ijzn3.gcp.mongodb.net:27017, knowyourcity-shard-00-01-ijzn3.gcp.mongodb.net:27017], passives=[], arbiters=[], primary='knowyourcity-shard-00-02-ijzn3.gcp.mongodb.net:27017', tagSet=TagSet{[Tag{name='nodeType', value='ELECTABLE'}, Tag{name='provider', value='GCP'}, Tag{name='region', value='WESTERN_EUROPE'}]}, electionId=7fffffff0000000000000008, setVersion=3, lastWriteDate=Sun May 24 13:43:03 CEST 2020, lastUpdateTimeNanos=605145619511833}
2020-05-24 13:43:06.852  INFO 65584 --- [ngodb.net:27017] org.mongodb.driver.cluster               : Setting max election id to 7fffffff0000000000000008 from replica set primary knowyourcity-shard-00-02-ijzn3.gcp.mongodb.net:27017
2020-05-24 13:43:06.852  INFO 65584 --- [ngodb.net:27017] org.mongodb.driver.cluster               : Setting max set version to 3 from replica set primary knowyourcity-shard-00-02-ijzn3.gcp.mongodb.net:27017
2020-05-24 13:43:06.853  INFO 65584 --- [ngodb.net:27017] org.mongodb.driver.cluster               : Discovered replica set primary knowyourcity-shard-00-02-ijzn3.gcp.mongodb.net:27017
2020-05-24 13:43:06.853  INFO 65584 --- [    Test worker] org.mongodb.driver.cluster               : No server chosen by ReadPreferenceServerSelector{readPreference=primary} from cluster description ClusterDescription{type=REPLICA_SET, connectionMode=MULTIPLE, serverDescriptions=[ServerDescription{address=knowyourcity-shard-00-02-ijzn3.gcp.mongodb.net:27017, type=UNKNOWN, state=CONNECTING}, ServerDescription{address=knowyourcity-shard-00-01-ijzn3.gcp.mongodb.net:27017, type=REPLICA_SET_SECONDARY, state=CONNECTED, ok=true, version=ServerVersion{versionList=[4, 2, 6]}, minWireVersion=0, maxWireVersion=8, maxDocumentSize=16777216, logicalSessionTimeoutMinutes=30, roundTripTimeNanos=18347727, setName='KnowYourCity-shard-0', canonicalAddress=knowyourcity-shard-00-01-ijzn3.gcp.mongodb.net:27017, hosts=[knowyourcity-shard-00-00-ijzn3.gcp.mongodb.net:27017, knowyourcity-shard-00-02-ijzn3.gcp.mongodb.net:27017, knowyourcity-shard-00-01-ijzn3.gcp.mongodb.net:27017], passives=[], arbiters=[], primary='knowyourcity-shard-00-02-ijzn3.gcp.mongodb.net:27017', tagSet=TagSet{[Tag{name='nodeType', value='ELECTABLE'}, Tag{name='provider', value='GCP'}, Tag{name='region', value='WESTERN_EUROPE'}]}, electionId=null, setVersion=3, lastWriteDate=Sun May 24 13:43:03 CEST 2020, lastUpdateTimeNanos=605145619224940}, ServerDescription{address=knowyourcity-shard-00-00-ijzn3.gcp.mongodb.net:27017, type=UNKNOWN, state=CONNECTING}]}. Waiting for 30000 ms before timing out
2020-05-24 13:43:07.012  INFO 65584 --- [    Test worker] org.mongodb.driver.connection            : Opened connection [connectionId{localValue:19, serverValue:62465}] to knowyourcity-shard-00-02-ijzn3.gcp.mongodb.net:27017
2020-05-24 13:43:07.198  INFO 65584 --- [    Test worker] org.mongodb.driver.connection            : Opened connection [connectionId{localValue:20, serverValue:62465}] to knowyourcity-shard-00-02-ijzn3.gcp.mongodb.net:27017
2020-05-24 13:43:25.929  INFO 65584 --- [    Test worker] org.mongodb.driver.cluster               : Cluster created with settings {hosts=[127.0.0.1:27017], srvHost=knowyourcity-ijzn3.gcp.mongodb.net, mode=MULTIPLE, requiredClusterType=REPLICA_SET, serverSelectionTimeout='30000 ms', maxWaitQueueSize=500, requiredReplicaSetName='KnowYourCity-shard-0'}
2020-05-24 13:43:25.930  INFO 65584 --- [    Test worker] org.mongodb.driver.cluster               : Cluster description not yet available. Waiting for 30000 ms before timing out
2020-05-24 13:43:25.936  INFO 65584 --- [gcp.mongodb.net] org.mongodb.driver.cluster               : Adding discovered server knowyourcity-shard-00-02-ijzn3.gcp.mongodb.net:27017 to client view of cluster
2020-05-24 13:43:25.938  INFO 65584 --- [gcp.mongodb.net] org.mongodb.driver.cluster               : Adding discovered server knowyourcity-shard-00-01-ijzn3.gcp.mongodb.net:27017 to client view of cluster
2020-05-24 13:43:25.939  INFO 65584 --- [gcp.mongodb.net] org.mongodb.driver.cluster               : Adding discovered server knowyourcity-shard-00-00-ijzn3.gcp.mongodb.net:27017 to client view of cluster
2020-05-24 13:43:25.941  INFO 65584 --- [    Test worker] org.mongodb.driver.cluster               : No server chosen by com.mongodb.client.internal.MongoClientDelegate$1@15a601b2 from cluster description ClusterDescription{type=REPLICA_SET, connectionMode=MULTIPLE, serverDescriptions=[ServerDescription{address=knowyourcity-shard-00-02-ijzn3.gcp.mongodb.net:27017, type=UNKNOWN, state=CONNECTING}, ServerDescription{address=knowyourcity-shard-00-01-ijzn3.gcp.mongodb.net:27017, type=UNKNOWN, state=CONNECTING}, ServerDescription{address=knowyourcity-shard-00-00-ijzn3.gcp.mongodb.net:27017, type=UNKNOWN, state=CONNECTING}]}. Waiting for 30000 ms before timing out
2020-05-24 13:43:26.024  INFO 65584 --- [ngodb.net:27017] org.mongodb.driver.connection            : Opened connection [connectionId{localValue:21, serverValue:64138}] to knowyourcity-shard-00-02-ijzn3.gcp.mongodb.net:27017
2020-05-24 13:43:26.024  INFO 65584 --- [ngodb.net:27017] org.mongodb.driver.connection            : Opened connection [connectionId{localValue:23, serverValue:54833}] to knowyourcity-shard-00-00-ijzn3.gcp.mongodb.net:27017
2020-05-24 13:43:26.026  INFO 65584 --- [ngodb.net:27017] org.mongodb.driver.connection            : Opened connection [connectionId{localValue:22, serverValue:53900}] to knowyourcity-shard-00-01-ijzn3.gcp.mongodb.net:27017
2020-05-24 13:43:26.042  INFO 65584 --- [ngodb.net:27017] org.mongodb.driver.cluster               : Monitor thread successfully connected to server with description ServerDescription{address=knowyourcity-shard-00-02-ijzn3.gcp.mongodb.net:27017, type=REPLICA_SET_PRIMARY, state=CONNECTED, ok=true, version=ServerVersion{versionList=[4, 2, 6]}, minWireVersion=0, maxWireVersion=8, maxDocumentSize=16777216, logicalSessionTimeoutMinutes=30, roundTripTimeNanos=17669089, setName='KnowYourCity-shard-0', canonicalAddress=knowyourcity-shard-00-02-ijzn3.gcp.mongodb.net:27017, hosts=[knowyourcity-shard-00-00-ijzn3.gcp.mongodb.net:27017, knowyourcity-shard-00-02-ijzn3.gcp.mongodb.net:27017, knowyourcity-shard-00-01-ijzn3.gcp.mongodb.net:27017], passives=[], arbiters=[], primary='knowyourcity-shard-00-02-ijzn3.gcp.mongodb.net:27017', tagSet=TagSet{[Tag{name='nodeType', value='ELECTABLE'}, Tag{name='provider', value='GCP'}, Tag{name='region', value='WESTERN_EUROPE'}]}, electionId=7fffffff0000000000000008, setVersion=3, lastWriteDate=Sun May 24 13:43:23 CEST 2020, lastUpdateTimeNanos=605164810330208}
2020-05-24 13:43:26.043  INFO 65584 --- [ngodb.net:27017] org.mongodb.driver.cluster               : Setting max election id to 7fffffff0000000000000008 from replica set primary knowyourcity-shard-00-02-ijzn3.gcp.mongodb.net:27017
2020-05-24 13:43:26.043  INFO 65584 --- [ngodb.net:27017] org.mongodb.driver.cluster               : Setting max set version to 3 from replica set primary knowyourcity-shard-00-02-ijzn3.gcp.mongodb.net:27017
2020-05-24 13:43:26.043  INFO 65584 --- [ngodb.net:27017] org.mongodb.driver.cluster               : Discovered replica set primary knowyourcity-shard-00-02-ijzn3.gcp.mongodb.net:27017
2020-05-24 13:43:26.044  INFO 65584 --- [ngodb.net:27017] org.mongodb.driver.cluster               : Monitor thread successfully connected to server with description ServerDescription{address=knowyourcity-shard-00-01-ijzn3.gcp.mongodb.net:27017, type=REPLICA_SET_SECONDARY, state=CONNECTED, ok=true, version=ServerVersion{versionList=[4, 2, 6]}, minWireVersion=0, maxWireVersion=8, maxDocumentSize=16777216, logicalSessionTimeoutMinutes=30, roundTripTimeNanos=17748198, setName='KnowYourCity-shard-0', canonicalAddress=knowyourcity-shard-00-01-ijzn3.gcp.mongodb.net:27017, hosts=[knowyourcity-shard-00-00-ijzn3.gcp.mongodb.net:27017, knowyourcity-shard-00-02-ijzn3.gcp.mongodb.net:27017, knowyourcity-shard-00-01-ijzn3.gcp.mongodb.net:27017], passives=[], arbiters=[], primary='knowyourcity-shard-00-02-ijzn3.gcp.mongodb.net:27017', tagSet=TagSet{[Tag{name='nodeType', value='ELECTABLE'}, Tag{name='provider', value='GCP'}, Tag{name='region', value='WESTERN_EUROPE'}]}, electionId=null, setVersion=3, lastWriteDate=Sun May 24 13:43:23 CEST 2020, lastUpdateTimeNanos=605164811919556}
2020-05-24 13:43:26.048  INFO 65584 --- [ngodb.net:27017] org.mongodb.driver.cluster               : Monitor thread successfully connected to server with description ServerDescription{address=knowyourcity-shard-00-00-ijzn3.gcp.mongodb.net:27017, type=REPLICA_SET_SECONDARY, state=CONNECTED, ok=true, version=ServerVersion{versionList=[4, 2, 6]}, minWireVersion=0, maxWireVersion=8, maxDocumentSize=16777216, logicalSessionTimeoutMinutes=30, roundTripTimeNanos=22877500, setName='KnowYourCity-shard-0', canonicalAddress=knowyourcity-shard-00-00-ijzn3.gcp.mongodb.net:27017, hosts=[knowyourcity-shard-00-00-ijzn3.gcp.mongodb.net:27017, knowyourcity-shard-00-02-ijzn3.gcp.mongodb.net:27017, knowyourcity-shard-00-01-ijzn3.gcp.mongodb.net:27017], passives=[], arbiters=[], primary='knowyourcity-shard-00-02-ijzn3.gcp.mongodb.net:27017', tagSet=TagSet{[Tag{name='nodeType', value='ELECTABLE'}, Tag{name='provider', value='GCP'}, Tag{name='region', value='WESTERN_EUROPE'}]}, electionId=null, setVersion=3, lastWriteDate=Sun May 24 13:43:23 CEST 2020, lastUpdateTimeNanos=605164815638552}
2020-05-24 13:43:26.201  INFO 65584 --- [    Test worker] org.mongodb.driver.connection            : Opened connection [connectionId{localValue:24, serverValue:64138}] to knowyourcity-shard-00-02-ijzn3.gcp.mongodb.net:27017
2020-05-24 13:43:26.293  INFO 65584 --- [    Test worker] org.mongodb.driver.cluster               : Cluster created with settings {hosts=[127.0.0.1:27017], srvHost=knowyourcity-ijzn3.gcp.mongodb.net, mode=MULTIPLE, requiredClusterType=REPLICA_SET, serverSelectionTimeout='30000 ms', maxWaitQueueSize=500, requiredReplicaSetName='KnowYourCity-shard-0'}
2020-05-24 13:43:26.294  INFO 65584 --- [    Test worker] org.mongodb.driver.cluster               : Cluster description not yet available. Waiting for 30000 ms before timing out
2020-05-24 13:43:26.300  INFO 65584 --- [gcp.mongodb.net] org.mongodb.driver.cluster               : Adding discovered server knowyourcity-shard-00-01-ijzn3.gcp.mongodb.net:27017 to client view of cluster
2020-05-24 13:43:26.301  INFO 65584 --- [gcp.mongodb.net] org.mongodb.driver.cluster               : Adding discovered server knowyourcity-shard-00-02-ijzn3.gcp.mongodb.net:27017 to client view of cluster
2020-05-24 13:43:26.301  INFO 65584 --- [gcp.mongodb.net] org.mongodb.driver.cluster               : Adding discovered server knowyourcity-shard-00-00-ijzn3.gcp.mongodb.net:27017 to client view of cluster
2020-05-24 13:43:26.303  INFO 65584 --- [    Test worker] org.mongodb.driver.cluster               : No server chosen by com.mongodb.client.internal.MongoClientDelegate$1@59f8a6ec from cluster description ClusterDescription{type=REPLICA_SET, connectionMode=MULTIPLE, serverDescriptions=[ServerDescription{address=knowyourcity-shard-00-02-ijzn3.gcp.mongodb.net:27017, type=UNKNOWN, state=CONNECTING}, ServerDescription{address=knowyourcity-shard-00-01-ijzn3.gcp.mongodb.net:27017, type=UNKNOWN, state=CONNECTING}, ServerDescription{address=knowyourcity-shard-00-00-ijzn3.gcp.mongodb.net:27017, type=UNKNOWN, state=CONNECTING}]}. Waiting for 30000 ms before timing out
2020-05-24 13:43:26.382  INFO 65584 --- [ngodb.net:27017] org.mongodb.driver.connection            : Opened connection [connectionId{localValue:27, serverValue:54833}] to knowyourcity-shard-00-00-ijzn3.gcp.mongodb.net:27017
2020-05-24 13:43:26.383  INFO 65584 --- [ngodb.net:27017] org.mongodb.driver.connection            : Opened connection [connectionId{localValue:25, serverValue:53901}] to knowyourcity-shard-00-01-ijzn3.gcp.mongodb.net:27017
2020-05-24 13:43:26.383  INFO 65584 --- [ngodb.net:27017] org.mongodb.driver.connection            : Opened connection [connectionId{localValue:26, serverValue:64138}] to knowyourcity-shard-00-02-ijzn3.gcp.mongodb.net:27017
2020-05-24 13:43:26.401  INFO 65584 --- [ngodb.net:27017] org.mongodb.driver.cluster               : Monitor thread successfully connected to server with description ServerDescription{address=knowyourcity-shard-00-00-ijzn3.gcp.mongodb.net:27017, type=REPLICA_SET_SECONDARY, state=CONNECTED, ok=true, version=ServerVersion{versionList=[4, 2, 6]}, minWireVersion=0, maxWireVersion=8, maxDocumentSize=16777216, logicalSessionTimeoutMinutes=30, roundTripTimeNanos=17913236, setName='KnowYourCity-shard-0', canonicalAddress=knowyourcity-shard-00-00-ijzn3.gcp.mongodb.net:27017, hosts=[knowyourcity-shard-00-00-ijzn3.gcp.mongodb.net:27017, knowyourcity-shard-00-02-ijzn3.gcp.mongodb.net:27017, knowyourcity-shard-00-01-ijzn3.gcp.mongodb.net:27017], passives=[], arbiters=[], primary='knowyourcity-shard-00-02-ijzn3.gcp.mongodb.net:27017', tagSet=TagSet{[Tag{name='nodeType', value='ELECTABLE'}, Tag{name='provider', value='GCP'}, Tag{name='region', value='WESTERN_EUROPE'}]}, electionId=null, setVersion=3, lastWriteDate=Sun May 24 13:43:27 CEST 2020, lastUpdateTimeNanos=605165168494253}
2020-05-24 13:43:26.401  INFO 65584 --- [ngodb.net:27017] org.mongodb.driver.cluster               : Monitor thread successfully connected to server with description ServerDescription{address=knowyourcity-shard-00-02-ijzn3.gcp.mongodb.net:27017, type=REPLICA_SET_PRIMARY, state=CONNECTED, ok=true, version=ServerVersion{versionList=[4, 2, 6]}, minWireVersion=0, maxWireVersion=8, maxDocumentSize=16777216, logicalSessionTimeoutMinutes=30, roundTripTimeNanos=17235686, setName='KnowYourCity-shard-0', canonicalAddress=knowyourcity-shard-00-02-ijzn3.gcp.mongodb.net:27017, hosts=[knowyourcity-shard-00-00-ijzn3.gcp.mongodb.net:27017, knowyourcity-shard-00-02-ijzn3.gcp.mongodb.net:27017, knowyourcity-shard-00-01-ijzn3.gcp.mongodb.net:27017], passives=[], arbiters=[], primary='knowyourcity-shard-00-02-ijzn3.gcp.mongodb.net:27017', tagSet=TagSet{[Tag{name='nodeType', value='ELECTABLE'}, Tag{name='provider', value='GCP'}, Tag{name='region', value='WESTERN_EUROPE'}]}, electionId=7fffffff0000000000000008, setVersion=3, lastWriteDate=Sun May 24 13:43:27 CEST 2020, lastUpdateTimeNanos=605165168454640}
2020-05-24 13:43:26.401  INFO 65584 --- [ngodb.net:27017] org.mongodb.driver.cluster               : Setting max election id to 7fffffff0000000000000008 from replica set primary knowyourcity-shard-00-02-ijzn3.gcp.mongodb.net:27017
2020-05-24 13:43:26.401  INFO 65584 --- [ngodb.net:27017] org.mongodb.driver.cluster               : Setting max set version to 3 from replica set primary knowyourcity-shard-00-02-ijzn3.gcp.mongodb.net:27017
2020-05-24 13:43:26.401  INFO 65584 --- [ngodb.net:27017] org.mongodb.driver.cluster               : Discovered replica set primary knowyourcity-shard-00-02-ijzn3.gcp.mongodb.net:27017
2020-05-24 13:43:26.402  INFO 65584 --- [ngodb.net:27017] org.mongodb.driver.cluster               : Monitor thread successfully connected to server with description ServerDescription{address=knowyourcity-shard-00-01-ijzn3.gcp.mongodb.net:27017, type=REPLICA_SET_SECONDARY, state=CONNECTED, ok=true, version=ServerVersion{versionList=[4, 2, 6]}, minWireVersion=0, maxWireVersion=8, maxDocumentSize=16777216, logicalSessionTimeoutMinutes=30, roundTripTimeNanos=18676327, setName='KnowYourCity-shard-0', canonicalAddress=knowyourcity-shard-00-01-ijzn3.gcp.mongodb.net:27017, hosts=[knowyourcity-shard-00-00-ijzn3.gcp.mongodb.net:27017, knowyourcity-shard-00-02-ijzn3.gcp.mongodb.net:27017, knowyourcity-shard-00-01-ijzn3.gcp.mongodb.net:27017], passives=[], arbiters=[], primary='knowyourcity-shard-00-02-ijzn3.gcp.mongodb.net:27017', tagSet=TagSet{[Tag{name='nodeType', value='ELECTABLE'}, Tag{name='provider', value='GCP'}, Tag{name='region', value='WESTERN_EUROPE'}]}, electionId=null, setVersion=3, lastWriteDate=Sun May 24 13:43:27 CEST 2020, lastUpdateTimeNanos=605165169636507}
2020-05-24 13:43:26.872  INFO 65584 --- [    Test worker] org.mongodb.driver.connection            : Opened connection [connectionId{localValue:28, serverValue:64138}] to knowyourcity-shard-00-02-ijzn3.gcp.mongodb.net:27017
]]></system-out>
  <system-err><![CDATA[]]></system-err>
</testsuite>
