<?xml version="1.0" encoding="UTF-8"?>
<testsuite name="ch.uzh.ifi.seal.soprafs20.controller.UserControllerTest" tests="9" skipped="0" failures="0" errors="0" timestamp="2020-03-24T19:35:33" hostname="Luis-MacBook-Pro.local" time="0.664">
  <properties/>
  <testcase name="givenUsers_whenGetUsers_thenReturnJsonArray()" classname="ch.uzh.ifi.seal.soprafs20.controller.UserControllerTest" time="0.42"/>
  <testcase name="createUser_validInput_userCreated()" classname="ch.uzh.ifi.seal.soprafs20.controller.UserControllerTest" time="0.134"/>
  <testcase name="updateUser_userExists()" classname="ch.uzh.ifi.seal.soprafs20.controller.UserControllerTest" time="0.018"/>
  <testcase name="loginUser_validInput()" classname="ch.uzh.ifi.seal.soprafs20.controller.UserControllerTest" time="0.009"/>
  <testcase name="loginUser_invalidCredentials()" classname="ch.uzh.ifi.seal.soprafs20.controller.UserControllerTest" time="0.019"/>
  <testcase name="createUser_userAlreadyExists()" classname="ch.uzh.ifi.seal.soprafs20.controller.UserControllerTest" time="0.009"/>
  <testcase name="getUser_validInput()" classname="ch.uzh.ifi.seal.soprafs20.controller.UserControllerTest" time="0.009"/>
  <testcase name="getUser_userDoesNotExist()" classname="ch.uzh.ifi.seal.soprafs20.controller.UserControllerTest" time="0.017"/>
  <testcase name="updateUser_userDoesNotExist()" classname="ch.uzh.ifi.seal.soprafs20.controller.UserControllerTest" time="0.01"/>
  <system-out><![CDATA[20:35:28.213 [Test worker] DEBUG org.springframework.test.context.BootstrapUtils - Instantiating CacheAwareContextLoaderDelegate from class [org.springframework.test.context.cache.DefaultCacheAwareContextLoaderDelegate]
20:35:28.260 [Test worker] DEBUG org.springframework.test.context.BootstrapUtils - Instantiating BootstrapContext using constructor [public org.springframework.test.context.support.DefaultBootstrapContext(java.lang.Class,org.springframework.test.context.CacheAwareContextLoaderDelegate)]
20:35:28.376 [Test worker] DEBUG org.springframework.test.context.BootstrapUtils - Instantiating TestContextBootstrapper for test class [ch.uzh.ifi.seal.soprafs20.controller.UserControllerTest] from class [org.springframework.boot.test.autoconfigure.web.servlet.WebMvcTestContextBootstrapper]
20:35:28.415 [Test worker] INFO org.springframework.boot.test.autoconfigure.web.servlet.WebMvcTestContextBootstrapper - Neither @ContextConfiguration nor @ContextHierarchy found for test class [ch.uzh.ifi.seal.soprafs20.controller.UserControllerTest], using SpringBootContextLoader
20:35:28.428 [Test worker] DEBUG org.springframework.test.context.support.AbstractContextLoader - Did not detect default resource location for test class [ch.uzh.ifi.seal.soprafs20.controller.UserControllerTest]: class path resource [ch/uzh/ifi/seal/soprafs20/controller/UserControllerTest-context.xml] does not exist
20:35:28.429 [Test worker] DEBUG org.springframework.test.context.support.AbstractContextLoader - Did not detect default resource location for test class [ch.uzh.ifi.seal.soprafs20.controller.UserControllerTest]: class path resource [ch/uzh/ifi/seal/soprafs20/controller/UserControllerTestContext.groovy] does not exist
20:35:28.431 [Test worker] INFO org.springframework.test.context.support.AbstractContextLoader - Could not detect default resource locations for test class [ch.uzh.ifi.seal.soprafs20.controller.UserControllerTest]: no resource found for suffixes {-context.xml, Context.groovy}.
20:35:28.433 [Test worker] INFO org.springframework.test.context.support.AnnotationConfigContextLoaderUtils - Could not detect default configuration classes for test class [ch.uzh.ifi.seal.soprafs20.controller.UserControllerTest]: UserControllerTest does not declare any static, non-private, non-final, nested classes annotated with @Configuration.
20:35:28.556 [Test worker] DEBUG org.springframework.test.context.support.ActiveProfilesUtils - Could not find an 'annotation declaring class' for annotation type [org.springframework.test.context.ActiveProfiles] and class [ch.uzh.ifi.seal.soprafs20.controller.UserControllerTest]
20:35:28.735 [Test worker] DEBUG org.springframework.context.annotation.ClassPathScanningCandidateComponentProvider - Identified candidate component class: file [/Users/luisknufinke/Documents/UZH/04 - FS20/Softwarepraktikum/Know your City/SOPRA_FS20_Group19_Server/build/classes/java/main/ch/uzh/ifi/seal/soprafs20/Application.class]
20:35:28.737 [Test worker] INFO org.springframework.boot.test.context.SpringBootTestContextBootstrapper - Found @SpringBootConfiguration ch.uzh.ifi.seal.soprafs20.Application for test class ch.uzh.ifi.seal.soprafs20.controller.UserControllerTest
20:35:28.743 [Test worker] DEBUG org.springframework.boot.test.autoconfigure.web.servlet.WebMvcTestContextBootstrapper - @TestExecutionListeners is not present for class [ch.uzh.ifi.seal.soprafs20.controller.UserControllerTest]: using defaults.
20:35:28.747 [Test worker] INFO org.springframework.boot.test.autoconfigure.web.servlet.WebMvcTestContextBootstrapper - Loaded default TestExecutionListener class names from location [META-INF/spring.factories]: [org.springframework.boot.test.autoconfigure.restdocs.RestDocsTestExecutionListener, org.springframework.boot.test.autoconfigure.web.client.MockRestServiceServerResetTestExecutionListener, org.springframework.boot.test.autoconfigure.web.servlet.MockMvcPrintOnlyOnFailureTestExecutionListener, org.springframework.boot.test.autoconfigure.web.servlet.WebDriverTestExecutionListener, org.springframework.boot.test.mock.mockito.MockitoTestExecutionListener, org.springframework.boot.test.mock.mockito.ResetMocksTestExecutionListener, org.springframework.test.context.web.ServletTestExecutionListener, org.springframework.test.context.support.DirtiesContextBeforeModesTestExecutionListener, org.springframework.test.context.support.DependencyInjectionTestExecutionListener, org.springframework.test.context.support.DirtiesContextTestExecutionListener, org.springframework.test.context.transaction.TransactionalTestExecutionListener, org.springframework.test.context.jdbc.SqlScriptsTestExecutionListener, org.springframework.test.context.event.EventPublishingTestExecutionListener]
20:35:28.791 [Test worker] INFO org.springframework.boot.test.autoconfigure.web.servlet.WebMvcTestContextBootstrapper - Using TestExecutionListeners: [org.springframework.test.context.web.ServletTestExecutionListener@660bc2b4, org.springframework.test.context.support.DirtiesContextBeforeModesTestExecutionListener@38be7fe0, org.springframework.boot.test.mock.mockito.MockitoTestExecutionListener@38c72660, org.springframework.boot.test.autoconfigure.SpringBootDependencyInjectionTestExecutionListener@20057e50, org.springframework.test.context.support.DirtiesContextTestExecutionListener@18231686, org.springframework.test.context.transaction.TransactionalTestExecutionListener@53293b1d, org.springframework.test.context.jdbc.SqlScriptsTestExecutionListener@52dcf33e, org.springframework.test.context.event.EventPublishingTestExecutionListener@59a0e0cb, org.springframework.boot.test.autoconfigure.restdocs.RestDocsTestExecutionListener@59b75a5f, org.springframework.boot.test.autoconfigure.web.client.MockRestServiceServerResetTestExecutionListener@43dc63a7, org.springframework.boot.test.autoconfigure.web.servlet.MockMvcPrintOnlyOnFailureTestExecutionListener@76ac2de1, org.springframework.boot.test.autoconfigure.web.servlet.WebDriverTestExecutionListener@28543d47, org.springframework.boot.test.mock.mockito.ResetMocksTestExecutionListener@4b52ffb0]
20:35:28.798 [Test worker] DEBUG org.springframework.test.context.support.AbstractDirtiesContextTestExecutionListener - Before test class: context [DefaultTestContext@295299bb testClass = UserControllerTest, testInstance = [null], testMethod = [null], testException = [null], mergedContextConfiguration = [WebMergedContextConfiguration@844e30b testClass = UserControllerTest, locations = '{}', classes = '{class ch.uzh.ifi.seal.soprafs20.Application}', contextInitializerClasses = '[]', activeProfiles = '{}', propertySourceLocations = '{}', propertySourceProperties = '{org.springframework.boot.test.autoconfigure.web.servlet.WebMvcTestContextBootstrapper=true}', contextCustomizers = set[org.springframework.boot.test.autoconfigure.OverrideAutoConfigurationContextCustomizerFactory$DisableAutoConfigurationContextCustomizer@2f82982d, org.springframework.boot.test.autoconfigure.filter.TypeExcludeFiltersContextCustomizer@a18e4ed, org.springframework.boot.test.autoconfigure.properties.PropertyMappingContextCustomizer@328a5c04, org.springframework.boot.test.autoconfigure.web.servlet.WebDriverContextCustomizerFactory$Customizer@1feac3e, [ImportsContextCustomizer@3b495e52 key = [org.springframework.boot.autoconfigure.cache.CacheAutoConfiguration, org.springframework.boot.autoconfigure.context.MessageSourceAutoConfiguration, org.springframework.boot.autoconfigure.data.web.SpringDataWebAutoConfiguration, org.springframework.boot.autoconfigure.freemarker.FreeMarkerAutoConfiguration, org.springframework.boot.autoconfigure.groovy.template.GroovyTemplateAutoConfiguration, org.springframework.boot.autoconfigure.gson.GsonAutoConfiguration, org.springframework.boot.autoconfigure.hateoas.HypermediaAutoConfiguration, org.springframework.boot.autoconfigure.http.HttpMessageConvertersAutoConfiguration, org.springframework.boot.autoconfigure.jackson.JacksonAutoConfiguration, org.springframework.boot.autoconfigure.jsonb.JsonbAutoConfiguration, org.springframework.boot.autoconfigure.mustache.MustacheAutoConfiguration, org.springframework.boot.autoconfigure.task.TaskExecutionAutoConfiguration, org.springframework.boot.autoconfigure.thymeleaf.ThymeleafAutoConfiguration, org.springframework.boot.autoconfigure.validation.ValidationAutoConfiguration, org.springframework.boot.autoconfigure.web.servlet.error.ErrorMvcAutoConfiguration, org.springframework.boot.autoconfigure.web.servlet.WebMvcAutoConfiguration, org.springframework.boot.test.autoconfigure.web.servlet.MockMvcAutoConfiguration, org.springframework.boot.test.autoconfigure.web.servlet.MockMvcWebClientAutoConfiguration, org.springframework.boot.test.autoconfigure.web.servlet.MockMvcWebDriverAutoConfiguration, org.springframework.boot.autoconfigure.security.servlet.SecurityAutoConfiguration, org.springframework.boot.autoconfigure.security.servlet.UserDetailsServiceAutoConfiguration, org.springframework.boot.test.autoconfigure.web.servlet.MockMvcSecurityConfiguration]], org.springframework.boot.test.context.filter.ExcludeFilterContextCustomizer@4b4e8bcb, org.springframework.boot.test.json.DuplicateJsonObjectContextCustomizerFactory$DuplicateJsonObjectContextCustomizer@44505ceb, org.springframework.boot.test.mock.mockito.MockitoContextCustomizer@8ff3bfca], resourceBasePath = 'src/main/webapp', contextLoader = 'org.springframework.boot.test.context.SpringBootContextLoader', parent = [null]], attributes = map[[empty]]], class annotated with @DirtiesContext [false] with mode [null].
20:35:29.020 [Test worker] DEBUG org.springframework.test.context.support.TestPropertySourceUtils - Adding inlined properties to environment: {spring.jmx.enabled=false, org.springframework.boot.test.autoconfigure.web.servlet.WebMvcTestContextBootstrapper=true, server.port=-1}

  .   ____          _            __ _ _
 /\\ / ___'_ __ _ _(_)_ __  __ _ \ \ \ \
( ( )\___ | '_ | '_| | '_ \/ _` | \ \ \ \
 \\/  ___)| |_)| | | | | || (_| |  ) ) ) )
  '  |____| .__|_| |_|_| |_\__, | / / / /
 =========|_|==============|___/=/_/_/_/
 :: Spring Boot ::        (v2.2.4.RELEASE)

2020-03-24 20:35:29.594  INFO 32617 --- [    Test worker] c.u.i.s.s.controller.UserControllerTest  : Starting UserControllerTest on Luis-MacBook-Pro.local with PID 32617 (started by luisknufinke in /Users/luisknufinke/Documents/UZH/04 - FS20/Softwarepraktikum/Know your City/SOPRA_FS20_Group19_Server)
2020-03-24 20:35:29.598  INFO 32617 --- [    Test worker] c.u.i.s.s.controller.UserControllerTest  : No active profile set, falling back to default profiles: default
2020-03-24 20:35:32.738  INFO 32617 --- [    Test worker] o.s.s.concurrent.ThreadPoolTaskExecutor  : Initializing ExecutorService 'applicationTaskExecutor'
2020-03-24 20:35:33.151  INFO 32617 --- [    Test worker] o.s.b.t.m.w.SpringBootMockServletContext : Initializing Spring TestDispatcherServlet ''
2020-03-24 20:35:33.151  INFO 32617 --- [    Test worker] o.s.t.web.servlet.TestDispatcherServlet  : Initializing Servlet ''
2020-03-24 20:35:33.170  INFO 32617 --- [    Test worker] o.s.t.web.servlet.TestDispatcherServlet  : Completed initialization in 19 ms
2020-03-24 20:35:33.223  INFO 32617 --- [    Test worker] c.u.i.s.s.controller.UserControllerTest  : Started UserControllerTest in 4.181 seconds (JVM running for 6.758)
2020-03-24 20:35:33.834 ERROR 32617 --- [    Test worker] c.u.i.s.s.e.GlobalExceptionAdvice        : InvalidCredentialsException raised:ch.uzh.ifi.seal.soprafs20.exceptions.InvalidCredentialsException: Wrong password, please try again.
2020-03-24 20:35:33.852 ERROR 32617 --- [    Test worker] c.u.i.s.s.e.GlobalExceptionAdvice        : DuplicatedUserException raised:ch.uzh.ifi.seal.soprafs20.exceptions.DuplicatedUserException: The username provided is not unique. Therefore, the user could not be created!
2020-03-24 20:35:33.878 ERROR 32617 --- [    Test worker] c.u.i.s.s.e.GlobalExceptionAdvice        : UserNotFoundException raised:ch.uzh.ifi.seal.soprafs20.exceptions.UserNotFoundException: This user could not be found.
2020-03-24 20:35:33.895 ERROR 32617 --- [    Test worker] c.u.i.s.s.e.GlobalExceptionAdvice        : UserNotFoundException raised:ch.uzh.ifi.seal.soprafs20.exceptions.UserNotFoundException: This user could not be found.
]]></system-out>
  <system-err><![CDATA[]]></system-err>
</testsuite>
